[15:16:27:593948 +02:00] [Thread 17092] PLAYER: ( 76561198141018060 ) R DarkV:1 (Robert Schmidt) REMOTE SOLD ITEM: Exile_Car_Hunter (ID# 23) with Cargo ["B_Bergen_rgr","B_FieldPack_oucamo","B_FieldPack_cbr","arifle_TRG20_F","optic_Holosight","30Rnd_556x45_Stanag","Exile_Weapon_AK107_GL","Exile_Magazine_30Rnd_545x39_AK","V_PlateCarrierGL_rgr","V_TacVest_blk_POLICE","V_PlateCarrierSpec_blk","U_BG_Guerilla2_3","U_O_CombatUniform_ocamo","U_BG_Guerilla2_2","U_BG_Guerilla2_2"] FOR 1045 POPTABS AND 104.5 RESPECT | PLAYER TOTAL MONEY: 3811
[15:18:36:086480 +02:00] [Thread 2396] PLAYER: ( 76561198141018060 ) R DarkV:1 (Robert Schmidt) REMOTE SOLD ITEM: Exile_Car_Offroad_Armed_Guerilla01 (ID# <null>) with Cargo ["B_FieldPack_oucamo","B_Carryall_oli","arifle_Katiba_GL_F","optic_Arco","30Rnd_65x39_caseless_green","arifle_Mk20_F","optic_Holosight","30Rnd_556x45_Stanag","U_IG_Guerilla3_2","V_PlateCarrierIA2_dgtl","V_PlateCarrierL_CTRG"] FOR 13100 POPTABS AND 1310 RESPECT | PLAYER TOTAL MONEY: 16911
[15:20:42:719710 +02:00] [Thread 17092] PLAYER: ( 76561198141018060 ) R DarkV:1 (Robert Schmidt) REMOTE SOLD ITEM: Exile_Car_Hunter (ID# 23) with Cargo ["arifle_Mk20_F","optic_Hamr","30Rnd_556x45_Stanag","Exile_Weapon_AK107","optic_Holosight","Exile_Magazine_30Rnd_545x39_AK","bipod_02_F_hex","Exile_Weapon_VSSVintorez","optic_LRPS","Exile_Magazine_10Rnd_9x39","arifle_TRG21_F","30Rnd_556x45_Stanag","V_PlateCarrierH_CTRG"] FOR 1020 POPTABS AND 102 RESPECT | PLAYER TOTAL MONEY: 17931
[15:21:08:001659 +02:00] [Thread 3484] PLAYER: ( 76561198141018060 ) R DarkV:1 (Robert Schmidt) REMOTE PURCHASED VEHICLE SKIN ["exile_assets\texture\vehicle\Exile_Hunter_Black_co.paa","exile_assets\texture\vehicle\Exile_Hunter_Black_Back_co.paa"] (Exile_Car_Hunter_Abstract) FOR 1000 POPTABS | PLAYER TOTAL MONEY: 16931
[15:28:29:151929 +02:00] [Thread 3484] PLAYER: ( 76561198141018060 ) R DarkV:1 (Robert Schmidt) REMOTE SOLD ITEM: Exile_Car_LandRover_Ambulance_Desert (ID# <null>) with Cargo [] FOR 6000 POPTABS AND 600 RESPECT | PLAYER TOTAL MONEY: 22931
[16:38:32:972021 +02:00] [Thread 2396] PLAYER: ( 76561198191441767 ) R DarkV:3 (marvi) REMOTE SOLD ITEM: Exile_Car_Ural_Covered_Worker (ID# 22) with Cargo ["srifle_LRR_F","7Rnd_408_Mag","arifle_MX_Black_F","Exile_Weapon_AK107_GL","srifle_DMR_06_olive_F","20Rnd_762x51_Mag","MMG_01_hex_F","150Rnd_93x64_Mag","arifle_Katiba_F","Exile_Weapon_DMR","LMG_Zafir_F","150Rnd_762x54_Box","arifle_TRG20_F","Exile_Weapon_AK74_GL","srifle_LRR_F","7Rnd_408_Mag","Exile_Weapon_AK47","Exile_Weapon_SVDCamo","srifle_DMR_06_olive_F","20Rnd_762x51_Mag","arifle_Mk20_GL_F","arifle_MX_SW_Black_F","srifle_LRR_F","7Rnd_408_Mag","arifle_Katiba_F","MMG_02_black_F","130Rnd_338_Mag","Exile_Weapon_AK107_GL","arifle_Mk20_GL_F"] FOR 5390 POPTABS AND 539 RESPECT | PLAYER TOTAL MONEY: 8040
[16:46:40:310526 +02:00] [Thread 2396] PLAYER: ( 76561198191441767 ) R DarkV:3 (marvi) REMOTE SOLD ITEM: Exile_Car_Ural_Covered_Worker (ID# 16) with Cargo ["B_Bergen_rgr","B_FieldPack_cbr","B_Bergen_blk","B_FieldPack_oucamo","B_Kitbag_mcamo","B_Bergen_rgr","B_Carryall_oli","B_Bergen_blk","B_FieldPack_cbr","B_Carryall_oli","B_Carryall_oli","B_Kitbag_mcamo","B_Bergen_rgr","B_Carryall_cbr","20Rnd_762x51_Mag","20Rnd_762x51_Mag","20Rnd_762x51_Mag","200Rnd_65x39_cased_Box","200Rnd_65x39_cased_Box","200Rnd_65x39_cased_Box","Exile_Magazine_100Rnd_762x54_PK_Green","Exile_Magazine_100Rnd_762x54_PK_Green","Exile_Magazine_100Rnd_762x54_PK_Green","Exile_Magazine_100Rnd_762x54_PK_Green","Exile_Item_WaterCanisterDirtyWater","Exile_Item_Grinder","Exile_Item_SandBagsKit_Corner","Exile_Item_SandBagsKit_Corner","Exile_Item_HBarrier5Kit","Exile_Item_HBarrier5Kit","Exile_Item_HBarrier5Kit","Exile_Item_SandBagsKit_Corner","Exile_Item_SandBagsKit_Long","Exile_Item_HBarrier5Kit","Exile_Item_SandBagsKit_Long","srifle_DMR_06_olive_F","optic_DMS","20Rnd_762x51_Mag","Exile_Melee_Axe","Exile_Magazine_Swing","LMG_Mk200_F","Exile_Weapon_PKP","Exile_Weapon_PKP","Exile_Magazine_100Rnd_762x54_PK_Green","arifle_Katiba_F","Exile_Weapon_AKS_Gold","srifle_LRR_F","7Rnd_408_Mag","Exile_Weapon_VSSVintorez","arifle_MX_SW_Black_F","Exile_Weapon_VSSVintorez","Exile_Magazine_10Rnd_9x39","arifle_Katiba_GL_F","arifle_Mk20_GL_F","optic_Aco","optic_MRCO","optic_MRCO","optic_Hamr","optic_Hamr","optic_Hamr","optic_SOS","optic_Arco"] FOR 5565 POPTABS AND 556.5 RESPECT | PLAYER TOTAL MONEY: 13605
[16:57:13:949631 +02:00] [Thread 2396] PLAYER: ( 76561198191441767 ) R DarkV:3 (marvi) REMOTE SOLD ITEM: Exile_Car_Ural_Covered_Worker (ID# 6) with Cargo ["30Rnd_65x39_caseless_black_mag","30Rnd_65x39_caseless_black_mag","30Rnd_65x39_caseless_black_mag","30Rnd_65x39_caseless_black_mag","Exile_Magazine_30Rnd_545x39_AK","Exile_Magazine_30Rnd_545x39_AK","Exile_Magazine_30Rnd_545x39_AK","30Rnd_65x39_caseless_green","30Rnd_65x39_caseless_green","30Rnd_65x39_caseless_green","150Rnd_93x64_Mag","Exile_Magazine_20Rnd_762x51_DMR","Exile_Magazine_20Rnd_762x51_DMR","Exile_Magazine_20Rnd_762x51_DMR","Exile_Magazine_20Rnd_762x51_DMR","150Rnd_762x54_Box","150Rnd_762x54_Box","30Rnd_556x45_Stanag","7Rnd_408_Mag","7Rnd_408_Mag","30Rnd_556x45_Stanag","Exile_Magazine_30Rnd_545x39_AK","Exile_Magazine_30Rnd_545x39_AK","Exile_Magazine_30Rnd_545x39_AK","20Rnd_762x51_Mag","20Rnd_762x51_Mag","20Rnd_762x51_Mag","Exile_Magazine_30Rnd_762x39_AK","Exile_Magazine_30Rnd_762x39_AK","Exile_Magazine_30Rnd_762x39_AK","7Rnd_408_Mag","7Rnd_408_Mag","7Rnd_408_Mag","7Rnd_408_Mag","Exile_Magazine_10Rnd_762x54","Exile_Magazine_10Rnd_762x54","Exile_Magazine_10Rnd_762x54","30Rnd_556x45_Stanag","30Rnd_556x45_Stanag","30Rnd_556x45_Stanag","30Rnd_556x45_Stanag","100Rnd_65x39_caseless_black_mag","100Rnd_65x39_caseless_black_mag","100Rnd_65x39_caseless_black_mag","100Rnd_65x39_caseless_black_mag","30Rnd_65x39_caseless_green","30Rnd_65x39_caseless_green","30Rnd_65x39_caseless_green","Exile_Magazine_30Rnd_545x39_AK","Exile_Magazine_30Rnd_545x39_AK","Exile_Magazine_30Rnd_545x39_AK","130Rnd_338_Mag","130Rnd_338_Mag","MMG_01_hex_F","150Rnd_93x64_Mag","arifle_TRG20_F","Exile_Weapon_AK47","arifle_MX_GL_Black_F","srifle_DMR_01_F","10Rnd_762x54_Mag","Exile_Weapon_AK47","Exile_Weapon_AK74_GL","Exile_Weapon_SVD","Exile_Magazine_10Rnd_762x54","arifle_TRG21_F","arifle_Mk20_plain_F","30Rnd_556x45_Stanag","Exile_Weapon_PKP","Exile_Magazine_100Rnd_762x54_PK_Green","srifle_GM6_F","5Rnd_127x108_Mag","srifle_LRR_F","7Rnd_408_Mag","Exile_Melee_Axe","Exile_Melee_SledgeHammer","Exile_Melee_Axe","Exile_Melee_Axe","Exile_Weapon_RPK","Exile_Magazine_45Rnd_545x39_RPK_Green","srifle_DMR_01_F","10Rnd_762x54_Mag","srifle_LRR_F","7Rnd_408_Mag","optic_Holosight","optic_Holosight","optic_Aco","optic_MRCO","optic_DMS"] FOR 5190 POPTABS AND 519 RESPECT | PLAYER TOTAL MONEY: 18795
[19:07:41:613554 +02:00] [Thread 17092] PLAYER: ( 76561198191441767 ) R DarkV:1 (marvi) REMOTE PURCHASED ITEM optic_Nightstalker FOR 1000 POPTABS | PLAYER TOTAL MONEY: 415
[19:10:03:624156 +02:00] [Thread 3484] PLAYER: ( 76561198207815415 ) R DarkV:2 (Paulinchen) REMOTE SOLD ITEM: Exile_Car_Hunter (ID# <null>) with Cargo ["arifle_Mk20_GL_F","30Rnd_556x45_Stanag","Exile_Weapon_Colt1911","Exile_Magazine_7Rnd_45ACP","hgun_P07_F","16Rnd_9x21_Mag","arifle_MX_Black_F","30Rnd_65x39_caseless_black_mag","Exile_Weapon_Makarov","Exile_Magazine_8Rnd_9x18","Exile_Weapon_AKS_Gold","optic_Holosight","Exile_Magazine_30Rnd_762x39_AK","hgun_Pistol_heavy_02_F","6Rnd_45ACP_Cylinder","arifle_TRG21_F","optic_DMS","30Rnd_556x45_Stanag","Exile_Weapon_Makarov","Exile_Magazine_8Rnd_9x18","arifle_Mk20_F","optic_MRCO","30Rnd_556x45_Stanag","arifle_TRG20_F","optic_Aco","30Rnd_556x45_Stanag","hgun_ACPC2_F","9Rnd_45ACP_Mag","LMG_Mk200_F","optic_Holosight","200Rnd_65x39_cased_Box","bipod_01_F_blk","hgun_Rook40_F","16Rnd_9x21_Mag","hgun_Pistol_heavy_01_F","11Rnd_45ACP_Mag","Exile_Weapon_Taurus","Exile_Magazine_6Rnd_45ACP","hgun_Pistol_heavy_01_F","11Rnd_45ACP_Mag","MMG_02_black_F","130Rnd_338_Mag","bipod_02_F_tan","arifle_Mk20_F","30Rnd_556x45_Stanag","MMG_02_black_F","optic_Holosight","130Rnd_338_Mag","bipod_01_F_mtp","arifle_Mk20_F","optic_Holosight","30Rnd_556x45_Stanag"] FOR 15795 POPTABS AND 1579.5 RESPECT | PLAYER TOTAL MONEY: 17910
[19:32:45:544673 +02:00] [Thread 12224] PLAYER: ( 76561198191441767 ) R DarkV:1 (marvi) REMOTE PURCHASED ITEM O_NVGoggles_urb_F FOR 150 POPTABS | PLAYER TOTAL MONEY: 685
[19:32:52:291881 +02:00] [Thread 17092] PLAYER: ( 76561198191441767 ) R DarkV:1 (marvi) REMOTE PURCHASED ITEM NVGoggles_tna_F FOR 100 POPTABS | PLAYER TOTAL MONEY: 585
[19:33:20:471314 +02:00] [Thread 12224] PLAYER: ( 76561198191441767 ) R DarkV:1 (marvi) REMOTE PURCHASED ITEM NVGoggles_tna_F FOR 100 POPTABS | PLAYER TOTAL MONEY: 485
[19:33:46:963841 +02:00] [Thread 17092] PLAYER: ( 76561198191441767 ) R DarkV:1 (marvi) REMOTE PURCHASED ITEM O_NVGoggles_ghex_F FOR 150 POPTABS | PLAYER TOTAL MONEY: 335
[19:44:09:989325 +02:00] [Thread 3484] PLAYER: ( 76561198202120684 ) R DarkV:3 (Kevin Tredup) REMOTE SOLD ITEM: Exile_Car_UAZ_Green (ID# <null>) with Cargo [] FOR 3500 POPTABS AND 350 RESPECT | PLAYER TOTAL MONEY: 3500
[19:44:47:884279 +02:00] [Thread 3484] PLAYER: ( 76561198141018060 ) R DarkV:4 (Robert Schmidt) REMOTE SOLD ITEM: Exile_Car_OldTractor_Red (ID# <null>) with Cargo ["arifle_AKM_FL_F","30Rnd_762x39_Mag_Tracer_F"] FOR 812 POPTABS AND 81.2 RESPECT | PLAYER TOTAL MONEY: 40906
[19:49:43:088380 +02:00] [Thread 2396] PLAYER: ( 76561198191441767 ) R DarkV:1 (marvi) REMOTE SOLD ITEM: Exile_Car_Ural_Covered_Worker (ID# 22) with Cargo ["B_Carryall_cbr","B_Kitbag_mcamo","30Rnd_65x39_caseless_green","30Rnd_65x39_caseless_green","30Rnd_65x39_caseless_green","7Rnd_408_Mag","7Rnd_408_Mag","Exile_Magazine_100Rnd_762x54_PK_Green","Exile_Magazine_30Rnd_762x39_AK","Exile_Magazine_30Rnd_762x39_AK","Exile_Magazine_30Rnd_762x39_AK","30Rnd_556x45_Stanag","30Rnd_556x45_Stanag","30Rnd_556x45_Stanag","Exile_Magazine_10Rnd_9x39","Exile_Magazine_10Rnd_9x39","Exile_Magazine_10Rnd_9x39","30Rnd_65x39_caseless_green","30Rnd_65x39_caseless_green","30Rnd_65x39_caseless_green","100Rnd_65x39_caseless_black_mag","100Rnd_65x39_caseless_black_mag","100Rnd_65x39_caseless_black_mag","100Rnd_65x39_caseless_black_mag","30Rnd_556x45_Stanag","30Rnd_556x45_Stanag","30Rnd_556x45_Stanag","30Rnd_556x45_Stanag","Exile_Item_Bandage","Exile_Magazine_10Rnd_9x39","Exile_Magazine_10Rnd_9x39","Exile_Magazine_10Rnd_9x39","Exile_Magazine_10Rnd_9x39","150Rnd_93x64_Mag","150Rnd_93x64_Mag","150Rnd_93x64_Mag","30Rnd_556x45_Stanag","30Rnd_556x45_Stanag","30Rnd_556x45_Stanag","30Rnd_556x45_Stanag","20Rnd_762x51_Mag","20Rnd_762x51_Mag","20Rnd_762x51_Mag","Exile_Magazine_30Rnd_762x39_AK","10Rnd_762x54_Mag","150Rnd_93x64_Mag","Exile_Magazine_30Rnd_762x39_AK","Exile_Magazine_30Rnd_762x39_AK","Exile_Magazine_30Rnd_762x39_AK","Exile_Magazine_30Rnd_762x39_AK","Exile_Magazine_30Rnd_762x39_AK","Exile_Magazine_30Rnd_762x39_AK","30Rnd_65x39_caseless_black_mag","30Rnd_65x39_caseless_black_mag","30Rnd_65x39_caseless_black_mag","Exile_Magazine_30Rnd_545x39_AK","Exile_Magazine_30Rnd_545x39_AK","Exile_Magazine_30Rnd_545x39_AK","Exile_Magazine_10Rnd_762x54","Exile_Magazine_10Rnd_762x54","Exile_Magazine_10Rnd_762x54","30Rnd_556x45_Stanag","30Rnd_556x45_Stanag","30Rnd_556x45_Stanag","30Rnd_556x45_Stanag","Exile_Magazine_100Rnd_762x54_PK_Green","Exile_Magazine_100Rnd_762x54_PK_Green","Exile_Magazine_100Rnd_762x54_PK_Green","Exile_Magazine_100Rnd_762x54_PK_Green","30Rnd_556x45_Stanag","30Rnd_556x45_Stanag","30Rnd_556x45_Stanag","7Rnd_408_Mag","7Rnd_408_Mag","7Rnd_408_Mag","10Rnd_762x54_Mag","Exile_Magazine_45Rnd_545x39_RPK_Green","Exile_Magazine_45Rnd_545x39_RPK_Green","Exile_Magazine_45Rnd_545x39_RPK_Green","10Rnd_762x54_Mag","10Rnd_762x54_Mag","7Rnd_408_Mag","7Rnd_408_Mag","7Rnd_408_Mag","7Rnd_408_Mag","Exile_Item_InstantCoffee","Exile_Item_WoodWallHalfKit","Exile_Item_WoodPlank","Exile_Item_WoodStairsKit","Exile_Item_MetalPole","Exile_Item_WoodDoorKit","Exile_Item_WoodFloorPortKit","Exile_Item_WoodDoorwayKit","Exile_Item_Cement","Exile_Item_InstaDoc","Exile_Item_InstaDoc","Exile_Item_CookingPot","Exile_Item_CookingPot","Exile_Item_CookingPot","Exile_Item_Handsaw","Exile_Item_Handsaw","Exile_Item_InstaDoc","Exile_Item_WoodStairsKit","Exile_Item_InstaDoc","Exile_Item_Vishpirin","Exile_Item_CookingPot","Exile_Item_Handsaw","Exile_Item_MountainDupe","Exile_Item_MountainDupe","Exile_Item_BBQSandwich","Exile_Item_BBQSandwich","Exile_Item_BBQSandwich","Exile_Item_BBQSandwich","Exile_Item_BBQSandwich","Exile_Item_CatFood","Exile_Item_CatFood","Exile_Item_CatFood","Exile_Item_CatFood","Exile_Item_CatFood","Exile_Item_ChristmasTinner","Exile_Item_ChristmasTinner","Exile_Item_ChristmasTinner","Exile_Item_ChristmasTinner","Exile_Item_ChristmasTinner","Exile_Item_GloriousKnakworst","Exile_Item_GloriousKnakworst","Exile_Item_GloriousKnakworst","Exile_Item_GloriousKnakworst","Exile_Item_GloriousKnakworst","Exile_Item_SausageGravy","Exile_Item_SausageGravy","Exile_Item_SausageGravy","Exile_Item_SausageGravy","Exile_Item_SausageGravy","Exile_Item_Surstromming","Exile_Item_Surstromming","Exile_Item_Surstromming","Exile_Item_Surstromming","Exile_Item_Surstromming","Exile_Item_CanOpener","Exile_Item_CookingPot","Exile_Item_Matches","150Rnd_93x64_Mag","150Rnd_93x64_Mag","Exile_Magazine_100Rnd_762x54_PK_Green","Exile_Item_CanOpener","Exile_Item_PlasticBottleFreshWater","Exile_Item_PlasticBottleFreshWater","Exile_Item_BBQSandwich","Exile_Item_BBQSandwich","Exile_Item_BBQSandwich","Exile_Item_BBQSandwich","Exile_Item_BeefParts","Exile_Item_Raisins","Exile_Item_CookingPot","Exile_Item_BBQSandwich_Cooked","Exile_Item_CanOpener","Exile_Item_CatFood_Cooked","Exile_Item_CatFood_Cooked","Exile_Item_CatFood_Cooked","Exile_Item_InstantCoffee","Exile_Item_InstantCoffee","Exile_Item_InstantCoffee","Exile_Item_DogFood_Cooked","Exile_Item_GloriousKnakworst_Cooked","Exile_Item_Bandage","Exile_Item_ChocolateMilk","Exile_Item_DogFood_Cooked","Exile_Item_Bandage","Exile_Item_GloriousKnakworst_Cooked","Exile_Item_ChocolateMilk","Exile_Item_GloriousKnakworst_Cooked","Exile_Item_Bandage","Exile_Item_Bandage","Exile_Item_Bandage","Exile_Item_InstantCoffee","Exile_Item_InstantCoffee","Exile_Item_SeedAstics","Exile_Item_PlasticBottleCoffee","Exile_Item_PlasticBottleFreshWater","Exile_Item_PlasticBottleCoffee","Exile_Item_CookingPot","Exile_Item_CookingPot","Exile_Item_CookingPot","Exile_Item_CookingPot","Exile_Item_CookingPot","Exile_Item_CookingPot","Exile_Item_CookingPot","Exile_Item_CookingPot","srifle_DMR_03_woodland_F","20Rnd_762x51_Mag","arifle_Mk20_GL_F","optic_Hamr","30Rnd_556x45_Stanag","hgun_Rook40_F","16Rnd_9x21_Mag","hgun_ACPC2_F","9Rnd_45ACP_Mag","Exile_Weapon_Makarov","Exile_Magazine_8Rnd_9x18","hgun_ACPC2_F","9Rnd_45ACP_Mag","arifle_Mk20_F","optic_Arco","30Rnd_556x45_Stanag","Exile_Weapon_AK107","optic_Hamr","Exile_Magazine_30Rnd_545x39_AK","U_I_GhillieSuit","U_I_GhillieSuit","V_PlateCarrierSpec_rgr","muzzle_snds_H_snd_F","optic_Nightstalker","optic_Nightstalker","bipod_01_F_blk"] FOR 8902 POPTABS AND 890.2 RESPECT | PLAYER TOTAL MONEY: 9237
[19:50:58:022799 +02:00] [Thread 3484] PLAYER: ( 76561198191441767 ) R DarkV:1 (marvi) REMOTE PURCHASED ITEM Exile_Magazine_5Rnd_127x108_APDS_Bullet_Cam_Mag FOR 140 POPTABS | PLAYER TOTAL MONEY: 9097
[19:50:58:594786 +02:00] [Thread 12224] PLAYER: ( 76561198191441767 ) R DarkV:1 (marvi) REMOTE PURCHASED ITEM Exile_Magazine_5Rnd_127x108_APDS_Bullet_Cam_Mag FOR 140 POPTABS | PLAYER TOTAL MONEY: 8957
[19:50:58:946858 +02:00] [Thread 3484] PLAYER: ( 76561198191441767 ) R DarkV:1 (marvi) REMOTE PURCHASED ITEM Exile_Magazine_5Rnd_127x108_APDS_Bullet_Cam_Mag FOR 140 POPTABS | PLAYER TOTAL MONEY: 8817
[19:50:59:297840 +02:00] [Thread 12224] PLAYER: ( 76561198191441767 ) R DarkV:1 (marvi) REMOTE PURCHASED ITEM Exile_Magazine_5Rnd_127x108_APDS_Bullet_Cam_Mag FOR 140 POPTABS | PLAYER TOTAL MONEY: 8677
[19:50:59:649908 +02:00] [Thread 3484] PLAYER: ( 76561198191441767 ) R DarkV:1 (marvi) REMOTE PURCHASED ITEM Exile_Magazine_5Rnd_127x108_APDS_Bullet_Cam_Mag FOR 140 POPTABS | PLAYER TOTAL MONEY: 8537
[19:51:00:002009 +02:00] [Thread 12224] PLAYER: ( 76561198191441767 ) R DarkV:1 (marvi) REMOTE PURCHASED ITEM Exile_Magazine_5Rnd_127x108_APDS_Bullet_Cam_Mag FOR 140 POPTABS | PLAYER TOTAL MONEY: 8397
[19:51:00:352782 +02:00] [Thread 3484] PLAYER: ( 76561198191441767 ) R DarkV:1 (marvi) REMOTE PURCHASED ITEM Exile_Magazine_5Rnd_127x108_APDS_Bullet_Cam_Mag FOR 140 POPTABS | PLAYER TOTAL MONEY: 8257
[19:51:00:703780 +02:00] [Thread 12224] PLAYER: ( 76561198191441767 ) R DarkV:1 (marvi) REMOTE PURCHASED ITEM Exile_Magazine_5Rnd_127x108_APDS_Bullet_Cam_Mag FOR 140 POPTABS | PLAYER TOTAL MONEY: 8117
[19:51:01:057897 +02:00] [Thread 3484] PLAYER: ( 76561198191441767 ) R DarkV:1 (marvi) REMOTE PURCHASED ITEM Exile_Magazine_5Rnd_127x108_APDS_Bullet_Cam_Mag FOR 140 POPTABS | PLAYER TOTAL MONEY: 7977
[19:51:01:388156 +02:00] [Thread 12224] PLAYER: ( 76561198191441767 ) R DarkV:1 (marvi) REMOTE PURCHASED ITEM Exile_Magazine_5Rnd_127x108_APDS_Bullet_Cam_Mag FOR 140 POPTABS | PLAYER TOTAL MONEY: 7837
[19:51:01:737870 +02:00] [Thread 3484] PLAYER: ( 76561198191441767 ) R DarkV:1 (marvi) REMOTE PURCHASED ITEM Exile_Magazine_5Rnd_127x108_APDS_Bullet_Cam_Mag FOR 140 POPTABS | PLAYER TOTAL MONEY: 7697
[19:51:02:091009 +02:00] [Thread 12224] PLAYER: ( 76561198191441767 ) R DarkV:1 (marvi) REMOTE PURCHASED ITEM Exile_Magazine_5Rnd_127x108_APDS_Bullet_Cam_Mag FOR 140 POPTABS | PLAYER TOTAL MONEY: 7557
[19:51:02:443047 +02:00] [Thread 3484] PLAYER: ( 76561198191441767 ) R DarkV:1 (marvi) REMOTE PURCHASED ITEM Exile_Magazine_5Rnd_127x108_APDS_Bullet_Cam_Mag FOR 140 POPTABS | PLAYER TOTAL MONEY: 7417
[19:51:02:771998 +02:00] [Thread 12224] PLAYER: ( 76561198191441767 ) R DarkV:1 (marvi) REMOTE PURCHASED ITEM Exile_Magazine_5Rnd_127x108_APDS_Bullet_Cam_Mag FOR 140 POPTABS | PLAYER TOTAL MONEY: 7277
[19:51:03:145890 +02:00] [Thread 3484] PLAYER: ( 76561198191441767 ) R DarkV:1 (marvi) REMOTE PURCHASED ITEM Exile_Magazine_5Rnd_127x108_APDS_Bullet_Cam_Mag FOR 140 POPTABS | PLAYER TOTAL MONEY: 7137
[19:51:03:497898 +02:00] [Thread 12224] PLAYER: ( 76561198191441767 ) R DarkV:1 (marvi) REMOTE PURCHASED ITEM Exile_Magazine_5Rnd_127x108_APDS_Bullet_Cam_Mag FOR 140 POPTABS | PLAYER TOTAL MONEY: 6997
[19:51:03:871923 +02:00] [Thread 3484] PLAYER: ( 76561198191441767 ) R DarkV:1 (marvi) REMOTE PURCHASED ITEM Exile_Magazine_5Rnd_127x108_APDS_Bullet_Cam_Mag FOR 140 POPTABS | PLAYER TOTAL MONEY: 6857
[19:51:04:223917 +02:00] [Thread 12224] PLAYER: ( 76561198191441767 ) R DarkV:1 (marvi) REMOTE PURCHASED ITEM Exile_Magazine_5Rnd_127x108_APDS_Bullet_Cam_Mag FOR 140 POPTABS | PLAYER TOTAL MONEY: 6717
[19:51:04:554329 +02:00] [Thread 3484] PLAYER: ( 76561198191441767 ) R DarkV:1 (marvi) REMOTE PURCHASED ITEM Exile_Magazine_5Rnd_127x108_APDS_Bullet_Cam_Mag FOR 140 POPTABS | PLAYER TOTAL MONEY: 6577
[19:51:04:927871 +02:00] [Thread 12224] PLAYER: ( 76561198191441767 ) R DarkV:1 (marvi) REMOTE PURCHASED ITEM Exile_Magazine_5Rnd_127x108_APDS_Bullet_Cam_Mag FOR 140 POPTABS | PLAYER TOTAL MONEY: 6437
[19:51:05:295433 +02:00] [Thread 3484] PLAYER: ( 76561198191441767 ) R DarkV:1 (marvi) REMOTE PURCHASED ITEM Exile_Magazine_5Rnd_127x108_APDS_Bullet_Cam_Mag FOR 140 POPTABS | PLAYER TOTAL MONEY: 6297
[19:51:05:667995 +02:00] [Thread 12224] PLAYER: ( 76561198191441767 ) R DarkV:1 (marvi) REMOTE PURCHASED ITEM Exile_Magazine_5Rnd_127x108_APDS_Bullet_Cam_Mag FOR 140 POPTABS | PLAYER TOTAL MONEY: 6157
[19:51:06:018973 +02:00] [Thread 3484] PLAYER: ( 76561198191441767 ) R DarkV:1 (marvi) REMOTE PURCHASED ITEM Exile_Magazine_5Rnd_127x108_APDS_Bullet_Cam_Mag FOR 140 POPTABS | PLAYER TOTAL MONEY: 6017
[19:51:06:414856 +02:00] [Thread 12224] PLAYER: ( 76561198191441767 ) R DarkV:1 (marvi) REMOTE PURCHASED ITEM Exile_Magazine_5Rnd_127x108_APDS_Bullet_Cam_Mag FOR 140 POPTABS | PLAYER TOTAL MONEY: 5877
[19:51:06:766000 +02:00] [Thread 3484] PLAYER: ( 76561198191441767 ) R DarkV:1 (marvi) REMOTE PURCHASED ITEM Exile_Magazine_5Rnd_127x108_APDS_Bullet_Cam_Mag FOR 140 POPTABS | PLAYER TOTAL MONEY: 5737
[19:51:07:117981 +02:00] [Thread 12224] PLAYER: ( 76561198191441767 ) R DarkV:1 (marvi) REMOTE PURCHASED ITEM Exile_Magazine_5Rnd_127x108_APDS_Bullet_Cam_Mag FOR 140 POPTABS | PLAYER TOTAL MONEY: 5597
[19:51:07:469930 +02:00] [Thread 3484] PLAYER: ( 76561198191441767 ) R DarkV:1 (marvi) REMOTE PURCHASED ITEM Exile_Magazine_5Rnd_127x108_APDS_Bullet_Cam_Mag FOR 140 POPTABS | PLAYER TOTAL MONEY: 5457
[19:51:07:886900 +02:00] [Thread 3484] PLAYER: ( 76561198191441767 ) R DarkV:1 (marvi) REMOTE PURCHASED ITEM Exile_Magazine_5Rnd_127x108_APDS_Bullet_Cam_Mag FOR 140 POPTABS | PLAYER TOTAL MONEY: 5317
[19:51:08:261098 +02:00] [Thread 12224] PLAYER: ( 76561198191441767 ) R DarkV:1 (marvi) REMOTE PURCHASED ITEM Exile_Magazine_5Rnd_127x108_APDS_Bullet_Cam_Mag FOR 140 POPTABS | PLAYER TOTAL MONEY: 5177
[20:42:50:069274 +02:00] [Thread 4624] PLAYER: ( 76561198202120684 ) R DarkV:1 (Kevin Tredup) REMOTE SOLD ITEM: Exile_Car_Hunter (ID# 19) with Cargo ["B_Bergen_blk","Exile_Item_EnergyDrink","Exile_Item_EnergyDrink","30Rnd_65x39_caseless_green","30Rnd_65x39_caseless_green","30Rnd_65x39_caseless_green","30Rnd_65x39_caseless_green","30Rnd_65x39_caseless_green","30Rnd_65x39_caseless_green","30Rnd_65x39_caseless_green","Exile_Item_InstaDoc","Exile_Item_EnergyDrink","Exile_Item_BBQSandwich","Exile_Item_EnergyDrink","30Rnd_556x45_Stanag","30Rnd_556x45_Stanag","30Rnd_556x45_Stanag","30Rnd_556x45_Stanag","30Rnd_556x45_Stanag","30Rnd_556x45_Stanag","9Rnd_45ACP_Mag","9Rnd_45ACP_Mag","Exile_Item_Surstromming_Cooked","Exile_Item_CanOpener","IEDLandSmall_Remote_Mag","APERSBoundingMine_Range_Mag","Exile_Item_PlasticBottleEmpty","30Rnd_65x39_caseless_mag","3Rnd_SmokeBlue_Grenade_shell","Exile_Item_PlasticBottleFreshWater","20Rnd_762x51_Mag","1Rnd_Smoke_Grenade_shell","10Rnd_93x64_DMR_05_Mag","Exile_Magazine_10Rnd_762x54","10Rnd_93x64_DMR_05_Mag","10Rnd_93x64_DMR_05_Mag","Exile_Weapon_SVD","Exile_Weapon_Colt1911","optic_Nightstalker"] FOR 2441 POPTABS AND 244.1 RESPECT | PLAYER TOTAL MONEY: 5941
[22:09:18:176375 +02:00] [Thread 13448] PLAYER: ( 76561198202120684 ) R DarkV:1 (Kevin Tredup) REMOTE SOLD ITEM: Exile_Car_UAZ_Green (ID# <null>) with Cargo ["Exile_Weapon_AK47","optic_DMS","Exile_Magazine_30Rnd_762x39_AK","bipod_01_F_mtp","Exile_Weapon_RPK","optic_Aco","Exile_Magazine_45Rnd_545x39_RPK_Green","bipod_02_F_tan","Exile_Weapon_RPK","Exile_Magazine_45Rnd_545x39_RPK_Green","bipod_02_F_hex","Exile_Weapon_SVD","optic_AMS_khk","Exile_Magazine_10Rnd_762x54","Exile_Weapon_VSSVintorez","optic_SOS","Exile_Magazine_10Rnd_9x39","arifle_Katiba_GL_F","optic_Hamr","30Rnd_65x39_caseless_green"] FOR 5335 POPTABS AND 533.5 RESPECT | PLAYER TOTAL MONEY: 6440
[22:31:07:158714 +02:00] [Thread 13448] PLAYER: ( 76561198141018060 ) R DarkV:2 (Robert Schmidt) REMOTE SOLD ITEM: Exile_Car_Volha_White (ID# <null>) with Cargo [] FOR 3000 POPTABS AND 300 RESPECT | PLAYER TOTAL MONEY: 5500
[22:38:49:838601 +02:00] [Thread 13448] PLAYER: ( 76561198141018060 ) R DarkV:2 (Robert Schmidt) REMOTE PURCHASED VEHICLE Exile_Chopper_Hellcat_Green FOR 27500 POPTABS | PLAYER TOTAL MONEY: 500
[23:05:13:241628 +02:00] [Thread 13448] PLAYER: ( 76561198137347034 ) R DarkV:1 (IDCA) REMOTE SOLD ITEM: Exile_Car_Octavius_White (ID# <null>) with Cargo [] FOR 3000 POPTABS AND 300 RESPECT | PLAYER TOTAL MONEY: 3100
[23:06:58:099243 +02:00] [Thread 13448] PLAYER: ( 76561197970797976 ) R Alpha 2-1:1 (Der Urologe) REMOTE SOLD ITEM: Exile_Car_Lada_Green (ID# <null>) with Cargo [] FOR 3000 POPTABS AND 300 RESPECT | PLAYER TOTAL MONEY: 3000
[23:07:41:949963 +02:00] [Thread 19364] PLAYER: ( 76561197970797976 ) R Alpha 2-1:1 (Der Urologe) REMOTE PURCHASED ITEM Exile_Item_Noodles FOR 14 POPTABS | PLAYER TOTAL MONEY: 986
[23:07:44:057136 +02:00] [Thread 4624] PLAYER: ( 76561197970797976 ) R Alpha 2-1:1 (Der Urologe) REMOTE PURCHASED ITEM Exile_Item_PlasticBottleEmpty FOR 4 POPTABS | PLAYER TOTAL MONEY: 982
[23:08:32:607847 +02:00] [Thread 4624] PLAYER: ( 76561197970797976 ) R Alpha 2-1:1 (Der Urologe) REMOTE PURCHASED ITEM Binocular FOR 40 POPTABS | PLAYER TOTAL MONEY: 942
[23:08:34:976946 +02:00] [Thread 4624] PLAYER: ( 76561197970797976 ) R Alpha 2-1:1 (Der Urologe) REMOTE PURCHASED ITEM Exile_Item_CanOpener FOR 80 POPTABS | PLAYER TOTAL MONEY: 862
[23:08:37:765901 +02:00] [Thread 4624] PLAYER: ( 76561197970797976 ) R Alpha 2-1:1 (Der Urologe) REMOTE PURCHASED ITEM Exile_Item_DuctTape FOR 300 POPTABS | PLAYER TOTAL MONEY: 562
[23:10:19:428215 +02:00] [Thread 13448] PLAYER: ( 76561198137347034 ) R DarkV:1 (IDCA) REMOTE SOLD ITEM: Exile_Car_Volha_White (ID# <null>) with Cargo [] FOR 3000 POPTABS AND 300 RESPECT | PLAYER TOTAL MONEY: 6100
[23:11:00:759983 +02:00] [Thread 13448] PLAYER: ( 76561197970797976 ) R Alpha 2-1:1 (Der Urologe) REMOTE SOLD ITEM B_FieldPack_blk FOR 60 POPTABS AND 6 RESPECT | PLAYER TOTAL MONEY: 622
[23:11:01:843834 +02:00] [Thread 19364] PLAYER: ( 76561197970797976 ) R Alpha 2-1:1 (Der Urologe) REMOTE SOLD ITEM B_Carryall_oucamo FOR 150 POPTABS AND 15 RESPECT | PLAYER TOTAL MONEY: 772
[23:11:02:808884 +02:00] [Thread 19364] PLAYER: ( 76561197970797976 ) R Alpha 2-1:1 (Der Urologe) REMOTE SOLD ITEM Exile_Item_MetalScrews FOR 50 POPTABS AND 5 RESPECT | PLAYER TOTAL MONEY: 822
[23:11:03:660911 +02:00] [Thread 19364] PLAYER: ( 76561197970797976 ) R Alpha 2-1:1 (Der Urologe) REMOTE SOLD ITEM Exile_Magazine_8Rnd_74Slug FOR 10 POPTABS AND 1 RESPECT | PLAYER TOTAL MONEY: 832
[23:11:04:536543 +02:00] [Thread 19364] PLAYER: ( 76561197970797976 ) R Alpha 2-1:1 (Der Urologe) REMOTE SOLD ITEM Exile_Item_Matches FOR 30 POPTABS AND 3 RESPECT | PLAYER TOTAL MONEY: 862
[23:11:05:499922 +02:00] [Thread 19364] PLAYER: ( 76561197970797976 ) R Alpha 2-1:1 (Der Urologe) REMOTE SOLD ITEM Exile_Item_LightBulb FOR 10 POPTABS AND 1 RESPECT | PLAYER TOTAL MONEY: 872
[23:11:06:903886 +02:00] [Thread 19364] PLAYER: ( 76561197970797976 ) R Alpha 2-1:1 (Der Urologe) REMOTE SOLD ITEM Exile_Item_MetalScrews FOR 50 POPTABS AND 5 RESPECT | PLAYER TOTAL MONEY: 922
[23:11:08:961984 +02:00] [Thread 19364] PLAYER: ( 76561197970797976 ) R Alpha 2-1:1 (Der Urologe) REMOTE SOLD ITEM Exile_Magazine_10Rnd_765x17_SA61 FOR 5 POPTABS AND 0.5 RESPECT | PLAYER TOTAL MONEY: 927
[23:11:09:904078 +02:00] [Thread 19364] PLAYER: ( 76561197970797976 ) R Alpha 2-1:1 (Der Urologe) REMOTE SOLD ITEM 30Rnd_9x21_Mag_SMG_02 FOR 5 POPTABS AND 0.5 RESPECT | PLAYER TOTAL MONEY: 932
[23:11:10:911437 +02:00] [Thread 19364] PLAYER: ( 76561197970797976 ) R Alpha 2-1:1 (Der Urologe) REMOTE SOLD ITEM Exile_Item_FuelCanisterEmpty FOR 20 POPTABS AND 2 RESPECT | PLAYER TOTAL MONEY: 952
[23:11:15:264185 +02:00] [Thread 19364] PLAYER: ( 76561197970797976 ) R Alpha 2-1:1 (Der Urologe) REMOTE SOLD ITEM SMG_02_F FOR 75 POPTABS AND 7.5 RESPECT | PLAYER TOTAL MONEY: 1027
[23:11:16:075300 +02:00] [Thread 19364] PLAYER: ( 76561197970797976 ) R Alpha 2-1:1 (Der Urologe) REMOTE SOLD ITEM arifle_MXC_khk_F FOR 175 POPTABS AND 17.5 RESPECT | PLAYER TOTAL MONEY: 1202
[23:11:16:888181 +02:00] [Thread 19364] PLAYER: ( 76561197970797976 ) R Alpha 2-1:1 (Der Urologe) REMOTE SOLD ITEM V_Chestrig_khk FOR 15 POPTABS AND 1.5 RESPECT | PLAYER TOTAL MONEY: 1217
[23:11:19:668262 +02:00] [Thread 19364] PLAYER: ( 76561197970797976 ) R Alpha 2-1:1 (Der Urologe) REMOTE SOLD ITEM 30Rnd_9x21_Mag_SMG_02 FOR 5 POPTABS AND 0.5 RESPECT | PLAYER TOTAL MONEY: 1222
[23:12:23:213392 +02:00] [Thread 19364] PLAYER: ( 76561197970797976 ) R Alpha 2-1:1 (Der Urologe) REMOTE SOLD ITEM optic_MRD FOR 5 POPTABS AND 0.5 RESPECT | PLAYER TOTAL MONEY: 1227
[23:12:25:098522 +02:00] [Thread 19364] PLAYER: ( 76561197970797976 ) R Alpha 2-1:1 (Der Urologe) REMOTE SOLD ITEM optic_KHS_blk FOR 150 POPTABS AND 15 RESPECT | PLAYER TOTAL MONEY: 1377
[23:14:46:106476 +02:00] [Thread 4204] PLAYER: ( 76561197970797976 ) R Alpha 2-1:1 (Der Urologe) REMOTE SOLD ITEM: Exile_Car_Lada_Hipster (ID# 24) with Cargo [] FOR 3000 POPTABS AND 300 RESPECT | PLAYER TOTAL MONEY: 4377
[23:33:22:729346 +02:00] [Thread 19364] PLAYER: ( 76561198137347034 ) R DarkV:1 (IDCA) REMOTE SOLD ITEM: Exile_Car_Octavius_White (ID# <null>) with Cargo [] FOR 3000 POPTABS AND 300 RESPECT | PLAYER TOTAL MONEY: 9100
[23:34:34:391583 +02:00] [Thread 19364] PLAYER: ( 76561198202120684 ) R DarkV:3 (Kevin Tredup) REMOTE SOLD ITEM: Exile_Car_UAZ_Green (ID# <null>) with Cargo [] FOR 3500 POPTABS AND 350 RESPECT | PLAYER TOTAL MONEY: 5544
[23:35:33:509073 +02:00] [Thread 8776] PLAYER: ( 76561198137347034 ) R DarkV:1 (IDCA) REMOTE PURCHASED ITEM Exile_Item_EnergyDrink FOR 40 POPTABS | PLAYER TOTAL MONEY: 9060
[23:35:34:733198 +02:00] [Thread 8776] PLAYER: ( 76561198137347034 ) R DarkV:1 (IDCA) REMOTE PURCHASED ITEM Exile_Item_EnergyDrink FOR 40 POPTABS | PLAYER TOTAL MONEY: 9020
[23:35:35:546225 +02:00] [Thread 13448] PLAYER: ( 76561198137347034 ) R DarkV:1 (IDCA) REMOTE PURCHASED ITEM Exile_Item_EnergyDrink FOR 40 POPTABS | PLAYER TOTAL MONEY: 8980
[23:35:36:362291 +02:00] [Thread 8776] PLAYER: ( 76561198137347034 ) R DarkV:1 (IDCA) REMOTE PURCHASED ITEM Exile_Item_EnergyDrink FOR 40 POPTABS | PLAYER TOTAL MONEY: 8940
[23:35:37:217429 +02:00] [Thread 13448] PLAYER: ( 76561198137347034 ) R DarkV:1 (IDCA) REMOTE PURCHASED ITEM Exile_Item_EnergyDrink FOR 40 POPTABS | PLAYER TOTAL MONEY: 8900
[23:35:38:008358 +02:00] [Thread 8776] PLAYER: ( 76561198137347034 ) R DarkV:1 (IDCA) REMOTE PURCHASED ITEM Exile_Item_EnergyDrink FOR 40 POPTABS | PLAYER TOTAL MONEY: 8860
[23:35:38:534335 +02:00] [Thread 13448] PLAYER: ( 76561198137347034 ) R DarkV:1 (IDCA) REMOTE PURCHASED ITEM Exile_Item_EnergyDrink FOR 40 POPTABS | PLAYER TOTAL MONEY: 8820
[23:35:39:985286 +02:00] [Thread 8776] PLAYER: ( 76561198137347034 ) R DarkV:1 (IDCA) REMOTE PURCHASED ITEM Exile_Item_Noodles FOR 14 POPTABS | PLAYER TOTAL MONEY: 8806
[23:35:41:105269 +02:00] [Thread 13448] PLAYER: ( 76561198137347034 ) R DarkV:1 (IDCA) REMOTE PURCHASED ITEM Exile_Item_Noodles FOR 14 POPTABS | PLAYER TOTAL MONEY: 8792
[23:35:41:897531 +02:00] [Thread 8776] PLAYER: ( 76561198137347034 ) R DarkV:1 (IDCA) REMOTE PURCHASED ITEM Exile_Item_Noodles FOR 14 POPTABS | PLAYER TOTAL MONEY: 8778
[23:35:42:709377 +02:00] [Thread 13448] PLAYER: ( 76561198137347034 ) R DarkV:1 (IDCA) REMOTE PURCHASED ITEM Exile_Item_Noodles FOR 14 POPTABS | PLAYER TOTAL MONEY: 8764
[23:35:43:504628 +02:00] [Thread 8776] PLAYER: ( 76561198137347034 ) R DarkV:1 (IDCA) REMOTE PURCHASED ITEM Exile_Item_Noodles FOR 14 POPTABS | PLAYER TOTAL MONEY: 8750
[23:35:44:273381 +02:00] [Thread 13448] PLAYER: ( 76561198137347034 ) R DarkV:1 (IDCA) REMOTE PURCHASED ITEM Exile_Item_Noodles FOR 14 POPTABS | PLAYER TOTAL MONEY: 8736
[23:35:44:909263 +02:00] [Thread 8776] PLAYER: ( 76561198137347034 ) R DarkV:1 (IDCA) REMOTE PURCHASED ITEM Exile_Item_Noodles FOR 14 POPTABS | PLAYER TOTAL MONEY: 8722
[00:22:36:381305 +02:00] [Thread 13448] PLAYER: ( 76561198202120684 ) R DarkV:3 (Kevin Tredup) REMOTE SOLD ITEM: Exile_Chopper_Hummingbird_Civillian_Jeans (ID# 26) with Cargo ["Exile_Weapon_AKS_Gold","optic_Holosight","Exile_Magazine_30Rnd_762x39_AK","arifle_Katiba_F","optic_DMS","30Rnd_65x39_caseless_green","Exile_Weapon_RPK","Exile_Magazine_45Rnd_545x39_RPK_Green","bipod_02_F_blk","Exile_Weapon_SVD","optic_LRPS","Exile_Magazine_10Rnd_762x54"] FOR 9670 POPTABS AND 967 RESPECT | PLAYER TOTAL MONEY: 15412
[01:13:47:507900 +02:00] [Thread 19364] PLAYER: ( 76561198141018060 ) R DarkV:2 (Robert Schmidt) REMOTE SOLD ITEM: Exile_Car_Ural_Covered_Blue (ID# <null>) with Cargo [] FOR 14000 POPTABS AND 1400 RESPECT | PLAYER TOTAL MONEY: 15136
[01:22:42:494793 +02:00] [Thread 4624] PLAYER: ( 76561198191441767 ) R DarkV:4 (marvi) REMOTE PURCHASED ITEM Exile_Magazine_5Rnd_127x108_APDS_Bullet_Cam_Mag FOR 140 POPTABS | PLAYER TOTAL MONEY: 1910
[01:22:42:822819 +02:00] [Thread 12988] PLAYER: ( 76561198191441767 ) R DarkV:4 (marvi) REMOTE PURCHASED ITEM Exile_Magazine_5Rnd_127x108_APDS_Bullet_Cam_Mag FOR 140 POPTABS | PLAYER TOTAL MONEY: 1770
[01:22:43:151737 +02:00] [Thread 4624] PLAYER: ( 76561198191441767 ) R DarkV:4 (marvi) REMOTE PURCHASED ITEM Exile_Magazine_5Rnd_127x108_APDS_Bullet_Cam_Mag FOR 140 POPTABS | PLAYER TOTAL MONEY: 1630
[01:22:43:502751 +02:00] [Thread 12988] PLAYER: ( 76561198191441767 ) R DarkV:4 (marvi) REMOTE PURCHASED ITEM Exile_Magazine_5Rnd_127x108_APDS_Bullet_Cam_Mag FOR 140 POPTABS | PLAYER TOTAL MONEY: 1490
[01:22:43:832870 +02:00] [Thread 4624] PLAYER: ( 76561198191441767 ) R DarkV:4 (marvi) REMOTE PURCHASED ITEM Exile_Magazine_5Rnd_127x108_APDS_Bullet_Cam_Mag FOR 140 POPTABS | PLAYER TOTAL MONEY: 1350
[01:22:44:139890 +02:00] [Thread 12988] PLAYER: ( 76561198191441767 ) R DarkV:4 (marvi) REMOTE PURCHASED ITEM Exile_Magazine_5Rnd_127x108_APDS_Bullet_Cam_Mag FOR 140 POPTABS | PLAYER TOTAL MONEY: 1210
[01:22:44:468922 +02:00] [Thread 4624] PLAYER: ( 76561198191441767 ) R DarkV:4 (marvi) REMOTE PURCHASED ITEM Exile_Magazine_5Rnd_127x108_APDS_Bullet_Cam_Mag FOR 140 POPTABS | PLAYER TOTAL MONEY: 1070
[01:22:44:797744 +02:00] [Thread 12988] PLAYER: ( 76561198191441767 ) R DarkV:4 (marvi) REMOTE PURCHASED ITEM Exile_Magazine_5Rnd_127x108_APDS_Bullet_Cam_Mag FOR 140 POPTABS | PLAYER TOTAL MONEY: 930
[01:22:45:127882 +02:00] [Thread 4624] PLAYER: ( 76561198191441767 ) R DarkV:4 (marvi) REMOTE PURCHASED ITEM Exile_Magazine_5Rnd_127x108_APDS_Bullet_Cam_Mag FOR 140 POPTABS | PLAYER TOTAL MONEY: 790
[01:22:45:456968 +02:00] [Thread 12988] PLAYER: ( 76561198191441767 ) R DarkV:4 (marvi) REMOTE PURCHASED ITEM Exile_Magazine_5Rnd_127x108_APDS_Bullet_Cam_Mag FOR 140 POPTABS | PLAYER TOTAL MONEY: 650
[01:22:45:807950 +02:00] [Thread 4624] PLAYER: ( 76561198191441767 ) R DarkV:4 (marvi) REMOTE PURCHASED ITEM Exile_Magazine_5Rnd_127x108_APDS_Bullet_Cam_Mag FOR 140 POPTABS | PLAYER TOTAL MONEY: 510
[01:22:46:136955 +02:00] [Thread 12988] PLAYER: ( 76561198191441767 ) R DarkV:4 (marvi) REMOTE PURCHASED ITEM Exile_Magazine_5Rnd_127x108_APDS_Bullet_Cam_Mag FOR 140 POPTABS | PLAYER TOTAL MONEY: 370
[01:22:46:487868 +02:00] [Thread 4624] PLAYER: ( 76561198191441767 ) R DarkV:4 (marvi) REMOTE PURCHASED ITEM Exile_Magazine_5Rnd_127x108_APDS_Bullet_Cam_Mag FOR 140 POPTABS | PLAYER TOTAL MONEY: 230
[01:22:46:837185 +02:00] [Thread 12988] PLAYER: ( 76561198191441767 ) R DarkV:4 (marvi) REMOTE PURCHASED ITEM Exile_Magazine_5Rnd_127x108_APDS_Bullet_Cam_Mag FOR 140 POPTABS | PLAYER TOTAL MONEY: 90
[01:52:04:915786 +02:00] [Thread 4624] PLAYER: ( 76561198191441767 ) R DarkV:2 (marvi) REMOTE PURCHASED ITEM Exile_Magazine_5Rnd_127x108_APDS_Bullet_Cam_Mag FOR 140 POPTABS | PLAYER TOTAL MONEY: 1100
[01:52:05:377518 +02:00] [Thread 12988] PLAYER: ( 76561198191441767 ) R DarkV:2 (marvi) REMOTE PURCHASED ITEM Exile_Magazine_5Rnd_127x108_APDS_Bullet_Cam_Mag FOR 140 POPTABS | PLAYER TOTAL MONEY: 960
[01:52:05:773577 +02:00] [Thread 4624] PLAYER: ( 76561198191441767 ) R DarkV:2 (marvi) REMOTE PURCHASED ITEM Exile_Magazine_5Rnd_127x108_APDS_Bullet_Cam_Mag FOR 140 POPTABS | PLAYER TOTAL MONEY: 820
[01:52:06:231570 +02:00] [Thread 12988] PLAYER: ( 76561198191441767 ) R DarkV:2 (marvi) REMOTE PURCHASED ITEM Exile_Magazine_5Rnd_127x108_APDS_Bullet_Cam_Mag FOR 140 POPTABS | PLAYER TOTAL MONEY: 680
[01:52:06:671545 +02:00] [Thread 4624] PLAYER: ( 76561198191441767 ) R DarkV:2 (marvi) REMOTE PURCHASED ITEM Exile_Magazine_5Rnd_127x108_APDS_Bullet_Cam_Mag FOR 140 POPTABS | PLAYER TOTAL MONEY: 540
[01:52:07:176850 +02:00] [Thread 12988] PLAYER: ( 76561198191441767 ) R DarkV:2 (marvi) REMOTE PURCHASED ITEM Exile_Magazine_5Rnd_127x108_APDS_Bullet_Cam_Mag FOR 140 POPTABS | PLAYER TOTAL MONEY: 400
[02:00:29:420320 +02:00] [Thread 4624] PLAYER: ( 76561198191441767 ) R DarkV:2 (marvi) REMOTE PURCHASED ITEM 5Rnd_127x108_Mag FOR 40 POPTABS | PLAYER TOTAL MONEY: 860
[02:00:29:816256 +02:00] [Thread 12988] PLAYER: ( 76561198191441767 ) R DarkV:2 (marvi) REMOTE PURCHASED ITEM 5Rnd_127x108_Mag FOR 40 POPTABS | PLAYER TOTAL MONEY: 820
[02:00:30:190403 +02:00] [Thread 4624] PLAYER: ( 76561198191441767 ) R DarkV:2 (marvi) REMOTE PURCHASED ITEM 5Rnd_127x108_Mag FOR 40 POPTABS | PLAYER TOTAL MONEY: 780
[02:00:30:564316 +02:00] [Thread 12988] PLAYER: ( 76561198191441767 ) R DarkV:2 (marvi) REMOTE PURCHASED ITEM 5Rnd_127x108_Mag FOR 40 POPTABS | PLAYER TOTAL MONEY: 740
[02:00:30:915261 +02:00] [Thread 4624] PLAYER: ( 76561198191441767 ) R DarkV:2 (marvi) REMOTE PURCHASED ITEM 5Rnd_127x108_Mag FOR 40 POPTABS | PLAYER TOTAL MONEY: 700
[02:00:31:267465 +02:00] [Thread 12988] PLAYER: ( 76561198191441767 ) R DarkV:2 (marvi) REMOTE PURCHASED ITEM 5Rnd_127x108_Mag FOR 40 POPTABS | PLAYER TOTAL MONEY: 660
[02:00:31:641348 +02:00] [Thread 4624] PLAYER: ( 76561198191441767 ) R DarkV:2 (marvi) REMOTE PURCHASED ITEM 5Rnd_127x108_Mag FOR 40 POPTABS | PLAYER TOTAL MONEY: 620
[02:00:32:015479 +02:00] [Thread 12988] PLAYER: ( 76561198191441767 ) R DarkV:2 (marvi) REMOTE PURCHASED ITEM 5Rnd_127x108_Mag FOR 40 POPTABS | PLAYER TOTAL MONEY: 580
[02:00:32:367334 +02:00] [Thread 4624] PLAYER: ( 76561198191441767 ) R DarkV:2 (marvi) REMOTE PURCHASED ITEM 5Rnd_127x108_Mag FOR 40 POPTABS | PLAYER TOTAL MONEY: 540
[02:00:32:718418 +02:00] [Thread 12988] PLAYER: ( 76561198191441767 ) R DarkV:2 (marvi) REMOTE PURCHASED ITEM 5Rnd_127x108_Mag FOR 40 POPTABS | PLAYER TOTAL MONEY: 500
[02:00:37:238591 +02:00] [Thread 4624] PLAYER: ( 76561198191441767 ) R DarkV:2 (marvi) REMOTE PURCHASED ITEM 10Rnd_338_Mag FOR 30 POPTABS | PLAYER TOTAL MONEY: 470
[02:00:37:590400 +02:00] [Thread 12988] PLAYER: ( 76561198191441767 ) R DarkV:2 (marvi) REMOTE PURCHASED ITEM 10Rnd_338_Mag FOR 30 POPTABS | PLAYER TOTAL MONEY: 440
[02:00:37:941500 +02:00] [Thread 4624] PLAYER: ( 76561198191441767 ) R DarkV:2 (marvi) REMOTE PURCHASED ITEM 10Rnd_338_Mag FOR 30 POPTABS | PLAYER TOTAL MONEY: 410
[02:00:38:291397 +02:00] [Thread 12988] PLAYER: ( 76561198191441767 ) R DarkV:2 (marvi) REMOTE PURCHASED ITEM 10Rnd_338_Mag FOR 30 POPTABS | PLAYER TOTAL MONEY: 380
[02:00:38:643515 +02:00] [Thread 4624] PLAYER: ( 76561198191441767 ) R DarkV:2 (marvi) REMOTE PURCHASED ITEM 10Rnd_338_Mag FOR 30 POPTABS | PLAYER TOTAL MONEY: 350
[02:00:38:995529 +02:00] [Thread 12988] PLAYER: ( 76561198191441767 ) R DarkV:2 (marvi) REMOTE PURCHASED ITEM 10Rnd_338_Mag FOR 30 POPTABS | PLAYER TOTAL MONEY: 320
[02:00:39:347560 +02:00] [Thread 4624] PLAYER: ( 76561198191441767 ) R DarkV:2 (marvi) REMOTE PURCHASED ITEM 10Rnd_338_Mag FOR 30 POPTABS | PLAYER TOTAL MONEY: 290
[02:00:39:676470 +02:00] [Thread 12988] PLAYER: ( 76561198191441767 ) R DarkV:2 (marvi) REMOTE PURCHASED ITEM 10Rnd_338_Mag FOR 30 POPTABS | PLAYER TOTAL MONEY: 260
[02:00:40:028568 +02:00] [Thread 4624] PLAYER: ( 76561198191441767 ) R DarkV:2 (marvi) REMOTE PURCHASED ITEM 10Rnd_338_Mag FOR 30 POPTABS | PLAYER TOTAL MONEY: 230
[02:00:40:381565 +02:00] [Thread 12988] PLAYER: ( 76561198191441767 ) R DarkV:2 (marvi) REMOTE PURCHASED ITEM 10Rnd_338_Mag FOR 30 POPTABS | PLAYER TOTAL MONEY: 200
[02:00:40:711544 +02:00] [Thread 4624] PLAYER: ( 76561198191441767 ) R DarkV:2 (marvi) REMOTE PURCHASED ITEM 10Rnd_338_Mag FOR 30 POPTABS | PLAYER TOTAL MONEY: 170
[02:00:41:063484 +02:00] [Thread 12988] PLAYER: ( 76561198191441767 ) R DarkV:2 (marvi) REMOTE PURCHASED ITEM 10Rnd_338_Mag FOR 30 POPTABS | PLAYER TOTAL MONEY: 140
[02:14:58:324165 +02:00] [Thread 4624] PLAYER: ( 76561198191441767 ) R DarkV:2 (marvi) REMOTE PURCHASED ITEM 5Rnd_127x108_Mag FOR 40 POPTABS | PLAYER TOTAL MONEY: 500
[02:14:58:695064 +02:00] [Thread 12988] PLAYER: ( 76561198191441767 ) R DarkV:2 (marvi) REMOTE PURCHASED ITEM 5Rnd_127x108_Mag FOR 40 POPTABS | PLAYER TOTAL MONEY: 460
[02:14:59:046181 +02:00] [Thread 4624] PLAYER: ( 76561198191441767 ) R DarkV:2 (marvi) REMOTE PURCHASED ITEM 5Rnd_127x108_Mag FOR 40 POPTABS | PLAYER TOTAL MONEY: 420
[02:14:59:398099 +02:00] [Thread 12988] PLAYER: ( 76561198191441767 ) R DarkV:2 (marvi) REMOTE PURCHASED ITEM 5Rnd_127x108_Mag FOR 40 POPTABS | PLAYER TOTAL MONEY: 380
[02:14:59:728232 +02:00] [Thread 4624] PLAYER: ( 76561198191441767 ) R DarkV:2 (marvi) REMOTE PURCHASED ITEM 5Rnd_127x108_Mag FOR 40 POPTABS | PLAYER TOTAL MONEY: 340
[02:15:00:081148 +02:00] [Thread 12988] PLAYER: ( 76561198191441767 ) R DarkV:2 (marvi) REMOTE PURCHASED ITEM 5Rnd_127x108_Mag FOR 40 POPTABS | PLAYER TOTAL MONEY: 300
[02:15:00:433110 +02:00] [Thread 4624] PLAYER: ( 76561198191441767 ) R DarkV:2 (marvi) REMOTE PURCHASED ITEM 5Rnd_127x108_Mag FOR 40 POPTABS | PLAYER TOTAL MONEY: 260
[02:15:00:762104 +02:00] [Thread 12988] PLAYER: ( 76561198191441767 ) R DarkV:2 (marvi) REMOTE PURCHASED ITEM 5Rnd_127x108_Mag FOR 40 POPTABS | PLAYER TOTAL MONEY: 220
[02:15:01:135266 +02:00] [Thread 4624] PLAYER: ( 76561198191441767 ) R DarkV:2 (marvi) REMOTE PURCHASED ITEM 5Rnd_127x108_Mag FOR 40 POPTABS | PLAYER TOTAL MONEY: 180
