[12:54:42:341372 +02:00] [Thread 5332] PLAYER: ( 76561198141018060 ) R Dark-V:1 (Robert Schmidt) REMOTE SOLD ITEM: Exile_Car_Ural_Covered_Worker (ID# <null>) with Cargo ["B_Carryall_oli","B_Kitbag_mcamo","B_Bergen_rgr","200Rnd_65x39_cased_Box","200Rnd_65x39_cased_Box","200Rnd_65x39_cased_Box","200Rnd_65x39_cased_Box","200Rnd_65x39_cased_Box","200Rnd_65x39_cased_Box","Exile_Item_InstaDoc","Exile_Item_EnergyDrink","30Rnd_65x39_caseless_green","30Rnd_65x39_caseless_green","Exile_Magazine_6Rnd_45ACP","30Rnd_556x45_Stanag","30Rnd_556x45_Stanag","30Rnd_556x45_Stanag","16Rnd_9x21_Mag","Exile_Item_PowerDrink","Exile_Item_InstaDoc","Exile_Item_CatFood_Cooked","Exile_Item_PlasticBottleFreshWater","Exile_Item_CookingPot","30Rnd_65x39_caseless_green","30Rnd_65x39_caseless_green","30Rnd_65x39_caseless_green","30Rnd_65x39_caseless_green","30Rnd_65x39_caseless_green","Exile_Magazine_8Rnd_9x18","Exile_Magazine_30Rnd_545x39_AK","Exile_Magazine_30Rnd_545x39_AK","Exile_Magazine_30Rnd_545x39_AK","Exile_Magazine_30Rnd_545x39_AK","Exile_Magazine_30Rnd_545x39_AK","Exile_Magazine_30Rnd_545x39_AK","Exile_Magazine_8Rnd_9x18","Exile_Magazine_8Rnd_9x18","30Rnd_556x45_Stanag","30Rnd_556x45_Stanag","30Rnd_556x45_Stanag","30Rnd_556x45_Stanag","30Rnd_556x45_Stanag","30Rnd_556x45_Stanag","30Rnd_556x45_Stanag","11Rnd_45ACP_Mag","Exile_Item_EnergyDrink","30Rnd_556x45_Stanag","30Rnd_556x45_Stanag","30Rnd_556x45_Stanag","30Rnd_556x45_Stanag","30Rnd_556x45_Stanag","30Rnd_556x45_Stanag","9Rnd_45ACP_Mag","Exile_Item_InstaDoc","Exile_Item_EnergyDrink","30Rnd_556x45_Stanag","30Rnd_556x45_Stanag","30Rnd_556x45_Stanag","30Rnd_556x45_Stanag","30Rnd_556x45_Stanag","11Rnd_45ACP_Mag","Exile_Item_CanOpener","Exile_Item_InstaDoc","Exile_Item_PlasticBottleCoffee","Exile_Item_InstaDoc","Exile_Item_Surstromming_Cooked","Exile_Item_PlasticBottleFreshWater","Exile_Item_PlasticBottleFreshWater","Exile_Item_Matches","Exile_Item_CatFood_Cooked","Exile_Item_PowerDrink","Exile_Item_BBQSandwich","30Rnd_65x39_caseless_green","30Rnd_65x39_caseless_green","30Rnd_65x39_caseless_green","30Rnd_65x39_caseless_green","Exile_Item_Bandage","Exile_Item_EnergyDrink","Exile_Item_InstaDoc","Exile_Item_BBQSandwich","Exile_Item_EnergyDrink","11Rnd_45ACP_Mag","Exile_Item_EnergyDrink","Exile_Item_Vishpirin","Exile_Item_InstaDoc","Exile_Item_BBQSandwich","Exile_Item_EnergyDrink","Exile_Item_Vishpirin","Exile_Item_Bandage","Exile_Item_InstaDoc","Exile_Item_BBQSandwich","Exile_Item_Vishpirin","Exile_Item_Bandage","Exile_Item_InstaDoc","Exile_Item_BBQSandwich","Exile_Item_EnergyDrink","30Rnd_556x45_Stanag","30Rnd_556x45_Stanag","Exile_Item_CatFood_Cooked","Exile_Item_CatFood_Cooked","Exile_Item_InstaDoc","Exile_Item_BBQSandwich","Exile_Item_EnergyDrink","Exile_Item_BBQSandwich","Exile_Item_EnergyDrink","30Rnd_65x39_caseless_green","30Rnd_65x39_caseless_green","30Rnd_65x39_caseless_green","30Rnd_65x39_caseless_green","30Rnd_65x39_caseless_green","11Rnd_45ACP_Mag","Exile_Item_CatFood_Cooked","Exile_Item_BBQSandwich","Exile_Weapon_AK107","optic_Holosight","Exile_Magazine_30Rnd_545x39_AK","arifle_Mk20_plain_F","optic_Aco","30Rnd_556x45_Stanag","arifle_Katiba_GL_F","optic_Holosight","30Rnd_65x39_caseless_green","hgun_Pistol_heavy_01_F","11Rnd_45ACP_Mag","hgun_Pistol_heavy_01_F","11Rnd_45ACP_Mag","hgun_Pistol_heavy_01_F","11Rnd_45ACP_Mag","LMG_Mk200_F","optic_Hamr","200Rnd_65x39_cased_Box","arifle_TRG21_F","optic_MRCO","30Rnd_556x45_Stanag","V_PlateCarrierSpec_mtp","V_PlateCarrierH_CTRG","V_PlateCarrierH_CTRG","V_PlateCarrierH_CTRG","V_PlateCarrierSpec_rgr","V_PlateCarrierL_CTRG","V_PlateCarrierL_CTRG","U_BG_Guerilla2_3","U_O_CombatUniform_ocamo","U_O_CombatUniform_ocamo","U_BG_Guerilla3_1","U_BG_Guerrilla_6_1","U_O_PilotCoveralls","U_B_CTRG_3","V_PlateCarrierIA2_dgtl"] FOR 23963 POPTABS AND 2396.3 RESPECT | PLAYER TOTAL MONEY: 27432
[12:58:28:695981 +02:00] [Thread 5332] PLAYER: ( 76561198141018060 ) R Dark-V:1 (Robert Schmidt) REMOTE PURCHASED VEHICLE Exile_Car_Ural_Covered_Worker FOR 28000 POPTABS | PLAYER TOTAL MONEY: 432
[13:31:41:301002 +02:00] [Thread 13456] PLAYER: ( 76561198141018060 ) R Dark-V:1 (Robert Schmidt) REMOTE SOLD ITEM: Exile_Car_Hunter (ID# 10) with Cargo ["B_Carryall_oli","B_Carryall_cbr","B_FieldPack_oucamo","Exile_Item_EnergyDrink","Exile_Item_Bandage","Exile_Item_InstaDoc","Exile_Item_BBQSandwich","Exile_Item_EnergyDrink","30Rnd_556x45_Stanag","30Rnd_556x45_Stanag","30Rnd_556x45_Stanag","30Rnd_556x45_Stanag","30Rnd_556x45_Stanag","30Rnd_556x45_Stanag","30Rnd_556x45_Stanag","6Rnd_45ACP_Cylinder","6Rnd_45ACP_Cylinder","Exile_Item_PlasticBottleFreshWater","Exile_Item_PlasticBottleFreshWater","Exile_Item_Matches","Exile_Magazine_10Rnd_762x54","Exile_Magazine_10Rnd_762x54","Exile_Magazine_10Rnd_762x54","Exile_Magazine_10Rnd_762x54","Exile_Magazine_10Rnd_762x54","Exile_Magazine_7Rnd_45ACP","Exile_Magazine_7Rnd_45ACP","Exile_Item_EnergyDrink","Exile_Item_Bandage","Exile_Item_InstaDoc","Exile_Item_BBQSandwich","Exile_Item_EnergyDrink","Exile_Magazine_6Rnd_45ACP","Exile_Item_InstaDoc","Exile_Item_CanOpener","Exile_Item_InstaDoc","Exile_Item_Surstromming_Cooked","30Rnd_65x39_caseless_black_mag","30Rnd_65x39_caseless_black_mag","30Rnd_65x39_caseless_black_mag","30Rnd_65x39_caseless_black_mag","30Rnd_65x39_caseless_black_mag","Exile_Magazine_6Rnd_45ACP","arifle_MX_Black_F","optic_MRCO","30Rnd_65x39_caseless_black_mag","bipod_03_F_blk","Exile_Weapon_SVD","optic_SOS","Exile_Magazine_10Rnd_762x54","arifle_TRG21_GL_F","30Rnd_556x45_Stanag","U_I_G_resistanceLeader_F","V_PlateCarrierGL_blk","H_HelmetLeaderO_oucamo","V_TacVest_blk_POLICE","V_TacVest_blk_POLICE","U_BG_Guerilla3_1","H_HelmetSpecB_paint1","H_HelmetSpecB_paint1"] FOR 4831 POPTABS AND 483.1 RESPECT | PLAYER TOTAL MONEY: 15091
[13:34:30:406758 +02:00] [Thread 18164] PLAYER: ( 76561198141018060 ) R Dark-V:1 (Robert Schmidt) REMOTE PURCHASED VEHICLE SKIN ["exile_assets\texture\vehicle\Exile_Hunter_Black_co.paa","exile_assets\texture\vehicle\Exile_Hunter_Black_Back_co.paa"] (Exile_Car_Hunter_Abstract) FOR 1000 POPTABS | PLAYER TOTAL MONEY: 0
[13:48:24:807992 +02:00] [Thread 18164] PLAYER: ( 76561198012755151 ) R Alpha 1-4:1 (shk) REMOTE SOLD ITEM srifle_LRR_tna_F FOR 430 POPTABS AND 43 RESPECT | PLAYER TOTAL MONEY: 430
[13:48:31:320102 +02:00] [Thread 12496] PLAYER: ( 76561198012755151 ) R Alpha 1-4:1 (shk) REMOTE SOLD ITEM 7Rnd_408_Mag FOR 5 POPTABS AND 0.5 RESPECT | PLAYER TOTAL MONEY: 435
[13:48:43:425329 +02:00] [Thread 18164] PLAYER: ( 76561198012755151 ) R Alpha 1-4:1 (shk) REMOTE SOLD ITEM IEDLandSmall_Remote_Mag FOR 150 POPTABS AND 15 RESPECT | PLAYER TOTAL MONEY: 585
[13:48:45:775242 +02:00] [Thread 12496] PLAYER: ( 76561198012755151 ) R Alpha 1-4:1 (shk) REMOTE SOLD ITEM APERSMine_Range_Mag FOR 300 POPTABS AND 30 RESPECT | PLAYER TOTAL MONEY: 885
[13:48:47:837304 +02:00] [Thread 12496] PLAYER: ( 76561198012755151 ) R Alpha 1-4:1 (shk) REMOTE SOLD ITEM Exile_Item_Bandage FOR 50 POPTABS AND 5 RESPECT | PLAYER TOTAL MONEY: 935
[13:48:50:481346 +02:00] [Thread 12496] PLAYER: ( 76561198012755151 ) R Alpha 1-4:1 (shk) REMOTE SOLD ITEM 7Rnd_408_Mag FOR 5 POPTABS AND 0.5 RESPECT | PLAYER TOTAL MONEY: 940
[13:48:54:322441 +02:00] [Thread 18164] PLAYER: ( 76561198012755151 ) R Alpha 1-4:1 (shk) REMOTE SOLD ITEM arifle_AKS_F FOR 175 POPTABS AND 17.5 RESPECT | PLAYER TOTAL MONEY: 1115
[13:48:58:379526 +02:00] [Thread 18164] PLAYER: ( 76561198012755151 ) R Alpha 1-4:1 (shk) REMOTE SOLD ITEM muzzle_snds_B_khk_F FOR 25 POPTABS AND 2.5 RESPECT | PLAYER TOTAL MONEY: 1140
[13:48:59:829583 +02:00] [Thread 18164] PLAYER: ( 76561198012755151 ) R Alpha 1-4:1 (shk) REMOTE SOLD ITEM muzzle_snds_H_snd_F FOR 25 POPTABS AND 2.5 RESPECT | PLAYER TOTAL MONEY: 1165
[13:49:01:038690 +02:00] [Thread 18164] PLAYER: ( 76561198012755151 ) R Alpha 1-4:1 (shk) REMOTE SOLD ITEM H_HelmetB_light FOR 10 POPTABS AND 1 RESPECT | PLAYER TOTAL MONEY: 1175
[13:56:13:763984 +02:00] [Thread 18164] PLAYER: ( 76561198012755151 ) R Alpha 1-4:1 (shk) REMOTE SOLD ITEM: Exile_Bike_QuadBike_White (ID# <null>) with Cargo ["20Rnd_762x51_Mag","20Rnd_762x51_Mag","20Rnd_762x51_Mag","20Rnd_762x51_Mag","optic_ERCO_khk_F","optic_SOS_khk_F","H_HelmetB_tna_F","U_O_T_FullGhillie_tna_F","V_RebreatherB"] FOR 1677 POPTABS AND 167.7 RESPECT | PLAYER TOTAL MONEY: 2852
[13:57:31:634400 +02:00] [Thread 12496] PLAYER: ( 76561198012755151 ) R Alpha 1-4:1 (shk) REMOTE PURCHASED ITEM Exile_Item_EnergyDrink FOR 40 POPTABS | PLAYER TOTAL MONEY: 2812
[14:09:28:667454 +02:00] [Thread 18164] PLAYER: ( 76561198012755151 ) R Alpha 1-4:1 (shk) REMOTE SOLD ITEM 150Rnd_762x54_Box FOR 10 POPTABS AND 1 RESPECT | PLAYER TOTAL MONEY: 2822
[14:09:29:566565 +02:00] [Thread 12496] PLAYER: ( 76561198012755151 ) R Alpha 1-4:1 (shk) REMOTE SOLD ITEM H_HelmetCrew_O_ghex_F FOR 37 POPTABS AND 3.7 RESPECT | PLAYER TOTAL MONEY: 2859
[14:09:30:447541 +02:00] [Thread 18164] PLAYER: ( 76561198012755151 ) R Alpha 1-4:1 (shk) REMOTE SOLD ITEM V_PlateCarrierSpec_rgr FOR 100 POPTABS AND 10 RESPECT | PLAYER TOTAL MONEY: 2959
[14:09:34:930476 +02:00] [Thread 12496] PLAYER: ( 76561198012755151 ) R Alpha 1-4:1 (shk) REMOTE SOLD ITEM srifle_DMR_02_sniper_F FOR 400 POPTABS AND 40 RESPECT | PLAYER TOTAL MONEY: 3359
[14:09:37:018493 +02:00] [Thread 18164] PLAYER: ( 76561198012755151 ) R Alpha 1-4:1 (shk) REMOTE SOLD ITEM 150Rnd_762x54_Box FOR 10 POPTABS AND 1 RESPECT | PLAYER TOTAL MONEY: 3369
[14:09:37:831590 +02:00] [Thread 18164] PLAYER: ( 76561198012755151 ) R Alpha 1-4:1 (shk) REMOTE SOLD ITEM 150Rnd_762x54_Box FOR 10 POPTABS AND 1 RESPECT | PLAYER TOTAL MONEY: 3379
[14:24:52:607788 +02:00] [Thread 18164] PLAYER: ( 76561198012755151 ) R Alpha 1-4:1 (shk) REMOTE SOLD ITEM 10Rnd_127x54_Mag FOR 15 POPTABS AND 1.5 RESPECT | PLAYER TOTAL MONEY: 3394
[14:24:54:142676 +02:00] [Thread 14816] PLAYER: ( 76561198012755151 ) R Alpha 1-4:1 (shk) REMOTE SOLD ITEM Exile_Magazine_5Rnd_127x108_APDS_KSVK FOR 20 POPTABS AND 2 RESPECT | PLAYER TOTAL MONEY: 3414
[14:24:55:194789 +02:00] [Thread 18164] PLAYER: ( 76561198012755151 ) R Alpha 1-4:1 (shk) REMOTE SOLD ITEM 10Rnd_127x54_Mag FOR 15 POPTABS AND 1.5 RESPECT | PLAYER TOTAL MONEY: 3429
[14:24:56:225746 +02:00] [Thread 18164] PLAYER: ( 76561198012755151 ) R Alpha 1-4:1 (shk) REMOTE SOLD ITEM srifle_DMR_04_F FOR 350 POPTABS AND 35 RESPECT | PLAYER TOTAL MONEY: 3779
[14:24:57:192899 +02:00] [Thread 18164] PLAYER: ( 76561198012755151 ) R Alpha 1-4:1 (shk) REMOTE SOLD ITEM arifle_ARX_blk_F FOR 450 POPTABS AND 45 RESPECT | PLAYER TOTAL MONEY: 4229
[14:24:58:201842 +02:00] [Thread 18164] PLAYER: ( 76561198012755151 ) R Alpha 1-4:1 (shk) REMOTE SOLD ITEM Exile_Weapon_M16A2 FOR 150 POPTABS AND 15 RESPECT | PLAYER TOTAL MONEY: 4379
[14:24:59:210880 +02:00] [Thread 18164] PLAYER: ( 76561198012755151 ) R Alpha 1-4:1 (shk) REMOTE SOLD ITEM arifle_AK12_F FOR 325 POPTABS AND 32.5 RESPECT | PLAYER TOTAL MONEY: 4704
[14:25:04:848928 +02:00] [Thread 18164] PLAYER: ( 76561198012755151 ) R Alpha 1-4:1 (shk) REMOTE SOLD ITEM Exile_Headgear_GasMask FOR 250 POPTABS AND 25 RESPECT | PLAYER TOTAL MONEY: 4954
[14:25:06:669891 +02:00] [Thread 18164] PLAYER: ( 76561198012755151 ) R Alpha 1-4:1 (shk) REMOTE SOLD ITEM V_PlateCarrier2_rgr FOR 50 POPTABS AND 5 RESPECT | PLAYER TOTAL MONEY: 5004
[14:25:45:085671 +02:00] [Thread 12496] PLAYER: ( 76561198012755151 ) R Alpha 1-4:1 (shk) REMOTE PURCHASED ITEM Exile_Item_Noodles FOR 14 POPTABS | PLAYER TOTAL MONEY: 4990
[14:25:46:029584 +02:00] [Thread 18164] PLAYER: ( 76561198012755151 ) R Alpha 1-4:1 (shk) REMOTE PURCHASED ITEM Exile_Item_Noodles FOR 14 POPTABS | PLAYER TOTAL MONEY: 4976
[14:25:47:083882 +02:00] [Thread 12496] PLAYER: ( 76561198012755151 ) R Alpha 1-4:1 (shk) REMOTE PURCHASED ITEM Exile_Item_Noodles FOR 14 POPTABS | PLAYER TOTAL MONEY: 4962
[15:35:23:122865 +02:00] [Thread 14816] PLAYER: ( 76561198137347034 ) R Alpha 1-6:1 (IDCA) REMOTE PURCHASED VEHICLE Exile_Bike_QuadBike_Black FOR 2500 POPTABS | PLAYER TOTAL MONEY: 880
[18:51:34:420392 +02:00] [Thread 7808] PLAYER: ( 76561198057220228 ) R Alpha 1-3:1 (Dae Hir) REMOTE SOLD ITEM: Exile_Bike_OldBike (ID# <null>) with Cargo [] FOR 20 POPTABS AND 2 RESPECT | PLAYER TOTAL MONEY: 20
[18:52:09:389888 +02:00] [Thread 7808] PLAYER: ( 76561198057220228 ) R Alpha 1-3:1 (Dae Hir) REMOTE SOLD ITEM DemoCharge_Remote_Mag FOR 350 POPTABS AND 35 RESPECT | PLAYER TOTAL MONEY: 370
[18:52:13:503211 +02:00] [Thread 6120] PLAYER: ( 76561198057220228 ) R Alpha 1-3:1 (Dae Hir) REMOTE SOLD ITEM 1Rnd_HE_Grenade_shell FOR 35 POPTABS AND 3.5 RESPECT | PLAYER TOTAL MONEY: 405
[18:52:15:523170 +02:00] [Thread 944] PLAYER: ( 76561198057220228 ) R Alpha 1-3:1 (Dae Hir) REMOTE SOLD ITEM HandGrenade FOR 20 POPTABS AND 2 RESPECT | PLAYER TOTAL MONEY: 425
[18:52:17:215051 +02:00] [Thread 6120] PLAYER: ( 76561198057220228 ) R Alpha 1-3:1 (Dae Hir) REMOTE SOLD ITEM 30Rnd_762x39_Mag_Green_F FOR 12 POPTABS AND 1.2 RESPECT | PLAYER TOTAL MONEY: 437
[18:52:18:402089 +02:00] [Thread 944] PLAYER: ( 76561198057220228 ) R Alpha 1-3:1 (Dae Hir) REMOTE SOLD ITEM SmokeShellGreen FOR 3 POPTABS AND 0.3 RESPECT | PLAYER TOTAL MONEY: 440
[18:52:19:479953 +02:00] [Thread 944] PLAYER: ( 76561198057220228 ) R Alpha 1-3:1 (Dae Hir) REMOTE SOLD ITEM SmokeShellRed FOR 3 POPTABS AND 0.3 RESPECT | PLAYER TOTAL MONEY: 443
[18:52:21:812007 +02:00] [Thread 944] PLAYER: ( 76561198057220228 ) R Alpha 1-3:1 (Dae Hir) REMOTE SOLD ITEM 1Rnd_SmokeRed_Grenade_shell FOR 4 POPTABS AND 0.4 RESPECT | PLAYER TOTAL MONEY: 447
[18:52:22:756063 +02:00] [Thread 944] PLAYER: ( 76561198057220228 ) R Alpha 1-3:1 (Dae Hir) REMOTE SOLD ITEM HandGrenade FOR 20 POPTABS AND 2 RESPECT | PLAYER TOTAL MONEY: 467
[18:52:25:511210 +02:00] [Thread 7808] PLAYER: ( 76561198057220228 ) R Alpha 1-3:1 (Dae Hir) REMOTE SOLD ITEM DemoCharge_Remote_Mag FOR 350 POPTABS AND 35 RESPECT | PLAYER TOTAL MONEY: 817
[18:52:29:820266 +02:00] [Thread 944] PLAYER: ( 76561198057220228 ) R Alpha 1-3:1 (Dae Hir) REMOTE SOLD ITEM HandGrenade FOR 20 POPTABS AND 2 RESPECT | PLAYER TOTAL MONEY: 837
[18:52:31:777501 +02:00] [Thread 7808] PLAYER: ( 76561198057220228 ) R Alpha 1-3:1 (Dae Hir) REMOTE SOLD ITEM SmokeShellOrange FOR 3 POPTABS AND 0.3 RESPECT | PLAYER TOTAL MONEY: 840
[18:52:33:763457 +02:00] [Thread 7808] PLAYER: ( 76561198057220228 ) R Alpha 1-3:1 (Dae Hir) REMOTE SOLD ITEM SmokeShell FOR 3 POPTABS AND 0.3 RESPECT | PLAYER TOTAL MONEY: 843
[18:52:35:608331 +02:00] [Thread 944] PLAYER: ( 76561198057220228 ) R Alpha 1-3:1 (Dae Hir) REMOTE SOLD ITEM 1Rnd_HE_Grenade_shell FOR 35 POPTABS AND 3.5 RESPECT | PLAYER TOTAL MONEY: 878
[18:52:36:619387 +02:00] [Thread 7808] PLAYER: ( 76561198057220228 ) R Alpha 1-3:1 (Dae Hir) REMOTE SOLD ITEM 20Rnd_762x51_Mag FOR 10 POPTABS AND 1 RESPECT | PLAYER TOTAL MONEY: 888
[18:52:37:631373 +02:00] [Thread 6120] PLAYER: ( 76561198057220228 ) R Alpha 1-3:1 (Dae Hir) REMOTE SOLD ITEM 20Rnd_762x51_Mag FOR 10 POPTABS AND 1 RESPECT | PLAYER TOTAL MONEY: 898
[18:52:38:621406 +02:00] [Thread 944] PLAYER: ( 76561198057220228 ) R Alpha 1-3:1 (Dae Hir) REMOTE SOLD ITEM 20Rnd_762x51_Mag FOR 10 POPTABS AND 1 RESPECT | PLAYER TOTAL MONEY: 908
[18:52:39:521393 +02:00] [Thread 7808] PLAYER: ( 76561198057220228 ) R Alpha 1-3:1 (Dae Hir) REMOTE SOLD ITEM 20Rnd_762x51_Mag FOR 10 POPTABS AND 1 RESPECT | PLAYER TOTAL MONEY: 918
[18:52:40:444447 +02:00] [Thread 944] PLAYER: ( 76561198057220228 ) R Alpha 1-3:1 (Dae Hir) REMOTE SOLD ITEM 1Rnd_HE_Grenade_shell FOR 35 POPTABS AND 3.5 RESPECT | PLAYER TOTAL MONEY: 953
[18:52:41:434411 +02:00] [Thread 7808] PLAYER: ( 76561198057220228 ) R Alpha 1-3:1 (Dae Hir) REMOTE SOLD ITEM IEDUrbanSmall_Remote_Mag FOR 200 POPTABS AND 20 RESPECT | PLAYER TOTAL MONEY: 1153
[18:52:43:149553 +02:00] [Thread 944] PLAYER: ( 76561198057220228 ) R Alpha 1-3:1 (Dae Hir) REMOTE SOLD ITEM 130Rnd_338_Mag FOR 20 POPTABS AND 2 RESPECT | PLAYER TOTAL MONEY: 1173
[18:52:47:472515 +02:00] [Thread 6120] PLAYER: ( 76561198057220228 ) R Alpha 1-3:1 (Dae Hir) REMOTE SOLD ITEM optic_AMS_khk FOR 150 POPTABS AND 15 RESPECT | PLAYER TOTAL MONEY: 1323
[18:52:48:747622 +02:00] [Thread 944] PLAYER: ( 76561198057220228 ) R Alpha 1-3:1 (Dae Hir) REMOTE SOLD ITEM V_PlateCarrierSpec_tna_F FOR 50 POPTABS AND 5 RESPECT | PLAYER TOTAL MONEY: 1373
[18:52:56:965993 +02:00] [Thread 6120] PLAYER: ( 76561198057220228 ) R Alpha 1-3:1 (Dae Hir) REMOTE SOLD ITEM 1Rnd_HE_Grenade_shell FOR 35 POPTABS AND 3.5 RESPECT | PLAYER TOTAL MONEY: 1408
[18:52:59:382044 +02:00] [Thread 7808] PLAYER: ( 76561198057220228 ) R Alpha 1-3:1 (Dae Hir) REMOTE SOLD ITEM muzzle_snds_B FOR 10 POPTABS AND 1 RESPECT | PLAYER TOTAL MONEY: 1418
[18:53:01:951061 +02:00] [Thread 944] PLAYER: ( 76561198057220228 ) R Alpha 1-3:1 (Dae Hir) REMOTE SOLD ITEM optic_Holosight_blk_F FOR 25 POPTABS AND 2.5 RESPECT | PLAYER TOTAL MONEY: 1443
[18:53:09:997857 +02:00] [Thread 6120] PLAYER: ( 76561198057220228 ) R Alpha 1-3:1 (Dae Hir) REMOTE PURCHASED ITEM Exile_Item_Noodles FOR 14 POPTABS | PLAYER TOTAL MONEY: 1429
[18:53:11:096987 +02:00] [Thread 944] PLAYER: ( 76561198057220228 ) R Alpha 1-3:1 (Dae Hir) REMOTE PURCHASED ITEM Exile_Item_Noodles FOR 14 POPTABS | PLAYER TOTAL MONEY: 1415
[18:53:12:130919 +02:00] [Thread 6120] PLAYER: ( 76561198057220228 ) R Alpha 1-3:1 (Dae Hir) REMOTE PURCHASED ITEM Exile_Item_Noodles FOR 14 POPTABS | PLAYER TOTAL MONEY: 1401
[18:53:13:341996 +02:00] [Thread 944] PLAYER: ( 76561198057220228 ) R Alpha 1-3:1 (Dae Hir) REMOTE PURCHASED ITEM Exile_Item_Noodles FOR 14 POPTABS | PLAYER TOTAL MONEY: 1387
[18:55:00:620448 +02:00] [Thread 6120] PLAYER: ( 76561198057220228 ) R Alpha 1-3:1 (Dae Hir) REMOTE PURCHASED ITEM optic_ERCO_blk_F FOR 125 POPTABS | PLAYER TOTAL MONEY: 1262
[18:55:06:280198 +02:00] [Thread 7808] PLAYER: ( 76561198057220228 ) R Alpha 1-3:1 (Dae Hir) REMOTE SOLD ITEM G_Sport_Blackred FOR 3 POPTABS AND 0.3 RESPECT | PLAYER TOTAL MONEY: 1265
[18:56:37:160915 +02:00] [Thread 6120] PLAYER: ( 76561198057220228 ) R Alpha 1-3:1 (Dae Hir) REMOTE PURCHASED ITEM Exile_Item_ExtensionCord FOR 40 POPTABS | PLAYER TOTAL MONEY: 1225
[18:56:38:172819 +02:00] [Thread 944] PLAYER: ( 76561198057220228 ) R Alpha 1-3:1 (Dae Hir) REMOTE PURCHASED ITEM Exile_Item_ExtensionCord FOR 40 POPTABS | PLAYER TOTAL MONEY: 1185
[18:56:39:162946 +02:00] [Thread 6120] PLAYER: ( 76561198057220228 ) R Alpha 1-3:1 (Dae Hir) REMOTE PURCHASED ITEM Exile_Item_ExtensionCord FOR 40 POPTABS | PLAYER TOTAL MONEY: 1145
[18:56:40:173942 +02:00] [Thread 944] PLAYER: ( 76561198057220228 ) R Alpha 1-3:1 (Dae Hir) REMOTE PURCHASED ITEM Exile_Item_ExtensionCord FOR 40 POPTABS | PLAYER TOTAL MONEY: 1105
[18:56:41:162977 +02:00] [Thread 6120] PLAYER: ( 76561198057220228 ) R Alpha 1-3:1 (Dae Hir) REMOTE PURCHASED ITEM Exile_Item_ExtensionCord FOR 40 POPTABS | PLAYER TOTAL MONEY: 1065
[18:56:42:153059 +02:00] [Thread 944] PLAYER: ( 76561198057220228 ) R Alpha 1-3:1 (Dae Hir) REMOTE PURCHASED ITEM Exile_Item_ExtensionCord FOR 40 POPTABS | PLAYER TOTAL MONEY: 1025
[18:56:43:141010 +02:00] [Thread 6120] PLAYER: ( 76561198057220228 ) R Alpha 1-3:1 (Dae Hir) REMOTE PURCHASED ITEM Exile_Item_ExtensionCord FOR 40 POPTABS | PLAYER TOTAL MONEY: 985
[18:56:44:115069 +02:00] [Thread 944] PLAYER: ( 76561198057220228 ) R Alpha 1-3:1 (Dae Hir) REMOTE PURCHASED ITEM Exile_Item_ExtensionCord FOR 40 POPTABS | PLAYER TOTAL MONEY: 945
[18:59:48:164943 +02:00] [Thread 7808] PLAYER: ( 76561198057220228 ) R Alpha 1-3:1 (Dae Hir) REMOTE SOLD ITEM Exile_Item_ExtensionCord FOR 20 POPTABS AND 2 RESPECT | PLAYER TOTAL MONEY: 965
[18:59:49:417628 +02:00] [Thread 6120] PLAYER: ( 76561198057220228 ) R Alpha 1-3:1 (Dae Hir) REMOTE SOLD ITEM Exile_Item_ExtensionCord FOR 20 POPTABS AND 2 RESPECT | PLAYER TOTAL MONEY: 985
[18:59:50:517738 +02:00] [Thread 944] PLAYER: ( 76561198057220228 ) R Alpha 1-3:1 (Dae Hir) REMOTE SOLD ITEM Exile_Item_ExtensionCord FOR 20 POPTABS AND 2 RESPECT | PLAYER TOTAL MONEY: 1005
[18:59:51:793634 +02:00] [Thread 6120] PLAYER: ( 76561198057220228 ) R Alpha 1-3:1 (Dae Hir) REMOTE SOLD ITEM Exile_Item_ExtensionCord FOR 20 POPTABS AND 2 RESPECT | PLAYER TOTAL MONEY: 1025
[18:59:53:110751 +02:00] [Thread 7808] PLAYER: ( 76561198057220228 ) R Alpha 1-3:1 (Dae Hir) REMOTE SOLD ITEM Exile_Item_ExtensionCord FOR 20 POPTABS AND 2 RESPECT | PLAYER TOTAL MONEY: 1045
[19:00:30:219350 +02:00] [Thread 6120] PLAYER: ( 76561198057220228 ) R Alpha 1-3:1 (Dae Hir) REMOTE PURCHASED ITEM Exile_Item_Moobar FOR 8 POPTABS | PLAYER TOTAL MONEY: 1037
[20:35:26:114281 +02:00] [Thread 944] PLAYER: ( 76561198012755151 ) R Alpha 1-3:1 (shk) REMOTE SOLD ITEM srifle_GM6_F FOR 475 POPTABS AND 47.5 RESPECT | PLAYER TOTAL MONEY: 5437
[20:35:37:180989 +02:00] [Thread 6120] PLAYER: ( 76561198012755151 ) R Alpha 1-3:1 (shk) REMOTE SOLD ITEM arifle_MX_SW_Black_F FOR 125 POPTABS AND 12.5 RESPECT | PLAYER TOTAL MONEY: 5562
[20:35:38:368176 +02:00] [Thread 944] PLAYER: ( 76561198012755151 ) R Alpha 1-3:1 (shk) REMOTE SOLD ITEM arifle_MX_F FOR 225 POPTABS AND 22.5 RESPECT | PLAYER TOTAL MONEY: 5787
[20:35:39:424019 +02:00] [Thread 7808] PLAYER: ( 76561198012755151 ) R Alpha 1-3:1 (shk) REMOTE SOLD ITEM U_B_T_FullGhillie_tna_F FOR 75 POPTABS AND 7.5 RESPECT | PLAYER TOTAL MONEY: 5862
[20:35:40:546008 +02:00] [Thread 6120] PLAYER: ( 76561198012755151 ) R Alpha 1-3:1 (shk) REMOTE SOLD ITEM V_PlateCarrierGL_mtp FOR 250 POPTABS AND 25 RESPECT | PLAYER TOTAL MONEY: 6112
[20:35:45:750486 +02:00] [Thread 944] PLAYER: ( 76561198012755151 ) R Alpha 1-3:1 (shk) REMOTE SOLD ITEM optic_AMS_khk FOR 150 POPTABS AND 15 RESPECT | PLAYER TOTAL MONEY: 6262
[20:35:47:749216 +02:00] [Thread 6120] PLAYER: ( 76561198012755151 ) R Alpha 1-3:1 (shk) REMOTE SOLD ITEM 5Rnd_127x108_APDS_Mag FOR 25 POPTABS AND 2.5 RESPECT | PLAYER TOTAL MONEY: 6287
[20:35:52:450976 +02:00] [Thread 944] PLAYER: ( 76561198012755151 ) R Alpha 1-3:1 (shk) REMOTE SOLD ITEM 5Rnd_127x108_APDS_Mag FOR 25 POPTABS AND 2.5 RESPECT | PLAYER TOTAL MONEY: 6312
[20:36:26:623970 +02:00] [Thread 7808] PLAYER: ( 76561198012755151 ) R Alpha 1-3:1 (shk) REMOTE PURCHASED ITEM Exile_Item_CanOpener FOR 80 POPTABS | PLAYER TOTAL MONEY: 6232
[20:38:01:798769 +02:00] [Thread 7808] PLAYER: ( 76561198012755151 ) R Alpha 1-3:1 (shk) REMOTE PURCHASED ITEM Exile_Item_EnergyDrink FOR 40 POPTABS | PLAYER TOTAL MONEY: 6192
[20:38:05:579686 +02:00] [Thread 944] PLAYER: ( 76561198012755151 ) R Alpha 1-3:1 (shk) REMOTE PURCHASED ITEM Exile_Item_EnergyDrink FOR 40 POPTABS | PLAYER TOTAL MONEY: 6152
[20:38:07:576939 +02:00] [Thread 7808] PLAYER: ( 76561198012755151 ) R Alpha 1-3:1 (shk) REMOTE PURCHASED ITEM Exile_Item_Noodles FOR 14 POPTABS | PLAYER TOTAL MONEY: 6138
[20:38:09:136761 +02:00] [Thread 944] PLAYER: ( 76561198012755151 ) R Alpha 1-3:1 (shk) REMOTE PURCHASED ITEM Exile_Item_Noodles FOR 14 POPTABS | PLAYER TOTAL MONEY: 6124
[20:38:09:882836 +02:00] [Thread 7808] PLAYER: ( 76561198012755151 ) R Alpha 1-3:1 (shk) REMOTE PURCHASED ITEM Exile_Item_Noodles FOR 14 POPTABS | PLAYER TOTAL MONEY: 6110
[20:46:58:307797 +02:00] [Thread 6120] PLAYER: ( 76561198191441767 ) R Dark-V:3 (marvi) REMOTE SOLD ITEM: Exile_Car_Volha_White (ID# <null>) with Cargo [] FOR 3000 POPTABS AND 300 RESPECT | PLAYER TOTAL MONEY: 3000
[20:54:28:053527 +02:00] [Thread 6120] PLAYER: ( 76561198141018060 ) R Dark-V:2 (Robert Schmidt) REMOTE SOLD ITEM: Exile_Car_Lada_Green (ID# 3) with Cargo [] FOR 3000 POPTABS AND 300 RESPECT | PLAYER TOTAL MONEY: 3000
[21:09:25:641347 +02:00] [Thread 944] PLAYER: ( 76561198191441767 ) R Dark-V:3 (marvi) REMOTE SOLD ITEM: Exile_Chopper_Huey_Green (ID# 5) with Cargo [] FOR 10500 POPTABS AND 1050 RESPECT | PLAYER TOTAL MONEY: 13500
[21:23:26:379421 +02:00] [Thread 4636] PLAYER: ( 76561198207815415 ) R Dark-V:1 (Paulinchen) REMOTE SOLD ITEM: Exile_Bike_QuadBike_White (ID# <null>) with Cargo [] FOR 1250 POPTABS AND 125 RESPECT | PLAYER TOTAL MONEY: 1250
[21:23:26:516645 +02:00] [Thread 4636] PLAYER: ( 76561198137347034 ) R Dark-V:4 (IDCA) REMOTE SOLD ITEM: Exile_Car_Offroad_Armed_Guerilla01 (ID# <null>) with Cargo [] FOR 12500 POPTABS AND 1250 RESPECT | PLAYER TOTAL MONEY: 15558
[21:23:51:595595 +02:00] [Thread 4636] PLAYER: ( 76561198191441767 ) R Dark-V:3 (marvi) REMOTE PURCHASED VEHICLE Exile_Chopper_Huron_Black FOR 50000 POPTABS | PLAYER TOTAL MONEY: 3500
[21:24:11:294157 +02:00] [Thread 4636] PLAYER: ( 76561198141018060 ) R Dark-V:2 (Robert Schmidt) REMOTE SOLD ITEM: Exile_Car_UAZ_Green (ID# <null>) with Cargo [] FOR 3500 POPTABS AND 350 RESPECT | PLAYER TOTAL MONEY: 3500
[21:25:27:769561 +02:00] [Thread 7808] PLAYER: ( 76561198191441767 ) R Dark-V:3 (marvi) REMOTE PURCHASED ITEM 10Rnd_338_Mag FOR 30 POPTABS | PLAYER TOTAL MONEY: 3470
[21:25:28:297502 +02:00] [Thread 16920] PLAYER: ( 76561198191441767 ) R Dark-V:3 (marvi) REMOTE PURCHASED ITEM 10Rnd_338_Mag FOR 30 POPTABS | PLAYER TOTAL MONEY: 3440
[21:25:28:715475 +02:00] [Thread 7808] PLAYER: ( 76561198191441767 ) R Dark-V:3 (marvi) REMOTE PURCHASED ITEM 10Rnd_338_Mag FOR 30 POPTABS | PLAYER TOTAL MONEY: 3410
[21:25:29:132735 +02:00] [Thread 16920] PLAYER: ( 76561198191441767 ) R Dark-V:3 (marvi) REMOTE PURCHASED ITEM 10Rnd_338_Mag FOR 30 POPTABS | PLAYER TOTAL MONEY: 3380
[21:25:29:505545 +02:00] [Thread 7808] PLAYER: ( 76561198191441767 ) R Dark-V:3 (marvi) REMOTE PURCHASED ITEM 10Rnd_338_Mag FOR 30 POPTABS | PLAYER TOTAL MONEY: 3350
[21:25:31:265800 +02:00] [Thread 4636] PLAYER: ( 76561198137347034 ) R Dark-V:4 (IDCA) REMOTE SOLD ITEM: Exile_Car_Ural_Covered_Yellow (ID# <null>) with Cargo [] FOR 14000 POPTABS AND 1400 RESPECT | PLAYER TOTAL MONEY: 29558
[21:47:25:128384 +02:00] [Thread 4636] PLAYER: ( 76561198207815415 ) R Dark-V:1 (Paulinchen) REMOTE SOLD ITEM: Exile_Car_Lada_Green (ID# <null>) with Cargo [] FOR 3000 POPTABS AND 300 RESPECT | PLAYER TOTAL MONEY: 3000
[21:49:29:994798 +02:00] [Thread 16920] PLAYER: ( 76561198207815415 ) R Dark-V:1 (Paulinchen) REMOTE SOLD ITEM: Exile_Bike_QuadBike_Black (ID# <null>) with Cargo [] FOR 1250 POPTABS AND 125 RESPECT | PLAYER TOTAL MONEY: 4250
[21:52:03:985639 +02:00] [Thread 16920] PLAYER: ( 76561198207815415 ) R Dark-V:1 (Paulinchen) REMOTE SOLD ITEM: Exile_Car_Tractor_Red (ID# <null>) with Cargo [] FOR 1000 POPTABS AND 100 RESPECT | PLAYER TOTAL MONEY: 5250
[21:52:08:957551 +02:00] [Thread 16920] PLAYER: ( 76561198191441767 ) R Dark-V:3 (marvi) REMOTE SOLD ITEM: Exile_Car_LandRover_Ambulance_Desert (ID# <null>) with Cargo [] FOR 6000 POPTABS AND 600 RESPECT | PLAYER TOTAL MONEY: 19350
[22:11:36:612608 +02:00] [Thread 16920] PLAYER: ( 76561198001663065 ) R Sir Cardboard:1 (Sir Cardboard) REMOTE SOLD ITEM: Exile_Car_Tractor_Red (ID# <null>) with Cargo [] FOR 1000 POPTABS AND 100 RESPECT | PLAYER TOTAL MONEY: 1000
[22:12:15:057829 +02:00] [Thread 944] PLAYER: ( 76561198207815415 ) R Dark-V:1 (Paulinchen) REMOTE PURCHASED ITEM Exile_Item_Noodles FOR 14 POPTABS | PLAYER TOTAL MONEY: 86
[22:12:17:678847 +02:00] [Thread 7808] PLAYER: ( 76561198207815415 ) R Dark-V:1 (Paulinchen) REMOTE PURCHASED ITEM Exile_Item_Noodles FOR 14 POPTABS | PLAYER TOTAL MONEY: 72
[22:12:28:706038 +02:00] [Thread 944] PLAYER: ( 76561198207815415 ) R Dark-V:1 (Paulinchen) REMOTE PURCHASED ITEM Exile_Item_Noodles FOR 14 POPTABS | PLAYER TOTAL MONEY: 58
[22:14:54:332281 +02:00] [Thread 16920] PLAYER: ( 76561198001663065 ) R Sir Cardboard:1 (Sir Cardboard) REMOTE SOLD ITEM: Exile_Bike_QuadBike_White (ID# <null>) with Cargo [] FOR 1250 POPTABS AND 125 RESPECT | PLAYER TOTAL MONEY: 2250
[22:15:33:159936 +02:00] [Thread 16920] PLAYER: ( 76561198069520838 ) R Sir Cardboard:2 (Michi) REMOTE SOLD ITEM: Exile_Bike_QuadBike_Blue (ID# <null>) with Cargo [] FOR 1250 POPTABS AND 125 RESPECT | PLAYER TOTAL MONEY: 1250
[22:29:10:144065 +02:00] [Thread 16440] PLAYER: ( 76561198001663065 ) R Alpha 1-2:1 (Sir Cardboard) REMOTE SOLD ITEM: Exile_Car_LandRover_Ambulance_Desert (ID# <null>) with Cargo [] FOR 6000 POPTABS AND 600 RESPECT | PLAYER TOTAL MONEY: 8250
[22:31:29:265313 +02:00] [Thread 14160] PLAYER: ( 76561198001663065 ) R Alpha 1-2:1 (Sir Cardboard) REMOTE PURCHASED ITEM Exile_Item_MountainDupe FOR 30 POPTABS | PLAYER TOTAL MONEY: 8220
[22:31:31:087333 +02:00] [Thread 15712] PLAYER: ( 76561198001663065 ) R Alpha 1-2:1 (Sir Cardboard) REMOTE PURCHASED ITEM Exile_Item_MountainDupe FOR 30 POPTABS | PLAYER TOTAL MONEY: 8190
[22:31:34:809449 +02:00] [Thread 14160] PLAYER: ( 76561198001663065 ) R Alpha 1-2:1 (Sir Cardboard) REMOTE PURCHASED ITEM Exile_Item_Noodles FOR 14 POPTABS | PLAYER TOTAL MONEY: 8176
[22:31:35:729352 +02:00] [Thread 15712] PLAYER: ( 76561198001663065 ) R Alpha 1-2:1 (Sir Cardboard) REMOTE PURCHASED ITEM Exile_Item_Noodles FOR 14 POPTABS | PLAYER TOTAL MONEY: 8162
[22:32:05:775208 +02:00] [Thread 16440] PLAYER: ( 76561198001663065 ) R Alpha 1-2:1 (Sir Cardboard) REMOTE SOLD ITEM Exile_Magazine_8Rnd_74Pellets FOR 10 POPTABS AND 1 RESPECT | PLAYER TOTAL MONEY: 8172
[22:32:06:677092 +02:00] [Thread 15712] PLAYER: ( 76561198001663065 ) R Alpha 1-2:1 (Sir Cardboard) REMOTE SOLD ITEM Exile_Magazine_8Rnd_74Pellets FOR 10 POPTABS AND 1 RESPECT | PLAYER TOTAL MONEY: 8182
[22:32:10:459178 +02:00] [Thread 16440] PLAYER: ( 76561198001663065 ) R Alpha 1-2:1 (Sir Cardboard) REMOTE SOLD ITEM APERSTripMine_Wire_Mag FOR 150 POPTABS AND 15 RESPECT | PLAYER TOTAL MONEY: 8332
[22:32:13:164490 +02:00] [Thread 14160] PLAYER: ( 76561198001663065 ) R Alpha 1-2:1 (Sir Cardboard) REMOTE SOLD ITEM 10Rnd_338_Mag FOR 15 POPTABS AND 1.5 RESPECT | PLAYER TOTAL MONEY: 8347
[22:32:15:715360 +02:00] [Thread 15712] PLAYER: ( 76561198001663065 ) R Alpha 1-2:1 (Sir Cardboard) REMOTE SOLD ITEM Exile_Weapon_M1014 FOR 100 POPTABS AND 10 RESPECT | PLAYER TOTAL MONEY: 8447
[22:32:18:262584 +02:00] [Thread 16440] PLAYER: ( 76561198001663065 ) R Alpha 1-2:1 (Sir Cardboard) REMOTE SOLD ITEM muzzle_snds_acp FOR 5 POPTABS AND 0.5 RESPECT | PLAYER TOTAL MONEY: 8452
[22:33:15:984296 +02:00] [Thread 15712] PLAYER: ( 76561198069520838 ) R Alpha 1-4:1 (Michi) REMOTE PURCHASED ITEM Exile_Item_Raisins FOR 10 POPTABS | PLAYER TOTAL MONEY: 1240
[22:33:17:040364 +02:00] [Thread 14160] PLAYER: ( 76561198069520838 ) R Alpha 1-4:1 (Michi) REMOTE PURCHASED ITEM Exile_Item_Raisins FOR 10 POPTABS | PLAYER TOTAL MONEY: 1230
[22:33:18:312394 +02:00] [Thread 15712] PLAYER: ( 76561198069520838 ) R Alpha 1-4:1 (Michi) REMOTE PURCHASED ITEM Exile_Item_Raisins FOR 10 POPTABS | PLAYER TOTAL MONEY: 1220
[22:33:19:434375 +02:00] [Thread 14160] PLAYER: ( 76561198069520838 ) R Alpha 1-4:1 (Michi) REMOTE PURCHASED ITEM Exile_Item_MountainDupe FOR 30 POPTABS | PLAYER TOTAL MONEY: 1190
[22:33:19:786472 +02:00] [Thread 15712] PLAYER: ( 76561198069520838 ) R Alpha 1-4:1 (Michi) REMOTE PURCHASED ITEM Exile_Item_MountainDupe FOR 30 POPTABS | PLAYER TOTAL MONEY: 1160
[22:36:46:142931 +02:00] [Thread 16440] PLAYER: ( 76561198069520838 ) R Alpha 1-4:1 (Michi) REMOTE SOLD ITEM: Exile_Car_LandRover_Ambulance_Desert (ID# <null>) with Cargo [] FOR 6000 POPTABS AND 600 RESPECT | PLAYER TOTAL MONEY: 7160
[22:39:12:710498 +02:00] [Thread 16440] PLAYER: ( 76561198001663065 ) R Circlejerks:1 (Sir Cardboard) REMOTE SOLD ITEM: Exile_Bike_QuadBike_Guerilla02 (ID# <null>) with Cargo [] FOR 1250 POPTABS AND 125 RESPECT | PLAYER TOTAL MONEY: 9702
[22:41:14:440994 +02:00] [Thread 16440] PLAYER: ( 76561198001663065 ) R Circlejerks:1 (Sir Cardboard) REMOTE SOLD ITEM: Exile_Bike_QuadBike_Guerilla01 (ID# <null>) with Cargo [] FOR 1250 POPTABS AND 125 RESPECT | PLAYER TOTAL MONEY: 10952
[22:44:08:421301 +02:00] [Thread 4324] PLAYER: ( 76561198001663065 ) R Circlejerks:1 (Sir Cardboard) REMOTE SOLD ITEM: Exile_Car_Hatchback_BlueCustom (ID# 2) with Cargo [] FOR 6000 POPTABS AND 600 RESPECT | PLAYER TOTAL MONEY: 16952
[22:47:07:116916 +02:00] [Thread 14160] PLAYER: ( 76561198191441767 ) R Dark-V:2 (marvi) REMOTE PURCHASED VEHICLE Exile_Car_Octavius_White FOR 6000 POPTABS | PLAYER TOTAL MONEY: 0
[22:52:41:578914 +02:00] [Thread 15712] PLAYER: ( 76561198191441767 ) R Dark-V:2 (marvi) REMOTE PURCHASED ITEM 10Rnd_338_Mag FOR 30 POPTABS | PLAYER TOTAL MONEY: 9970
[22:52:41:951848 +02:00] [Thread 16440] PLAYER: ( 76561198191441767 ) R Dark-V:2 (marvi) REMOTE PURCHASED ITEM 10Rnd_338_Mag FOR 30 POPTABS | PLAYER TOTAL MONEY: 9940
[22:52:42:303866 +02:00] [Thread 15712] PLAYER: ( 76561198191441767 ) R Dark-V:2 (marvi) REMOTE PURCHASED ITEM 10Rnd_338_Mag FOR 30 POPTABS | PLAYER TOTAL MONEY: 9910
[22:52:42:656354 +02:00] [Thread 16440] PLAYER: ( 76561198191441767 ) R Dark-V:2 (marvi) REMOTE PURCHASED ITEM 10Rnd_338_Mag FOR 30 POPTABS | PLAYER TOTAL MONEY: 9880
[22:52:42:985043 +02:00] [Thread 15712] PLAYER: ( 76561198191441767 ) R Dark-V:2 (marvi) REMOTE PURCHASED ITEM 10Rnd_338_Mag FOR 30 POPTABS | PLAYER TOTAL MONEY: 9850
[22:52:43:358872 +02:00] [Thread 16440] PLAYER: ( 76561198191441767 ) R Dark-V:2 (marvi) REMOTE PURCHASED ITEM 10Rnd_338_Mag FOR 30 POPTABS | PLAYER TOTAL MONEY: 9820
[22:52:43:709860 +02:00] [Thread 15712] PLAYER: ( 76561198191441767 ) R Dark-V:2 (marvi) REMOTE PURCHASED ITEM 10Rnd_338_Mag FOR 30 POPTABS | PLAYER TOTAL MONEY: 9790
[22:52:44:086861 +02:00] [Thread 16440] PLAYER: ( 76561198191441767 ) R Dark-V:2 (marvi) REMOTE PURCHASED ITEM 10Rnd_338_Mag FOR 30 POPTABS | PLAYER TOTAL MONEY: 9760
[22:52:44:462856 +02:00] [Thread 16440] PLAYER: ( 76561198191441767 ) R Dark-V:2 (marvi) REMOTE PURCHASED ITEM 10Rnd_338_Mag FOR 30 POPTABS | PLAYER TOTAL MONEY: 9730
[22:52:44:839873 +02:00] [Thread 15712] PLAYER: ( 76561198191441767 ) R Dark-V:2 (marvi) REMOTE PURCHASED ITEM 10Rnd_338_Mag FOR 30 POPTABS | PLAYER TOTAL MONEY: 9700
[22:52:45:189878 +02:00] [Thread 16440] PLAYER: ( 76561198191441767 ) R Dark-V:2 (marvi) REMOTE PURCHASED ITEM 10Rnd_338_Mag FOR 30 POPTABS | PLAYER TOTAL MONEY: 9670
[22:52:45:564083 +02:00] [Thread 15712] PLAYER: ( 76561198191441767 ) R Dark-V:2 (marvi) REMOTE PURCHASED ITEM 10Rnd_338_Mag FOR 30 POPTABS | PLAYER TOTAL MONEY: 9640
[22:52:45:938061 +02:00] [Thread 16440] PLAYER: ( 76561198191441767 ) R Dark-V:2 (marvi) REMOTE PURCHASED ITEM 10Rnd_338_Mag FOR 30 POPTABS | PLAYER TOTAL MONEY: 9610
[22:52:46:311953 +02:00] [Thread 15712] PLAYER: ( 76561198191441767 ) R Dark-V:2 (marvi) REMOTE PURCHASED ITEM 10Rnd_338_Mag FOR 30 POPTABS | PLAYER TOTAL MONEY: 9580
[22:52:46:663827 +02:00] [Thread 16440] PLAYER: ( 76561198191441767 ) R Dark-V:2 (marvi) REMOTE PURCHASED ITEM 10Rnd_338_Mag FOR 30 POPTABS | PLAYER TOTAL MONEY: 9550
[22:52:47:014015 +02:00] [Thread 15712] PLAYER: ( 76561198191441767 ) R Dark-V:2 (marvi) REMOTE PURCHASED ITEM 10Rnd_338_Mag FOR 30 POPTABS | PLAYER TOTAL MONEY: 9520
[22:52:47:386923 +02:00] [Thread 16440] PLAYER: ( 76561198191441767 ) R Dark-V:2 (marvi) REMOTE PURCHASED ITEM 10Rnd_338_Mag FOR 30 POPTABS | PLAYER TOTAL MONEY: 9490
[22:52:47:738938 +02:00] [Thread 15712] PLAYER: ( 76561198191441767 ) R Dark-V:2 (marvi) REMOTE PURCHASED ITEM 10Rnd_338_Mag FOR 30 POPTABS | PLAYER TOTAL MONEY: 9460
[22:52:48:112865 +02:00] [Thread 16440] PLAYER: ( 76561198191441767 ) R Dark-V:2 (marvi) REMOTE PURCHASED ITEM 10Rnd_338_Mag FOR 30 POPTABS | PLAYER TOTAL MONEY: 9430
[22:52:48:507877 +02:00] [Thread 15712] PLAYER: ( 76561198191441767 ) R Dark-V:2 (marvi) REMOTE PURCHASED ITEM 10Rnd_338_Mag FOR 30 POPTABS | PLAYER TOTAL MONEY: 9400
[22:52:48:881859 +02:00] [Thread 16440] PLAYER: ( 76561198191441767 ) R Dark-V:2 (marvi) REMOTE PURCHASED ITEM 10Rnd_338_Mag FOR 30 POPTABS | PLAYER TOTAL MONEY: 9370
[22:52:49:232149 +02:00] [Thread 15712] PLAYER: ( 76561198191441767 ) R Dark-V:2 (marvi) REMOTE PURCHASED ITEM 10Rnd_338_Mag FOR 30 POPTABS | PLAYER TOTAL MONEY: 9340
[22:52:49:629035 +02:00] [Thread 16440] PLAYER: ( 76561198191441767 ) R Dark-V:2 (marvi) REMOTE PURCHASED ITEM 10Rnd_338_Mag FOR 30 POPTABS | PLAYER TOTAL MONEY: 9310
[22:52:49:979971 +02:00] [Thread 15712] PLAYER: ( 76561198191441767 ) R Dark-V:2 (marvi) REMOTE PURCHASED ITEM 10Rnd_338_Mag FOR 30 POPTABS | PLAYER TOTAL MONEY: 9280
[22:52:50:353032 +02:00] [Thread 16440] PLAYER: ( 76561198191441767 ) R Dark-V:2 (marvi) REMOTE PURCHASED ITEM 10Rnd_338_Mag FOR 30 POPTABS | PLAYER TOTAL MONEY: 9250
[22:52:50:711029 +02:00] [Thread 15712] PLAYER: ( 76561198191441767 ) R Dark-V:2 (marvi) REMOTE PURCHASED ITEM 10Rnd_338_Mag FOR 30 POPTABS | PLAYER TOTAL MONEY: 9220
[22:52:51:106941 +02:00] [Thread 16440] PLAYER: ( 76561198191441767 ) R Dark-V:2 (marvi) REMOTE PURCHASED ITEM 10Rnd_338_Mag FOR 30 POPTABS | PLAYER TOTAL MONEY: 9190
[22:52:51:503078 +02:00] [Thread 15712] PLAYER: ( 76561198191441767 ) R Dark-V:2 (marvi) REMOTE PURCHASED ITEM 10Rnd_338_Mag FOR 30 POPTABS | PLAYER TOTAL MONEY: 9160
[22:52:51:876042 +02:00] [Thread 16440] PLAYER: ( 76561198191441767 ) R Dark-V:2 (marvi) REMOTE PURCHASED ITEM 10Rnd_338_Mag FOR 30 POPTABS | PLAYER TOTAL MONEY: 9130
[22:54:27:633891 +02:00] [Thread 16440] PLAYER: ( 76561198191441767 ) R Dark-V:2 (marvi) REMOTE PURCHASED ITEM 5Rnd_127x108_Mag FOR 40 POPTABS | PLAYER TOTAL MONEY: 9090
[22:54:28:007938 +02:00] [Thread 16440] PLAYER: ( 76561198191441767 ) R Dark-V:2 (marvi) REMOTE PURCHASED ITEM 5Rnd_127x108_Mag FOR 40 POPTABS | PLAYER TOTAL MONEY: 9050
[22:54:28:313828 +02:00] [Thread 15712] PLAYER: ( 76561198191441767 ) R Dark-V:2 (marvi) REMOTE PURCHASED ITEM 5Rnd_127x108_Mag FOR 40 POPTABS | PLAYER TOTAL MONEY: 9010
[22:54:28:665850 +02:00] [Thread 16440] PLAYER: ( 76561198191441767 ) R Dark-V:2 (marvi) REMOTE PURCHASED ITEM 5Rnd_127x108_Mag FOR 40 POPTABS | PLAYER TOTAL MONEY: 8970
[22:54:29:017894 +02:00] [Thread 15712] PLAYER: ( 76561198191441767 ) R Dark-V:2 (marvi) REMOTE PURCHASED ITEM 5Rnd_127x108_Mag FOR 40 POPTABS | PLAYER TOTAL MONEY: 8930
[22:54:29:346934 +02:00] [Thread 16440] PLAYER: ( 76561198191441767 ) R Dark-V:2 (marvi) REMOTE PURCHASED ITEM 5Rnd_127x108_Mag FOR 40 POPTABS | PLAYER TOTAL MONEY: 8890
[22:54:29:695867 +02:00] [Thread 15712] PLAYER: ( 76561198191441767 ) R Dark-V:2 (marvi) REMOTE PURCHASED ITEM 5Rnd_127x108_Mag FOR 40 POPTABS | PLAYER TOTAL MONEY: 8850
[22:54:30:044855 +02:00] [Thread 16440] PLAYER: ( 76561198191441767 ) R Dark-V:2 (marvi) REMOTE PURCHASED ITEM 5Rnd_127x108_Mag FOR 40 POPTABS | PLAYER TOTAL MONEY: 8810
[22:54:30:374026 +02:00] [Thread 15712] PLAYER: ( 76561198191441767 ) R Dark-V:2 (marvi) REMOTE PURCHASED ITEM 5Rnd_127x108_Mag FOR 40 POPTABS | PLAYER TOTAL MONEY: 8770
[22:54:30:748105 +02:00] [Thread 16440] PLAYER: ( 76561198191441767 ) R Dark-V:2 (marvi) REMOTE PURCHASED ITEM 5Rnd_127x108_Mag FOR 40 POPTABS | PLAYER TOTAL MONEY: 8730
[22:54:31:099018 +02:00] [Thread 15712] PLAYER: ( 76561198191441767 ) R Dark-V:2 (marvi) REMOTE PURCHASED ITEM 5Rnd_127x108_Mag FOR 40 POPTABS | PLAYER TOTAL MONEY: 8690
[22:54:31:426979 +02:00] [Thread 16440] PLAYER: ( 76561198191441767 ) R Dark-V:2 (marvi) REMOTE PURCHASED ITEM 5Rnd_127x108_Mag FOR 40 POPTABS | PLAYER TOTAL MONEY: 8650
[22:54:31:800016 +02:00] [Thread 15712] PLAYER: ( 76561198191441767 ) R Dark-V:2 (marvi) REMOTE PURCHASED ITEM 5Rnd_127x108_Mag FOR 40 POPTABS | PLAYER TOTAL MONEY: 8610
[22:54:32:149197 +02:00] [Thread 16440] PLAYER: ( 76561198191441767 ) R Dark-V:2 (marvi) REMOTE PURCHASED ITEM 5Rnd_127x108_Mag FOR 40 POPTABS | PLAYER TOTAL MONEY: 8570
[22:54:32:520904 +02:00] [Thread 15712] PLAYER: ( 76561198191441767 ) R Dark-V:2 (marvi) REMOTE PURCHASED ITEM 5Rnd_127x108_Mag FOR 40 POPTABS | PLAYER TOTAL MONEY: 8530
[22:54:32:893078 +02:00] [Thread 16440] PLAYER: ( 76561198191441767 ) R Dark-V:2 (marvi) REMOTE PURCHASED ITEM 5Rnd_127x108_Mag FOR 40 POPTABS | PLAYER TOTAL MONEY: 8490
[22:54:33:240049 +02:00] [Thread 15712] PLAYER: ( 76561198191441767 ) R Dark-V:2 (marvi) REMOTE PURCHASED ITEM 5Rnd_127x108_Mag FOR 40 POPTABS | PLAYER TOTAL MONEY: 8450
[22:54:33:591043 +02:00] [Thread 16440] PLAYER: ( 76561198191441767 ) R Dark-V:2 (marvi) REMOTE PURCHASED ITEM 5Rnd_127x108_Mag FOR 40 POPTABS | PLAYER TOTAL MONEY: 8410
[22:54:33:942084 +02:00] [Thread 15712] PLAYER: ( 76561198191441767 ) R Dark-V:2 (marvi) REMOTE PURCHASED ITEM 5Rnd_127x108_Mag FOR 40 POPTABS | PLAYER TOTAL MONEY: 8370
[22:54:34:339155 +02:00] [Thread 16440] PLAYER: ( 76561198191441767 ) R Dark-V:2 (marvi) REMOTE PURCHASED ITEM 5Rnd_127x108_Mag FOR 40 POPTABS | PLAYER TOTAL MONEY: 8330
[22:55:10:281851 +02:00] [Thread 16440] PLAYER: ( 76561198207815415 ) R Dark-V:1 (Paulinchen) REMOTE PURCHASED ITEM Exile_Item_Noodles FOR 14 POPTABS | PLAYER TOTAL MONEY: 86
[22:55:12:814886 +02:00] [Thread 15712] PLAYER: ( 76561198207815415 ) R Dark-V:1 (Paulinchen) REMOTE PURCHASED ITEM Exile_Item_Noodles FOR 14 POPTABS | PLAYER TOTAL MONEY: 72
[22:55:15:867925 +02:00] [Thread 16440] PLAYER: ( 76561198207815415 ) R Dark-V:1 (Paulinchen) REMOTE PURCHASED ITEM Exile_Item_Noodles FOR 14 POPTABS | PLAYER TOTAL MONEY: 58
[23:07:50:207698 +02:00] [Thread 15712] PLAYER: ( 76561198001663065 ) R Circlejerks:1 (Sir Cardboard) REMOTE SOLD ITEM: Exile_Car_Octavius_White (ID# <null>) with Cargo [] FOR 3000 POPTABS AND 300 RESPECT | PLAYER TOTAL MONEY: 19952
[23:08:31:536462 +02:00] [Thread 15712] PLAYER: ( 76561198001663065 ) R Circlejerks:1 (Sir Cardboard) REMOTE SOLD ITEM UGL_FlareRed_F FOR 4 POPTABS AND 0.4 RESPECT | PLAYER TOTAL MONEY: 19956
[23:08:44:218925 +02:00] [Thread 15712] PLAYER: ( 76561198001663065 ) R Circlejerks:1 (Sir Cardboard) REMOTE SOLD ITEM SMG_02_F FOR 82 POPTABS AND 8.2 RESPECT | PLAYER TOTAL MONEY: 20038
[23:08:49:978621 +02:00] [Thread 16440] PLAYER: ( 76561198001663065 ) R Circlejerks:1 (Sir Cardboard) REMOTE SOLD ITEM 30Rnd_9x21_Red_Mag FOR 20 POPTABS AND 2 RESPECT | PLAYER TOTAL MONEY: 20058
[23:08:50:832768 +02:00] [Thread 4324] PLAYER: ( 76561198001663065 ) R Circlejerks:1 (Sir Cardboard) REMOTE SOLD ITEM 30Rnd_9x21_Red_Mag FOR 20 POPTABS AND 2 RESPECT | PLAYER TOTAL MONEY: 20078
[23:08:56:016633 +02:00] [Thread 14160] PLAYER: ( 76561198001663065 ) R Circlejerks:1 (Sir Cardboard) REMOTE PURCHASED ITEM Exile_Item_Matches FOR 60 POPTABS | PLAYER TOTAL MONEY: 20018
[23:08:57:812063 +02:00] [Thread 4324] PLAYER: ( 76561198001663065 ) R Circlejerks:1 (Sir Cardboard) REMOTE PURCHASED ITEM Exile_Item_DuctTape FOR 300 POPTABS | PLAYER TOTAL MONEY: 19718
[23:09:20:668263 +02:00] [Thread 4324] PLAYER: ( 76561198001663065 ) R Circlejerks:1 (Sir Cardboard) REMOTE PURCHASED ITEM Exile_Item_CanOpener FOR 80 POPTABS | PLAYER TOTAL MONEY: 19638
[23:09:54:630688 +02:00] [Thread 4324] PLAYER: ( 76561198001663065 ) R Circlejerks:1 (Sir Cardboard) REMOTE PURCHASED ITEM Exile_Item_Noodles FOR 14 POPTABS | PLAYER TOTAL MONEY: 19624
[23:09:55:590946 +02:00] [Thread 14160] PLAYER: ( 76561198001663065 ) R Circlejerks:1 (Sir Cardboard) REMOTE PURCHASED ITEM Exile_Item_Noodles FOR 14 POPTABS | PLAYER TOTAL MONEY: 19610
[23:09:59:572833 +02:00] [Thread 4324] PLAYER: ( 76561198069520838 ) R Circlejerks:2 (Michi) REMOTE PURCHASED ITEM Exile_Item_DuctTape FOR 300 POPTABS | PLAYER TOTAL MONEY: 6860
[23:10:00:582773 +02:00] [Thread 14160] PLAYER: ( 76561198001663065 ) R Circlejerks:1 (Sir Cardboard) REMOTE PURCHASED ITEM Exile_Item_ChocolateMilk FOR 25 POPTABS | PLAYER TOTAL MONEY: 19585
[23:14:15:380595 +02:00] [Thread 4324] PLAYER: ( 76561198200373331 ) R Alpha 1-5:1 (Khen) REMOTE SOLD ITEM: Exile_Bike_QuadBike_Csat (ID# <null>) with Cargo ["20Rnd_762x51_Mag","20Rnd_762x51_Mag","arifle_SPAR_03_blk_F"] FOR 1570 POPTABS AND 157 RESPECT | PLAYER TOTAL MONEY: 1570
[23:14:47:279516 +02:00] [Thread 16440] PLAYER: ( 76561198200373331 ) R Alpha 1-5:1 (Khen) REMOTE PURCHASED ITEM Exile_Item_Noodles FOR 14 POPTABS | PLAYER TOTAL MONEY: 1556
[23:14:48:123396 +02:00] [Thread 16440] PLAYER: ( 76561198200373331 ) R Alpha 1-5:1 (Khen) REMOTE PURCHASED ITEM Exile_Item_Noodles FOR 14 POPTABS | PLAYER TOTAL MONEY: 1542
[23:14:50:075494 +02:00] [Thread 14160] PLAYER: ( 76561198200373331 ) R Alpha 1-5:1 (Khen) REMOTE PURCHASED ITEM Exile_Item_MountainDupe FOR 30 POPTABS | PLAYER TOTAL MONEY: 1512
[23:14:50:888482 +02:00] [Thread 16440] PLAYER: ( 76561198200373331 ) R Alpha 1-5:1 (Khen) REMOTE PURCHASED ITEM Exile_Item_MountainDupe FOR 30 POPTABS | PLAYER TOTAL MONEY: 1482
[23:14:52:075607 +02:00] [Thread 14160] PLAYER: ( 76561198200373331 ) R Alpha 1-5:1 (Khen) REMOTE PURCHASED ITEM Exile_Item_Noodles FOR 14 POPTABS | PLAYER TOTAL MONEY: 1468
[23:16:04:910037 +02:00] [Thread 16440] PLAYER: ( 76561198200373331 ) R Alpha 1-5:1 (Khen) REMOTE PURCHASED ITEM optic_ERCO_khk_F FOR 125 POPTABS | PLAYER TOTAL MONEY: 1343
[23:25:04:689360 +02:00] [Thread 15712] PLAYER: ( 76561198141018060 ) R Dark-V:3 (Robert Schmidt) REMOTE SOLD ITEM: Exile_Car_Ural_Open_Blue (ID# 15) with Cargo ["30Rnd_556x45_Stanag","30Rnd_556x45_Stanag","30Rnd_556x45_Stanag","30Rnd_556x45_Stanag","30Rnd_556x45_Stanag","30Rnd_556x45_Stanag","30Rnd_556x45_Stanag","Exile_Item_Surstromming_Cooked","Exile_Item_EnergyDrink","Exile_Item_InstaDoc","Exile_Item_BBQSandwich","Exile_Item_EnergyDrink","6Rnd_45ACP_Cylinder","Exile_Item_InstaDoc","30Rnd_556x45_Stanag","30Rnd_556x45_Stanag","30Rnd_556x45_Stanag","30Rnd_556x45_Stanag","30Rnd_556x45_Stanag","30Rnd_556x45_Stanag","Exile_Magazine_7Rnd_45ACP","Exile_Item_PowerDrink","Exile_Item_Bandage","Exile_Item_BBQSandwich","Exile_Item_EnergyDrink","Exile_Magazine_30Rnd_545x39_AK","Exile_Magazine_30Rnd_545x39_AK","Exile_Magazine_30Rnd_545x39_AK","Exile_Magazine_30Rnd_545x39_AK","Exile_Magazine_30Rnd_545x39_AK","Exile_Magazine_30Rnd_545x39_AK","Exile_Item_Bandage","Exile_Item_PowerDrink","Exile_Item_InstaDoc","Exile_Item_BBQSandwich","Exile_Item_EnergyDrink","6Rnd_45ACP_Cylinder","arifle_TRG21_F","30Rnd_556x45_Stanag","arifle_Mk20_plain_F","optic_Hamr","30Rnd_556x45_Stanag","arifle_TRG20_F","30Rnd_556x45_Stanag","Exile_Weapon_AK107","Exile_Magazine_30Rnd_545x39_AK","bipod_03_F_blk","V_PlateCarrierH_CTRG","U_BG_Guerilla3_1","V_PlateCarrierGL_mtp","V_PlateCarrierGL_mtp","U_BG_Guerilla2_3","U_O_PilotCoveralls"] FOR 16093 POPTABS AND 1609.3 RESPECT | PLAYER TOTAL MONEY: 17188
[23:27:53:717158 +02:00] [Thread 16440] PLAYER: ( 76561198001663065 ) R Circlejerks:1 (Sir Cardboard) REMOTE SOLD ITEM B_AssaultPack_blk FOR 45 POPTABS AND 4.5 RESPECT | PLAYER TOTAL MONEY: 45
[23:27:56:503976 +02:00] [Thread 14160] PLAYER: ( 76561198001663065 ) R Circlejerks:1 (Sir Cardboard) REMOTE SOLD ITEM Exile_Magazine_8Rnd_74Slug FOR 10 POPTABS AND 1 RESPECT | PLAYER TOTAL MONEY: 55
[23:27:57:361905 +02:00] [Thread 14160] PLAYER: ( 76561198001663065 ) R Circlejerks:1 (Sir Cardboard) REMOTE SOLD ITEM Exile_Magazine_8Rnd_74Slug FOR 10 POPTABS AND 1 RESPECT | PLAYER TOTAL MONEY: 65
[23:27:58:263172 +02:00] [Thread 4324] PLAYER: ( 76561198001663065 ) R Circlejerks:1 (Sir Cardboard) REMOTE SOLD ITEM Exile_Magazine_8Rnd_74Slug FOR 10 POPTABS AND 1 RESPECT | PLAYER TOTAL MONEY: 75
[23:27:58:988031 +02:00] [Thread 14160] PLAYER: ( 76561198001663065 ) R Circlejerks:1 (Sir Cardboard) REMOTE SOLD ITEM optic_MRD FOR 5 POPTABS AND 0.5 RESPECT | PLAYER TOTAL MONEY: 80
[23:28:37:354609 +02:00] [Thread 16440] PLAYER: ( 76561198001663065 ) R Circlejerks:1 (Sir Cardboard) REMOTE PURCHASED ITEM Exile_Item_DuctTape FOR 300 POPTABS | PLAYER TOTAL MONEY: 1780
[23:28:38:849715 +02:00] [Thread 4324] PLAYER: ( 76561198001663065 ) R Circlejerks:1 (Sir Cardboard) REMOTE PURCHASED ITEM Exile_Item_DuctTape FOR 300 POPTABS | PLAYER TOTAL MONEY: 1480
[23:28:40:321599 +02:00] [Thread 16440] PLAYER: ( 76561198001663065 ) R Circlejerks:1 (Sir Cardboard) REMOTE PURCHASED ITEM Exile_Item_DuctTape FOR 300 POPTABS | PLAYER TOTAL MONEY: 1180
[23:28:41:374647 +02:00] [Thread 4324] PLAYER: ( 76561198001663065 ) R Circlejerks:1 (Sir Cardboard) REMOTE PURCHASED ITEM Exile_Item_DuctTape FOR 300 POPTABS | PLAYER TOTAL MONEY: 880
[23:28:42:319660 +02:00] [Thread 16440] PLAYER: ( 76561198001663065 ) R Circlejerks:1 (Sir Cardboard) REMOTE PURCHASED ITEM Exile_Item_DuctTape FOR 300 POPTABS | PLAYER TOTAL MONEY: 580
[23:29:28:578004 +02:00] [Thread 14160] PLAYER: ( 76561198207815415 ) R Dark-V:1 (Paulinchen) REMOTE SOLD ITEM: Exile_Car_Zamak (ID# <null>) with Cargo [] FOR 21500 POPTABS AND 2150 RESPECT | PLAYER TOTAL MONEY: 21500
[23:32:01:018187 +02:00] [Thread 14160] PLAYER: ( 76561198001663065 ) R Circlejerks:1 (Sir Cardboard) REMOTE SOLD ITEM: Exile_Car_Volha_White (ID# <null>) with Cargo [] FOR 3000 POPTABS AND 300 RESPECT | PLAYER TOTAL MONEY: 3580
[23:41:06:219146 +02:00] [Thread 14160] PLAYER: ( 76561198207815415 ) R Dark-V:1 (Paulinchen) REMOTE SOLD ITEM: Exile_Car_Offroad_Armed_Guerilla01 (ID# <null>) with Cargo [] FOR 12500 POPTABS AND 1250 RESPECT | PLAYER TOTAL MONEY: 12500
[23:42:08:552269 +02:00] [Thread 15712] PLAYER: ( 76561198141018060 ) R Dark-V:3 (Robert Schmidt) REMOTE SOLD ITEM: Exile_Car_Ural_Covered_Worker (ID# 16) with Cargo ["O_HMG_01_support_high_F","Exile_Item_EnergyDrink","Exile_Item_CatFood_Cooked","Exile_Item_BBQSandwich","Exile_Item_EnergyDrink","30Rnd_65x39_caseless_green","30Rnd_65x39_caseless_green","30Rnd_65x39_caseless_green","30Rnd_65x39_caseless_green","30Rnd_65x39_caseless_green","30Rnd_65x39_caseless_green","30Rnd_65x39_caseless_green","11Rnd_45ACP_Mag","Exile_Item_Surstromming_Cooked","Exile_Item_Surstromming_Cooked","Exile_Item_BBQSandwich","Exile_Item_EnergyDrink","6Rnd_45ACP_Cylinder","6Rnd_45ACP_Cylinder","Exile_Item_EnergyDrink","30Rnd_65x39_caseless_black_mag","30Rnd_65x39_caseless_black_mag","30Rnd_65x39_caseless_black_mag","30Rnd_65x39_caseless_black_mag","30Rnd_65x39_caseless_black_mag","16Rnd_9x21_Mag","16Rnd_9x21_Mag","Exile_Item_PowerDrink","Exile_Item_PowerDrink","Exile_Item_BBQSandwich","30Rnd_556x45_Stanag","30Rnd_556x45_Stanag","30Rnd_556x45_Stanag","30Rnd_556x45_Stanag","30Rnd_556x45_Stanag","30Rnd_556x45_Stanag","30Rnd_556x45_Stanag","arifle_Katiba_F","optic_Aco","30Rnd_65x39_caseless_green","arifle_Mk20_F","optic_Aco","30Rnd_556x45_Stanag","arifle_MX_Black_F","optic_DMS","30Rnd_65x39_caseless_black_mag","bipod_02_F_hex","V_PlateCarrierSpec_mtp","U_BG_Guerilla3_1","U_IG_Guerilla3_2","U_IG_Guerilla3_2","V_TacVest_blk_POLICE","V_PlateCarrierH_CTRG"] FOR 15122 POPTABS AND 1512.2 RESPECT | PLAYER TOTAL MONEY: 45610
[00:03:27:616318 +02:00] [Thread 16440] PLAYER: ( 76561198001663065 ) R Circlejerks:1 (Sir Cardboard) REMOTE SOLD ITEM: Exile_Car_Octavius_White (ID# 14) with Cargo ["B_Carryall_ocamo","6Rnd_RedSignal_F","Exile_Magazine_10Rnd_303","Exile_Item_Can_Empty","Exile_Magazine_5Rnd_127x108_APDS_KSVK","Exile_Item_Can_Empty","200Rnd_556x45_Box_Tracer_Red_F","150Rnd_556x45_Drum_Mag_F","150Rnd_556x45_Drum_Mag_F","HandGrenade","Exile_Item_Can_Empty","Exile_Item_ToiletPaper","SmokeShellPurple","MiniGrenade","10Rnd_50BW_Mag_F","Exile_Magazine_10Rnd_9x39","10Rnd_338_Mag","Exile_Item_Can_Empty","Exile_Weapon_M1014","Exile_Magazine_8Rnd_74Slug","SMG_02_F","arifle_SPAR_02_blk_F","150Rnd_556x45_Drum_Mag_F","muzzle_snds_B","V_RebreatherIA","U_B_CTRG_Soldier_2_F","bipod_02_F_hex","bipod_03_F_blk","muzzle_snds_H_MG_khk_F","optic_Hamr","optic_Aco"] FOR 1205 POPTABS AND 120.5 RESPECT | PLAYER TOTAL MONEY: 4785
[00:03:43:433051 +02:00] [Thread 14160] PLAYER: ( 76561198141018060 ) R Dark-V:3 (Robert Schmidt) REMOTE SOLD ITEM: Exile_Car_Ural_Covered_Worker (ID# <null>) with Cargo ["B_Bergen_blk","B_Kitbag_mcamo","B_Carryall_mcamo","Exile_Item_PowerDrink","Exile_Item_Surstromming_Cooked","Exile_Item_InstaDoc","Exile_Item_BBQSandwich","Exile_Item_EnergyDrink","30Rnd_65x39_caseless_green","30Rnd_65x39_caseless_green","30Rnd_65x39_caseless_green","30Rnd_65x39_caseless_green","30Rnd_65x39_caseless_green","30Rnd_65x39_caseless_green","16Rnd_9x21_Mag","16Rnd_9x21_Mag","Exile_Item_EMRE","Exile_Item_PlasticBottleCoffee","Exile_Item_CatFood_Cooked","Exile_Item_InstaDoc","Exile_Item_InstaDoc","Exile_Item_PlasticBottleFreshWater","Exile_Item_CookingPot","100Rnd_65x39_caseless_black_mag","100Rnd_65x39_caseless_black_mag","9Rnd_45ACP_Mag","9Rnd_45ACP_Mag","100Rnd_65x39_caseless_black_mag","100Rnd_65x39_caseless_black_mag","100Rnd_65x39_caseless_black_mag","Exile_Item_DuctTape","Exile_Item_CanOpener","Exile_Item_DuctTape","Exile_Item_InstaDoc","Exile_Item_Surstromming_Cooked","Exile_Item_PlasticBottleFreshWater","Exile_Item_PlasticBottleFreshWater","Exile_Item_Matches","Exile_Magazine_6Rnd_45ACP","Exile_Magazine_6Rnd_45ACP","Exile_Item_EMRE","Exile_Item_PlasticBottleCoffee","Exile_Item_DuctTape","Exile_Item_InstaDoc","Exile_Item_Surstromming_Cooked","Exile_Item_PlasticBottleFreshWater","Exile_Item_PlasticBottleFreshWater","Exile_Item_Matches","10Rnd_93x64_DMR_05_Mag","10Rnd_93x64_DMR_05_Mag","10Rnd_93x64_DMR_05_Mag","10Rnd_93x64_DMR_05_Mag","10Rnd_93x64_DMR_05_Mag","16Rnd_9x21_Mag","10Rnd_93x64_DMR_05_Mag","arifle_Katiba_F","optic_Hamr","30Rnd_65x39_caseless_green","arifle_MX_SW_Black_F","100Rnd_65x39_caseless_black_mag","bipod_03_F_blk","Rangefinder","srifle_DMR_05_blk_F","optic_SOS","10Rnd_93x64_DMR_05_Mag","bipod_01_F_blk","Rangefinder","U_I_G_resistanceLeader_F","V_PlateCarrierIA2_dgtl","U_BG_Guerilla2_3","V_PlateCarrierL_CTRG","U_B_GhillieSuit","V_PlateCarrierSpec_blk","H_HelmetIA_camo","U_O_FullGhillie_sard","V_HarnessO_gry","H_HelmetLeaderO_oucamo"] FOR 20055 POPTABS AND 2005.5 RESPECT | PLAYER TOTAL MONEY: 23048
[00:08:28:452783 +02:00] [Thread 14160] PLAYER: ( 76561198141018060 ) R Dark-V:3 (Robert Schmidt) REMOTE SOLD ITEM: Exile_Bike_QuadBike_Csat (ID# <null>) with Cargo [] FOR 1250 POPTABS AND 125 RESPECT | PLAYER TOTAL MONEY: 1250
[00:40:07:096634 +02:00] [Thread 14160] PLAYER: ( 76561198141018060 ) R Dark-V:3 (Robert Schmidt) REMOTE SOLD ITEM: Exile_Car_Ural_Covered_Military (ID# 17) with Cargo ["B_Carryall_cbr","B_Carryall_mcamo","B_Kitbag_mcamo","B_Bergen_blk","Exile_Item_CanOpener","Exile_Item_InstaDoc","Exile_Item_Surstromming_Cooked","Exile_Item_PlasticBottleFreshWater","Exile_Item_PlasticBottleFreshWater","Exile_Item_Matches","16Rnd_9x21_Mag","20Rnd_762x51_Mag","20Rnd_762x51_Mag","20Rnd_762x51_Mag","20Rnd_762x51_Mag","20Rnd_762x51_Mag","20Rnd_762x51_Mag","Exile_Item_CanOpener","Exile_Item_CanOpener","30Rnd_556x45_Stanag","30Rnd_556x45_Stanag","30Rnd_556x45_Stanag","30Rnd_556x45_Stanag","30Rnd_556x45_Stanag","9Rnd_45ACP_Mag","Exile_Item_Bandage","Exile_Item_CatFood_Cooked","Exile_Item_InstaDoc","Exile_Item_BBQSandwich","Exile_Item_EnergyDrink","Exile_Item_Vishpirin","Exile_Item_Vishpirin","Exile_Item_InstaDoc","Exile_Item_BBQSandwich","Exile_Item_EnergyDrink","30Rnd_556x45_Stanag","30Rnd_556x45_Stanag","30Rnd_556x45_Stanag","30Rnd_556x45_Stanag","30Rnd_556x45_Stanag","30Rnd_556x45_Stanag","Exile_Magazine_6Rnd_45ACP","Exile_Magazine_6Rnd_45ACP","Exile_Item_CanOpener","Exile_Item_InstaDoc","Exile_Item_Surstromming_Cooked","Exile_Item_PlasticBottleFreshWater","Exile_Item_PlasticBottleFreshWater","Exile_Item_Matches","Exile_Magazine_8Rnd_9x18","Exile_Magazine_8Rnd_9x18","arifle_TRG21_GL_F","30Rnd_556x45_Stanag","srifle_EBR_F","optic_LRPS","20Rnd_762x51_Mag","bipod_03_F_blk","arifle_TRG21_GL_F","optic_Aco","30Rnd_556x45_Stanag","Exile_Weapon_Taurus","Exile_Magazine_6Rnd_45ACP","Rangefinder","Exile_Weapon_Makarov","Exile_Magazine_8Rnd_9x18","srifle_LRR_F","V_PlateCarrierGL_mtp","U_I_FullGhillie_sard","V_TacVest_blk_POLICE","U_I_G_resistanceLeader_F","U_O_CombatUniform_ocamo","V_PlateCarrierSpec_rgr","H_HelmetLeaderO_oucamo","V_PlateCarrierGL_blk","H_HelmetLeaderO_ocamo","optic_DMS","optic_SOS"] FOR 20579 POPTABS AND 2057.9 RESPECT | PLAYER TOTAL MONEY: 22329
