[13:50:50:539671 +02:00] [Thread 7512] PLAYER: ( 76561198137347034 ) R Dark-V:1 (IDCA) REMOTE PURCHASED ITEM B_Bergen_dgtl_F FOR 400 POPTABS | PLAYER TOTAL MONEY: 9600
[13:51:05:153682 +02:00] [Thread 15936] PLAYER: ( 76561198137347034 ) R Dark-V:1 (IDCA) REMOTE PURCHASED ITEM V_PlateCarrierGL_blk FOR 500 POPTABS | PLAYER TOTAL MONEY: 9100
[13:51:26:737056 +02:00] [Thread 15936] PLAYER: ( 76561198137347034 ) R Dark-V:1 (IDCA) REMOTE PURCHASED ITEM H_HelmetB_TI_tna_F FOR 100 POPTABS | PLAYER TOTAL MONEY: 9000
[13:52:42:199537 +02:00] [Thread 7512] PLAYER: ( 76561198137347034 ) R Dark-V:1 (IDCA) REMOTE PURCHASED ITEM Exile_Weapon_m107 FOR 850 POPTABS | PLAYER TOTAL MONEY: 8150
[13:52:50:969611 +02:00] [Thread 15936] PLAYER: ( 76561198137347034 ) R Dark-V:1 (IDCA) REMOTE PURCHASED ITEM optic_Nightstalker FOR 1000 POPTABS | PLAYER TOTAL MONEY: 7150
[13:53:01:628864 +02:00] [Thread 18864] PLAYER: ( 76561198137347034 ) R Dark-V:1 (IDCA) REMOTE PURCHASED ITEM Exile_Magazine_10Rnd_127x99_m107 FOR 30 POPTABS | PLAYER TOTAL MONEY: 7120
[13:53:02:593896 +02:00] [Thread 15936] PLAYER: ( 76561198137347034 ) R Dark-V:1 (IDCA) REMOTE PURCHASED ITEM Exile_Magazine_10Rnd_127x99_m107 FOR 30 POPTABS | PLAYER TOTAL MONEY: 7090
[13:53:03:780898 +02:00] [Thread 18864] PLAYER: ( 76561198137347034 ) R Dark-V:1 (IDCA) REMOTE PURCHASED ITEM Exile_Magazine_10Rnd_127x99_m107 FOR 30 POPTABS | PLAYER TOTAL MONEY: 7060
[13:53:04:726125 +02:00] [Thread 15936] PLAYER: ( 76561198137347034 ) R Dark-V:1 (IDCA) REMOTE PURCHASED ITEM Exile_Magazine_10Rnd_127x99_m107 FOR 30 POPTABS | PLAYER TOTAL MONEY: 7030
[13:53:05:649927 +02:00] [Thread 18864] PLAYER: ( 76561198137347034 ) R Dark-V:1 (IDCA) REMOTE PURCHASED ITEM Exile_Magazine_10Rnd_127x99_m107 FOR 30 POPTABS | PLAYER TOTAL MONEY: 7000
[13:53:06:573895 +02:00] [Thread 15936] PLAYER: ( 76561198137347034 ) R Dark-V:1 (IDCA) REMOTE PURCHASED ITEM Exile_Magazine_10Rnd_127x99_m107 FOR 30 POPTABS | PLAYER TOTAL MONEY: 6970
[13:53:07:453964 +02:00] [Thread 18864] PLAYER: ( 76561198137347034 ) R Dark-V:1 (IDCA) REMOTE PURCHASED ITEM Exile_Magazine_10Rnd_127x99_m107 FOR 30 POPTABS | PLAYER TOTAL MONEY: 6940
[13:53:08:026992 +02:00] [Thread 15936] PLAYER: ( 76561198137347034 ) R Dark-V:1 (IDCA) REMOTE PURCHASED ITEM Exile_Magazine_10Rnd_127x99_m107 FOR 30 POPTABS | PLAYER TOTAL MONEY: 6910
[13:53:44:536638 +02:00] [Thread 18864] PLAYER: ( 76561198137347034 ) R Dark-V:1 (IDCA) REMOTE PURCHASED ITEM MiniGrenade FOR 30 POPTABS | PLAYER TOTAL MONEY: 6880
[13:53:45:547748 +02:00] [Thread 15936] PLAYER: ( 76561198137347034 ) R Dark-V:1 (IDCA) REMOTE PURCHASED ITEM MiniGrenade FOR 30 POPTABS | PLAYER TOTAL MONEY: 6850
[13:53:46:340453 +02:00] [Thread 18864] PLAYER: ( 76561198137347034 ) R Dark-V:1 (IDCA) REMOTE PURCHASED ITEM MiniGrenade FOR 30 POPTABS | PLAYER TOTAL MONEY: 6820
[13:53:47:328661 +02:00] [Thread 15936] PLAYER: ( 76561198137347034 ) R Dark-V:1 (IDCA) REMOTE PURCHASED ITEM MiniGrenade FOR 30 POPTABS | PLAYER TOTAL MONEY: 6790
[13:53:48:125698 +02:00] [Thread 18864] PLAYER: ( 76561198137347034 ) R Dark-V:1 (IDCA) REMOTE PURCHASED ITEM MiniGrenade FOR 30 POPTABS | PLAYER TOTAL MONEY: 6760
[13:53:49:048687 +02:00] [Thread 15936] PLAYER: ( 76561198137347034 ) R Dark-V:1 (IDCA) REMOTE PURCHASED ITEM MiniGrenade FOR 30 POPTABS | PLAYER TOTAL MONEY: 6730
[13:53:49:863747 +02:00] [Thread 18864] PLAYER: ( 76561198137347034 ) R Dark-V:1 (IDCA) REMOTE PURCHASED ITEM MiniGrenade FOR 30 POPTABS | PLAYER TOTAL MONEY: 6700
[13:53:50:523790 +02:00] [Thread 15936] PLAYER: ( 76561198137347034 ) R Dark-V:1 (IDCA) REMOTE PURCHASED ITEM MiniGrenade FOR 30 POPTABS | PLAYER TOTAL MONEY: 6670
[13:54:11:792132 +02:00] [Thread 18864] PLAYER: ( 76561198137347034 ) R Dark-V:1 (IDCA) REMOTE PURCHASED ITEM O_NVGoggles_ghex_F FOR 150 POPTABS | PLAYER TOTAL MONEY: 6520
[13:54:47:977115 +02:00] [Thread 15936] PLAYER: ( 76561198137347034 ) R Dark-V:1 (IDCA) REMOTE PURCHASED ITEM Exile_Item_EMRE FOR 54 POPTABS | PLAYER TOTAL MONEY: 6466
[13:54:48:968836 +02:00] [Thread 18864] PLAYER: ( 76561198137347034 ) R Dark-V:1 (IDCA) REMOTE PURCHASED ITEM Exile_Item_EMRE FOR 54 POPTABS | PLAYER TOTAL MONEY: 6412
[13:54:49:672846 +02:00] [Thread 15936] PLAYER: ( 76561198137347034 ) R Dark-V:1 (IDCA) REMOTE PURCHASED ITEM Exile_Item_EMRE FOR 54 POPTABS | PLAYER TOTAL MONEY: 6358
[13:54:50:441972 +02:00] [Thread 18864] PLAYER: ( 76561198137347034 ) R Dark-V:1 (IDCA) REMOTE PURCHASED ITEM Exile_Item_EMRE FOR 54 POPTABS | PLAYER TOTAL MONEY: 6304
[13:54:51:190880 +02:00] [Thread 15936] PLAYER: ( 76561198137347034 ) R Dark-V:1 (IDCA) REMOTE PURCHASED ITEM Exile_Item_EMRE FOR 54 POPTABS | PLAYER TOTAL MONEY: 6250
[13:54:52:001925 +02:00] [Thread 18864] PLAYER: ( 76561198137347034 ) R Dark-V:1 (IDCA) REMOTE PURCHASED ITEM Exile_Item_EMRE FOR 54 POPTABS | PLAYER TOTAL MONEY: 6196
[14:11:06:065571 +02:00] [Thread 7512] PLAYER: ( 76561198137347034 ) R Dark-V:2 (IDCA) REMOTE PURCHASED VEHICLE Exile_Car_QilinUnarmed FOR 21000 POPTABS | PLAYER TOTAL MONEY: 111
[14:23:42:992636 +02:00] [Thread 7512] PLAYER: ( 76561198141018060 ) R Dark-V:1 (Robert Schmidt) REMOTE SOLD ITEM: Exile_Car_SUV_Grey (ID# <null>) with Cargo [] FOR 7000 POPTABS AND 700 RESPECT | PLAYER TOTAL MONEY: 7100
[14:25:16:424212 +02:00] [Thread 7512] PLAYER: ( 76561198137347034 ) R Dark-V:2 (IDCA) REMOTE SOLD ITEM: Exile_Car_SUV_Orange (ID# <null>) with Cargo [] FOR 7000 POPTABS AND 700 RESPECT | PLAYER TOTAL MONEY: 7261
[14:38:28:144935 +02:00] [Thread 18864] PLAYER: ( 76561198137347034 ) R Dark-V:2 (IDCA) REMOTE PURCHASED ITEM Exile_Magazine_10Rnd_127x99_m107 FOR 30 POPTABS | PLAYER TOTAL MONEY: 7706
[14:38:28:996042 +02:00] [Thread 15936] PLAYER: ( 76561198137347034 ) R Dark-V:2 (IDCA) REMOTE PURCHASED ITEM Exile_Magazine_10Rnd_127x99_m107 FOR 30 POPTABS | PLAYER TOTAL MONEY: 7676
[14:38:29:813694 +02:00] [Thread 18864] PLAYER: ( 76561198137347034 ) R Dark-V:2 (IDCA) REMOTE PURCHASED ITEM Exile_Magazine_10Rnd_127x99_m107 FOR 30 POPTABS | PLAYER TOTAL MONEY: 7646
[14:38:30:751771 +02:00] [Thread 15936] PLAYER: ( 76561198137347034 ) R Dark-V:2 (IDCA) REMOTE PURCHASED ITEM Exile_Magazine_10Rnd_127x99_m107 FOR 30 POPTABS | PLAYER TOTAL MONEY: 7616
[14:38:31:509832 +02:00] [Thread 18864] PLAYER: ( 76561198137347034 ) R Dark-V:2 (IDCA) REMOTE PURCHASED ITEM Exile_Magazine_10Rnd_127x99_m107 FOR 30 POPTABS | PLAYER TOTAL MONEY: 7586
[14:38:35:032843 +02:00] [Thread 15936] PLAYER: ( 76561198137347034 ) R Dark-V:2 (IDCA) REMOTE PURCHASED ITEM Exile_Magazine_10Rnd_127x99_m107 FOR 30 POPTABS | PLAYER TOTAL MONEY: 7556
[14:38:35:953774 +02:00] [Thread 18864] PLAYER: ( 76561198137347034 ) R Dark-V:2 (IDCA) REMOTE PURCHASED ITEM Exile_Magazine_10Rnd_127x99_m107 FOR 30 POPTABS | PLAYER TOTAL MONEY: 7526
[14:38:36:759908 +02:00] [Thread 15936] PLAYER: ( 76561198137347034 ) R Dark-V:2 (IDCA) REMOTE PURCHASED ITEM Exile_Magazine_10Rnd_127x99_m107 FOR 30 POPTABS | PLAYER TOTAL MONEY: 7496
[14:38:37:572924 +02:00] [Thread 18864] PLAYER: ( 76561198137347034 ) R Dark-V:2 (IDCA) REMOTE PURCHASED ITEM Exile_Magazine_10Rnd_127x99_m107 FOR 30 POPTABS | PLAYER TOTAL MONEY: 7466
[14:38:38:317837 +02:00] [Thread 15936] PLAYER: ( 76561198137347034 ) R Dark-V:2 (IDCA) REMOTE PURCHASED ITEM Exile_Magazine_10Rnd_127x99_m107 FOR 30 POPTABS | PLAYER TOTAL MONEY: 7436
[14:38:39:763929 +02:00] [Thread 18864] PLAYER: ( 76561198137347034 ) R Dark-V:2 (IDCA) REMOTE PURCHASED ITEM Exile_Magazine_10Rnd_127x99_m107 FOR 30 POPTABS | PLAYER TOTAL MONEY: 7406
[14:38:40:553969 +02:00] [Thread 15936] PLAYER: ( 76561198137347034 ) R Dark-V:2 (IDCA) REMOTE PURCHASED ITEM Exile_Magazine_10Rnd_127x99_m107 FOR 30 POPTABS | PLAYER TOTAL MONEY: 7376
[14:38:41:303034 +02:00] [Thread 18864] PLAYER: ( 76561198137347034 ) R Dark-V:2 (IDCA) REMOTE PURCHASED ITEM Exile_Magazine_10Rnd_127x99_m107 FOR 30 POPTABS | PLAYER TOTAL MONEY: 7346
[14:38:42:067030 +02:00] [Thread 15936] PLAYER: ( 76561198137347034 ) R Dark-V:2 (IDCA) REMOTE PURCHASED ITEM Exile_Magazine_10Rnd_127x99_m107 FOR 30 POPTABS | PLAYER TOTAL MONEY: 7316
[14:38:42:877118 +02:00] [Thread 18864] PLAYER: ( 76561198137347034 ) R Dark-V:2 (IDCA) REMOTE PURCHASED ITEM Exile_Magazine_10Rnd_127x99_m107 FOR 30 POPTABS | PLAYER TOTAL MONEY: 7286
[14:38:43:642009 +02:00] [Thread 15936] PLAYER: ( 76561198137347034 ) R Dark-V:2 (IDCA) REMOTE PURCHASED ITEM Exile_Magazine_10Rnd_127x99_m107 FOR 30 POPTABS | PLAYER TOTAL MONEY: 7256
[14:38:44:430162 +02:00] [Thread 18864] PLAYER: ( 76561198137347034 ) R Dark-V:2 (IDCA) REMOTE PURCHASED ITEM Exile_Magazine_10Rnd_127x99_m107 FOR 30 POPTABS | PLAYER TOTAL MONEY: 7226
[14:38:45:283002 +02:00] [Thread 15936] PLAYER: ( 76561198137347034 ) R Dark-V:2 (IDCA) REMOTE PURCHASED ITEM Exile_Magazine_10Rnd_127x99_m107 FOR 30 POPTABS | PLAYER TOTAL MONEY: 7196
[14:38:45:985034 +02:00] [Thread 18864] PLAYER: ( 76561198137347034 ) R Dark-V:2 (IDCA) REMOTE PURCHASED ITEM Exile_Magazine_10Rnd_127x99_m107 FOR 30 POPTABS | PLAYER TOTAL MONEY: 7166
[14:38:47:431101 +02:00] [Thread 15936] PLAYER: ( 76561198137347034 ) R Dark-V:2 (IDCA) REMOTE PURCHASED ITEM Exile_Magazine_10Rnd_127x99_m107 FOR 30 POPTABS | PLAYER TOTAL MONEY: 7136
[14:38:48:172076 +02:00] [Thread 18864] PLAYER: ( 76561198137347034 ) R Dark-V:2 (IDCA) REMOTE PURCHASED ITEM Exile_Magazine_10Rnd_127x99_m107 FOR 30 POPTABS | PLAYER TOTAL MONEY: 7106
[14:38:48:833161 +02:00] [Thread 15936] PLAYER: ( 76561198137347034 ) R Dark-V:2 (IDCA) REMOTE PURCHASED ITEM Exile_Magazine_10Rnd_127x99_m107 FOR 30 POPTABS | PLAYER TOTAL MONEY: 7076
[14:38:50:142175 +02:00] [Thread 18864] PLAYER: ( 76561198137347034 ) R Dark-V:2 (IDCA) REMOTE PURCHASED ITEM Exile_Magazine_10Rnd_127x99_m107 FOR 30 POPTABS | PLAYER TOTAL MONEY: 7046
[14:38:50:930182 +02:00] [Thread 15936] PLAYER: ( 76561198137347034 ) R Dark-V:2 (IDCA) REMOTE PURCHASED ITEM Exile_Magazine_10Rnd_127x99_m107 FOR 30 POPTABS | PLAYER TOTAL MONEY: 7016
[14:38:51:621230 +02:00] [Thread 18864] PLAYER: ( 76561198137347034 ) R Dark-V:2 (IDCA) REMOTE PURCHASED ITEM Exile_Magazine_10Rnd_127x99_m107 FOR 30 POPTABS | PLAYER TOTAL MONEY: 6986
[14:38:52:342245 +02:00] [Thread 15936] PLAYER: ( 76561198137347034 ) R Dark-V:2 (IDCA) REMOTE PURCHASED ITEM Exile_Magazine_10Rnd_127x99_m107 FOR 30 POPTABS | PLAYER TOTAL MONEY: 6956
[14:38:53:085223 +02:00] [Thread 18864] PLAYER: ( 76561198137347034 ) R Dark-V:2 (IDCA) REMOTE PURCHASED ITEM Exile_Magazine_10Rnd_127x99_m107 FOR 30 POPTABS | PLAYER TOTAL MONEY: 6926
[14:38:54:333216 +02:00] [Thread 15936] PLAYER: ( 76561198137347034 ) R Dark-V:2 (IDCA) REMOTE PURCHASED ITEM Exile_Magazine_10Rnd_127x99_m107 FOR 30 POPTABS | PLAYER TOTAL MONEY: 6896
[14:38:55:033275 +02:00] [Thread 18864] PLAYER: ( 76561198137347034 ) R Dark-V:2 (IDCA) REMOTE PURCHASED ITEM Exile_Magazine_10Rnd_127x99_m107 FOR 30 POPTABS | PLAYER TOTAL MONEY: 6866
[14:38:55:580270 +02:00] [Thread 15936] PLAYER: ( 76561198137347034 ) R Dark-V:2 (IDCA) REMOTE PURCHASED ITEM Exile_Magazine_10Rnd_127x99_m107 FOR 30 POPTABS | PLAYER TOTAL MONEY: 6836
[14:38:57:808423 +02:00] [Thread 18864] PLAYER: ( 76561198137347034 ) R Dark-V:2 (IDCA) REMOTE PURCHASED ITEM Exile_Magazine_10Rnd_127x99_m107 FOR 30 POPTABS | PLAYER TOTAL MONEY: 6806
[14:39:50:028303 +02:00] [Thread 15936] PLAYER: ( 76561198137347034 ) R Dark-V:2 (IDCA) REMOTE PURCHASED ITEM 10Rnd_338_Mag FOR 30 POPTABS | PLAYER TOTAL MONEY: 6776
[14:39:51:278964 +02:00] [Thread 18864] PLAYER: ( 76561198137347034 ) R Dark-V:2 (IDCA) REMOTE PURCHASED ITEM 10Rnd_338_Mag FOR 30 POPTABS | PLAYER TOTAL MONEY: 6746
[14:39:51:904320 +02:00] [Thread 15936] PLAYER: ( 76561198137347034 ) R Dark-V:2 (IDCA) REMOTE PURCHASED ITEM 10Rnd_338_Mag FOR 30 POPTABS | PLAYER TOTAL MONEY: 6716
[14:39:53:125295 +02:00] [Thread 18864] PLAYER: ( 76561198137347034 ) R Dark-V:2 (IDCA) REMOTE PURCHASED ITEM 10Rnd_338_Mag FOR 30 POPTABS | PLAYER TOTAL MONEY: 6686
[14:39:54:285439 +02:00] [Thread 15936] PLAYER: ( 76561198137347034 ) R Dark-V:2 (IDCA) REMOTE PURCHASED ITEM 10Rnd_338_Mag FOR 30 POPTABS | PLAYER TOTAL MONEY: 6656
[14:39:54:745387 +02:00] [Thread 18864] PLAYER: ( 76561198137347034 ) R Dark-V:2 (IDCA) REMOTE PURCHASED ITEM 10Rnd_338_Mag FOR 30 POPTABS | PLAYER TOTAL MONEY: 6626
[14:39:57:265476 +02:00] [Thread 15936] PLAYER: ( 76561198137347034 ) R Dark-V:2 (IDCA) REMOTE PURCHASED ITEM 10Rnd_338_Mag FOR 30 POPTABS | PLAYER TOTAL MONEY: 6596
[14:39:58:033575 +02:00] [Thread 18864] PLAYER: ( 76561198137347034 ) R Dark-V:2 (IDCA) REMOTE PURCHASED ITEM 10Rnd_338_Mag FOR 30 POPTABS | PLAYER TOTAL MONEY: 6566
[14:39:58:627517 +02:00] [Thread 15936] PLAYER: ( 76561198137347034 ) R Dark-V:2 (IDCA) REMOTE PURCHASED ITEM 10Rnd_338_Mag FOR 30 POPTABS | PLAYER TOTAL MONEY: 6536
[14:39:59:920508 +02:00] [Thread 18864] PLAYER: ( 76561198137347034 ) R Dark-V:2 (IDCA) REMOTE PURCHASED ITEM 10Rnd_338_Mag FOR 30 POPTABS | PLAYER TOTAL MONEY: 6506
[14:40:01:192520 +02:00] [Thread 15936] PLAYER: ( 76561198137347034 ) R Dark-V:2 (IDCA) REMOTE PURCHASED ITEM 10Rnd_338_Mag FOR 30 POPTABS | PLAYER TOTAL MONEY: 6476
[14:41:00:420624 +02:00] [Thread 18864] PLAYER: ( 76561198137347034 ) R Dark-V:2 (IDCA) REMOTE PURCHASED ITEM Exile_Item_EMRE FOR 54 POPTABS | PLAYER TOTAL MONEY: 6422
[14:41:02:964784 +02:00] [Thread 15936] PLAYER: ( 76561198137347034 ) R Dark-V:2 (IDCA) REMOTE PURCHASED ITEM Exile_Item_EMRE FOR 54 POPTABS | PLAYER TOTAL MONEY: 6368
[14:41:04:169702 +02:00] [Thread 18864] PLAYER: ( 76561198137347034 ) R Dark-V:2 (IDCA) REMOTE PURCHASED ITEM Exile_Item_EMRE FOR 54 POPTABS | PLAYER TOTAL MONEY: 6314
[14:41:04:959877 +02:00] [Thread 15936] PLAYER: ( 76561198137347034 ) R Dark-V:2 (IDCA) REMOTE PURCHASED ITEM Exile_Item_EMRE FOR 54 POPTABS | PLAYER TOTAL MONEY: 6260
[14:41:05:787710 +02:00] [Thread 18864] PLAYER: ( 76561198137347034 ) R Dark-V:2 (IDCA) REMOTE PURCHASED ITEM Exile_Item_EMRE FOR 54 POPTABS | PLAYER TOTAL MONEY: 6206
[14:41:06:554716 +02:00] [Thread 15936] PLAYER: ( 76561198137347034 ) R Dark-V:2 (IDCA) REMOTE PURCHASED ITEM Exile_Item_EMRE FOR 54 POPTABS | PLAYER TOTAL MONEY: 6152
[14:41:07:100725 +02:00] [Thread 18864] PLAYER: ( 76561198137347034 ) R Dark-V:2 (IDCA) REMOTE PURCHASED ITEM Exile_Item_EMRE FOR 54 POPTABS | PLAYER TOTAL MONEY: 6098
[14:41:08:498819 +02:00] [Thread 15936] PLAYER: ( 76561198137347034 ) R Dark-V:2 (IDCA) REMOTE PURCHASED ITEM Exile_Item_EMRE FOR 54 POPTABS | PLAYER TOTAL MONEY: 6044
[14:41:09:244855 +02:00] [Thread 18864] PLAYER: ( 76561198137347034 ) R Dark-V:2 (IDCA) REMOTE PURCHASED ITEM Exile_Item_EMRE FOR 54 POPTABS | PLAYER TOTAL MONEY: 5990
[14:41:11:473534 +02:00] [Thread 15936] PLAYER: ( 76561198137347034 ) R Dark-V:2 (IDCA) REMOTE PURCHASED ITEM Exile_Item_PlasticBottleCoffee FOR 70 POPTABS | PLAYER TOTAL MONEY: 5920
[14:41:12:679205 +02:00] [Thread 18864] PLAYER: ( 76561198137347034 ) R Dark-V:2 (IDCA) REMOTE PURCHASED ITEM Exile_Item_PlasticBottleCoffee FOR 70 POPTABS | PLAYER TOTAL MONEY: 5850
[14:41:13:926868 +02:00] [Thread 15936] PLAYER: ( 76561198137347034 ) R Dark-V:2 (IDCA) REMOTE PURCHASED ITEM Exile_Item_PlasticBottleCoffee FOR 70 POPTABS | PLAYER TOTAL MONEY: 5780
[14:41:14:472931 +02:00] [Thread 18864] PLAYER: ( 76561198137347034 ) R Dark-V:2 (IDCA) REMOTE PURCHASED ITEM Exile_Item_PlasticBottleCoffee FOR 70 POPTABS | PLAYER TOTAL MONEY: 5710
[14:41:16:968260 +02:00] [Thread 15936] PLAYER: ( 76561198137347034 ) R Dark-V:2 (IDCA) REMOTE PURCHASED ITEM Exile_Item_PlasticBottleCoffee FOR 70 POPTABS | PLAYER TOTAL MONEY: 5640
[14:41:17:800001 +02:00] [Thread 18864] PLAYER: ( 76561198137347034 ) R Dark-V:2 (IDCA) REMOTE PURCHASED ITEM Exile_Item_PlasticBottleCoffee FOR 70 POPTABS | PLAYER TOTAL MONEY: 5570
[14:41:19:408967 +02:00] [Thread 15936] PLAYER: ( 76561198137347034 ) R Dark-V:2 (IDCA) REMOTE PURCHASED ITEM Exile_Item_PowerDrink FOR 60 POPTABS | PLAYER TOTAL MONEY: 5510
[14:41:20:524012 +02:00] [Thread 18864] PLAYER: ( 76561198137347034 ) R Dark-V:2 (IDCA) REMOTE PURCHASED ITEM Exile_Item_PowerDrink FOR 60 POPTABS | PLAYER TOTAL MONEY: 5450
[14:41:21:116072 +02:00] [Thread 15936] PLAYER: ( 76561198137347034 ) R Dark-V:2 (IDCA) REMOTE PURCHASED ITEM Exile_Item_PowerDrink FOR 60 POPTABS | PLAYER TOTAL MONEY: 5390
[14:41:22:182103 +02:00] [Thread 18864] PLAYER: ( 76561198137347034 ) R Dark-V:2 (IDCA) REMOTE PURCHASED ITEM Exile_Item_PowerDrink FOR 60 POPTABS | PLAYER TOTAL MONEY: 5330
[14:41:23:451154 +02:00] [Thread 15936] PLAYER: ( 76561198137347034 ) R Dark-V:2 (IDCA) REMOTE PURCHASED ITEM Exile_Item_PowerDrink FOR 60 POPTABS | PLAYER TOTAL MONEY: 5270
[14:41:24:392047 +02:00] [Thread 18864] PLAYER: ( 76561198137347034 ) R Dark-V:2 (IDCA) REMOTE PURCHASED ITEM Exile_Item_PowerDrink FOR 60 POPTABS | PLAYER TOTAL MONEY: 5210
[14:41:25:248118 +02:00] [Thread 15936] PLAYER: ( 76561198137347034 ) R Dark-V:2 (IDCA) REMOTE PURCHASED ITEM Exile_Item_PowerDrink FOR 60 POPTABS | PLAYER TOTAL MONEY: 5150
[14:41:26:035167 +02:00] [Thread 18864] PLAYER: ( 76561198137347034 ) R Dark-V:2 (IDCA) REMOTE PURCHASED ITEM Exile_Item_PowerDrink FOR 60 POPTABS | PLAYER TOTAL MONEY: 5090
[14:41:26:801116 +02:00] [Thread 15936] PLAYER: ( 76561198137347034 ) R Dark-V:2 (IDCA) REMOTE PURCHASED ITEM Exile_Item_PowerDrink FOR 60 POPTABS | PLAYER TOTAL MONEY: 5030
[14:41:27:563235 +02:00] [Thread 18864] PLAYER: ( 76561198137347034 ) R Dark-V:2 (IDCA) REMOTE PURCHASED ITEM Exile_Item_PowerDrink FOR 60 POPTABS | PLAYER TOTAL MONEY: 4970
[14:42:18:994184 +02:00] [Thread 15936] PLAYER: ( 76561198137347034 ) R Dark-V:2 (IDCA) REMOTE PURCHASED ITEM Exile_Item_Vishpirin FOR 300 POPTABS | PLAYER TOTAL MONEY: 4670
[14:42:19:650277 +02:00] [Thread 18864] PLAYER: ( 76561198137347034 ) R Dark-V:2 (IDCA) REMOTE PURCHASED ITEM Exile_Item_Vishpirin FOR 300 POPTABS | PLAYER TOTAL MONEY: 4370
[14:42:20:788229 +02:00] [Thread 15936] PLAYER: ( 76561198137347034 ) R Dark-V:2 (IDCA) REMOTE PURCHASED ITEM Exile_Item_Vishpirin FOR 300 POPTABS | PLAYER TOTAL MONEY: 4070
[14:42:21:516005 +02:00] [Thread 18864] PLAYER: ( 76561198137347034 ) R Dark-V:2 (IDCA) REMOTE PURCHASED ITEM Exile_Item_Vishpirin FOR 300 POPTABS | PLAYER TOTAL MONEY: 3770
[14:42:22:270259 +02:00] [Thread 15936] PLAYER: ( 76561198137347034 ) R Dark-V:2 (IDCA) REMOTE PURCHASED ITEM Exile_Item_Vishpirin FOR 300 POPTABS | PLAYER TOTAL MONEY: 3470
[14:42:23:495344 +02:00] [Thread 7512] PLAYER: ( 76561198137347034 ) R Dark-V:2 (IDCA) REMOTE PURCHASED ITEM Exile_Item_Vishpirin FOR 300 POPTABS | PLAYER TOTAL MONEY: 3170
[14:42:24:438327 +02:00] [Thread 15936] PLAYER: ( 76561198137347034 ) R Dark-V:2 (IDCA) REMOTE PURCHASED ITEM Exile_Item_Vishpirin FOR 300 POPTABS | PLAYER TOTAL MONEY: 2870
[14:42:25:181259 +02:00] [Thread 7512] PLAYER: ( 76561198137347034 ) R Dark-V:2 (IDCA) REMOTE PURCHASED ITEM Exile_Item_Vishpirin FOR 300 POPTABS | PLAYER TOTAL MONEY: 2570
[14:42:25:963532 +02:00] [Thread 15936] PLAYER: ( 76561198137347034 ) R Dark-V:2 (IDCA) REMOTE PURCHASED ITEM Exile_Item_Vishpirin FOR 300 POPTABS | PLAYER TOTAL MONEY: 2270
[14:42:35:304514 +02:00] [Thread 15936] PLAYER: ( 76561198137347034 ) R Dark-V:2 (IDCA) REMOTE PURCHASED ITEM Exile_Item_Bandage FOR 100 POPTABS | PLAYER TOTAL MONEY: 2170
[14:42:36:116588 +02:00] [Thread 7512] PLAYER: ( 76561198137347034 ) R Dark-V:2 (IDCA) REMOTE PURCHASED ITEM Exile_Item_Bandage FOR 100 POPTABS | PLAYER TOTAL MONEY: 2070
[14:42:36:908054 +02:00] [Thread 12724] PLAYER: ( 76561198137347034 ) R Dark-V:2 (IDCA) REMOTE PURCHASED ITEM Exile_Item_Bandage FOR 100 POPTABS | PLAYER TOTAL MONEY: 1970
[14:42:37:672538 +02:00] [Thread 14328] PLAYER: ( 76561198137347034 ) R Dark-V:2 (IDCA) REMOTE PURCHASED ITEM Exile_Item_Bandage FOR 100 POPTABS | PLAYER TOTAL MONEY: 1870
[14:42:38:372508 +02:00] [Thread 18864] PLAYER: ( 76561198137347034 ) R Dark-V:2 (IDCA) REMOTE PURCHASED ITEM Exile_Item_Bandage FOR 100 POPTABS | PLAYER TOTAL MONEY: 1770
[14:42:39:577523 +02:00] [Thread 14328] PLAYER: ( 76561198137347034 ) R Dark-V:2 (IDCA) REMOTE PURCHASED ITEM Exile_Item_Bandage FOR 100 POPTABS | PLAYER TOTAL MONEY: 1670
[14:42:40:252542 +02:00] [Thread 18864] PLAYER: ( 76561198137347034 ) R Dark-V:2 (IDCA) REMOTE PURCHASED ITEM Exile_Item_Bandage FOR 100 POPTABS | PLAYER TOTAL MONEY: 1570
[14:42:54:669888 +02:00] [Thread 14328] PLAYER: ( 76561198137347034 ) R Dark-V:2 (IDCA) REMOTE PURCHASED ITEM MiniGrenade FOR 30 POPTABS | PLAYER TOTAL MONEY: 1540
[14:42:55:891984 +02:00] [Thread 18864] PLAYER: ( 76561198137347034 ) R Dark-V:2 (IDCA) REMOTE PURCHASED ITEM MiniGrenade FOR 30 POPTABS | PLAYER TOTAL MONEY: 1510
[14:42:56:588969 +02:00] [Thread 14328] PLAYER: ( 76561198137347034 ) R Dark-V:2 (IDCA) REMOTE PURCHASED ITEM MiniGrenade FOR 30 POPTABS | PLAYER TOTAL MONEY: 1480
[14:42:57:356933 +02:00] [Thread 18864] PLAYER: ( 76561198137347034 ) R Dark-V:2 (IDCA) REMOTE PURCHASED ITEM MiniGrenade FOR 30 POPTABS | PLAYER TOTAL MONEY: 1450
[14:42:57:949911 +02:00] [Thread 14328] PLAYER: ( 76561198137347034 ) R Dark-V:2 (IDCA) REMOTE PURCHASED ITEM MiniGrenade FOR 30 POPTABS | PLAYER TOTAL MONEY: 1420
[14:43:06:631162 +02:00] [Thread 18864] PLAYER: ( 76561198141018060 ) R Dark-V:1 (Robert Schmidt) REMOTE PURCHASED ITEM Exile_Item_InstaDoc FOR 1250 POPTABS | PLAYER TOTAL MONEY: 11750
[14:43:07:466340 +02:00] [Thread 14328] PLAYER: ( 76561198141018060 ) R Dark-V:1 (Robert Schmidt) REMOTE PURCHASED ITEM Exile_Item_InstaDoc FOR 1250 POPTABS | PLAYER TOTAL MONEY: 10500
[14:43:08:476138 +02:00] [Thread 18864] PLAYER: ( 76561198141018060 ) R Dark-V:1 (Robert Schmidt) REMOTE PURCHASED ITEM Exile_Item_InstaDoc FOR 1250 POPTABS | PLAYER TOTAL MONEY: 9250
[14:43:09:112141 +02:00] [Thread 14328] PLAYER: ( 76561198141018060 ) R Dark-V:1 (Robert Schmidt) REMOTE PURCHASED ITEM Exile_Item_InstaDoc FOR 1250 POPTABS | PLAYER TOTAL MONEY: 8000
[14:43:10:010249 +02:00] [Thread 18864] PLAYER: ( 76561198141018060 ) R Dark-V:1 (Robert Schmidt) REMOTE PURCHASED ITEM Exile_Item_InstaDoc FOR 1250 POPTABS | PLAYER TOTAL MONEY: 6750
[14:43:10:799123 +02:00] [Thread 14328] PLAYER: ( 76561198141018060 ) R Dark-V:1 (Robert Schmidt) REMOTE PURCHASED ITEM Exile_Item_InstaDoc FOR 1250 POPTABS | PLAYER TOTAL MONEY: 5500
[14:43:11:606578 +02:00] [Thread 18864] PLAYER: ( 76561198141018060 ) R Dark-V:1 (Robert Schmidt) REMOTE PURCHASED ITEM Exile_Item_InstaDoc FOR 1250 POPTABS | PLAYER TOTAL MONEY: 4250
[14:43:12:437272 +02:00] [Thread 14328] PLAYER: ( 76561198141018060 ) R Dark-V:1 (Robert Schmidt) REMOTE PURCHASED ITEM Exile_Item_InstaDoc FOR 1250 POPTABS | PLAYER TOTAL MONEY: 3000
[14:43:13:158199 +02:00] [Thread 18864] PLAYER: ( 76561198141018060 ) R Dark-V:1 (Robert Schmidt) REMOTE PURCHASED ITEM Exile_Item_InstaDoc FOR 1250 POPTABS | PLAYER TOTAL MONEY: 1750
[14:43:14:014334 +02:00] [Thread 14328] PLAYER: ( 76561198141018060 ) R Dark-V:1 (Robert Schmidt) REMOTE PURCHASED ITEM Exile_Item_InstaDoc FOR 1250 POPTABS | PLAYER TOTAL MONEY: 500
[14:45:06:973779 +02:00] [Thread 18864] PLAYER: ( 76561198137347034 ) R Dark-V:2 (IDCA) REMOTE PURCHASED ITEM Exile_Item_DuctTape FOR 300 POPTABS | PLAYER TOTAL MONEY: 1120
[14:45:07:784665 +02:00] [Thread 14328] PLAYER: ( 76561198137347034 ) R Dark-V:2 (IDCA) REMOTE PURCHASED ITEM Exile_Item_DuctTape FOR 300 POPTABS | PLAYER TOTAL MONEY: 820
[14:45:08:615545 +02:00] [Thread 18864] PLAYER: ( 76561198137347034 ) R Dark-V:2 (IDCA) REMOTE PURCHASED ITEM Exile_Item_DuctTape FOR 300 POPTABS | PLAYER TOTAL MONEY: 520
[14:45:09:471505 +02:00] [Thread 14328] PLAYER: ( 76561198137347034 ) R Dark-V:2 (IDCA) REMOTE PURCHASED ITEM Exile_Item_DuctTape FOR 300 POPTABS | PLAYER TOTAL MONEY: 220
[15:11:00:286160 +02:00] [Thread 14328] PLAYER: ( 76561198141018060 ) R Dark-V:1 (Robert Schmidt) REMOTE PURCHASED ITEM 10Rnd_338_Mag FOR 30 POPTABS | PLAYER TOTAL MONEY: 1820
[15:11:01:111115 +02:00] [Thread 12724] PLAYER: ( 76561198141018060 ) R Dark-V:1 (Robert Schmidt) REMOTE PURCHASED ITEM 10Rnd_338_Mag FOR 30 POPTABS | PLAYER TOTAL MONEY: 1790
[15:11:02:065423 +02:00] [Thread 14328] PLAYER: ( 76561198141018060 ) R Dark-V:1 (Robert Schmidt) REMOTE PURCHASED ITEM 10Rnd_338_Mag FOR 30 POPTABS | PLAYER TOTAL MONEY: 1760
[15:11:02:975165 +02:00] [Thread 12724] PLAYER: ( 76561198141018060 ) R Dark-V:1 (Robert Schmidt) REMOTE PURCHASED ITEM 10Rnd_338_Mag FOR 30 POPTABS | PLAYER TOTAL MONEY: 1730
[15:11:03:830908 +02:00] [Thread 14328] PLAYER: ( 76561198141018060 ) R Dark-V:1 (Robert Schmidt) REMOTE PURCHASED ITEM 10Rnd_338_Mag FOR 30 POPTABS | PLAYER TOTAL MONEY: 1700
[15:11:04:721242 +02:00] [Thread 12724] PLAYER: ( 76561198141018060 ) R Dark-V:1 (Robert Schmidt) REMOTE PURCHASED ITEM 10Rnd_338_Mag FOR 30 POPTABS | PLAYER TOTAL MONEY: 1670
[15:11:05:688293 +02:00] [Thread 14328] PLAYER: ( 76561198141018060 ) R Dark-V:1 (Robert Schmidt) REMOTE PURCHASED ITEM 10Rnd_338_Mag FOR 30 POPTABS | PLAYER TOTAL MONEY: 1640
[15:11:06:335245 +02:00] [Thread 12724] PLAYER: ( 76561198141018060 ) R Dark-V:1 (Robert Schmidt) REMOTE PURCHASED ITEM 10Rnd_338_Mag FOR 30 POPTABS | PLAYER TOTAL MONEY: 1610
[15:28:01:203605 +02:00] [Thread 12724] PLAYER: ( 76561198137347034 ) R Dark-V:2 (IDCA) REMOTE SOLD ITEM: Exile_Car_Hatchback_Rusty1 (ID# <null>) with Cargo [] FOR 6000 POPTABS AND 600 RESPECT | PLAYER TOTAL MONEY: 17986
[15:31:29:526685 +02:00] [Thread 15936] PLAYER: ( 76561198137347034 ) R Dark-V:2 (IDCA) REMOTE PURCHASED ITEM Exile_Magazine_10Rnd_127x99_m107 FOR 30 POPTABS | PLAYER TOTAL MONEY: 17956
[15:31:30:271574 +02:00] [Thread 14328] PLAYER: ( 76561198137347034 ) R Dark-V:2 (IDCA) REMOTE PURCHASED ITEM Exile_Magazine_10Rnd_127x99_m107 FOR 30 POPTABS | PLAYER TOTAL MONEY: 17926
[15:31:31:081538 +02:00] [Thread 15936] PLAYER: ( 76561198137347034 ) R Dark-V:2 (IDCA) REMOTE PURCHASED ITEM Exile_Magazine_10Rnd_127x99_m107 FOR 30 POPTABS | PLAYER TOTAL MONEY: 17896
[15:31:31:801538 +02:00] [Thread 14328] PLAYER: ( 76561198137347034 ) R Dark-V:2 (IDCA) REMOTE PURCHASED ITEM Exile_Magazine_10Rnd_127x99_m107 FOR 30 POPTABS | PLAYER TOTAL MONEY: 17866
[15:31:32:460587 +02:00] [Thread 15936] PLAYER: ( 76561198137347034 ) R Dark-V:2 (IDCA) REMOTE PURCHASED ITEM Exile_Magazine_10Rnd_127x99_m107 FOR 30 POPTABS | PLAYER TOTAL MONEY: 17836
[15:31:33:642820 +02:00] [Thread 14328] PLAYER: ( 76561198137347034 ) R Dark-V:2 (IDCA) REMOTE PURCHASED ITEM Exile_Magazine_10Rnd_127x99_m107 FOR 30 POPTABS | PLAYER TOTAL MONEY: 17806
[15:31:34:886674 +02:00] [Thread 15936] PLAYER: ( 76561198137347034 ) R Dark-V:2 (IDCA) REMOTE PURCHASED ITEM Exile_Magazine_10Rnd_127x99_m107 FOR 30 POPTABS | PLAYER TOTAL MONEY: 17776
[15:31:35:729673 +02:00] [Thread 14328] PLAYER: ( 76561198137347034 ) R Dark-V:2 (IDCA) REMOTE PURCHASED ITEM Exile_Magazine_10Rnd_127x99_m107 FOR 30 POPTABS | PLAYER TOTAL MONEY: 17746
[15:31:36:998672 +02:00] [Thread 15936] PLAYER: ( 76561198137347034 ) R Dark-V:2 (IDCA) REMOTE PURCHASED ITEM Exile_Magazine_10Rnd_127x99_m107 FOR 30 POPTABS | PLAYER TOTAL MONEY: 17716
[15:31:38:071785 +02:00] [Thread 14328] PLAYER: ( 76561198137347034 ) R Dark-V:2 (IDCA) REMOTE PURCHASED ITEM Exile_Magazine_10Rnd_127x99_m107 FOR 30 POPTABS | PLAYER TOTAL MONEY: 17686
[15:31:39:008731 +02:00] [Thread 15936] PLAYER: ( 76561198137347034 ) R Dark-V:2 (IDCA) REMOTE PURCHASED ITEM Exile_Magazine_10Rnd_127x99_m107 FOR 30 POPTABS | PLAYER TOTAL MONEY: 17656
[15:31:39:928637 +02:00] [Thread 14328] PLAYER: ( 76561198137347034 ) R Dark-V:2 (IDCA) REMOTE PURCHASED ITEM Exile_Magazine_10Rnd_127x99_m107 FOR 30 POPTABS | PLAYER TOTAL MONEY: 17626
[15:31:40:760740 +02:00] [Thread 15936] PLAYER: ( 76561198137347034 ) R Dark-V:2 (IDCA) REMOTE PURCHASED ITEM Exile_Magazine_10Rnd_127x99_m107 FOR 30 POPTABS | PLAYER TOTAL MONEY: 17596
[15:31:41:660706 +02:00] [Thread 14328] PLAYER: ( 76561198137347034 ) R Dark-V:2 (IDCA) REMOTE PURCHASED ITEM Exile_Magazine_10Rnd_127x99_m107 FOR 30 POPTABS | PLAYER TOTAL MONEY: 17566
[15:31:42:537029 +02:00] [Thread 15936] PLAYER: ( 76561198137347034 ) R Dark-V:2 (IDCA) REMOTE PURCHASED ITEM Exile_Magazine_10Rnd_127x99_m107 FOR 30 POPTABS | PLAYER TOTAL MONEY: 17536
[15:31:43:364754 +02:00] [Thread 14328] PLAYER: ( 76561198137347034 ) R Dark-V:2 (IDCA) REMOTE PURCHASED ITEM Exile_Magazine_10Rnd_127x99_m107 FOR 30 POPTABS | PLAYER TOTAL MONEY: 17506
[15:31:44:218869 +02:00] [Thread 15936] PLAYER: ( 76561198137347034 ) R Dark-V:2 (IDCA) REMOTE PURCHASED ITEM Exile_Magazine_10Rnd_127x99_m107 FOR 30 POPTABS | PLAYER TOTAL MONEY: 17476
[15:31:44:742809 +02:00] [Thread 14328] PLAYER: ( 76561198137347034 ) R Dark-V:2 (IDCA) REMOTE PURCHASED ITEM Exile_Magazine_10Rnd_127x99_m107 FOR 30 POPTABS | PLAYER TOTAL MONEY: 17446
[15:31:45:907826 +02:00] [Thread 15936] PLAYER: ( 76561198137347034 ) R Dark-V:2 (IDCA) REMOTE PURCHASED ITEM Exile_Magazine_10Rnd_127x99_m107 FOR 30 POPTABS | PLAYER TOTAL MONEY: 17416
[15:31:46:759844 +02:00] [Thread 14328] PLAYER: ( 76561198137347034 ) R Dark-V:2 (IDCA) REMOTE PURCHASED ITEM Exile_Magazine_10Rnd_127x99_m107 FOR 30 POPTABS | PLAYER TOTAL MONEY: 17386
[15:31:47:527925 +02:00] [Thread 15936] PLAYER: ( 76561198137347034 ) R Dark-V:2 (IDCA) REMOTE PURCHASED ITEM Exile_Magazine_10Rnd_127x99_m107 FOR 30 POPTABS | PLAYER TOTAL MONEY: 17356
[15:34:16:806110 +02:00] [Thread 12724] PLAYER: ( 76561198141018060 ) R Dark-V:1 (Robert Schmidt) REMOTE SOLD ITEM: Exile_Bike_QuadBike_Fia (ID# <null>) with Cargo [] FOR 1250 POPTABS AND 125 RESPECT | PLAYER TOTAL MONEY: 5345
[15:35:08:078878 +02:00] [Thread 14328] PLAYER: ( 76561198191441767 ) R Dark-V:3 (marvi) REMOTE PURCHASED ITEM Exile_Headgear_GasMask FOR 500 POPTABS | PLAYER TOTAL MONEY: 42381
[15:35:08:646837 +02:00] [Thread 15936] PLAYER: ( 76561198191441767 ) R Dark-V:3 (marvi) REMOTE PURCHASED ITEM Exile_Headgear_GasMask FOR 500 POPTABS | PLAYER TOTAL MONEY: 41881
[15:35:09:124736 +02:00] [Thread 14328] PLAYER: ( 76561198191441767 ) R Dark-V:3 (marvi) REMOTE PURCHASED ITEM Exile_Headgear_GasMask FOR 500 POPTABS | PLAYER TOTAL MONEY: 41381
[15:35:09:803930 +02:00] [Thread 15936] PLAYER: ( 76561198191441767 ) R Dark-V:3 (marvi) REMOTE PURCHASED ITEM Exile_Headgear_GasMask FOR 500 POPTABS | PLAYER TOTAL MONEY: 40881
[15:35:26:015159 +02:00] [Thread 14328] PLAYER: ( 76561198137347034 ) R Dark-V:2 (IDCA) REMOTE PURCHASED ITEM Exile_Headgear_GasMask FOR 500 POPTABS | PLAYER TOTAL MONEY: 16856
[15:35:26:905178 +02:00] [Thread 15936] PLAYER: ( 76561198137347034 ) R Dark-V:2 (IDCA) REMOTE PURCHASED ITEM Exile_Headgear_GasMask FOR 500 POPTABS | PLAYER TOTAL MONEY: 16356
[15:35:27:755307 +02:00] [Thread 14328] PLAYER: ( 76561198137347034 ) R Dark-V:2 (IDCA) REMOTE PURCHASED ITEM Exile_Headgear_GasMask FOR 500 POPTABS | PLAYER TOTAL MONEY: 15856
[15:35:28:629213 +02:00] [Thread 15936] PLAYER: ( 76561198137347034 ) R Dark-V:2 (IDCA) REMOTE PURCHASED ITEM Exile_Headgear_GasMask FOR 500 POPTABS | PLAYER TOTAL MONEY: 15356
[19:50:13:442504 +02:00] [Thread 14008] PLAYER: ( 76561198191441767 ) R Dark-V:1 (marvi) REMOTE PURCHASED VEHICLE Exile_Chopper_Huey_Green FOR 21000 POPTABS | PLAYER TOTAL MONEY: 143856
[20:20:57:671442 +02:00] [Thread 17444] PLAYER: ( 76561198137347034 ) R Dark-V:2 (IDCA) REMOTE SOLD ITEM: Exile_Car_Ural_Covered_Military (ID# <null>) with Cargo [] FOR 14000 POPTABS AND 1400 RESPECT | PLAYER TOTAL MONEY: 16538
[20:26:37:378527 +02:00] [Thread 10420] PLAYER: ( 76561198191441767 ) R Dark-V:1 (marvi) REMOTE SOLD ITEM: Exile_Car_Offroad_Guerilla04 (ID# 63) with Cargo [] FOR 8000 POPTABS AND 800 RESPECT | PLAYER TOTAL MONEY: 8250
[21:02:24:533495 +02:00] [Thread 10420] PLAYER: ( 76561198191441767 ) R Dark-V:1 (marvi) REMOTE PURCHASED ITEM I_UAV_01_backpack_F FOR 3000 POPTABS | PLAYER TOTAL MONEY: 2000
[21:02:30:535586 +02:00] [Thread 19296] PLAYER: ( 76561198191441767 ) R Dark-V:1 (marvi) REMOTE PURCHASED ITEM I_UavTerminal FOR 750 POPTABS | PLAYER TOTAL MONEY: 1250
[23:08:55:552560 +02:00] [Thread 17444] PLAYER: ( 76561198010793629 ) R Alpha 2-1:1 (bartz) REMOTE SOLD ITEM: Exile_Car_TowTractor_White (ID# <null>) with Cargo ["B_AssaultPack_tna_F","Exile_Magazine_5Rnd_127x108_APDS_Bullet_Cam_Mag","Exile_Item_Heatpack","Exile_Item_Handsaw","Exile_Magazine_5Rnd_127x108_APDS_Bullet_Cam_Mag","Exile_Item_Heatpack","30Rnd_762x39_AK12_Mag_F","30Rnd_762x39_AK12_Mag_F","30Rnd_762x39_AK12_Mag_F","30Rnd_762x39_AK12_Mag_F","16Rnd_9x21_green_Mag","Exile_Item_Pliers","Exile_Item_DogFood","arifle_AK12_GL_F","hgun_Rook40_F","optic_Hamr_khk_F","optic_Hamr","H_Hat_checker","G_Shades_Red"] FOR 2010 POPTABS AND 201 RESPECT | PLAYER TOTAL MONEY: 2010
[23:09:46:506348 +02:00] [Thread 19296] PLAYER: ( 76561198010793629 ) R Alpha 2-1:1 (bartz) REMOTE PURCHASED ITEM Exile_Item_Noodles FOR 14 POPTABS | PLAYER TOTAL MONEY: 1996
[23:09:48:468209 +02:00] [Thread 10420] PLAYER: ( 76561198010793629 ) R Alpha 2-1:1 (bartz) REMOTE PURCHASED ITEM Exile_Item_Noodles FOR 14 POPTABS | PLAYER TOTAL MONEY: 1982
[23:09:49:832281 +02:00] [Thread 19296] PLAYER: ( 76561198010793629 ) R Alpha 2-1:1 (bartz) REMOTE PURCHASED ITEM Exile_Item_Noodles FOR 14 POPTABS | PLAYER TOTAL MONEY: 1968
[23:10:28:914980 +02:00] [Thread 10420] PLAYER: ( 76561198010793629 ) R Alpha 2-1:1 (bartz) REMOTE PURCHASED ITEM V_HarnessOSpec_gry FOR 40 POPTABS | PLAYER TOTAL MONEY: 1928
[23:10:47:818639 +02:00] [Thread 17444] PLAYER: ( 76561198010793629 ) R Alpha 2-1:1 (bartz) REMOTE SOLD ITEM srifle_GM6_ghex_F FOR 450 POPTABS AND 45 RESPECT | PLAYER TOTAL MONEY: 2378
[23:29:58:243320 +02:00] [Thread 19296] PLAYER: ( 76561198010793629 ) R Alpha 2-1:1 (bartz) REMOTE SOLD ITEM: Exile_Car_TowTractor_White (ID# <null>) with Cargo ["Exile_Magazine_20Rnd_762x51_DMR_Red","Exile_Magazine_20Rnd_762x51_DMR_Red","Exile_Magazine_20Rnd_762x51_DMR_Red","Exile_Magazine_20Rnd_762x51_DMR_Red","Exile_Item_PlasticBottleEmpty","1Rnd_SmokeRed_Grenade_shell","Exile_Item_PlasticBottleEmpty","SmokeShellOrange","1Rnd_SmokeRed_Grenade_shell","Exile_Item_PlasticBottleEmpty","Exile_Weapon_DMR","Exile_Weapon_PKP","bipod_02_F_blk","U_C_HunterBody_grn"] FOR 582 POPTABS AND 58.2 RESPECT | PLAYER TOTAL MONEY: 582
[23:32:18:401660 +02:00] [Thread 19296] PLAYER: ( 76561198010793629 ) R Alpha 2-1:1 (bartz) REMOTE SOLD ITEM: Exile_Car_TowTractor_White (ID# <null>) with Cargo ["B_ViperHarness_blk_F","Exile_Magazine_100Rnd_762x54_PK_Green","Exile_Magazine_100Rnd_762x54_PK_Green","5Rnd_127x108_Mag","5Rnd_127x108_Mag","5Rnd_127x108_Mag","Exile_Item_Bandage","5Rnd_127x108_Mag","muzzle_snds_338_black"] FOR 1200 POPTABS AND 120 RESPECT | PLAYER TOTAL MONEY: 1782
[23:32:43:747522 +02:00] [Thread 17444] PLAYER: ( 76561198010793629 ) R Alpha 2-1:1 (bartz) REMOTE PURCHASED ITEM Exile_Item_Noodles FOR 14 POPTABS | PLAYER TOTAL MONEY: 1768
[23:32:45:998857 +02:00] [Thread 19296] PLAYER: ( 76561198010793629 ) R Alpha 2-1:1 (bartz) REMOTE SOLD ITEM srifle_GM6_ghex_F FOR 450 POPTABS AND 45 RESPECT | PLAYER TOTAL MONEY: 2218
[23:32:48:400492 +02:00] [Thread 17444] PLAYER: ( 76561198010793629 ) R Alpha 2-1:1 (bartz) REMOTE SOLD ITEM H_Watchcap_khk FOR 3 POPTABS AND 0.3 RESPECT | PLAYER TOTAL MONEY: 2221
[23:33:19:019268 +02:00] [Thread 17444] PLAYER: ( 76561198010793629 ) R Alpha 2-1:1 (bartz) REMOTE SOLD ITEM Exile_Item_PlasticBottleEmpty FOR 2 POPTABS AND 0.2 RESPECT | PLAYER TOTAL MONEY: 2223
[23:42:47:657357 +02:00] [Thread 17444] PLAYER: ( 76561198010793629 ) R Alpha 2-1:1 (bartz) REMOTE SOLD ITEM: Exile_Bike_QuadBike_Nato (ID# <null>) with Cargo ["B_FieldPack_blk","1Rnd_SmokePurple_Grenade_shell","Exile_Magazine_45Rnd_545x39_RPK_Green","Exile_Magazine_45Rnd_545x39_RPK_Green","IEDUrbanSmall_Remote_Mag","UGL_FlareYellow_F","Exile_Item_PlasticBottleEmpty","SatchelCharge_Remote_Mag","Exile_Magazine_7Rnd_408_Bullet_Cam_Mag","Exile_Weapon_RPK","optic_DMS","U_I_C_Soldier_Para_2_F"] FOR 2255 POPTABS AND 225.5 RESPECT | PLAYER TOTAL MONEY: 4478
[23:43:14:786949 +02:00] [Thread 19296] PLAYER: ( 76561198010793629 ) R Alpha 2-1:1 (bartz) REMOTE PURCHASED ITEM Exile_Item_Noodles FOR 14 POPTABS | PLAYER TOTAL MONEY: 4464
[23:43:15:710904 +02:00] [Thread 10420] PLAYER: ( 76561198010793629 ) R Alpha 2-1:1 (bartz) REMOTE PURCHASED ITEM Exile_Item_Noodles FOR 14 POPTABS | PLAYER TOTAL MONEY: 4450
[23:43:23:555398 +02:00] [Thread 17444] PLAYER: ( 76561198010793629 ) R Alpha 2-1:1 (bartz) REMOTE SOLD ITEM srifle_LRR_F FOR 425 POPTABS AND 42.5 RESPECT | PLAYER TOTAL MONEY: 4875
