
extDB3: https://bitbucket.org/torndeco/extdb3/wiki/Home
extDB3: Version: 1.031
extDB3: Windows Version
Message: All development for extDB3 is done on a Linux Dedicated Server
Message: If you would like to Donate to extDB3 Development
Message: https://www.paypal.com/cgi-bin/webscr?cmd=_s-xclick&hosted_button_id=2SUEFTGABTAM2
Message: Also leave a message if there is any particular feature you would like to see added.
Message: Thanks for all the people that have donated.
Message: Torndeco: 18/05/15


extDB3: Found extdb3-conf.ini
extDB3: Detected 16 Cores, Setting up 6 Worker Threads
extDB3: ...
extDB3: ...
extDB3: ...
extDB3: ...
extDB3: ...
extDB3: ...


[17:44:20:350352 +02:00] [Thread 12816] extDB3: SQL_CUSTOM Config Error: Section: insert_infiSTARLog Unknown Setting: Number Of Inputs
[17:44:20:351280 +02:00] [Thread 12816] extDB3: SQL_CUSTOM Config Error: Section: getTotalConnections Unknown Setting: Number Of Inputs
[17:44:20:351368 +02:00] [Thread 12816] extDB3: SQL_CUSTOM Config Error: Section: getAccountWhitelisted Unknown Setting: Number Of Inputs
[17:44:20:351383 +02:00] [Thread 12816] extDB3: Failed to Load Protocol: SQL_CUSTOM
