[01:44:02:431095 +02:00] [Thread 11728] Robert Schmidt was killed by an NPC!
[13:00:20:539434 +02:00] [Thread 836] marvi commited suicide!
[13:01:17:498122 +02:00] [Thread 836] marvi commited suicide!
[13:10:52:814619 +02:00] [Thread 10800] marvi crashed to death!
[13:10:52:902059 +02:00] [Thread 13664] marvi (2) crashed to death!
[14:09:32:574670 +02:00] [Thread 13664] marvi commited suicide!
[15:28:04:233320 +02:00] [Thread 836] marvi died because the universe hates him.
[15:46:22:628416 +02:00] [Thread 12404] marvi was killed by an NPC!
[15:48:51:947998 +02:00] [Thread 3812] Robert Schmidt was killed by an NPC!
[15:58:56:288133 +02:00] [Thread 12404] Robert Schmidt was killed by an NPC!
[16:03:50:440468 +02:00] [Thread 10800] marvi was killed by an NPC!
[16:14:27:272956 +02:00] [Thread 10800] marvi was killed by an NPC!
[16:17:21:923063 +02:00] [Thread 12404] Dr. Ulli Cave commited suicide!
[16:21:37:197063 +02:00] [Thread 836] Robert Schmidt was killed by an NPC!
[18:29:47:288953 +02:00] [Thread 9172] marvi died and nobody knows why.
[18:48:09:161295 +02:00] [Thread 10036] Kevin Tredup was killed by an NPC!
[19:24:01:613419 +02:00] [Thread 14008] Dr. Ulli Cave was killed by an NPC!
[19:27:13:369048 +02:00] [Thread 11180] Kevin Tredup was killed by an NPC!
[19:28:11:398866 +02:00] [Thread 4864] marvi was killed by an NPC!
[19:36:41:303141 +02:00] [Thread 14008] Kevin Tredup was killed by an NPC!
[19:41:15:536603 +02:00] [Thread 10036] Dr. Ulli Cave was killed by an NPC!
[19:54:44:557498 +02:00] [Thread 9172] Dr. Ulli Cave was killed by an NPC!
[19:56:50:962650 +02:00] [Thread 11180] Kevin Tredup was killed by an NPC!
[20:22:27:800537 +02:00] [Thread 14008] Kevin Tredup was killed by an NPC!
[21:42:42:424500 +02:00] [Thread 8588] Dr. Ulli Cave was killed by an NPC!
[21:49:55:727383 +02:00] [Thread 6988] Kevin Tredup was killed by an NPC!
[22:02:09:861869 +02:00] [Thread 6108] Kevin Tredup died because the universe hates him.
[22:36:40:147563 +02:00] [Thread 6988] Robert Schmidt was killed by an NPC!
[22:52:56:054606 +02:00] [Thread 3448] Kevin Tredup was killed by an NPC!
[23:27:26:841421 +02:00] [Thread 8588] Kevin Tredup was killed by an NPC!
