[00:54:08:736386 +02:00] [Thread 11728] PLAYER: ( 76561198141018060 ) R Alpha 1-2:1 (Robert Schmidt) REMOTE SOLD ITEM Exile_Melee_Axe FOR 50 POPTABS AND 5 RESPECT | PLAYER TOTAL MONEY: 50
[00:55:20:055368 +02:00] [Thread 5604] PLAYER: ( 76561198141018060 ) R Alpha 1-2:1 (Robert Schmidt) REMOTE SOLD ITEM Exile_Item_MobilePhone FOR 250 POPTABS AND 25 RESPECT | PLAYER TOTAL MONEY: 300
[00:55:23:793234 +02:00] [Thread 14640] PLAYER: ( 76561198141018060 ) R Alpha 1-2:1 (Robert Schmidt) REMOTE PURCHASED ITEM Exile_Item_MountainDupe FOR 30 POPTABS | PLAYER TOTAL MONEY: 270
[00:55:25:180286 +02:00] [Thread 5604] PLAYER: ( 76561198141018060 ) R Alpha 1-2:1 (Robert Schmidt) REMOTE PURCHASED ITEM Exile_Item_MountainDupe FOR 30 POPTABS | PLAYER TOTAL MONEY: 240
[00:56:04:758301 +02:00] [Thread 14640] PLAYER: ( 76561198141018060 ) R Alpha 1-2:1 (Robert Schmidt) REMOTE PURCHASED ITEM Exile_Item_MountainDupe FOR 30 POPTABS | PLAYER TOTAL MONEY: 210
[00:56:06:318491 +02:00] [Thread 5604] PLAYER: ( 76561198141018060 ) R Alpha 1-2:1 (Robert Schmidt) REMOTE PURCHASED ITEM Exile_Item_MountainDupe FOR 30 POPTABS | PLAYER TOTAL MONEY: 180
[00:56:35:046058 +02:00] [Thread 11728] PLAYER: ( 76561198141018060 ) R Alpha 1-2:1 (Robert Schmidt) REMOTE SOLD ITEM SMG_02_F FOR 75 POPTABS AND 7.5 RESPECT | PLAYER TOTAL MONEY: 255
[00:56:37:071217 +02:00] [Thread 14640] PLAYER: ( 76561198141018060 ) R Alpha 1-2:1 (Robert Schmidt) REMOTE SOLD ITEM 11Rnd_45ACP_Mag FOR 4 POPTABS AND 0.4 RESPECT | PLAYER TOTAL MONEY: 259
[00:56:39:140113 +02:00] [Thread 14640] PLAYER: ( 76561198141018060 ) R Alpha 1-2:1 (Robert Schmidt) REMOTE SOLD ITEM 30Rnd_9x21_Green_Mag FOR 20 POPTABS AND 2 RESPECT | PLAYER TOTAL MONEY: 279
[00:56:41:916281 +02:00] [Thread 5604] PLAYER: ( 76561198141018060 ) R Alpha 1-2:1 (Robert Schmidt) REMOTE SOLD ITEM 30Rnd_9x21_Green_Mag FOR 20 POPTABS AND 2 RESPECT | PLAYER TOTAL MONEY: 299
[00:56:47:328564 +02:00] [Thread 11728] PLAYER: ( 76561198141018060 ) R Alpha 1-2:1 (Robert Schmidt) REMOTE PURCHASED ITEM Exile_Item_CanOpener FOR 80 POPTABS | PLAYER TOTAL MONEY: 219
[02:13:28:286274 +02:00] [Thread 5604] PLAYER: ( 76561198141018060 ) R Robert:3 (Robert Schmidt) REMOTE SOLD ITEM: Exile_Car_Volha_White (ID# <null>) with Cargo [] FOR 3000 POPTABS AND 300 RESPECT | PLAYER TOTAL MONEY: 3274
[02:16:00:870593 +02:00] [Thread 11728] PLAYER: ( 76561198141018060 ) R Robert:3 (Robert Schmidt) REMOTE SOLD ITEM: Exile_Car_Ural_Open_Military (ID# 2) with Cargo ["B_AssaultPack_tna_F","B_Carryall_cbr","B_Kitbag_mcamo","Exile_Magazine_6Rnd_45ACP","Exile_Magazine_6Rnd_45ACP","Exile_Magazine_30Rnd_762x39_AK","Exile_Magazine_30Rnd_762x39_AK","Exile_Magazine_30Rnd_762x39_AK","Exile_Magazine_30Rnd_762x39_AK","Exile_Magazine_30Rnd_762x39_AK","Exile_Magazine_30Rnd_762x39_AK","Exile_Magazine_30Rnd_762x39_AK","Exile_Magazine_6Rnd_45ACP","Exile_Magazine_30Rnd_762x39_AK","Exile_Magazine_30Rnd_762x39_AK","Exile_Magazine_30Rnd_762x39_AK","Exile_Magazine_30Rnd_762x39_AK","Exile_Magazine_30Rnd_762x39_AK","Exile_Magazine_6Rnd_45ACP","Exile_Magazine_10Rnd_93x64_DMR_05_Bullet_Cam_Mag","30Rnd_9x21_Mag","Exile_Magazine_10Rnd_93x64_DMR_05_Bullet_Cam_Mag","100Rnd_65x39_caseless_mag","Exile_Magazine_10Rnd_93x64_DMR_05_Bullet_Cam_Mag","100Rnd_65x39_caseless_mag","100Rnd_65x39_caseless_mag","100Rnd_65x39_caseless_mag","Exile_Item_Heatpack","30Rnd_65x39_caseless_khaki_mag","30Rnd_65x39_caseless_khaki_mag","30Rnd_65x39_caseless_khaki_mag","30Rnd_65x39_caseless_khaki_mag","200Rnd_556x45_Box_F","200Rnd_556x45_Box_F","130Rnd_338_Mag","5Rnd_127x108_APDS_Mag","20Rnd_762x51_Mag","20Rnd_762x51_Mag","20Rnd_762x51_Mag","20Rnd_762x51_Mag","Exile_Item_FuelCanisterEmpty","200Rnd_556x45_Box_F","200Rnd_556x45_Box_F","20Rnd_762x51_Mag","Exile_Item_PlasticBottleDirtyWater","hgun_P07_F","30Rnd_9x21_Mag","Exile_Weapon_TaurusGold","Exile_Weapon_AK47","Exile_Weapon_AKS_Gold","Exile_Weapon_Taurus","Exile_Magazine_6Rnd_45ACP","arifle_SPAR_03_snd_F","arifle_MX_SW_F","srifle_DMR_05_tan_f","LMG_03_F","srifle_DMR_06_camo_F","U_IG_Guerilla2_3","V_PlateCarrierIA2_dgtl","U_O_PilotCoveralls","U_I_G_resistanceLeader_F","V_PlateCarrierGL_mtp","optic_DMS","H_HelmetIA_camo","optic_ERCO_snd_F","ItemRadio","ItemGPS","ItemGPS"] FOR 16077 POPTABS AND 1607.7 RESPECT | PLAYER TOTAL MONEY: 19351
[02:18:05:232705 +02:00] [Thread 11928] PLAYER: ( 76561198137347034 ) R Robert:2 (IDCA) REMOTE PURCHASED VEHICLE Exile_Bike_QuadBike_Black FOR 2500 POPTABS | PLAYER TOTAL MONEY: 260
[11:32:55:201228 +02:00] [Thread 2976] PLAYER: ( 76561198202120684 ) R Alpha 1-2:1 (Kevin Tredup) REMOTE SOLD ITEM srifle_LRR_tna_F FOR 525 POPTABS AND 52.5 RESPECT | PLAYER TOTAL MONEY: 600
[11:33:04:452032 +02:00] [Thread 5264] PLAYER: ( 76561198202120684 ) R Alpha 1-2:1 (Kevin Tredup) REMOTE SOLD ITEM Exile_Item_LightBulb FOR 10 POPTABS AND 1 RESPECT | PLAYER TOTAL MONEY: 610
[11:33:13:491068 +02:00] [Thread 7236] PLAYER: ( 76561198202120684 ) R Alpha 1-2:1 (Kevin Tredup) REMOTE SOLD ITEM Exile_Item_CamoTentKit FOR 125 POPTABS AND 12.5 RESPECT | PLAYER TOTAL MONEY: 735
[11:33:16:327069 +02:00] [Thread 2976] PLAYER: ( 76561198202120684 ) R Alpha 1-2:1 (Kevin Tredup) REMOTE SOLD ITEM Exile_Magazine_6Rnd_45ACP FOR 10 POPTABS AND 1 RESPECT | PLAYER TOTAL MONEY: 745
[11:33:18:019160 +02:00] [Thread 5264] PLAYER: ( 76561198202120684 ) R Alpha 1-2:1 (Kevin Tredup) REMOTE SOLD ITEM Exile_Item_ChocolateMilk FOR 12 POPTABS AND 1.2 RESPECT | PLAYER TOTAL MONEY: 757
[11:33:19:572263 +02:00] [Thread 7236] PLAYER: ( 76561198202120684 ) R Alpha 1-2:1 (Kevin Tredup) REMOTE SOLD ITEM Exile_Item_SausageGravy FOR 15 POPTABS AND 1.5 RESPECT | PLAYER TOTAL MONEY: 772
[11:33:20:628279 +02:00] [Thread 2976] PLAYER: ( 76561198202120684 ) R Alpha 1-2:1 (Kevin Tredup) REMOTE SOLD ITEM 30Rnd_762x39_Mag_Green_F FOR 12 POPTABS AND 1.2 RESPECT | PLAYER TOTAL MONEY: 784
[11:33:21:728233 +02:00] [Thread 5264] PLAYER: ( 76561198202120684 ) R Alpha 1-2:1 (Kevin Tredup) REMOTE SOLD ITEM 30Rnd_9x21_Mag_SMG_02_Tracer_Yellow FOR 7 POPTABS AND 0.7 RESPECT | PLAYER TOTAL MONEY: 791
[11:33:24:875173 +02:00] [Thread 5264] PLAYER: ( 76561198202120684 ) R Alpha 1-2:1 (Kevin Tredup) REMOTE SOLD ITEM Chemlight_green FOR 1 POPTABS AND 0.1 RESPECT | PLAYER TOTAL MONEY: 792
[11:33:27:910578 +02:00] [Thread 5264] PLAYER: ( 76561198202120684 ) R Alpha 1-2:1 (Kevin Tredup) REMOTE SOLD ITEM Chemlight_blue FOR 1 POPTABS AND 0.1 RESPECT | PLAYER TOTAL MONEY: 793
[11:33:29:912634 +02:00] [Thread 5264] PLAYER: ( 76561198202120684 ) R Alpha 1-2:1 (Kevin Tredup) REMOTE SOLD ITEM Exile_Item_PlasticBottleEmpty FOR 2 POPTABS AND 0.2 RESPECT | PLAYER TOTAL MONEY: 795
[11:33:31:275329 +02:00] [Thread 7236] PLAYER: ( 76561198202120684 ) R Alpha 1-2:1 (Kevin Tredup) REMOTE SOLD ITEM SmokeShellPurple FOR 3 POPTABS AND 0.3 RESPECT | PLAYER TOTAL MONEY: 798
[11:44:54:597349 +02:00] [Thread 7236] PLAYER: ( 76561198202120684 ) R Alpha 1-2:1 (Kevin Tredup) REMOTE SOLD ITEM LMG_Mk200_F FOR 150 POPTABS AND 15 RESPECT | PLAYER TOTAL MONEY: 948
[11:45:03:293421 +02:00] [Thread 5264] PLAYER: ( 76561198202120684 ) R Alpha 1-2:1 (Kevin Tredup) REMOTE SOLD ITEM 1Rnd_SmokePurple_Grenade_shell FOR 4 POPTABS AND 0.4 RESPECT | PLAYER TOTAL MONEY: 952
[11:45:04:120303 +02:00] [Thread 5264] PLAYER: ( 76561198202120684 ) R Alpha 1-2:1 (Kevin Tredup) REMOTE SOLD ITEM Exile_Item_PlasticBottleEmpty FOR 2 POPTABS AND 0.2 RESPECT | PLAYER TOTAL MONEY: 954
[11:45:05:439355 +02:00] [Thread 7236] PLAYER: ( 76561198202120684 ) R Alpha 1-2:1 (Kevin Tredup) REMOTE SOLD ITEM Exile_Item_Can_Empty FOR 1 POPTABS AND 0.1 RESPECT | PLAYER TOTAL MONEY: 955
[11:45:06:209428 +02:00] [Thread 7236] PLAYER: ( 76561198202120684 ) R Alpha 1-2:1 (Kevin Tredup) REMOTE SOLD ITEM muzzle_snds_H_snd_F FOR 25 POPTABS AND 2.5 RESPECT | PLAYER TOTAL MONEY: 980
[11:45:10:627418 +02:00] [Thread 2976] PLAYER: ( 76561198202120684 ) R Alpha 1-2:1 (Kevin Tredup) REMOTE SOLD ITEM APERSTripMine_Wire_Mag FOR 150 POPTABS AND 15 RESPECT | PLAYER TOTAL MONEY: 1130
[11:45:11:924421 +02:00] [Thread 7236] PLAYER: ( 76561198202120684 ) R Alpha 1-2:1 (Kevin Tredup) REMOTE SOLD ITEM Exile_Item_Can_Empty FOR 1 POPTABS AND 0.1 RESPECT | PLAYER TOTAL MONEY: 1131
[11:45:12:892527 +02:00] [Thread 7236] PLAYER: ( 76561198202120684 ) R Alpha 1-2:1 (Kevin Tredup) REMOTE SOLD ITEM arifle_MX_SW_F FOR 125 POPTABS AND 12.5 RESPECT | PLAYER TOTAL MONEY: 1256
[11:45:55:508339 +02:00] [Thread 5264] PLAYER: ( 76561198202120684 ) R Alpha 1-2:1 (Kevin Tredup) REMOTE PURCHASED VEHICLE Exile_Car_OldTractor_Red FOR 1200 POPTABS | PLAYER TOTAL MONEY: 56
[11:58:30:603593 +02:00] [Thread 9224] PLAYER: ( 76561198202120684 ) R Alpha 1-2:1 (Kevin Tredup) REMOTE SOLD ITEM: Exile_Car_OldTractor_Red (ID# 4) with Cargo ["Exile_Item_PlasticBottleEmpty","Exile_Magazine_30Rnd_545x39_AK_Red","Exile_Magazine_30Rnd_545x39_AK_Red","Exile_Magazine_30Rnd_545x39_AK_Red","10Rnd_127x54_Mag","IEDLandSmall_Remote_Mag","1Rnd_SmokePurple_Grenade_shell","Exile_Weapon_AK107","srifle_DMR_04_Tan_F","10Rnd_127x54_Mag","LMG_Zafir_F","150Rnd_762x54_Box_Tracer","arifle_AKM_FL_F","arifle_SPAR_03_khk_F"] FOR 1406 POPTABS AND 140.6 RESPECT | PLAYER TOTAL MONEY: 1462
[12:00:04:225116 +02:00] [Thread 5264] PLAYER: ( 76561198202120684 ) R Alpha 1-2:1 (Kevin Tredup) REMOTE PURCHASED ITEM Exile_Item_InstantCoffee FOR 20 POPTABS | PLAYER TOTAL MONEY: 1442
[12:00:05:465118 +02:00] [Thread 7236] PLAYER: ( 76561198202120684 ) R Alpha 1-2:1 (Kevin Tredup) REMOTE PURCHASED ITEM Exile_Item_InstantCoffee FOR 20 POPTABS | PLAYER TOTAL MONEY: 1422
[12:00:06:872299 +02:00] [Thread 5264] PLAYER: ( 76561198202120684 ) R Alpha 1-2:1 (Kevin Tredup) REMOTE PURCHASED ITEM Exile_Item_SeedAstics FOR 12 POPTABS | PLAYER TOTAL MONEY: 1410
[12:00:09:138267 +02:00] [Thread 7236] PLAYER: ( 76561198202120684 ) R Alpha 1-2:1 (Kevin Tredup) REMOTE PURCHASED ITEM Exile_Item_MountainDupe FOR 30 POPTABS | PLAYER TOTAL MONEY: 1380
[12:00:09:993744 +02:00] [Thread 5264] PLAYER: ( 76561198202120684 ) R Alpha 1-2:1 (Kevin Tredup) REMOTE PURCHASED ITEM Exile_Item_MountainDupe FOR 30 POPTABS | PLAYER TOTAL MONEY: 1350
[12:07:29:456108 +02:00] [Thread 2976] PLAYER: ( 76561198202120684 ) R Alpha 1-2:1 (Kevin Tredup) REMOTE SOLD ITEM: Exile_Car_Volha_White (ID# <null>) with Cargo ["IEDUrbanSmall_Remote_Mag","Exile_Item_ToiletPaper","bipod_02_F_hex","optic_Holosight"] FOR 3230 POPTABS AND 323 RESPECT | PLAYER TOTAL MONEY: 4580
[12:35:50:822759 +02:00] [Thread 10800] PLAYER: ( 76561198202120684 ) R Alpha 1-2:1 (Kevin Tredup) REMOTE SOLD ITEM srifle_DMR_04_F FOR 365 POPTABS AND 36.5 RESPECT | PLAYER TOTAL MONEY: 4945
[12:35:58:051501 +02:00] [Thread 13664] PLAYER: ( 76561198202120684 ) R Alpha 1-2:1 (Kevin Tredup) REMOTE SOLD ITEM 1Rnd_HE_Grenade_shell FOR 35 POPTABS AND 3.5 RESPECT | PLAYER TOTAL MONEY: 4980
[12:35:58:889883 +02:00] [Thread 10800] PLAYER: ( 76561198202120684 ) R Alpha 1-2:1 (Kevin Tredup) REMOTE SOLD ITEM 10Rnd_127x54_Mag FOR 15 POPTABS AND 1.5 RESPECT | PLAYER TOTAL MONEY: 4995
[12:35:59:725575 +02:00] [Thread 10800] PLAYER: ( 76561198202120684 ) R Alpha 1-2:1 (Kevin Tredup) REMOTE SOLD ITEM 10Rnd_127x54_Mag FOR 15 POPTABS AND 1.5 RESPECT | PLAYER TOTAL MONEY: 5010
[12:36:01:088601 +02:00] [Thread 13664] PLAYER: ( 76561198202120684 ) R Alpha 1-2:1 (Kevin Tredup) REMOTE SOLD ITEM 10Rnd_127x54_Mag FOR 15 POPTABS AND 1.5 RESPECT | PLAYER TOTAL MONEY: 5025
[12:36:02:099873 +02:00] [Thread 10800] PLAYER: ( 76561198202120684 ) R Alpha 1-2:1 (Kevin Tredup) REMOTE SOLD ITEM 1Rnd_SmokeOrange_Grenade_shell FOR 4 POPTABS AND 0.4 RESPECT | PLAYER TOTAL MONEY: 5029
[12:36:04:209590 +02:00] [Thread 836] PLAYER: ( 76561198202120684 ) R Alpha 1-2:1 (Kevin Tredup) REMOTE SOLD ITEM muzzle_snds_338_green FOR 25 POPTABS AND 2.5 RESPECT | PLAYER TOTAL MONEY: 5054
[12:36:28:500057 +02:00] [Thread 13664] PLAYER: ( 76561198202120684 ) R Alpha 1-2:1 (Kevin Tredup) REMOTE PURCHASED ITEM Exile_Item_SeedAstics FOR 12 POPTABS | PLAYER TOTAL MONEY: 5042
[12:36:29:621025 +02:00] [Thread 836] PLAYER: ( 76561198202120684 ) R Alpha 1-2:1 (Kevin Tredup) REMOTE PURCHASED ITEM Exile_Item_SeedAstics FOR 12 POPTABS | PLAYER TOTAL MONEY: 5030
[12:36:30:456313 +02:00] [Thread 13664] PLAYER: ( 76561198202120684 ) R Alpha 1-2:1 (Kevin Tredup) REMOTE PURCHASED ITEM Exile_Item_SeedAstics FOR 12 POPTABS | PLAYER TOTAL MONEY: 5018
[12:36:30:830073 +02:00] [Thread 836] PLAYER: ( 76561198202120684 ) R Alpha 1-2:1 (Kevin Tredup) REMOTE PURCHASED ITEM Exile_Item_SeedAstics FOR 12 POPTABS | PLAYER TOTAL MONEY: 5006
[12:39:46:108884 +02:00] [Thread 10800] PLAYER: ( 76561198141018060 ) R Alpha 1-2:1 (Robert Schmidt) REMOTE SOLD ITEM H_HelmetLeaderO_oucamo FOR 100 POPTABS AND 10 RESPECT | PLAYER TOTAL MONEY: 951
[12:41:29:269663 +02:00] [Thread 13664] PLAYER: ( 76561198141018060 ) R Alpha 1-2:1 (Robert Schmidt) REMOTE PURCHASED ITEM Exile_Item_MountainDupe FOR 30 POPTABS | PLAYER TOTAL MONEY: 921
[12:41:30:214440 +02:00] [Thread 10800] PLAYER: ( 76561198141018060 ) R Alpha 1-2:1 (Robert Schmidt) REMOTE PURCHASED ITEM Exile_Item_MountainDupe FOR 30 POPTABS | PLAYER TOTAL MONEY: 891
[12:42:09:224359 +02:00] [Thread 836] PLAYER: ( 76561198141018060 ) R Alpha 1-2:1 (Robert Schmidt) REMOTE SOLD ITEM 30Rnd_45ACP_Mag_SMG_01 FOR 5 POPTABS AND 0.5 RESPECT | PLAYER TOTAL MONEY: 896
[12:42:10:323197 +02:00] [Thread 13664] PLAYER: ( 76561198141018060 ) R Alpha 1-2:1 (Robert Schmidt) REMOTE SOLD ITEM 30Rnd_45ACP_Mag_SMG_01 FOR 5 POPTABS AND 0.5 RESPECT | PLAYER TOTAL MONEY: 901
[12:42:11:566393 +02:00] [Thread 13664] PLAYER: ( 76561198141018060 ) R Alpha 1-2:1 (Robert Schmidt) REMOTE SOLD ITEM 30Rnd_45ACP_Mag_SMG_01 FOR 5 POPTABS AND 0.5 RESPECT | PLAYER TOTAL MONEY: 906
[12:42:13:214337 +02:00] [Thread 836] PLAYER: ( 76561198141018060 ) R Alpha 1-2:1 (Robert Schmidt) REMOTE SOLD ITEM SMG_01_F FOR 75 POPTABS AND 7.5 RESPECT | PLAYER TOTAL MONEY: 981
[12:57:19:275634 +02:00] [Thread 10800] PLAYER: ( 76561198141018060 ) R Alpha 1-2:1 (Robert Schmidt) REMOTE PURCHASED VEHICLE Exile_Car_Golf_Red FOR 8000 POPTABS | PLAYER TOTAL MONEY: 1781
[13:39:41:602403 +02:00] [Thread 13664] PLAYER: ( 76561198191441767 ) R Dark:4 (marvi) REMOTE SOLD ITEM: Exile_Car_OldTractor_Red (ID# 4) with Cargo [] FOR 600 POPTABS AND 60 RESPECT | PLAYER TOTAL MONEY: 600
[13:39:50:422089 +02:00] [Thread 10800] PLAYER: ( 76561198141018060 ) R Dark:1 (Robert Schmidt) REMOTE PURCHASED ITEM Exile_Item_Noodles FOR 14 POPTABS | PLAYER TOTAL MONEY: 986
[13:39:52:356947 +02:00] [Thread 836] PLAYER: ( 76561198141018060 ) R Dark:1 (Robert Schmidt) REMOTE PURCHASED ITEM Exile_Item_Noodles FOR 14 POPTABS | PLAYER TOTAL MONEY: 972
[13:39:54:856639 +02:00] [Thread 836] PLAYER: ( 76561198141018060 ) R Dark:1 (Robert Schmidt) REMOTE PURCHASED ITEM Exile_Item_Noodles FOR 14 POPTABS | PLAYER TOTAL MONEY: 958
[13:40:21:094478 +02:00] [Thread 10800] PLAYER: ( 76561198141018060 ) R Dark:1 (Robert Schmidt) REMOTE PURCHASED ITEM Exile_Item_Noodles FOR 14 POPTABS | PLAYER TOTAL MONEY: 944
[13:40:22:723224 +02:00] [Thread 836] PLAYER: ( 76561198141018060 ) R Dark:1 (Robert Schmidt) REMOTE PURCHASED ITEM Exile_Item_Noodles FOR 14 POPTABS | PLAYER TOTAL MONEY: 930
[13:41:56:148067 +02:00] [Thread 13664] PLAYER: ( 76561198141018060 ) R Dark:1 (Robert Schmidt) REMOTE SOLD ITEM: Exile_Car_Golf_Red (ID# 5) with Cargo ["Exile_Item_PlasticBottleFreshWater","10Rnd_93x64_DMR_05_Mag","Exile_Item_Vishpirin","10Rnd_93x64_DMR_05_Mag","Exile_Item_PlasticBottleEmpty","30Rnd_9x21_Yellow_Mag","30Rnd_9x21_Red_Mag","30Rnd_9x21_Red_Mag","30Rnd_9x21_Yellow_Mag","srifle_DMR_01_F","10Rnd_762x54_Mag","hgun_P07_khk_F","30Rnd_9x21_Red_Mag","arifle_MX_SW_F","100Rnd_65x39_caseless_mag","Exile_Weapon_DMR","srifle_DMR_05_hex_F","10Rnd_93x64_DMR_05_Mag","arifle_MX_SW_Black_F","muzzle_snds_93mmg_tan","muzzle_snds_93mmg","V_Chestrig_khk"] FOR 1743 POPTABS AND 174.3 RESPECT | PLAYER TOTAL MONEY: 2673
[13:45:34:970243 +02:00] [Thread 13664] PLAYER: ( 76561198141018060 ) R Dark:1 (Robert Schmidt) REMOTE SOLD ITEM: Exile_Car_Golf_Red (ID# 5) with Cargo ["Exile_Item_Can_Empty","Exile_Item_FuelCanisterEmpty","Exile_Item_Can_Empty","Exile_Item_Can_Empty","Exile_Item_Can_Empty","100Rnd_65x39_caseless_mag","100Rnd_65x39_caseless_mag","100Rnd_65x39_caseless_mag","30Rnd_9x21_Yellow_Mag","30Rnd_9x21_Yellow_Mag","Exile_Magazine_20Rnd_762x51_DMR_Yellow","Exile_Magazine_20Rnd_762x51_DMR_Yellow","10Rnd_762x54_Mag","10Rnd_762x54_Mag","10Rnd_762x54_Mag","H_Cap_tan_Syndikat_F","V_Chestrig_rgr","H_MilCap_rucamo","bipod_01_F_snd"] FOR 201 POPTABS AND 20.1 RESPECT | PLAYER TOTAL MONEY: 1201
[13:47:17:137484 +02:00] [Thread 836] PLAYER: ( 76561198141018060 ) R Dark:1 (Robert Schmidt) REMOTE PURCHASED ITEM Exile_Item_EnergyDrink FOR 40 POPTABS | PLAYER TOTAL MONEY: 960
[13:47:18:501386 +02:00] [Thread 12404] PLAYER: ( 76561198141018060 ) R Dark:1 (Robert Schmidt) REMOTE PURCHASED ITEM Exile_Item_EnergyDrink FOR 40 POPTABS | PLAYER TOTAL MONEY: 920
[13:47:24:048411 +02:00] [Thread 836] PLAYER: ( 76561198207815415 ) R Dark:2 (marvi (2)) REMOTE PURCHASED ITEM Exile_Item_EnergyDrink FOR 40 POPTABS | PLAYER TOTAL MONEY: 1034
[13:47:27:805427 +02:00] [Thread 12404] PLAYER: ( 76561198207815415 ) R Dark:2 (marvi (2)) REMOTE PURCHASED ITEM Exile_Item_EnergyDrink FOR 40 POPTABS | PLAYER TOTAL MONEY: 994
[13:47:29:760425 +02:00] [Thread 836] PLAYER: ( 76561198207815415 ) R Dark:2 (marvi (2)) REMOTE PURCHASED ITEM Exile_Item_EnergyDrink FOR 40 POPTABS | PLAYER TOTAL MONEY: 954
[13:47:31:122445 +02:00] [Thread 12404] PLAYER: ( 76561198207815415 ) R Dark:2 (marvi (2)) REMOTE PURCHASED ITEM Exile_Item_EnergyDrink FOR 40 POPTABS | PLAYER TOTAL MONEY: 914
[13:47:35:008579 +02:00] [Thread 836] PLAYER: ( 76561198141018060 ) R Dark:1 (Robert Schmidt) REMOTE PURCHASED ITEM Exile_Item_Noodles FOR 14 POPTABS | PLAYER TOTAL MONEY: 906
[13:47:35:886834 +02:00] [Thread 12404] PLAYER: ( 76561198141018060 ) R Dark:1 (Robert Schmidt) REMOTE PURCHASED ITEM Exile_Item_Noodles FOR 14 POPTABS | PLAYER TOTAL MONEY: 892
[13:48:06:192105 +02:00] [Thread 836] PLAYER: ( 76561198207815415 ) R Dark:2 (marvi (2)) REMOTE PURCHASED ITEM Exile_Item_Noodles FOR 14 POPTABS | PLAYER TOTAL MONEY: 900
[13:48:07:446148 +02:00] [Thread 12404] PLAYER: ( 76561198207815415 ) R Dark:2 (marvi (2)) REMOTE PURCHASED ITEM Exile_Item_Noodles FOR 14 POPTABS | PLAYER TOTAL MONEY: 886
[13:48:08:479130 +02:00] [Thread 836] PLAYER: ( 76561198207815415 ) R Dark:2 (marvi (2)) REMOTE PURCHASED ITEM Exile_Item_Noodles FOR 14 POPTABS | PLAYER TOTAL MONEY: 872
[13:48:09:380297 +02:00] [Thread 12404] PLAYER: ( 76561198207815415 ) R Dark:2 (marvi (2)) REMOTE PURCHASED ITEM Exile_Item_Noodles FOR 14 POPTABS | PLAYER TOTAL MONEY: 858
[13:53:42:903601 +02:00] [Thread 13664] PLAYER: ( 76561198141018060 ) R Dark:1 (Robert Schmidt) REMOTE SOLD ITEM: Exile_Car_Golf_Red (ID# 5) with Cargo ["130Rnd_338_Mag","30Rnd_762x39_Mag_Tracer_Green_F","20Rnd_762x51_Mag","MiniGrenade","MiniGrenade","SmokeShellOrange","muzzle_snds_93mmg_tan"] FOR 100 POPTABS AND 10 RESPECT | PLAYER TOTAL MONEY: 100
[14:43:03:951460 +02:00] [Thread 10800] PLAYER: ( 76561198191441767 ) R Dark:4 (marvi) REMOTE SOLD ITEM: Exile_Car_Ural_Covered_Worker (ID# <null>) with Cargo ["B_Bergen_blk","B_Carryall_oli","10Rnd_762x54_Mag","10Rnd_762x54_Mag","10Rnd_762x54_Mag","10Rnd_762x54_Mag","30Rnd_65x39_caseless_black_mag","30Rnd_65x39_caseless_black_mag","30Rnd_65x39_caseless_black_mag","100Rnd_65x39_caseless_mag","100Rnd_65x39_caseless_mag","arifle_MXM_Black_F","srifle_DMR_01_F","arifle_MX_Black_F","30Rnd_65x39_caseless_black_mag","arifle_MX_SW_F","100Rnd_65x39_caseless_mag","Exile_Weapon_AK107","Exile_Magazine_30Rnd_545x39_AK","ItemGPS"] FOR 1460 POPTABS AND 146 RESPECT | PLAYER TOTAL MONEY: 1460
[14:44:35:571442 +02:00] [Thread 12404] PLAYER: ( 76561198207815415 ) R Dark:2 (marvi (2)) REMOTE PURCHASED ITEM Exile_Item_EnergyDrink FOR 40 POPTABS | PLAYER TOTAL MONEY: 60
[14:44:36:868490 +02:00] [Thread 3812] PLAYER: ( 76561198207815415 ) R Dark:2 (marvi (2)) REMOTE PURCHASED ITEM Exile_Item_EnergyDrink FOR 40 POPTABS | PLAYER TOTAL MONEY: 20
[14:44:43:071675 +02:00] [Thread 12404] PLAYER: ( 76561198207815415 ) R Dark:2 (marvi (2)) REMOTE PURCHASED ITEM Exile_Item_Noodles FOR 14 POPTABS | PLAYER TOTAL MONEY: 6
[14:46:25:863153 +02:00] [Thread 3812] PLAYER: ( 76561198141018060 ) R Dark:1 (Robert Schmidt) REMOTE PURCHASED ITEM Exile_Item_CodeLock FOR 5000 POPTABS | PLAYER TOTAL MONEY: 89
[14:46:47:232393 +02:00] [Thread 12404] PLAYER: ( 76561198207815415 ) R Dark:2 (marvi (2)) REMOTE PURCHASED ITEM Exile_Item_EnergyDrink FOR 40 POPTABS | PLAYER TOTAL MONEY: 260
[14:46:48:474654 +02:00] [Thread 3812] PLAYER: ( 76561198207815415 ) R Dark:2 (marvi (2)) REMOTE PURCHASED ITEM Exile_Item_EnergyDrink FOR 40 POPTABS | PLAYER TOTAL MONEY: 220
[14:46:51:931451 +02:00] [Thread 12404] PLAYER: ( 76561198207815415 ) R Dark:2 (marvi (2)) REMOTE PURCHASED ITEM Exile_Item_Noodles FOR 14 POPTABS | PLAYER TOTAL MONEY: 206
[14:46:52:723451 +02:00] [Thread 3812] PLAYER: ( 76561198207815415 ) R Dark:2 (marvi (2)) REMOTE PURCHASED ITEM Exile_Item_Noodles FOR 14 POPTABS | PLAYER TOTAL MONEY: 192
[14:46:53:579625 +02:00] [Thread 12404] PLAYER: ( 76561198207815415 ) R Dark:2 (marvi (2)) REMOTE PURCHASED ITEM Exile_Item_Noodles FOR 14 POPTABS | PLAYER TOTAL MONEY: 178
[14:46:54:546552 +02:00] [Thread 3812] PLAYER: ( 76561198207815415 ) R Dark:2 (marvi (2)) REMOTE PURCHASED ITEM Exile_Item_Noodles FOR 14 POPTABS | PLAYER TOTAL MONEY: 164
[14:46:55:249607 +02:00] [Thread 12404] PLAYER: ( 76561198207815415 ) R Dark:2 (marvi (2)) REMOTE PURCHASED ITEM Exile_Item_Noodles FOR 14 POPTABS | PLAYER TOTAL MONEY: 150
[14:53:04:141081 +02:00] [Thread 12404] PLAYER: ( 76561198141018060 ) R Dark:1 (Robert Schmidt) REMOTE PURCHASED ITEM Exile_Item_DuctTape FOR 300 POPTABS | PLAYER TOTAL MONEY: 2700
[14:53:05:414038 +02:00] [Thread 3812] PLAYER: ( 76561198141018060 ) R Dark:1 (Robert Schmidt) REMOTE PURCHASED ITEM Exile_Item_DuctTape FOR 300 POPTABS | PLAYER TOTAL MONEY: 2400
[15:12:38:310149 +02:00] [Thread 10800] PLAYER: ( 76561198141018060 ) R Dark:1 (Robert Schmidt) REMOTE SOLD ITEM: Exile_Car_Volha_Blue (ID# <null>) with Cargo [] FOR 3000 POPTABS AND 300 RESPECT | PLAYER TOTAL MONEY: 4400
[15:13:13:899734 +02:00] [Thread 10800] PLAYER: ( 76561198141018060 ) R Dark:1 (Robert Schmidt) REMOTE SOLD ITEM: Exile_Car_Ural_Covered_Worker (ID# <null>) with Cargo ["Exile_Item_PlasticBottleEmpty"] FOR 14002 POPTABS AND 1400.2 RESPECT | PLAYER TOTAL MONEY: 18402
[15:13:49:991148 +02:00] [Thread 836] PLAYER: ( 76561198141018060 ) R Dark:1 (Robert Schmidt) REMOTE SOLD ITEM: Exile_Car_Golf_Red (ID# 5) with Cargo ["B_ViperHarness_ghex_F","10Rnd_93x64_DMR_05_Mag","3Rnd_HE_Grenade_shell","HandGrenade","100Rnd_65x39_caseless_black_mag","10Rnd_127x54_Mag","10Rnd_127x54_Mag","10Rnd_127x54_Mag","100Rnd_65x39_caseless_black_mag","optic_MRCO"] FOR 260 POPTABS AND 26 RESPECT | PLAYER TOTAL MONEY: 18662
[15:18:52:287858 +02:00] [Thread 12404] PLAYER: ( 76561198141018060 ) R Dark:1 (Robert Schmidt) REMOTE PURCHASED ITEM Exile_Item_DuctTape FOR 300 POPTABS | PLAYER TOTAL MONEY: 7851
[15:18:55:145705 +02:00] [Thread 10800] PLAYER: ( 76561198141018060 ) R Dark:1 (Robert Schmidt) REMOTE PURCHASED ITEM Exile_Item_DuctTape FOR 300 POPTABS | PLAYER TOTAL MONEY: 7551
[15:31:10:186902 +02:00] [Thread 12404] PLAYER: ( 76561198141018060 ) R Dark:1 (Robert Schmidt) REMOTE SOLD ITEM: Exile_Car_Golf_Red (ID# 5) with Cargo ["Exile_Weapon_PKP","Exile_Magazine_100Rnd_762x54_PK_Green","arifle_Mk20_plain_F","30Rnd_556x45_Stanag","srifle_DMR_02_camo_F","arifle_CTAR_hex_F","30Rnd_580x42_Mag_F","Exile_Weapon_RPK","Exile_Magazine_45Rnd_545x39_RPK_Green"] FOR 1037 POPTABS AND 103.7 RESPECT | PLAYER TOTAL MONEY: 1037
[15:31:49:086958 +02:00] [Thread 12404] PLAYER: ( 76561198141018060 ) R Dark:1 (Robert Schmidt) REMOTE SOLD ITEM: Exile_Car_Golf_Red (ID# 5) with Cargo ["Exile_Item_FuelCanisterFull","150Rnd_762x54_Box","150Rnd_762x54_Box","Exile_Melee_Axe","Exile_Magazine_Swing","Exile_Melee_Shovel","Exile_Magazine_Boing","optic_MRCO"] FOR 120 POPTABS AND 12 RESPECT | PLAYER TOTAL MONEY: 120
[18:32:11:040235 +02:00] [Thread 9172] PLAYER: ( 76561198202120684 ) R Alpha 1-4:1 (Kevin Tredup) REMOTE PURCHASED ITEM Exile_Item_MountainDupe FOR 30 POPTABS | PLAYER TOTAL MONEY: 1970
[18:32:12:331232 +02:00] [Thread 14008] PLAYER: ( 76561198202120684 ) R Alpha 1-4:1 (Kevin Tredup) REMOTE PURCHASED ITEM Exile_Item_MountainDupe FOR 30 POPTABS | PLAYER TOTAL MONEY: 1940
[18:32:13:342262 +02:00] [Thread 4864] PLAYER: ( 76561198202120684 ) R Alpha 1-4:1 (Kevin Tredup) REMOTE PURCHASED ITEM Exile_Item_MountainDupe FOR 30 POPTABS | PLAYER TOTAL MONEY: 1910
[18:32:15:738257 +02:00] [Thread 14008] PLAYER: ( 76561198202120684 ) R Alpha 1-4:1 (Kevin Tredup) REMOTE PURCHASED ITEM Exile_Item_SeedAstics FOR 12 POPTABS | PLAYER TOTAL MONEY: 1898
[18:32:18:423406 +02:00] [Thread 4864] PLAYER: ( 76561198202120684 ) R Alpha 1-4:1 (Kevin Tredup) REMOTE PURCHASED ITEM Exile_Item_SeedAstics FOR 12 POPTABS | PLAYER TOTAL MONEY: 1886
[18:32:19:192458 +02:00] [Thread 14008] PLAYER: ( 76561198202120684 ) R Alpha 1-4:1 (Kevin Tredup) REMOTE PURCHASED ITEM Exile_Item_SeedAstics FOR 12 POPTABS | PLAYER TOTAL MONEY: 1874
[18:32:20:138429 +02:00] [Thread 4864] PLAYER: ( 76561198202120684 ) R Alpha 1-4:1 (Kevin Tredup) REMOTE PURCHASED ITEM Exile_Item_SeedAstics FOR 12 POPTABS | PLAYER TOTAL MONEY: 1862
[18:32:51:924270 +02:00] [Thread 14008] PLAYER: ( 76561198202120684 ) R Alpha 1-4:1 (Kevin Tredup) REMOTE PURCHASED ITEM optic_ERCO_khk_F FOR 125 POPTABS | PLAYER TOTAL MONEY: 1737
[18:41:40:478100 +02:00] [Thread 4864] PLAYER: ( 76561198202120684 ) R DARK Party:4 (Kevin Tredup) REMOTE PURCHASED ITEM arifle_Mk20_GL_F FOR 200 POPTABS | PLAYER TOTAL MONEY: 1537
[18:41:53:170095 +02:00] [Thread 14008] PLAYER: ( 76561198202120684 ) R DARK Party:4 (Kevin Tredup) REMOTE PURCHASED ITEM 30Rnd_556x45_Stanag_Tracer_Yellow FOR 20 POPTABS | PLAYER TOTAL MONEY: 1517
[18:41:54:071190 +02:00] [Thread 4864] PLAYER: ( 76561198202120684 ) R DARK Party:4 (Kevin Tredup) REMOTE PURCHASED ITEM 30Rnd_556x45_Stanag_Tracer_Yellow FOR 20 POPTABS | PLAYER TOTAL MONEY: 1497
[18:41:54:972173 +02:00] [Thread 14008] PLAYER: ( 76561198202120684 ) R DARK Party:4 (Kevin Tredup) REMOTE PURCHASED ITEM 30Rnd_556x45_Stanag_Tracer_Yellow FOR 20 POPTABS | PLAYER TOTAL MONEY: 1477
[18:41:55:761093 +02:00] [Thread 4864] PLAYER: ( 76561198202120684 ) R DARK Party:4 (Kevin Tredup) REMOTE PURCHASED ITEM 30Rnd_556x45_Stanag_Tracer_Yellow FOR 20 POPTABS | PLAYER TOTAL MONEY: 1457
[19:04:16:071468 +02:00] [Thread 14008] PLAYER: ( 76561198141018060 ) R DARK Party:2 (Robert Schmidt) REMOTE SOLD ITEM: Exile_Car_Golf_Red (ID# 5) with Cargo ["Exile_Item_Handsaw","Exile_Item_FuelCanisterEmpty","Exile_Item_FuelCanisterEmpty","Exile_Item_Heatpack","30Rnd_556x45_Stanag","Exile_Item_GloriousKnakworst","Exile_Item_MountainDupe","Exile_Item_MountainDupe","Exile_Item_FuelCanisterEmpty","Exile_Item_MacasCheese","Exile_Item_CatFood","Exile_Item_PowerDrink","Exile_Item_FuelCanisterFull","Exile_Item_CockONut","16Rnd_9x21_Mag","Exile_Melee_Axe","hgun_Rook40_F","ItemMap","ItemMap","ItemCompass","ItemRadio","Exile_Item_XM8","Exile_Uniform_BambiOverall","U_O_OfficerUniform_ocamo","V_Press_F","optic_DMS"] FOR 692 POPTABS AND 69.2 RESPECT | PLAYER TOTAL MONEY: 692
[19:06:38:898979 +02:00] [Thread 9172] PLAYER: ( 76561198141018060 ) R DARK Party:2 (Robert Schmidt) REMOTE SOLD ITEM: Exile_Car_Volha_Blue (ID# <null>) with Cargo ["100Rnd_580x42_ghex_Mag_F","HandGrenade","APERSTripMine_Wire_Mag","DemoCharge_Remote_Mag","SmokeShellYellow","arifle_CTARS_ghex_F","100Rnd_580x42_ghex_Mag_F","Exile_Weapon_RPK","Exile_Magazine_45Rnd_545x39_RPK_Green","optic_KHS_old","V_PlateCarrierGL_blk","V_Chestrig_blk","NVGoggles"] FOR 4348 POPTABS AND 434.8 RESPECT | PLAYER TOTAL MONEY: 5040
[19:09:02:826614 +02:00] [Thread 9172] PLAYER: ( 76561198115606756 ) R DARK Party:1 (Dr. Ulli Cave) REMOTE SOLD ITEM H_Booniehat_khk FOR 3 POPTABS AND 0.3 RESPECT | PLAYER TOTAL MONEY: 1003
[19:09:11:510924 +02:00] [Thread 9172] PLAYER: ( 76561198141018060 ) R DARK Party:2 (Robert Schmidt) REMOTE SOLD ITEM: Exile_Car_UAZ_Open_Green (ID# <null>) with Cargo [] FOR 4000 POPTABS AND 400 RESPECT | PLAYER TOTAL MONEY: 16748
[19:09:42:249335 +02:00] [Thread 4864] PLAYER: ( 76561198115606756 ) R DARK Party:1 (Dr. Ulli Cave) REMOTE PURCHASED ITEM Exile_Item_Moobar FOR 8 POPTABS | PLAYER TOTAL MONEY: 995
[19:09:43:412226 +02:00] [Thread 4864] PLAYER: ( 76561198115606756 ) R DARK Party:1 (Dr. Ulli Cave) REMOTE PURCHASED ITEM Exile_Item_Moobar FOR 8 POPTABS | PLAYER TOTAL MONEY: 987
[19:09:44:269221 +02:00] [Thread 11180] PLAYER: ( 76561198115606756 ) R DARK Party:1 (Dr. Ulli Cave) REMOTE PURCHASED ITEM Exile_Item_Moobar FOR 8 POPTABS | PLAYER TOTAL MONEY: 979
[19:09:49:039296 +02:00] [Thread 4864] PLAYER: ( 76561198115606756 ) R DARK Party:1 (Dr. Ulli Cave) REMOTE PURCHASED ITEM Exile_Item_MountainDupe FOR 30 POPTABS | PLAYER TOTAL MONEY: 949
[19:09:49:948943 +02:00] [Thread 11180] PLAYER: ( 76561198115606756 ) R DARK Party:1 (Dr. Ulli Cave) REMOTE PURCHASED ITEM Exile_Item_MountainDupe FOR 30 POPTABS | PLAYER TOTAL MONEY: 919
[19:09:50:716302 +02:00] [Thread 4864] PLAYER: ( 76561198115606756 ) R DARK Party:1 (Dr. Ulli Cave) REMOTE PURCHASED ITEM Exile_Item_MountainDupe FOR 30 POPTABS | PLAYER TOTAL MONEY: 889
[19:10:36:209320 +02:00] [Thread 11180] PLAYER: ( 76561198191441767 ) R DARK Party:3 (marvi) REMOTE PURCHASED ITEM Exile_Item_Noodles FOR 14 POPTABS | PLAYER TOTAL MONEY: 986
[19:10:37:572151 +02:00] [Thread 11180] PLAYER: ( 76561198191441767 ) R DARK Party:3 (marvi) REMOTE PURCHASED ITEM Exile_Item_Noodles FOR 14 POPTABS | PLAYER TOTAL MONEY: 972
[19:10:38:624212 +02:00] [Thread 4864] PLAYER: ( 76561198191441767 ) R DARK Party:3 (marvi) REMOTE PURCHASED ITEM Exile_Item_Noodles FOR 14 POPTABS | PLAYER TOTAL MONEY: 958
[19:10:39:501256 +02:00] [Thread 11180] PLAYER: ( 76561198191441767 ) R DARK Party:3 (marvi) REMOTE PURCHASED ITEM Exile_Item_Noodles FOR 14 POPTABS | PLAYER TOTAL MONEY: 944
[19:10:41:394297 +02:00] [Thread 4864] PLAYER: ( 76561198191441767 ) R DARK Party:3 (marvi) REMOTE PURCHASED ITEM Exile_Item_EnergyDrink FOR 40 POPTABS | PLAYER TOTAL MONEY: 904
[19:10:42:162435 +02:00] [Thread 11180] PLAYER: ( 76561198191441767 ) R DARK Party:3 (marvi) REMOTE PURCHASED ITEM Exile_Item_EnergyDrink FOR 40 POPTABS | PLAYER TOTAL MONEY: 864
[19:10:42:864451 +02:00] [Thread 4864] PLAYER: ( 76561198191441767 ) R DARK Party:3 (marvi) REMOTE PURCHASED ITEM Exile_Item_EnergyDrink FOR 40 POPTABS | PLAYER TOTAL MONEY: 824
[19:11:27:804718 +02:00] [Thread 14008] PLAYER: ( 76561198141018060 ) R DARK Party:2 (Robert Schmidt) REMOTE SOLD ITEM: Exile_Bike_QuadBike_Black (ID# 1) with Cargo [] FOR 1250 POPTABS AND 125 RESPECT | PLAYER TOTAL MONEY: 22998
[19:13:13:581675 +02:00] [Thread 11180] PLAYER: ( 76561198141018060 ) R DARK Party:2 (Robert Schmidt) REMOTE PURCHASED VEHICLE Exile_Car_Ural_Covered_Worker FOR 28000 POPTABS | PLAYER TOTAL MONEY: 998
[20:14:00:106668 +02:00] [Thread 14008] PLAYER: ( 76561198191441767 ) R DARK Party:3 (marvi) REMOTE SOLD ITEM: Exile_Car_Ural_Covered_Worker (ID# 6) with Cargo ["B_FieldPack_oucamo","Exile_Item_PlasticBottleFreshWater","Exile_Item_Noodles","Exile_Item_PlasticBottleEmpty","Exile_Item_FuelCanisterFull","Exile_Item_Noodles","Exile_Item_EnergyDrink","Exile_Item_EnergyDrink","Exile_Item_EnergyDrink","Exile_Item_WoodStairsKit","Exile_Item_Cement","Exile_Item_WoodWallHalfKit","Exile_Item_Handsaw","Exile_Item_PortableGeneratorKit","Exile_Item_PortableGeneratorKit","Exile_Item_WoodStairsKit","Exile_Item_InstaDoc","Exile_Item_CatFood_Cooked","Exile_Item_Bandage","Exile_Item_ChristmasTinner_Cooked","Exile_Item_Bandage","Exile_Item_ChristmasTinner_Cooked","Exile_Item_WoodPlank","Exile_Item_Raisins","Exile_Item_CanOpener","Exile_Item_WoodStairsKit","Exile_Item_WoodDoorKit","Exile_Item_SafeKit","Exile_Item_Raisins","Exile_Item_Raisins","Exile_Item_CanOpener","Exile_Item_CanOpener","Exile_Item_WoodFloorKit","Exile_Item_WoodFloorKit","Exile_Item_WoodFloorKit","Exile_Item_MetalBoard","Exile_Item_MetalBoard","Exile_Item_Pliers","Exile_Item_Screwdriver","Exile_Item_BBQSandwich_Cooked","Exile_Item_SausageGravy_Cooked","Exile_Item_ConcreteStairsKit","Exile_Item_ConcreteDoorwayKit","Exile_Item_ConcreteDoorwayKit","Exile_Item_Pliers","Exile_Item_Pliers","Exile_Item_BBQSandwich_Cooked","Exile_Item_Screwdriver","Exile_Item_Noodles","Exile_Item_WoodWallKit","Exile_Item_WoodDoorwayKit","Exile_Item_JunkMetal","Exile_Item_WoodDoorwayKit","Exile_Item_ConcreteFloorPortKit","Exile_Item_JunkMetal","Exile_Item_JunkMetal","Exile_Item_JunkMetal","Exile_Item_JunkMetal","Exile_Item_GloriousKnakworst_Cooked","Exile_Item_GloriousKnakworst_Cooked","Exile_Item_JunkMetal","Exile_Item_JunkMetal","Exile_Item_WoodWindowKit","Exile_Item_Sand","Exile_Item_ConcreteFloorPortKit","Exile_Item_FortificationUpgrade","Exile_Item_Sand","Exile_Item_Sand","Exile_Item_SeedAstics","Exile_Item_Matches","Exile_Item_FortificationUpgrade","Exile_Item_Sand","Exile_Magazine_30Rnd_545x39_AK","Exile_Item_FortificationUpgrade","Exile_Item_Sand","Exile_Item_Sand","Exile_Item_SandBagsKit_Corner","Exile_Item_WoodWindowKit","Exile_Item_WoodWindowKit","Exile_Item_Matches","Exile_Item_Matches","Exile_Item_SandBagsKit_Corner","Exile_Item_SandBagsKit_Corner","Exile_Item_SandBagsKit_Corner","Exile_Item_ConcreteGateKit","Exile_Item_WoodFloorPortKit","Exile_Item_ConcreteWindowKit","Exile_Item_ConcreteWindowKit","Exile_Item_ConcreteWindowKit","Exile_Item_WoodFloorPortKit","Exile_Item_WoodFloorPortKit","Exile_Item_WoodFloorPortKit","Exile_Item_ConcreteDoorKit","Exile_Item_WoodGateKit","Exile_Item_WoodGateKit","Exile_Item_WoodGateKit","Exile_Item_WoodGateKit","Exile_Item_MetalPole","Exile_Item_MetalPole","Exile_Item_MetalPole","Exile_Item_MetalPole","Exile_Item_MetalPole","Exile_Magazine_30Rnd_545x39_AK","Exile_Magazine_30Rnd_545x39_AK","Exile_Magazine_30Rnd_545x39_AK","Exile_Magazine_30Rnd_545x39_AK","Exile_Magazine_30Rnd_545x39_AK","Exile_Magazine_10Rnd_9x39","Exile_Magazine_10Rnd_9x39","Exile_Magazine_10Rnd_9x39","Exile_Magazine_10Rnd_9x39","200Rnd_65x39_cased_Box","30Rnd_65x39_caseless_black_mag","200Rnd_65x39_cased_Box","200Rnd_65x39_cased_Box","30Rnd_65x39_caseless_black_mag","30Rnd_65x39_caseless_black_mag","30Rnd_65x39_caseless_black_mag","30Rnd_65x39_caseless_black_mag","30Rnd_65x39_caseless_black_mag","30Rnd_65x39_caseless_black_mag","30Rnd_65x39_caseless_black_mag","150Rnd_762x54_Box","150Rnd_762x54_Box","150Rnd_762x54_Box","150Rnd_762x54_Box","Exile_Magazine_10Rnd_762x54","150Rnd_762x54_Box","150Rnd_762x54_Box","Exile_Magazine_20Rnd_762x51_DMR","Exile_Magazine_20Rnd_762x51_DMR","Exile_Magazine_10Rnd_762x54","Exile_Magazine_10Rnd_762x54"] FOR 18633 POPTABS AND 1863.3 RESPECT | PLAYER TOTAL MONEY: 19983
[20:19:15:913198 +02:00] [Thread 10036] PLAYER: ( 76561198141018060 ) R DARK Party:2 (Robert Schmidt) REMOTE SOLD ITEM Exile_Weapon_AK107_GL FOR 210 POPTABS AND 21 RESPECT | PLAYER TOTAL MONEY: 1385
[20:19:56:776695 +02:00] [Thread 4864] PLAYER: ( 76561198141018060 ) R DARK Party:2 (Robert Schmidt) REMOTE SOLD ITEM Exile_Weapon_PKP FOR 190 POPTABS AND 19 RESPECT | PLAYER TOTAL MONEY: 1575
[20:23:58:528951 +02:00] [Thread 4864] PLAYER: ( 76561198191441767 ) R DARK Party:3 (marvi) REMOTE SOLD ITEM: Exile_Car_Ural_Covered_Worker (ID# 6) with Cargo ["20Rnd_762x51_Mag","20Rnd_762x51_Mag","20Rnd_762x51_Mag","20Rnd_762x51_Mag","20Rnd_762x51_Mag","20Rnd_762x51_Mag","20Rnd_762x51_Mag","16Rnd_9x21_Mag","10Rnd_93x64_DMR_05_Mag","10Rnd_93x64_DMR_05_Mag","10Rnd_93x64_DMR_05_Mag","10Rnd_762x54_Mag","10Rnd_762x54_Mag","10Rnd_762x54_Mag","30Rnd_65x39_caseless_green","30Rnd_65x39_caseless_green","30Rnd_65x39_caseless_green","30Rnd_65x39_caseless_green","30Rnd_65x39_caseless_green","30Rnd_65x39_caseless_green","10Rnd_93x64_DMR_05_Mag","10Rnd_93x64_DMR_05_Mag","10Rnd_93x64_DMR_05_Mag","30Rnd_65x39_caseless_green","150Rnd_762x54_Box","150Rnd_762x54_Box","Exile_Magazine_20Rnd_762x51_DMR","Exile_Magazine_20Rnd_762x51_DMR","Exile_Magazine_10Rnd_762x54","Exile_Magazine_10Rnd_762x54","Exile_Magazine_10Rnd_762x54","Exile_Magazine_10Rnd_762x54","Exile_Magazine_10Rnd_762x54","srifle_DMR_06_olive_F","20Rnd_762x51_Mag","Exile_Weapon_RPK","Exile_Magazine_45Rnd_545x39_RPK_Green","Exile_Weapon_AKS_Gold","Exile_Magazine_30Rnd_762x39_AK","hgun_Rook40_F","16Rnd_9x21_Mag","Exile_Melee_Axe","Exile_Magazine_Swing","MMG_01_hex_F","150Rnd_93x64_Mag","Exile_Weapon_AKS_Gold","Exile_Magazine_30Rnd_762x39_AK","Exile_Weapon_PK","Exile_Magazine_100Rnd_762x54_PK_Green","srifle_GM6_F","srifle_DMR_05_blk_F","arifle_Mk20_plain_F","30Rnd_556x45_Stanag","srifle_DMR_01_F","10Rnd_762x54_Mag","arifle_Katiba_GL_F","30Rnd_65x39_caseless_green","Exile_Weapon_PK","Exile_Magazine_100Rnd_762x54_PK_Green","srifle_EBR_F","Exile_Melee_SledgeHammer","Exile_Magazine_Swoosh","Exile_Weapon_SVDCamo","Exile_Weapon_CZ550","Exile_Magazine_5Rnd_22LR","srifle_DMR_02_F","Exile_Weapon_PKP","Exile_Magazine_100Rnd_762x54_PK_Green","Exile_Weapon_CZ550","Exile_Magazine_5Rnd_22LR"] FOR 5515 POPTABS AND 551.5 RESPECT | PLAYER TOTAL MONEY: 25498
[20:39:50:408743 +02:00] [Thread 4864] PLAYER: ( 76561198191441767 ) R DARK Party:3 (marvi) REMOTE SOLD ITEM: Exile_Car_Ural_Covered_Worker (ID# 6) with Cargo ["30Rnd_65x39_caseless_green","Exile_Item_FuelCanisterFull","30Rnd_65x39_caseless_green","10Rnd_762x54_Mag","30Rnd_556x45_Stanag","30Rnd_556x45_Stanag","30Rnd_556x45_Stanag","30Rnd_556x45_Stanag","30Rnd_556x45_Stanag","30Rnd_556x45_Stanag","30Rnd_556x45_Stanag","30Rnd_556x45_Stanag","Exile_Item_Handsaw","Exile_Item_PlasticBottleEmpty","30Rnd_556x45_Stanag","30Rnd_556x45_Stanag","30Rnd_556x45_Stanag","30Rnd_556x45_Stanag","30Rnd_556x45_Stanag","30Rnd_556x45_Stanag","30Rnd_556x45_Stanag","30Rnd_556x45_Stanag","30Rnd_556x45_Stanag","30Rnd_556x45_Stanag","30Rnd_556x45_Stanag","30Rnd_556x45_Stanag","Exile_Magazine_45Rnd_545x39_RPK_Green","Exile_Magazine_45Rnd_545x39_RPK_Green","Exile_Magazine_30Rnd_762x39_AK","Exile_Magazine_30Rnd_762x39_AK","Exile_Magazine_30Rnd_762x39_AK","Exile_Magazine_5Rnd_22LR","Exile_Magazine_5Rnd_22LR","Exile_Magazine_5Rnd_22LR","Exile_Magazine_5Rnd_22LR","Exile_Magazine_5Rnd_22LR","Exile_Magazine_5Rnd_22LR","Exile_Magazine_5Rnd_22LR","Exile_Magazine_5Rnd_22LR","Exile_Magazine_100Rnd_762x54_PK_Green","Exile_Magazine_100Rnd_762x54_PK_Green","Exile_Weapon_PKP","Exile_Magazine_100Rnd_762x54_PK_Green","Exile_Weapon_CZ550","Exile_Magazine_5Rnd_22LR","arifle_Mk20_GL_F","30Rnd_556x45_Stanag","arifle_Mk20_F","30Rnd_556x45_Stanag","LMG_Zafir_F","arifle_TRG21_F","30Rnd_556x45_Stanag","arifle_Mk20_plain_F","30Rnd_556x45_Stanag","arifle_TRG20_F","30Rnd_556x45_Stanag","MMG_01_hex_F","150Rnd_93x64_Mag","Exile_Weapon_CZ550","Exile_Magazine_5Rnd_22LR","Exile_Weapon_VSSVintorez","arifle_MX_Black_F","arifle_Katiba_GL_F","Exile_Weapon_AK74_GL","Exile_Weapon_PKP","Exile_Magazine_100Rnd_762x54_PK_Green","Exile_Weapon_AK107_GL","Exile_Weapon_DMR","LMG_Zafir_F","arifle_Katiba_F","srifle_DMR_01_F","10Rnd_762x54_Mag","arifle_TRG20_F","30Rnd_556x45_Stanag","LMG_Mk200_F","arifle_TRG21_F","30Rnd_556x45_Stanag","Exile_Weapon_CZ550","Exile_Magazine_5Rnd_22LR","Exile_Weapon_SVD","optic_Aco","optic_Nightstalker"] FOR 6057 POPTABS AND 605.7 RESPECT | PLAYER TOTAL MONEY: 6555
[20:41:16:122858 +02:00] [Thread 10036] PLAYER: ( 76561198115606756 ) R DARK Party:5 (Dr. Ulli Cave) REMOTE PURCHASED ITEM Exile_Item_EnergyDrink FOR 40 POPTABS | PLAYER TOTAL MONEY: 460
[20:41:17:332760 +02:00] [Thread 9172] PLAYER: ( 76561198115606756 ) R DARK Party:5 (Dr. Ulli Cave) REMOTE PURCHASED ITEM Exile_Item_EnergyDrink FOR 40 POPTABS | PLAYER TOTAL MONEY: 420
[20:41:22:799764 +02:00] [Thread 10036] PLAYER: ( 76561198115606756 ) R DARK Party:5 (Dr. Ulli Cave) REMOTE PURCHASED ITEM Exile_Item_Raisins FOR 10 POPTABS | PLAYER TOTAL MONEY: 410
[20:41:23:173821 +02:00] [Thread 9172] PLAYER: ( 76561198115606756 ) R DARK Party:5 (Dr. Ulli Cave) REMOTE PURCHASED ITEM Exile_Item_Raisins FOR 10 POPTABS | PLAYER TOTAL MONEY: 400
[20:41:23:503846 +02:00] [Thread 10036] PLAYER: ( 76561198115606756 ) R DARK Party:5 (Dr. Ulli Cave) REMOTE PURCHASED ITEM Exile_Item_Raisins FOR 10 POPTABS | PLAYER TOTAL MONEY: 390
[20:41:23:833748 +02:00] [Thread 9172] PLAYER: ( 76561198115606756 ) R DARK Party:5 (Dr. Ulli Cave) REMOTE PURCHASED ITEM Exile_Item_Raisins FOR 10 POPTABS | PLAYER TOTAL MONEY: 380
[20:41:53:930365 +02:00] [Thread 4864] PLAYER: ( 76561198191441767 ) R DARK Party:3 (marvi) REMOTE SOLD ITEM: Exile_Car_Ural_Covered_Worker (ID# 6) with Cargo ["Exile_Item_CatFood_Cooked","Exile_Magazine_100Rnd_762x54_PK_Green","Exile_Magazine_100Rnd_762x54_PK_Green","Exile_Magazine_100Rnd_762x54_PK_Green"] FOR 30 POPTABS AND 3 RESPECT | PLAYER TOTAL MONEY: 6585
[21:04:13:720484 +02:00] [Thread 10036] PLAYER: ( 76561198202120684 ) R DARK Party:4 (Kevin Tredup) REMOTE SOLD ITEM: Exile_Car_SUV_Grey (ID# <null>) with Cargo ["10Rnd_762x54_Mag","Exile_Magazine_5Rnd_22LR","Exile_Magazine_5Rnd_22LR","Exile_Magazine_30Rnd_762x39_AK","Exile_Magazine_30Rnd_762x39_AK","Exile_Magazine_5Rnd_22LR","Exile_Item_PlasticBottleEmpty","30Rnd_556x45_Stanag","30Rnd_556x45_Stanag","30Rnd_556x45_Stanag","Exile_Item_EnergyDrink","arifle_MXM_Black_F","30Rnd_65x39_caseless_black_mag","arifle_MX_GL_Black_F","arifle_Mk20_GL_F","arifle_MX_Black_F","arifle_MX_SW_Black_F","srifle_DMR_05_blk_F","10Rnd_93x64_DMR_05_Mag"] FOR 8512 POPTABS AND 851.2 RESPECT | PLAYER TOTAL MONEY: 8512
[21:04:30:527268 +02:00] [Thread 10036] PLAYER: ( 76561198115606756 ) R DarkV:3 (Dr. Ulli Cave) REMOTE SOLD ITEM: Exile_Car_SUV_Red (ID# <null>) with Cargo ["B_FieldPack_cbr","Exile_Item_Magazine04","Exile_Item_FuelCanisterEmpty","10Rnd_93x64_DMR_05_Mag","10Rnd_93x64_DMR_05_Mag","10Rnd_93x64_DMR_05_Mag","10Rnd_93x64_DMR_05_Mag","10Rnd_93x64_DMR_05_Mag","srifle_DMR_05_blk_F","optic_LRPS","10Rnd_93x64_DMR_05_Mag","Binocular","ItemGPS","H_HelmetSpecB_paint1"] FOR 7855 POPTABS AND 785.5 RESPECT | PLAYER TOTAL MONEY: 8285
[21:05:56:777711 +02:00] [Thread 11180] PLAYER: ( 76561198202120684 ) R DARK Party:4 (Kevin Tredup) REMOTE SOLD ITEM optic_Hamr FOR 100 POPTABS AND 10 RESPECT | PLAYER TOTAL MONEY: 1618
[21:05:58:227746 +02:00] [Thread 10036] PLAYER: ( 76561198202120684 ) R DARK Party:4 (Kevin Tredup) REMOTE SOLD ITEM optic_Hamr FOR 100 POPTABS AND 10 RESPECT | PLAYER TOTAL MONEY: 1718
[21:05:59:613808 +02:00] [Thread 11180] PLAYER: ( 76561198202120684 ) R DARK Party:4 (Kevin Tredup) REMOTE SOLD ITEM optic_Hamr FOR 100 POPTABS AND 10 RESPECT | PLAYER TOTAL MONEY: 1818
[21:06:01:654833 +02:00] [Thread 9172] PLAYER: ( 76561198202120684 ) R DARK Party:4 (Kevin Tredup) REMOTE SOLD ITEM Exile_Item_Bandage FOR 50 POPTABS AND 5 RESPECT | PLAYER TOTAL MONEY: 1868
[21:06:09:479941 +02:00] [Thread 10036] PLAYER: ( 76561198202120684 ) R DARK Party:4 (Kevin Tredup) REMOTE SOLD ITEM optic_Arco FOR 50 POPTABS AND 5 RESPECT | PLAYER TOTAL MONEY: 1918
[21:07:22:418617 +02:00] [Thread 11180] PLAYER: ( 76561198202120684 ) R DARK Party:4 (Kevin Tredup) REMOTE SOLD ITEM: Exile_Car_Tractor_Red (ID# <null>) with Cargo [] FOR 1000 POPTABS AND 100 RESPECT | PLAYER TOTAL MONEY: 2918
[21:11:47:706272 +02:00] [Thread 10036] PLAYER: ( 76561198202120684 ) R DARK Party:4 (Kevin Tredup) REMOTE PURCHASED ITEM Exile_Item_EnergyDrink FOR 40 POPTABS | PLAYER TOTAL MONEY: 2878
[21:11:48:300170 +02:00] [Thread 9172] PLAYER: ( 76561198202120684 ) R DARK Party:4 (Kevin Tredup) REMOTE PURCHASED ITEM Exile_Item_EnergyDrink FOR 40 POPTABS | PLAYER TOTAL MONEY: 2838
[21:11:48:784303 +02:00] [Thread 10036] PLAYER: ( 76561198202120684 ) R DARK Party:4 (Kevin Tredup) REMOTE PURCHASED ITEM Exile_Item_EnergyDrink FOR 40 POPTABS | PLAYER TOTAL MONEY: 2798
[21:11:49:223326 +02:00] [Thread 9172] PLAYER: ( 76561198202120684 ) R DARK Party:4 (Kevin Tredup) REMOTE PURCHASED ITEM Exile_Item_EnergyDrink FOR 40 POPTABS | PLAYER TOTAL MONEY: 2758
[21:11:49:813317 +02:00] [Thread 10036] PLAYER: ( 76561198202120684 ) R DARK Party:4 (Kevin Tredup) REMOTE PURCHASED ITEM Exile_Item_EnergyDrink FOR 40 POPTABS | PLAYER TOTAL MONEY: 2718
[21:11:51:629357 +02:00] [Thread 9172] PLAYER: ( 76561198202120684 ) R DARK Party:4 (Kevin Tredup) REMOTE PURCHASED ITEM Exile_Item_EnergyDrink FOR 40 POPTABS | PLAYER TOTAL MONEY: 2678
[21:11:54:071264 +02:00] [Thread 10036] PLAYER: ( 76561198202120684 ) R DARK Party:4 (Kevin Tredup) REMOTE PURCHASED ITEM Exile_Item_SeedAstics FOR 12 POPTABS | PLAYER TOTAL MONEY: 2666
[21:11:54:444379 +02:00] [Thread 9172] PLAYER: ( 76561198202120684 ) R DARK Party:4 (Kevin Tredup) REMOTE PURCHASED ITEM Exile_Item_SeedAstics FOR 12 POPTABS | PLAYER TOTAL MONEY: 2654
[21:11:54:840265 +02:00] [Thread 10036] PLAYER: ( 76561198202120684 ) R DARK Party:4 (Kevin Tredup) REMOTE PURCHASED ITEM Exile_Item_SeedAstics FOR 12 POPTABS | PLAYER TOTAL MONEY: 2642
[21:11:55:214330 +02:00] [Thread 9172] PLAYER: ( 76561198202120684 ) R DARK Party:4 (Kevin Tredup) REMOTE PURCHASED ITEM Exile_Item_SeedAstics FOR 12 POPTABS | PLAYER TOTAL MONEY: 2630
[21:11:55:544387 +02:00] [Thread 10036] PLAYER: ( 76561198202120684 ) R DARK Party:4 (Kevin Tredup) REMOTE PURCHASED ITEM Exile_Item_SeedAstics FOR 12 POPTABS | PLAYER TOTAL MONEY: 2618
[21:11:55:918379 +02:00] [Thread 9172] PLAYER: ( 76561198202120684 ) R DARK Party:4 (Kevin Tredup) REMOTE PURCHASED ITEM Exile_Item_SeedAstics FOR 12 POPTABS | PLAYER TOTAL MONEY: 2606
[21:25:16:201936 +02:00] [Thread 6108] PLAYER: ( 76561198141018060 ) R DarkV:3 (Robert Schmidt) REMOTE PURCHASED ITEM Exile_Item_Handsaw FOR 500 POPTABS | PLAYER TOTAL MONEY: 1145
[21:26:46:582648 +02:00] [Thread 3448] PLAYER: ( 76561198202120684 ) R DarkV:4 (Kevin Tredup) REMOTE PURCHASED VEHICLE Exile_Bike_QuadBike_Black FOR 2500 POPTABS | PLAYER TOTAL MONEY: 6
[21:36:41:609290 +02:00] [Thread 6108] PLAYER: ( 76561198141018060 ) R DarkV:3 (Robert Schmidt) REMOTE SOLD ITEM: Exile_Bike_QuadBike_Guerilla01 (ID# <null>) with Cargo [] FOR 1250 POPTABS AND 125 RESPECT | PLAYER TOTAL MONEY: 2395
[21:37:14:040530 +02:00] [Thread 8588] PLAYER: ( 76561198141018060 ) R DarkV:3 (Robert Schmidt) REMOTE PURCHASED ITEM Exile_Item_CanOpener FOR 80 POPTABS | PLAYER TOTAL MONEY: 2315
[21:37:49:757661 +02:00] [Thread 3448] PLAYER: ( 76561198141018060 ) R DarkV:3 (Robert Schmidt) REMOTE PURCHASED ITEM Exile_Item_Matches FOR 60 POPTABS | PLAYER TOTAL MONEY: 2255
[21:37:50:920623 +02:00] [Thread 8588] PLAYER: ( 76561198141018060 ) R DarkV:3 (Robert Schmidt) REMOTE PURCHASED ITEM Exile_Item_Matches FOR 60 POPTABS | PLAYER TOTAL MONEY: 2195
[22:27:32:669395 +02:00] [Thread 16196] PLAYER: ( 76561198191441767 ) R DarkV:1 (marvi) REMOTE PURCHASED ITEM Exile_Item_EnergyDrink FOR 40 POPTABS | PLAYER TOTAL MONEY: 6535
[22:27:37:576334 +02:00] [Thread 3448] PLAYER: ( 76561198191441767 ) R DarkV:1 (marvi) REMOTE PURCHASED ITEM Exile_Item_EnergyDrink FOR 40 POPTABS | PLAYER TOTAL MONEY: 6495
[22:27:39:396386 +02:00] [Thread 16196] PLAYER: ( 76561198191441767 ) R DarkV:1 (marvi) REMOTE PURCHASED ITEM Exile_Item_EnergyDrink FOR 40 POPTABS | PLAYER TOTAL MONEY: 6455
[22:27:40:420337 +02:00] [Thread 3448] PLAYER: ( 76561198191441767 ) R DarkV:1 (marvi) REMOTE PURCHASED ITEM Exile_Item_EnergyDrink FOR 40 POPTABS | PLAYER TOTAL MONEY: 6415
[22:27:42:043871 +02:00] [Thread 16196] PLAYER: ( 76561198191441767 ) R DarkV:1 (marvi) REMOTE PURCHASED ITEM Exile_Item_Noodles FOR 14 POPTABS | PLAYER TOTAL MONEY: 6401
[22:27:42:897577 +02:00] [Thread 3448] PLAYER: ( 76561198191441767 ) R DarkV:1 (marvi) REMOTE PURCHASED ITEM Exile_Item_Noodles FOR 14 POPTABS | PLAYER TOTAL MONEY: 6387
[22:27:43:796475 +02:00] [Thread 16196] PLAYER: ( 76561198191441767 ) R DarkV:1 (marvi) REMOTE PURCHASED ITEM Exile_Item_Noodles FOR 14 POPTABS | PLAYER TOTAL MONEY: 6373
[23:40:50:935277 +02:00] [Thread 3448] PLAYER: ( 76561198191441767 ) R DarkV:1 (marvi) REMOTE SOLD ITEM: Exile_Car_Volha_Blue (ID# <null>) with Cargo ["Exile_Magazine_30Rnd_762x39_AK","Exile_Magazine_30Rnd_762x39_AK","Exile_Magazine_30Rnd_762x39_AK","Exile_Magazine_30Rnd_762x39_AK","Exile_Magazine_30Rnd_762x39_AK","Exile_Magazine_30Rnd_762x39_AK","30Rnd_9x21_Green_Mag","Exile_Magazine_20Rnd_762x51_DMR","10Rnd_338_Mag","10Rnd_338_Mag","20Rnd_762x51_Mag","20Rnd_762x51_Mag","20Rnd_762x51_Mag","1Rnd_HE_Grenade_shell","10Rnd_338_Mag","Exile_Magazine_30Rnd_545x39_AK","20Rnd_762x51_Mag","20Rnd_762x51_Mag","20Rnd_762x51_Mag","30Rnd_65x39_caseless_green","30Rnd_65x39_caseless_green","30Rnd_65x39_caseless_green","Exile_Magazine_30Rnd_545x39_AK","Exile_Magazine_30Rnd_545x39_AK","150Rnd_93x64_Mag","Exile_Magazine_30Rnd_545x39_AK","150Rnd_93x64_Mag","srifle_DMR_03_khaki_F","20Rnd_762x51_Mag","Exile_Weapon_DMR","Exile_Magazine_20Rnd_762x51_DMR","Exile_Weapon_AKS_Gold","Exile_Magazine_30Rnd_762x39_AK","srifle_DMR_02_camo_F","optic_KHS_hex","10Rnd_338_Mag","SMG_02_F","30Rnd_9x21_Green_Mag","arifle_TRG20_F","optic_Arco","30Rnd_556x45_Stanag","Exile_Weapon_AKS_Gold","Exile_Magazine_30Rnd_762x39_AK","Exile_Weapon_PK"] FOR 5635 POPTABS AND 563.5 RESPECT | PLAYER TOTAL MONEY: 12008
[23:41:50:355346 +02:00] [Thread 16196] PLAYER: ( 76561198191441767 ) R DarkV:1 (marvi) REMOTE PURCHASED ITEM Exile_Item_EnergyDrink FOR 40 POPTABS | PLAYER TOTAL MONEY: 11368
[23:41:51:497307 +02:00] [Thread 6108] PLAYER: ( 76561198191441767 ) R DarkV:1 (marvi) REMOTE PURCHASED ITEM Exile_Item_EnergyDrink FOR 40 POPTABS | PLAYER TOTAL MONEY: 11328
[23:41:52:530438 +02:00] [Thread 16196] PLAYER: ( 76561198191441767 ) R DarkV:1 (marvi) REMOTE PURCHASED ITEM Exile_Item_EnergyDrink FOR 40 POPTABS | PLAYER TOTAL MONEY: 11288
[23:41:53:137356 +02:00] [Thread 6108] PLAYER: ( 76561198191441767 ) R DarkV:1 (marvi) REMOTE PURCHASED ITEM Exile_Item_EnergyDrink FOR 40 POPTABS | PLAYER TOTAL MONEY: 11248
[23:41:54:103473 +02:00] [Thread 16196] PLAYER: ( 76561198191441767 ) R DarkV:1 (marvi) REMOTE PURCHASED ITEM Exile_Item_EnergyDrink FOR 40 POPTABS | PLAYER TOTAL MONEY: 11208
[23:41:54:870473 +02:00] [Thread 6108] PLAYER: ( 76561198191441767 ) R DarkV:1 (marvi) REMOTE PURCHASED ITEM Exile_Item_EnergyDrink FOR 40 POPTABS | PLAYER TOTAL MONEY: 11168
[23:41:55:661409 +02:00] [Thread 16196] PLAYER: ( 76561198191441767 ) R DarkV:1 (marvi) REMOTE PURCHASED ITEM Exile_Item_EnergyDrink FOR 40 POPTABS | PLAYER TOTAL MONEY: 11128
[23:41:56:539583 +02:00] [Thread 6108] PLAYER: ( 76561198191441767 ) R DarkV:1 (marvi) REMOTE PURCHASED ITEM Exile_Item_EnergyDrink FOR 40 POPTABS | PLAYER TOTAL MONEY: 11088
[23:41:58:993513 +02:00] [Thread 16196] PLAYER: ( 76561198191441767 ) R DarkV:1 (marvi) REMOTE PURCHASED ITEM Exile_Item_Noodles FOR 14 POPTABS | PLAYER TOTAL MONEY: 11074
[23:41:59:323562 +02:00] [Thread 6108] PLAYER: ( 76561198191441767 ) R DarkV:1 (marvi) REMOTE PURCHASED ITEM Exile_Item_Noodles FOR 14 POPTABS | PLAYER TOTAL MONEY: 11060
[23:41:59:652573 +02:00] [Thread 16196] PLAYER: ( 76561198191441767 ) R DarkV:1 (marvi) REMOTE PURCHASED ITEM Exile_Item_Noodles FOR 14 POPTABS | PLAYER TOTAL MONEY: 11046
[23:41:59:981574 +02:00] [Thread 6108] PLAYER: ( 76561198191441767 ) R DarkV:1 (marvi) REMOTE PURCHASED ITEM Exile_Item_Noodles FOR 14 POPTABS | PLAYER TOTAL MONEY: 11032
[23:42:00:332494 +02:00] [Thread 16196] PLAYER: ( 76561198191441767 ) R DarkV:1 (marvi) REMOTE PURCHASED ITEM Exile_Item_Noodles FOR 14 POPTABS | PLAYER TOTAL MONEY: 11018
[23:42:00:661616 +02:00] [Thread 6108] PLAYER: ( 76561198191441767 ) R DarkV:1 (marvi) REMOTE PURCHASED ITEM Exile_Item_Noodles FOR 14 POPTABS | PLAYER TOTAL MONEY: 11004
[23:42:01:035598 +02:00] [Thread 16196] PLAYER: ( 76561198191441767 ) R DarkV:1 (marvi) REMOTE PURCHASED ITEM Exile_Item_Noodles FOR 14 POPTABS | PLAYER TOTAL MONEY: 10990
[23:42:01:387572 +02:00] [Thread 6108] PLAYER: ( 76561198191441767 ) R DarkV:1 (marvi) REMOTE PURCHASED ITEM Exile_Item_Noodles FOR 14 POPTABS | PLAYER TOTAL MONEY: 10976
[23:42:01:715585 +02:00] [Thread 16196] PLAYER: ( 76561198191441767 ) R DarkV:1 (marvi) REMOTE PURCHASED ITEM Exile_Item_Noodles FOR 14 POPTABS | PLAYER TOTAL MONEY: 10962
[23:42:02:067626 +02:00] [Thread 6108] PLAYER: ( 76561198191441767 ) R DarkV:1 (marvi) REMOTE PURCHASED ITEM Exile_Item_Noodles FOR 14 POPTABS | PLAYER TOTAL MONEY: 10948
[23:42:02:440669 +02:00] [Thread 16196] PLAYER: ( 76561198191441767 ) R DarkV:1 (marvi) REMOTE PURCHASED ITEM Exile_Item_Noodles FOR 14 POPTABS | PLAYER TOTAL MONEY: 10934
[23:42:02:749642 +02:00] [Thread 6108] PLAYER: ( 76561198191441767 ) R DarkV:1 (marvi) REMOTE PURCHASED ITEM Exile_Item_Noodles FOR 14 POPTABS | PLAYER TOTAL MONEY: 10920
[23:42:03:975599 +02:00] [Thread 16196] PLAYER: ( 76561198191441767 ) R DarkV:1 (marvi) REMOTE PURCHASED ITEM Exile_Item_EnergyDrink FOR 40 POPTABS | PLAYER TOTAL MONEY: 10880
[23:42:04:327665 +02:00] [Thread 6108] PLAYER: ( 76561198191441767 ) R DarkV:1 (marvi) REMOTE PURCHASED ITEM Exile_Item_EnergyDrink FOR 40 POPTABS | PLAYER TOTAL MONEY: 10840
[23:42:04:700593 +02:00] [Thread 16196] PLAYER: ( 76561198191441767 ) R DarkV:1 (marvi) REMOTE PURCHASED ITEM Exile_Item_EnergyDrink FOR 40 POPTABS | PLAYER TOTAL MONEY: 10800
[23:42:04:941764 +02:00] [Thread 6108] PLAYER: ( 76561198207815415 ) R DarkV:3 (marvi (2)) REMOTE PURCHASED ITEM Exile_Item_EnergyDrink FOR 40 POPTABS | PLAYER TOTAL MONEY: 560
[23:42:05:073610 +02:00] [Thread 16196] PLAYER: ( 76561198191441767 ) R DarkV:1 (marvi) REMOTE PURCHASED ITEM Exile_Item_EnergyDrink FOR 40 POPTABS | PLAYER TOTAL MONEY: 10760
[23:42:05:425618 +02:00] [Thread 6108] PLAYER: ( 76561198191441767 ) R DarkV:1 (marvi) REMOTE PURCHASED ITEM Exile_Item_EnergyDrink FOR 40 POPTABS | PLAYER TOTAL MONEY: 10720
[23:42:05:731818 +02:00] [Thread 16196] PLAYER: ( 76561198207815415 ) R DarkV:3 (marvi (2)) REMOTE PURCHASED ITEM Exile_Item_EnergyDrink FOR 40 POPTABS | PLAYER TOTAL MONEY: 520
[23:42:06:545639 +02:00] [Thread 6108] PLAYER: ( 76561198207815415 ) R DarkV:3 (marvi (2)) REMOTE PURCHASED ITEM Exile_Item_EnergyDrink FOR 40 POPTABS | PLAYER TOTAL MONEY: 480
[23:42:08:319948 +02:00] [Thread 16196] PLAYER: ( 76561198207815415 ) R DarkV:3 (marvi (2)) REMOTE PURCHASED ITEM Exile_Item_EnergyDrink FOR 40 POPTABS | PLAYER TOTAL MONEY: 440
[23:42:17:529958 +02:00] [Thread 6108] PLAYER: ( 76561198207815415 ) R DarkV:3 (marvi (2)) REMOTE PURCHASED ITEM Exile_Item_Noodles FOR 14 POPTABS | PLAYER TOTAL MONEY: 426
[23:42:18:408274 +02:00] [Thread 16196] PLAYER: ( 76561198207815415 ) R DarkV:3 (marvi (2)) REMOTE PURCHASED ITEM Exile_Item_Noodles FOR 14 POPTABS | PLAYER TOTAL MONEY: 412
[23:42:19:306872 +02:00] [Thread 6108] PLAYER: ( 76561198207815415 ) R DarkV:3 (marvi (2)) REMOTE PURCHASED ITEM Exile_Item_Noodles FOR 14 POPTABS | PLAYER TOTAL MONEY: 398
[23:42:20:010063 +02:00] [Thread 16196] PLAYER: ( 76561198207815415 ) R DarkV:3 (marvi (2)) REMOTE PURCHASED ITEM Exile_Item_Noodles FOR 14 POPTABS | PLAYER TOTAL MONEY: 384
[23:56:13:802015 +02:00] [Thread 6988] PLAYER: ( 76561198191441767 ) R DarkV:1 (marvi) REMOTE SOLD ITEM: Exile_Car_Ural_Covered_Worker (ID# 6) with Cargo ["B_Kitbag_mcamo","B_Kitbag_mcamo","7Rnd_408_Mag","7Rnd_408_Mag","Exile_Magazine_30Rnd_545x39_AK","10Rnd_338_Mag","10Rnd_338_Mag","Exile_Magazine_30Rnd_545x39_AK","Exile_Magazine_30Rnd_545x39_AK","Exile_Weapon_AK74_GL","srifle_LRR_F","7Rnd_408_Mag"] FOR 900 POPTABS AND 90 RESPECT | PLAYER TOTAL MONEY: 1680
[23:58:32:730425 +02:00] [Thread 16196] PLAYER: ( 76561198191441767 ) R DarkV:1 (marvi) REMOTE PURCHASED VEHICLE SKIN ["Exile_psycho_Ural\data\ural_kabina_khk_co.paa","Exile_psycho_Ural\data\ural_plachta_co.paa"] (Exile_Car_Ural_Covered_Abstract) FOR 300 POPTABS | PLAYER TOTAL MONEY: 4180
[00:06:26:168334 +02:00] [Thread 3448] PLAYER: ( 76561198137347034 ) R DarkV:2 (IDCA) REMOTE PURCHASED ITEM Exile_Item_Noodles FOR 14 POPTABS | PLAYER TOTAL MONEY: 246
[00:06:27:160211 +02:00] [Thread 6108] PLAYER: ( 76561198137347034 ) R DarkV:2 (IDCA) REMOTE PURCHASED ITEM Exile_Item_Noodles FOR 14 POPTABS | PLAYER TOTAL MONEY: 232
[00:06:28:323344 +02:00] [Thread 3448] PLAYER: ( 76561198137347034 ) R DarkV:2 (IDCA) REMOTE PURCHASED ITEM Exile_Item_Noodles FOR 14 POPTABS | PLAYER TOTAL MONEY: 218
[00:06:29:353295 +02:00] [Thread 6108] PLAYER: ( 76561198137347034 ) R DarkV:2 (IDCA) REMOTE PURCHASED ITEM Exile_Item_Noodles FOR 14 POPTABS | PLAYER TOTAL MONEY: 204
[00:06:30:271288 +02:00] [Thread 3448] PLAYER: ( 76561198137347034 ) R DarkV:2 (IDCA) REMOTE PURCHASED ITEM Exile_Item_Noodles FOR 14 POPTABS | PLAYER TOTAL MONEY: 190
