[03:01:09:256796 +02:00] [Thread 9800] PLAYER: ( 76561198191441767 ) R DarkV:1 (marvi) REMOTE PURCHASED ITEM 5Rnd_127x108_APDS_Mag FOR 50 POPTABS | PLAYER TOTAL MONEY: 1080
[03:01:09:650825 +02:00] [Thread 11432] PLAYER: ( 76561198191441767 ) R DarkV:1 (marvi) REMOTE PURCHASED ITEM 5Rnd_127x108_APDS_Mag FOR 50 POPTABS | PLAYER TOTAL MONEY: 1030
[03:01:10:002780 +02:00] [Thread 9800] PLAYER: ( 76561198191441767 ) R DarkV:1 (marvi) REMOTE PURCHASED ITEM 5Rnd_127x108_APDS_Mag FOR 50 POPTABS | PLAYER TOTAL MONEY: 980
[03:01:10:356004 +02:00] [Thread 11432] PLAYER: ( 76561198191441767 ) R DarkV:1 (marvi) REMOTE PURCHASED ITEM 5Rnd_127x108_APDS_Mag FOR 50 POPTABS | PLAYER TOTAL MONEY: 930
[03:01:10:771708 +02:00] [Thread 9800] PLAYER: ( 76561198191441767 ) R DarkV:1 (marvi) REMOTE PURCHASED ITEM 5Rnd_127x108_APDS_Mag FOR 50 POPTABS | PLAYER TOTAL MONEY: 880
[03:01:11:188720 +02:00] [Thread 16588] PLAYER: ( 76561198191441767 ) R DarkV:1 (marvi) REMOTE PURCHASED ITEM 5Rnd_127x108_APDS_Mag FOR 50 POPTABS | PLAYER TOTAL MONEY: 830
[03:01:11:736716 +02:00] [Thread 9800] PLAYER: ( 76561198191441767 ) R DarkV:1 (marvi) REMOTE PURCHASED ITEM 5Rnd_127x108_APDS_Mag FOR 50 POPTABS | PLAYER TOTAL MONEY: 780
[03:01:12:176744 +02:00] [Thread 16588] PLAYER: ( 76561198191441767 ) R DarkV:1 (marvi) REMOTE PURCHASED ITEM 5Rnd_127x108_APDS_Mag FOR 50 POPTABS | PLAYER TOTAL MONEY: 730
[03:01:12:593827 +02:00] [Thread 9800] PLAYER: ( 76561198191441767 ) R DarkV:1 (marvi) REMOTE PURCHASED ITEM 5Rnd_127x108_APDS_Mag FOR 50 POPTABS | PLAYER TOTAL MONEY: 680
[03:01:12:987742 +02:00] [Thread 16588] PLAYER: ( 76561198191441767 ) R DarkV:1 (marvi) REMOTE PURCHASED ITEM 5Rnd_127x108_APDS_Mag FOR 50 POPTABS | PLAYER TOTAL MONEY: 630
[03:01:13:382885 +02:00] [Thread 9800] PLAYER: ( 76561198191441767 ) R DarkV:1 (marvi) REMOTE PURCHASED ITEM 5Rnd_127x108_APDS_Mag FOR 50 POPTABS | PLAYER TOTAL MONEY: 580
[03:01:13:778677 +02:00] [Thread 16588] PLAYER: ( 76561198191441767 ) R DarkV:1 (marvi) REMOTE PURCHASED ITEM 5Rnd_127x108_APDS_Mag FOR 50 POPTABS | PLAYER TOTAL MONEY: 530
[03:01:14:152740 +02:00] [Thread 9800] PLAYER: ( 76561198191441767 ) R DarkV:1 (marvi) REMOTE PURCHASED ITEM 5Rnd_127x108_APDS_Mag FOR 50 POPTABS | PLAYER TOTAL MONEY: 480
[03:01:14:548907 +02:00] [Thread 16588] PLAYER: ( 76561198191441767 ) R DarkV:1 (marvi) REMOTE PURCHASED ITEM 5Rnd_127x108_APDS_Mag FOR 50 POPTABS | PLAYER TOTAL MONEY: 430
[03:01:14:899819 +02:00] [Thread 9800] PLAYER: ( 76561198191441767 ) R DarkV:1 (marvi) REMOTE PURCHASED ITEM 5Rnd_127x108_APDS_Mag FOR 50 POPTABS | PLAYER TOTAL MONEY: 380
[03:01:15:273727 +02:00] [Thread 16588] PLAYER: ( 76561198191441767 ) R DarkV:1 (marvi) REMOTE PURCHASED ITEM 5Rnd_127x108_APDS_Mag FOR 50 POPTABS | PLAYER TOTAL MONEY: 330
[03:01:15:647013 +02:00] [Thread 9800] PLAYER: ( 76561198191441767 ) R DarkV:1 (marvi) REMOTE PURCHASED ITEM 5Rnd_127x108_APDS_Mag FOR 50 POPTABS | PLAYER TOTAL MONEY: 280
[03:01:16:021777 +02:00] [Thread 16588] PLAYER: ( 76561198191441767 ) R DarkV:1 (marvi) REMOTE PURCHASED ITEM 5Rnd_127x108_APDS_Mag FOR 50 POPTABS | PLAYER TOTAL MONEY: 230
[03:01:16:372957 +02:00] [Thread 9800] PLAYER: ( 76561198191441767 ) R DarkV:1 (marvi) REMOTE PURCHASED ITEM 5Rnd_127x108_APDS_Mag FOR 50 POPTABS | PLAYER TOTAL MONEY: 180
[03:01:16:746763 +02:00] [Thread 16588] PLAYER: ( 76561198191441767 ) R DarkV:1 (marvi) REMOTE PURCHASED ITEM 5Rnd_127x108_APDS_Mag FOR 50 POPTABS | PLAYER TOTAL MONEY: 130
[03:01:17:076767 +02:00] [Thread 9800] PLAYER: ( 76561198191441767 ) R DarkV:1 (marvi) REMOTE PURCHASED ITEM 5Rnd_127x108_APDS_Mag FOR 50 POPTABS | PLAYER TOTAL MONEY: 80
[03:01:17:471831 +02:00] [Thread 16588] PLAYER: ( 76561198191441767 ) R DarkV:1 (marvi) REMOTE PURCHASED ITEM 5Rnd_127x108_APDS_Mag FOR 50 POPTABS | PLAYER TOTAL MONEY: 30
[03:26:30:726801 +02:00] [Thread 11432] PLAYER: ( 76561198191441767 ) R DarkV:1 (marvi) REMOTE SOLD ITEM: Exile_Car_OldTractor_Red (ID# <null>) with Cargo [] FOR 600 POPTABS AND 60 RESPECT | PLAYER TOTAL MONEY: 9524
[03:26:45:889999 +02:00] [Thread 11432] PLAYER: ( 76561198207815415 ) R DarkV:2 (Paulinchen) REMOTE SOLD ITEM: Exile_Car_Ural_Covered_Blue (ID# <null>) with Cargo ["B_Carryall_oli","B_FieldPack_cbr","B_Kitbag_mcamo","B_Carryall_mcamo","B_Kitbag_mcamo","B_FieldPack_oucamo","B_Bergen_rgr","Exile_Magazine_30Rnd_545x39_AK","Exile_Item_EnergyDrink","Exile_Item_InstaDoc","Exile_Item_BBQSandwich","30Rnd_65x39_caseless_green","30Rnd_65x39_caseless_green","30Rnd_65x39_caseless_green","30Rnd_65x39_caseless_green","Exile_Item_EnergyDrink","30Rnd_65x39_caseless_green","11Rnd_45ACP_Mag","11Rnd_45ACP_Mag","Exile_Item_EnergyDrink","Exile_Item_EnergyDrink","Exile_Item_InstaDoc","Exile_Item_BBQSandwich","Exile_Item_EnergyDrink","30Rnd_65x39_caseless_green","30Rnd_65x39_caseless_green","30Rnd_65x39_caseless_green","30Rnd_65x39_caseless_green","Exile_Magazine_6Rnd_45ACP","Exile_Item_Vishpirin","Exile_Item_EnergyDrink","Exile_Item_InstaDoc","Exile_Item_BBQSandwich","Exile_Item_EnergyDrink","30Rnd_65x39_caseless_green","30Rnd_65x39_caseless_green","30Rnd_65x39_caseless_green","30Rnd_65x39_caseless_green","Exile_Magazine_8Rnd_9x18","Exile_Item_BBQSandwich","Exile_Item_EnergyDrink","30Rnd_65x39_caseless_green","30Rnd_65x39_caseless_green","30Rnd_65x39_caseless_green","30Rnd_65x39_caseless_green","30Rnd_65x39_caseless_green","30Rnd_65x39_caseless_green","16Rnd_9x21_Mag","Exile_Item_Vishpirin","Exile_Item_CatFood_Cooked","Exile_Item_InstaDoc","Exile_Item_BBQSandwich","Exile_Item_EnergyDrink","Exile_Magazine_30Rnd_545x39_AK","Exile_Magazine_30Rnd_545x39_AK","Exile_Magazine_30Rnd_545x39_AK","Exile_Magazine_30Rnd_545x39_AK","Exile_Magazine_30Rnd_545x39_AK","Exile_Magazine_6Rnd_45ACP","Exile_Magazine_6Rnd_45ACP","arifle_Katiba_GL_F","optic_DMS","30Rnd_65x39_caseless_green","Exile_Weapon_Makarov","Exile_Magazine_8Rnd_9x18","Exile_Weapon_Taurus","Exile_Magazine_6Rnd_45ACP","arifle_Katiba_GL_F","optic_Holosight","30Rnd_65x39_caseless_green","arifle_Mk20_F","optic_Aco","30Rnd_556x45_Stanag","Exile_Weapon_Colt1911","Exile_Magazine_7Rnd_45ACP","arifle_Katiba_F","optic_DMS","30Rnd_65x39_caseless_green","Exile_Weapon_Makarov","Exile_Magazine_8Rnd_9x18","Exile_Weapon_Colt1911","Exile_Magazine_7Rnd_45ACP","arifle_TRG21_GL_F","optic_Holosight","30Rnd_556x45_Stanag","Exile_Weapon_Makarov","Exile_Magazine_8Rnd_9x18","hgun_ACPC2_F","9Rnd_45ACP_Mag","arifle_TRG21_F","optic_Arco","30Rnd_556x45_Stanag","arifle_TRG20_F","30Rnd_556x45_Stanag","Exile_Weapon_TaurusGold","Exile_Magazine_6Rnd_45ACP","hgun_Rook40_F","16Rnd_9x21_Mag","arifle_Mk20_GL_F","30Rnd_556x45_Stanag","hgun_P07_F","16Rnd_9x21_Mag","arifle_Mk20_plain_F","30Rnd_556x45_Stanag","arifle_Katiba_F","optic_DMS","30Rnd_65x39_caseless_green","Exile_Weapon_TaurusGold","Exile_Magazine_6Rnd_45ACP","Exile_Weapon_AK107","optic_Arco","Exile_Magazine_30Rnd_545x39_AK","Exile_Weapon_AK74_GL","optic_DMS","Exile_Magazine_30Rnd_545x39_AK","arifle_Katiba_GL_F","optic_MRCO","30Rnd_65x39_caseless_green","Exile_Weapon_Taurus","Exile_Magazine_6Rnd_45ACP","V_PlateCarrierSpec_mtp","U_BG_Guerilla2_3","V_PlateCarrierIA2_dgtl","U_BG_Guerilla1_1","V_PlateCarrierGL_blk","V_PlateCarrierGL_blk","U_I_OfficerUniform","U_BG_Guerilla3_1","V_PlateCarrierL_CTRG","V_PlateCarrierL_CTRG","U_O_CombatUniform_ocamo","U_O_CombatUniform_ocamo","U_BG_Guerilla2_2","V_PlateCarrierSpec_rgr"] FOR 21876 POPTABS AND 2187.6 RESPECT | PLAYER TOTAL MONEY: 22261
[03:44:49:270073 +02:00] [Thread 11432] PLAYER: ( 76561198207815415 ) R DarkV:2 (Paulinchen) REMOTE SOLD ITEM: Exile_Car_Volha_White (ID# <null>) with Cargo [] FOR 3000 POPTABS AND 300 RESPECT | PLAYER TOTAL MONEY: 3000
[03:46:56:056334 +02:00] [Thread 11432] PLAYER: ( 76561198207815415 ) R DarkV:2 (Paulinchen) REMOTE SOLD ITEM: Exile_Car_Volha_Blue (ID# <null>) with Cargo [] FOR 3000 POPTABS AND 300 RESPECT | PLAYER TOTAL MONEY: 6000
[04:00:16:183883 +02:00] [Thread 9800] PLAYER: ( 76561198191441767 ) R DarkV:1 (marvi) REMOTE PURCHASED ITEM Land_Cargo20_military_green_F_Kit FOR 50000 POPTABS | PLAYER TOTAL MONEY: 10000
[04:03:34:736559 +02:00] [Thread 11432] PLAYER: ( 76561198191441767 ) R DarkV:1 (marvi) REMOTE PURCHASED ITEM Exile_Item_SafeKit FOR 25000 POPTABS | PLAYER TOTAL MONEY: 25000
[04:03:35:751816 +02:00] [Thread 9800] PLAYER: ( 76561198191441767 ) R DarkV:1 (marvi) REMOTE PURCHASED ITEM Exile_Item_SafeKit FOR 25000 POPTABS | PLAYER TOTAL MONEY: 0
[04:46:17:028883 +02:00] [Thread 10836] PLAYER: ( 76561198207815415 ) R DarkV:2 (Paulinchen) REMOTE SOLD ITEM: Exile_Car_Volha_Black (ID# 28) with Cargo ["Exile_Item_InstaDoc","Exile_Item_BBQSandwich","Exile_Item_EnergyDrink","Exile_Magazine_6Rnd_45ACP","Exile_Magazine_6Rnd_45ACP","Exile_Magazine_30Rnd_545x39_AK","Exile_Magazine_30Rnd_545x39_AK","Exile_Magazine_30Rnd_545x39_AK","Exile_Magazine_30Rnd_545x39_AK","Exile_Magazine_30Rnd_545x39_AK","Exile_Magazine_10Rnd_762x54","Exile_Magazine_10Rnd_762x54","Exile_Magazine_10Rnd_762x54","Exile_Item_Surstromming_Cooked","Exile_Item_Surstromming_Cooked","Exile_Item_PlasticBottleCoffee","Exile_Item_PowerDrink","Exile_Item_Vishpirin","Exile_Item_InstaDoc","Exile_Item_CatFood_Cooked","Exile_Item_PlasticBottleFreshWater","100Rnd_65x39_caseless_black_mag","100Rnd_65x39_caseless_black_mag","9Rnd_45ACP_Mag","9Rnd_45ACP_Mag","130Rnd_338_Mag","Exile_Weapon_AK107_GL","optic_Arco","Exile_Magazine_30Rnd_545x39_AK","Exile_Weapon_Taurus","Exile_Magazine_6Rnd_45ACP","arifle_MX_GL_Black_F","optic_Holosight","30Rnd_65x39_caseless_black_mag","Exile_Weapon_SVD","optic_LRPS_tna_F","Exile_Magazine_10Rnd_762x54","hgun_Pistol_heavy_02_F","6Rnd_45ACP_Cylinder","hgun_ACPC2_F","9Rnd_45ACP_Mag","arifle_MX_SW_Black_F","100Rnd_65x39_caseless_black_mag","bipod_01_F_blk","hgun_ACPC2_F","9Rnd_45ACP_Mag","arifle_Mk20_GL_F","optic_Arco","30Rnd_556x45_Stanag","arifle_TRG21_GL_F","optic_Aco","30Rnd_556x45_Stanag","Exile_Weapon_TaurusGold","Exile_Magazine_6Rnd_45ACP","arifle_MX_Black_F","optic_Hamr","30Rnd_65x39_caseless_black_mag","bipod_02_F_tan","arifle_Katiba_GL_F","optic_Aco","30Rnd_65x39_caseless_green","Exile_Weapon_Colt1911","Exile_Magazine_7Rnd_45ACP","Exile_Weapon_AK47","optic_MRCO","Exile_Magazine_30Rnd_762x39_AK","hgun_Pistol_heavy_02_F","6Rnd_45ACP_Cylinder","hgun_P07_F","16Rnd_9x21_Mag"] FOR 7349 POPTABS AND 734.9 RESPECT | PLAYER TOTAL MONEY: 10211
[04:48:23:119183 +02:00] [Thread 9800] PLAYER: ( 76561198207815415 ) R DarkV:2 (Paulinchen) REMOTE SOLD ITEM: Exile_Car_Tractor_Red (ID# <null>) with Cargo [] FOR 1000 POPTABS AND 100 RESPECT | PLAYER TOTAL MONEY: 11211
[04:54:45:257619 +02:00] [Thread 9800] PLAYER: ( 76561198207815415 ) R DarkV:2 (Paulinchen) REMOTE SOLD ITEM: Exile_Car_Lada_Green (ID# <null>) with Cargo [] FOR 3000 POPTABS AND 300 RESPECT | PLAYER TOTAL MONEY: 14211
[13:34:42:415975 +02:00] [Thread 5816] PLAYER: ( 76561198202120684 ) R DarkV:2 (Kevin Tredup) REMOTE SOLD ITEM: Exile_Car_Ural_Covered_Yellow (ID# <null>) with Cargo [] FOR 14000 POPTABS AND 1400 RESPECT | PLAYER TOTAL MONEY: 14250
[17:34:25:689939 +02:00] [Thread 4320] PLAYER: ( 76561198202120684 ) R DarkV:2 (Kevin Tredup) REMOTE SOLD ITEM: Exile_Car_Volha_Blue (ID# <null>) with Cargo [] FOR 3000 POPTABS AND 300 RESPECT | PLAYER TOTAL MONEY: 3000
[17:52:57:515442 +02:00] [Thread 9220] PLAYER: ( 76561198202120684 ) R DarkV:2 (Kevin Tredup) REMOTE SOLD ITEM: Exile_Car_Ural_Covered_Military (ID# <null>) with Cargo [] FOR 14000 POPTABS AND 1400 RESPECT | PLAYER TOTAL MONEY: 14250
[18:54:03:262889 +02:00] [Thread 6184] PLAYER: ( 76561198191441767 ) R DarkV:1 (marvi) REMOTE PURCHASED VEHICLE Exile_Chopper_Huron_Black FOR 50000 POPTABS | PLAYER TOTAL MONEY: 300
[19:10:38:609523 +02:00] [Thread 8484] PLAYER: ( 76561198141018060 ) R DarkV:3 (Robert Schmidt) REMOTE PURCHASED ITEM Land_CargoBox_V1_F_Kit FOR 60000 POPTABS | PLAYER TOTAL MONEY: 0
[19:11:17:918568 +02:00] [Thread 8484] PLAYER: ( 76561198141018060 ) R DarkV:3 (Robert Schmidt) REMOTE PURCHASED ITEM Exile_Item_CodeLock FOR 5000 POPTABS | PLAYER TOTAL MONEY: 0
[19:49:39:723828 +02:00] [Thread 11520] PLAYER: ( 76561198191441767 ) R DarkV:1 (marvi) REMOTE SOLD ITEM: Exile_Chopper_Huron_Black (ID# 30) with Cargo ["Exile_Item_Bandage","Exile_Item_InstaDoc","Exile_Item_BBQSandwich","Exile_Item_EnergyDrink","Exile_Magazine_30Rnd_545x39_AK","Exile_Magazine_30Rnd_545x39_AK","Exile_Magazine_30Rnd_545x39_AK","Exile_Magazine_30Rnd_545x39_AK","Exile_Magazine_30Rnd_545x39_AK","Exile_Magazine_30Rnd_545x39_AK","Exile_Magazine_6Rnd_45ACP","Exile_Item_PlasticBottleFreshWater","Exile_Item_Matches","20Rnd_762x51_Mag","20Rnd_762x51_Mag","20Rnd_762x51_Mag","20Rnd_762x51_Mag","20Rnd_762x51_Mag","20Rnd_762x51_Mag","11Rnd_45ACP_Mag","11Rnd_45ACP_Mag","Exile_Item_Bandage","Exile_Item_CatFood_Cooked","Exile_Item_InstaDoc","Exile_Item_BBQSandwich","Exile_Item_EnergyDrink","Exile_Magazine_30Rnd_545x39_AK","Exile_Magazine_30Rnd_545x39_AK","Exile_Magazine_30Rnd_545x39_AK","Exile_Magazine_30Rnd_545x39_AK","Exile_Magazine_30Rnd_545x39_AK","Exile_Magazine_30Rnd_545x39_AK","16Rnd_9x21_Mag","Exile_Item_PowerDrink","Exile_Item_PowerDrink","Exile_Item_InstaDoc","Exile_Item_BBQSandwich","Exile_Item_EnergyDrink","30Rnd_556x45_Stanag","30Rnd_556x45_Stanag","30Rnd_556x45_Stanag","30Rnd_556x45_Stanag","30Rnd_556x45_Stanag","Exile_Magazine_8Rnd_9x18","Exile_Item_CatFood_Cooked","Exile_Item_PlasticBottleEmpty","Exile_Item_Surstromming_Cooked","Exile_Item_BBQSandwich","Exile_Item_Surstromming_Cooked","Exile_Item_BBQSandwich","Exile_Item_EnergyDrink","Exile_Item_CanOpener","Exile_Item_MetalBoard","Exile_Item_InstaDoc","Exile_Item_InstaDoc","Exile_Item_CanOpener","Exile_Item_InstaDoc","Exile_Item_Surstromming_Cooked","Exile_Item_PlasticBottleFreshWater","Exile_Item_CanOpener","Exile_Item_InstaDoc","Exile_Item_DuctTape","Exile_Item_InstaDoc","Exile_Item_Surstromming_Cooked","Exile_Item_PlasticBottleFreshWater","Exile_Item_PlasticBottleFreshWater","Exile_Item_Matches","Exile_Item_CanOpener","Exile_Item_CanOpener","Exile_Item_CanOpener","Exile_Item_InstaDoc","Exile_Item_Surstromming_Cooked","Exile_Item_PlasticBottleFreshWater","Exile_Item_PlasticBottleFreshWater","Exile_Item_Matches","16Rnd_9x21_Mag","srifle_EBR_F","optic_SOS","20Rnd_762x51_Mag","bipod_01_F_snd","hgun_Pistol_heavy_01_F","11Rnd_45ACP_Mag","Exile_Weapon_Makarov","Exile_Magazine_8Rnd_9x18","Exile_Weapon_Taurus","Exile_Magazine_6Rnd_45ACP","hgun_Pistol_heavy_02_F","6Rnd_45ACP_Cylinder","Exile_Weapon_TaurusGold","Exile_Magazine_6Rnd_45ACP","hgun_P07_F","16Rnd_9x21_Mag","Exile_Weapon_Colt1911","Exile_Magazine_7Rnd_45ACP","hgun_P07_F","16Rnd_9x21_Mag","Exile_Weapon_Makarov","Exile_Magazine_8Rnd_9x18","hgun_Pistol_heavy_01_F","11Rnd_45ACP_Mag","arifle_Katiba_GL_F","30Rnd_65x39_caseless_green","Exile_Weapon_Colt1911","Exile_Magazine_7Rnd_45ACP","Exile_Weapon_PKP","muzzle_snds_B_snd_F","Exile_Magazine_100Rnd_762x54_PK_Green","bipod_02_F_tan","Exile_Weapon_Makarov","Exile_Magazine_8Rnd_9x18","ItemMap","ItemCompass","ItemWatch","ItemRadio","ItemGPS","H_HelmetIA_camo"] FOR 8503 POPTABS AND 850.3 RESPECT | PLAYER TOTAL MONEY: 9703
[19:51:36:650980 +02:00] [Thread 6184] PLAYER: ( 76561198191441767 ) R DarkV:1 (marvi) REMOTE PURCHASED ITEM B_Bergen_dgtl_F FOR 400 POPTABS | PLAYER TOTAL MONEY: 12845
[19:51:51:572242 +02:00] [Thread 8484] PLAYER: ( 76561198191441767 ) R DarkV:1 (marvi) REMOTE PURCHASED ITEM B_Bergen_tna_F FOR 400 POPTABS | PLAYER TOTAL MONEY: 12445
[19:54:03:202682 +02:00] [Thread 11484] PLAYER: ( 76561198191441767 ) R DarkV:1 (marvi) REMOTE PURCHASED VEHICLE Exile_Car_HMMWV_M134_Green FOR 33000 POPTABS | PLAYER TOTAL MONEY: 12445
[21:27:45:598448 +02:00] [Thread 11664] PLAYER: ( 76561198202120684 ) R DarkV:2 (Kevin Tredup) REMOTE SOLD ITEM: Exile_Car_Volha_White (ID# 32) with Cargo [] FOR 3000 POPTABS AND 300 RESPECT | PLAYER TOTAL MONEY: 3625
[21:30:06:211648 +02:00] [Thread 10772] PLAYER: ( 76561198202120684 ) R DarkV:2 (Kevin Tredup) REMOTE SOLD ITEM: Exile_Car_UAZ_Green (ID# <null>) with Cargo [] FOR 3500 POPTABS AND 350 RESPECT | PLAYER TOTAL MONEY: 7526
[21:50:52:374210 +02:00] [Thread 10772] PLAYER: ( 76561198191441767 ) R DarkV:3 (marvi) REMOTE PURCHASED VEHICLE Exile_Car_Hunter FOR 26500 POPTABS | PLAYER TOTAL MONEY: 0
[21:51:44:395609 +02:00] [Thread 10772] PLAYER: ( 76561198141018060 ) R DarkV:1 (Robert Schmidt) REMOTE PURCHASED VEHICLE SKIN ["exile_assets\texture\vehicle\Exile_Hunter_Black_co.paa","exile_assets\texture\vehicle\Exile_Hunter_Black_Back_co.paa"] (Exile_Car_Hunter_Abstract) FOR 1000 POPTABS | PLAYER TOTAL MONEY: 0
[21:54:39:810261 +02:00] [Thread 4832] PLAYER: ( 76561198141018060 ) R DarkV:1 (Robert Schmidt) REMOTE PURCHASED ITEM Land_WaterCooler_01_new_F_Kit FOR 180000 POPTABS | PLAYER TOTAL MONEY: 0
[21:56:21:435289 +02:00] [Thread 4832] PLAYER: ( 76561198141018060 ) R DarkV:1 (Robert Schmidt) REMOTE PURCHASED ITEM Exile_Item_PlasticBottleEmpty FOR 4 POPTABS | PLAYER TOTAL MONEY: 3396
[21:56:22:862344 +02:00] [Thread 6236] PLAYER: ( 76561198141018060 ) R DarkV:1 (Robert Schmidt) REMOTE PURCHASED ITEM Exile_Item_PlasticBottleEmpty FOR 4 POPTABS | PLAYER TOTAL MONEY: 3392
[21:56:23:997318 +02:00] [Thread 4832] PLAYER: ( 76561198141018060 ) R DarkV:1 (Robert Schmidt) REMOTE PURCHASED ITEM Exile_Item_PlasticBottleEmpty FOR 4 POPTABS | PLAYER TOTAL MONEY: 3388
[21:56:25:666535 +02:00] [Thread 6236] PLAYER: ( 76561198141018060 ) R DarkV:1 (Robert Schmidt) REMOTE PURCHASED ITEM Exile_Item_PlasticBottleEmpty FOR 4 POPTABS | PLAYER TOTAL MONEY: 3384
[21:56:26:104390 +02:00] [Thread 4832] PLAYER: ( 76561198141018060 ) R DarkV:1 (Robert Schmidt) REMOTE PURCHASED ITEM Exile_Item_PlasticBottleEmpty FOR 4 POPTABS | PLAYER TOTAL MONEY: 3380
[21:56:26:520429 +02:00] [Thread 6236] PLAYER: ( 76561198141018060 ) R DarkV:1 (Robert Schmidt) REMOTE PURCHASED ITEM Exile_Item_PlasticBottleEmpty FOR 4 POPTABS | PLAYER TOTAL MONEY: 3376
[21:56:26:936524 +02:00] [Thread 4832] PLAYER: ( 76561198141018060 ) R DarkV:1 (Robert Schmidt) REMOTE PURCHASED ITEM Exile_Item_PlasticBottleEmpty FOR 4 POPTABS | PLAYER TOTAL MONEY: 3372
[21:56:27:354499 +02:00] [Thread 6236] PLAYER: ( 76561198141018060 ) R DarkV:1 (Robert Schmidt) REMOTE PURCHASED ITEM Exile_Item_PlasticBottleEmpty FOR 4 POPTABS | PLAYER TOTAL MONEY: 3368
[21:56:27:793353 +02:00] [Thread 4832] PLAYER: ( 76561198141018060 ) R DarkV:1 (Robert Schmidt) REMOTE PURCHASED ITEM Exile_Item_PlasticBottleEmpty FOR 4 POPTABS | PLAYER TOTAL MONEY: 3364
[21:56:28:167411 +02:00] [Thread 6236] PLAYER: ( 76561198141018060 ) R DarkV:1 (Robert Schmidt) REMOTE PURCHASED ITEM Exile_Item_PlasticBottleEmpty FOR 4 POPTABS | PLAYER TOTAL MONEY: 3360
[21:56:28:608353 +02:00] [Thread 4832] PLAYER: ( 76561198141018060 ) R DarkV:1 (Robert Schmidt) REMOTE PURCHASED ITEM Exile_Item_PlasticBottleEmpty FOR 4 POPTABS | PLAYER TOTAL MONEY: 3356
[21:56:29:002635 +02:00] [Thread 6236] PLAYER: ( 76561198141018060 ) R DarkV:1 (Robert Schmidt) REMOTE PURCHASED ITEM Exile_Item_PlasticBottleEmpty FOR 4 POPTABS | PLAYER TOTAL MONEY: 3352
[21:56:29:441387 +02:00] [Thread 4832] PLAYER: ( 76561198141018060 ) R DarkV:1 (Robert Schmidt) REMOTE PURCHASED ITEM Exile_Item_PlasticBottleEmpty FOR 4 POPTABS | PLAYER TOTAL MONEY: 3348
[21:56:29:857394 +02:00] [Thread 6236] PLAYER: ( 76561198141018060 ) R DarkV:1 (Robert Schmidt) REMOTE PURCHASED ITEM Exile_Item_PlasticBottleEmpty FOR 4 POPTABS | PLAYER TOTAL MONEY: 3344
[21:56:30:231380 +02:00] [Thread 4832] PLAYER: ( 76561198141018060 ) R DarkV:1 (Robert Schmidt) REMOTE PURCHASED ITEM Exile_Item_PlasticBottleEmpty FOR 4 POPTABS | PLAYER TOTAL MONEY: 3340
[21:56:30:626484 +02:00] [Thread 6236] PLAYER: ( 76561198141018060 ) R DarkV:1 (Robert Schmidt) REMOTE PURCHASED ITEM Exile_Item_PlasticBottleEmpty FOR 4 POPTABS | PLAYER TOTAL MONEY: 3336
[21:56:31:042484 +02:00] [Thread 4832] PLAYER: ( 76561198141018060 ) R DarkV:1 (Robert Schmidt) REMOTE PURCHASED ITEM Exile_Item_PlasticBottleEmpty FOR 4 POPTABS | PLAYER TOTAL MONEY: 3332
[21:56:31:438773 +02:00] [Thread 6236] PLAYER: ( 76561198141018060 ) R DarkV:1 (Robert Schmidt) REMOTE PURCHASED ITEM Exile_Item_PlasticBottleEmpty FOR 4 POPTABS | PLAYER TOTAL MONEY: 3328
[21:56:31:855642 +02:00] [Thread 4832] PLAYER: ( 76561198141018060 ) R DarkV:1 (Robert Schmidt) REMOTE PURCHASED ITEM Exile_Item_PlasticBottleEmpty FOR 4 POPTABS | PLAYER TOTAL MONEY: 3324
[21:56:32:294635 +02:00] [Thread 6236] PLAYER: ( 76561198141018060 ) R DarkV:1 (Robert Schmidt) REMOTE PURCHASED ITEM Exile_Item_PlasticBottleEmpty FOR 4 POPTABS | PLAYER TOTAL MONEY: 3320
[21:56:32:668512 +02:00] [Thread 4832] PLAYER: ( 76561198141018060 ) R DarkV:1 (Robert Schmidt) REMOTE PURCHASED ITEM Exile_Item_PlasticBottleEmpty FOR 4 POPTABS | PLAYER TOTAL MONEY: 3316
[21:56:33:064597 +02:00] [Thread 6236] PLAYER: ( 76561198141018060 ) R DarkV:1 (Robert Schmidt) REMOTE PURCHASED ITEM Exile_Item_PlasticBottleEmpty FOR 4 POPTABS | PLAYER TOTAL MONEY: 3312
[21:56:33:461528 +02:00] [Thread 4832] PLAYER: ( 76561198141018060 ) R DarkV:1 (Robert Schmidt) REMOTE PURCHASED ITEM Exile_Item_PlasticBottleEmpty FOR 4 POPTABS | PLAYER TOTAL MONEY: 3308
[21:56:33:877717 +02:00] [Thread 6236] PLAYER: ( 76561198141018060 ) R DarkV:1 (Robert Schmidt) REMOTE PURCHASED ITEM Exile_Item_PlasticBottleEmpty FOR 4 POPTABS | PLAYER TOTAL MONEY: 3304
[21:56:34:292519 +02:00] [Thread 4832] PLAYER: ( 76561198141018060 ) R DarkV:1 (Robert Schmidt) REMOTE PURCHASED ITEM Exile_Item_PlasticBottleEmpty FOR 4 POPTABS | PLAYER TOTAL MONEY: 3300
[21:56:34:731550 +02:00] [Thread 6236] PLAYER: ( 76561198141018060 ) R DarkV:1 (Robert Schmidt) REMOTE PURCHASED ITEM Exile_Item_PlasticBottleEmpty FOR 4 POPTABS | PLAYER TOTAL MONEY: 3296
[21:56:35:150609 +02:00] [Thread 4832] PLAYER: ( 76561198141018060 ) R DarkV:1 (Robert Schmidt) REMOTE PURCHASED ITEM Exile_Item_PlasticBottleEmpty FOR 4 POPTABS | PLAYER TOTAL MONEY: 3292
[21:56:35:568678 +02:00] [Thread 6236] PLAYER: ( 76561198141018060 ) R DarkV:1 (Robert Schmidt) REMOTE PURCHASED ITEM Exile_Item_PlasticBottleEmpty FOR 4 POPTABS | PLAYER TOTAL MONEY: 3288
[21:56:35:940558 +02:00] [Thread 4832] PLAYER: ( 76561198141018060 ) R DarkV:1 (Robert Schmidt) REMOTE PURCHASED ITEM Exile_Item_PlasticBottleEmpty FOR 4 POPTABS | PLAYER TOTAL MONEY: 3284
[21:56:36:380522 +02:00] [Thread 6236] PLAYER: ( 76561198141018060 ) R DarkV:1 (Robert Schmidt) REMOTE PURCHASED ITEM Exile_Item_PlasticBottleEmpty FOR 4 POPTABS | PLAYER TOTAL MONEY: 3280
[21:56:36:797618 +02:00] [Thread 4832] PLAYER: ( 76561198141018060 ) R DarkV:1 (Robert Schmidt) REMOTE PURCHASED ITEM Exile_Item_PlasticBottleEmpty FOR 4 POPTABS | PLAYER TOTAL MONEY: 3276
[21:56:37:215483 +02:00] [Thread 6236] PLAYER: ( 76561198141018060 ) R DarkV:1 (Robert Schmidt) REMOTE PURCHASED ITEM Exile_Item_PlasticBottleEmpty FOR 4 POPTABS | PLAYER TOTAL MONEY: 3272
[21:56:37:589550 +02:00] [Thread 4832] PLAYER: ( 76561198141018060 ) R DarkV:1 (Robert Schmidt) REMOTE PURCHASED ITEM Exile_Item_PlasticBottleEmpty FOR 4 POPTABS | PLAYER TOTAL MONEY: 3268
[21:56:37:983767 +02:00] [Thread 6236] PLAYER: ( 76561198141018060 ) R DarkV:1 (Robert Schmidt) REMOTE PURCHASED ITEM Exile_Item_PlasticBottleEmpty FOR 4 POPTABS | PLAYER TOTAL MONEY: 3264
[21:56:38:400639 +02:00] [Thread 4832] PLAYER: ( 76561198141018060 ) R DarkV:1 (Robert Schmidt) REMOTE PURCHASED ITEM Exile_Item_PlasticBottleEmpty FOR 4 POPTABS | PLAYER TOTAL MONEY: 3260
[21:56:38:836652 +02:00] [Thread 6236] PLAYER: ( 76561198141018060 ) R DarkV:1 (Robert Schmidt) REMOTE PURCHASED ITEM Exile_Item_PlasticBottleEmpty FOR 4 POPTABS | PLAYER TOTAL MONEY: 3256
[21:56:39:253834 +02:00] [Thread 4832] PLAYER: ( 76561198141018060 ) R DarkV:1 (Robert Schmidt) REMOTE PURCHASED ITEM Exile_Item_PlasticBottleEmpty FOR 4 POPTABS | PLAYER TOTAL MONEY: 3252
[21:56:39:669676 +02:00] [Thread 6236] PLAYER: ( 76561198141018060 ) R DarkV:1 (Robert Schmidt) REMOTE PURCHASED ITEM Exile_Item_PlasticBottleEmpty FOR 4 POPTABS | PLAYER TOTAL MONEY: 3248
[21:56:40:086980 +02:00] [Thread 4832] PLAYER: ( 76561198141018060 ) R DarkV:1 (Robert Schmidt) REMOTE PURCHASED ITEM Exile_Item_PlasticBottleEmpty FOR 4 POPTABS | PLAYER TOTAL MONEY: 3244
[21:56:40:546581 +02:00] [Thread 6236] PLAYER: ( 76561198141018060 ) R DarkV:1 (Robert Schmidt) REMOTE PURCHASED ITEM Exile_Item_PlasticBottleEmpty FOR 4 POPTABS | PLAYER TOTAL MONEY: 3240
[21:56:40:939855 +02:00] [Thread 4832] PLAYER: ( 76561198141018060 ) R DarkV:1 (Robert Schmidt) REMOTE PURCHASED ITEM Exile_Item_PlasticBottleEmpty FOR 4 POPTABS | PLAYER TOTAL MONEY: 3236
[21:56:41:401699 +02:00] [Thread 6236] PLAYER: ( 76561198141018060 ) R DarkV:1 (Robert Schmidt) REMOTE PURCHASED ITEM Exile_Item_PlasticBottleEmpty FOR 4 POPTABS | PLAYER TOTAL MONEY: 3232
[21:56:41:751727 +02:00] [Thread 4832] PLAYER: ( 76561198141018060 ) R DarkV:1 (Robert Schmidt) REMOTE PURCHASED ITEM Exile_Item_PlasticBottleEmpty FOR 4 POPTABS | PLAYER TOTAL MONEY: 3228
[21:56:42:191955 +02:00] [Thread 6236] PLAYER: ( 76561198141018060 ) R DarkV:1 (Robert Schmidt) REMOTE PURCHASED ITEM Exile_Item_PlasticBottleEmpty FOR 4 POPTABS | PLAYER TOTAL MONEY: 3224
[21:56:42:609724 +02:00] [Thread 4832] PLAYER: ( 76561198141018060 ) R DarkV:1 (Robert Schmidt) REMOTE PURCHASED ITEM Exile_Item_PlasticBottleEmpty FOR 4 POPTABS | PLAYER TOTAL MONEY: 3220
[21:56:43:026559 +02:00] [Thread 6236] PLAYER: ( 76561198141018060 ) R DarkV:1 (Robert Schmidt) REMOTE PURCHASED ITEM Exile_Item_PlasticBottleEmpty FOR 4 POPTABS | PLAYER TOTAL MONEY: 3216
[21:56:43:456738 +02:00] [Thread 4832] PLAYER: ( 76561198141018060 ) R DarkV:1 (Robert Schmidt) REMOTE PURCHASED ITEM Exile_Item_PlasticBottleEmpty FOR 4 POPTABS | PLAYER TOTAL MONEY: 3212
[21:56:43:872837 +02:00] [Thread 6236] PLAYER: ( 76561198141018060 ) R DarkV:1 (Robert Schmidt) REMOTE PURCHASED ITEM Exile_Item_PlasticBottleEmpty FOR 4 POPTABS | PLAYER TOTAL MONEY: 3208
[21:56:44:290765 +02:00] [Thread 4832] PLAYER: ( 76561198141018060 ) R DarkV:1 (Robert Schmidt) REMOTE PURCHASED ITEM Exile_Item_PlasticBottleEmpty FOR 4 POPTABS | PLAYER TOTAL MONEY: 3204
[21:56:44:728827 +02:00] [Thread 6236] PLAYER: ( 76561198141018060 ) R DarkV:1 (Robert Schmidt) REMOTE PURCHASED ITEM Exile_Item_PlasticBottleEmpty FOR 4 POPTABS | PLAYER TOTAL MONEY: 3200
[21:56:45:190758 +02:00] [Thread 4832] PLAYER: ( 76561198141018060 ) R DarkV:1 (Robert Schmidt) REMOTE PURCHASED ITEM Exile_Item_PlasticBottleEmpty FOR 4 POPTABS | PLAYER TOTAL MONEY: 3196
[21:56:45:608761 +02:00] [Thread 6236] PLAYER: ( 76561198141018060 ) R DarkV:1 (Robert Schmidt) REMOTE PURCHASED ITEM Exile_Item_PlasticBottleEmpty FOR 4 POPTABS | PLAYER TOTAL MONEY: 3192
[21:56:46:092108 +02:00] [Thread 4832] PLAYER: ( 76561198141018060 ) R DarkV:1 (Robert Schmidt) REMOTE PURCHASED ITEM Exile_Item_PlasticBottleEmpty FOR 4 POPTABS | PLAYER TOTAL MONEY: 3188
[21:56:46:509813 +02:00] [Thread 6236] PLAYER: ( 76561198141018060 ) R DarkV:1 (Robert Schmidt) REMOTE PURCHASED ITEM Exile_Item_PlasticBottleEmpty FOR 4 POPTABS | PLAYER TOTAL MONEY: 3184
[21:56:46:926842 +02:00] [Thread 4832] PLAYER: ( 76561198141018060 ) R DarkV:1 (Robert Schmidt) REMOTE PURCHASED ITEM Exile_Item_PlasticBottleEmpty FOR 4 POPTABS | PLAYER TOTAL MONEY: 3180
[21:56:47:343740 +02:00] [Thread 6236] PLAYER: ( 76561198141018060 ) R DarkV:1 (Robert Schmidt) REMOTE PURCHASED ITEM Exile_Item_PlasticBottleEmpty FOR 4 POPTABS | PLAYER TOTAL MONEY: 3176
[21:56:47:760835 +02:00] [Thread 4832] PLAYER: ( 76561198141018060 ) R DarkV:1 (Robert Schmidt) REMOTE PURCHASED ITEM Exile_Item_PlasticBottleEmpty FOR 4 POPTABS | PLAYER TOTAL MONEY: 3172
[21:56:48:222819 +02:00] [Thread 6236] PLAYER: ( 76561198141018060 ) R DarkV:1 (Robert Schmidt) REMOTE PURCHASED ITEM Exile_Item_PlasticBottleEmpty FOR 4 POPTABS | PLAYER TOTAL MONEY: 3168
[21:56:48:597844 +02:00] [Thread 4832] PLAYER: ( 76561198141018060 ) R DarkV:1 (Robert Schmidt) REMOTE PURCHASED ITEM Exile_Item_PlasticBottleEmpty FOR 4 POPTABS | PLAYER TOTAL MONEY: 3164
[21:56:49:036777 +02:00] [Thread 6236] PLAYER: ( 76561198141018060 ) R DarkV:1 (Robert Schmidt) REMOTE PURCHASED ITEM Exile_Item_PlasticBottleEmpty FOR 4 POPTABS | PLAYER TOTAL MONEY: 3160
[21:56:49:476829 +02:00] [Thread 4832] PLAYER: ( 76561198141018060 ) R DarkV:1 (Robert Schmidt) REMOTE PURCHASED ITEM Exile_Item_PlasticBottleEmpty FOR 4 POPTABS | PLAYER TOTAL MONEY: 3156
[21:56:49:915903 +02:00] [Thread 6236] PLAYER: ( 76561198141018060 ) R DarkV:1 (Robert Schmidt) REMOTE PURCHASED ITEM Exile_Item_PlasticBottleEmpty FOR 4 POPTABS | PLAYER TOTAL MONEY: 3152
[21:56:50:332875 +02:00] [Thread 4832] PLAYER: ( 76561198141018060 ) R DarkV:1 (Robert Schmidt) REMOTE PURCHASED ITEM Exile_Item_PlasticBottleEmpty FOR 4 POPTABS | PLAYER TOTAL MONEY: 3148
[21:56:50:836882 +02:00] [Thread 6236] PLAYER: ( 76561198141018060 ) R DarkV:1 (Robert Schmidt) REMOTE PURCHASED ITEM Exile_Item_PlasticBottleEmpty FOR 4 POPTABS | PLAYER TOTAL MONEY: 3144
[21:56:51:255053 +02:00] [Thread 4832] PLAYER: ( 76561198141018060 ) R DarkV:1 (Robert Schmidt) REMOTE PURCHASED ITEM Exile_Item_PlasticBottleEmpty FOR 4 POPTABS | PLAYER TOTAL MONEY: 3140
[21:56:51:693790 +02:00] [Thread 6236] PLAYER: ( 76561198141018060 ) R DarkV:1 (Robert Schmidt) REMOTE PURCHASED ITEM Exile_Item_PlasticBottleEmpty FOR 4 POPTABS | PLAYER TOTAL MONEY: 3136
[21:56:52:133962 +02:00] [Thread 4832] PLAYER: ( 76561198141018060 ) R DarkV:1 (Robert Schmidt) REMOTE PURCHASED ITEM Exile_Item_PlasticBottleEmpty FOR 4 POPTABS | PLAYER TOTAL MONEY: 3132
[21:56:52:551813 +02:00] [Thread 6236] PLAYER: ( 76561198141018060 ) R DarkV:1 (Robert Schmidt) REMOTE PURCHASED ITEM Exile_Item_PlasticBottleEmpty FOR 4 POPTABS | PLAYER TOTAL MONEY: 3128
[21:56:52:968997 +02:00] [Thread 4832] PLAYER: ( 76561198141018060 ) R DarkV:1 (Robert Schmidt) REMOTE PURCHASED ITEM Exile_Item_PlasticBottleEmpty FOR 4 POPTABS | PLAYER TOTAL MONEY: 3124
[21:56:53:397889 +02:00] [Thread 6236] PLAYER: ( 76561198141018060 ) R DarkV:1 (Robert Schmidt) REMOTE PURCHASED ITEM Exile_Item_PlasticBottleEmpty FOR 4 POPTABS | PLAYER TOTAL MONEY: 3120
[21:56:53:812891 +02:00] [Thread 4832] PLAYER: ( 76561198141018060 ) R DarkV:1 (Robert Schmidt) REMOTE PURCHASED ITEM Exile_Item_PlasticBottleEmpty FOR 4 POPTABS | PLAYER TOTAL MONEY: 3116
[21:56:54:252986 +02:00] [Thread 6236] PLAYER: ( 76561198141018060 ) R DarkV:1 (Robert Schmidt) REMOTE PURCHASED ITEM Exile_Item_PlasticBottleEmpty FOR 4 POPTABS | PLAYER TOTAL MONEY: 3112
[21:56:54:690944 +02:00] [Thread 4832] PLAYER: ( 76561198141018060 ) R DarkV:1 (Robert Schmidt) REMOTE PURCHASED ITEM Exile_Item_PlasticBottleEmpty FOR 4 POPTABS | PLAYER TOTAL MONEY: 3108
[21:56:55:130986 +02:00] [Thread 6236] PLAYER: ( 76561198141018060 ) R DarkV:1 (Robert Schmidt) REMOTE PURCHASED ITEM Exile_Item_PlasticBottleEmpty FOR 4 POPTABS | PLAYER TOTAL MONEY: 3104
[21:56:55:592980 +02:00] [Thread 4832] PLAYER: ( 76561198141018060 ) R DarkV:1 (Robert Schmidt) REMOTE PURCHASED ITEM Exile_Item_PlasticBottleEmpty FOR 4 POPTABS | PLAYER TOTAL MONEY: 3100
[21:56:56:031067 +02:00] [Thread 6236] PLAYER: ( 76561198141018060 ) R DarkV:1 (Robert Schmidt) REMOTE PURCHASED ITEM Exile_Item_PlasticBottleEmpty FOR 4 POPTABS | PLAYER TOTAL MONEY: 3096
[21:56:56:470966 +02:00] [Thread 4832] PLAYER: ( 76561198141018060 ) R DarkV:1 (Robert Schmidt) REMOTE PURCHASED ITEM Exile_Item_PlasticBottleEmpty FOR 4 POPTABS | PLAYER TOTAL MONEY: 3092
[21:56:56:909899 +02:00] [Thread 6236] PLAYER: ( 76561198141018060 ) R DarkV:1 (Robert Schmidt) REMOTE PURCHASED ITEM Exile_Item_PlasticBottleEmpty FOR 4 POPTABS | PLAYER TOTAL MONEY: 3088
[21:56:57:393928 +02:00] [Thread 4832] PLAYER: ( 76561198141018060 ) R DarkV:1 (Robert Schmidt) REMOTE PURCHASED ITEM Exile_Item_PlasticBottleEmpty FOR 4 POPTABS | PLAYER TOTAL MONEY: 3084
[21:56:57:789007 +02:00] [Thread 6236] PLAYER: ( 76561198141018060 ) R DarkV:1 (Robert Schmidt) REMOTE PURCHASED ITEM Exile_Item_PlasticBottleEmpty FOR 4 POPTABS | PLAYER TOTAL MONEY: 3080
[21:56:58:206038 +02:00] [Thread 4832] PLAYER: ( 76561198141018060 ) R DarkV:1 (Robert Schmidt) REMOTE PURCHASED ITEM Exile_Item_PlasticBottleEmpty FOR 4 POPTABS | PLAYER TOTAL MONEY: 3076
[21:56:58:690013 +02:00] [Thread 6236] PLAYER: ( 76561198141018060 ) R DarkV:1 (Robert Schmidt) REMOTE PURCHASED ITEM Exile_Item_PlasticBottleEmpty FOR 4 POPTABS | PLAYER TOTAL MONEY: 3072
[21:56:59:106074 +02:00] [Thread 4832] PLAYER: ( 76561198141018060 ) R DarkV:1 (Robert Schmidt) REMOTE PURCHASED ITEM Exile_Item_PlasticBottleEmpty FOR 4 POPTABS | PLAYER TOTAL MONEY: 3068
[21:56:59:545953 +02:00] [Thread 6236] PLAYER: ( 76561198141018060 ) R DarkV:1 (Robert Schmidt) REMOTE PURCHASED ITEM Exile_Item_PlasticBottleEmpty FOR 4 POPTABS | PLAYER TOTAL MONEY: 3064
[21:57:00:048025 +02:00] [Thread 4832] PLAYER: ( 76561198141018060 ) R DarkV:1 (Robert Schmidt) REMOTE PURCHASED ITEM Exile_Item_PlasticBottleEmpty FOR 4 POPTABS | PLAYER TOTAL MONEY: 3060
[21:57:00:510055 +02:00] [Thread 6236] PLAYER: ( 76561198141018060 ) R DarkV:1 (Robert Schmidt) REMOTE PURCHASED ITEM Exile_Item_PlasticBottleEmpty FOR 4 POPTABS | PLAYER TOTAL MONEY: 3056
[21:57:00:970018 +02:00] [Thread 6236] PLAYER: ( 76561198141018060 ) R DarkV:1 (Robert Schmidt) REMOTE PURCHASED ITEM Exile_Item_PlasticBottleEmpty FOR 4 POPTABS | PLAYER TOTAL MONEY: 3052
[21:57:01:387100 +02:00] [Thread 4832] PLAYER: ( 76561198141018060 ) R DarkV:1 (Robert Schmidt) REMOTE PURCHASED ITEM Exile_Item_PlasticBottleEmpty FOR 4 POPTABS | PLAYER TOTAL MONEY: 3048
[21:57:01:848160 +02:00] [Thread 6236] PLAYER: ( 76561198141018060 ) R DarkV:1 (Robert Schmidt) REMOTE PURCHASED ITEM Exile_Item_PlasticBottleEmpty FOR 4 POPTABS | PLAYER TOTAL MONEY: 3044
[21:57:02:286032 +02:00] [Thread 4832] PLAYER: ( 76561198141018060 ) R DarkV:1 (Robert Schmidt) REMOTE PURCHASED ITEM Exile_Item_PlasticBottleEmpty FOR 4 POPTABS | PLAYER TOTAL MONEY: 3040
[21:57:02:722163 +02:00] [Thread 6236] PLAYER: ( 76561198141018060 ) R DarkV:1 (Robert Schmidt) REMOTE PURCHASED ITEM Exile_Item_PlasticBottleEmpty FOR 4 POPTABS | PLAYER TOTAL MONEY: 3036
[21:57:03:179416 +02:00] [Thread 4832] PLAYER: ( 76561198141018060 ) R DarkV:1 (Robert Schmidt) REMOTE PURCHASED ITEM Exile_Item_PlasticBottleEmpty FOR 4 POPTABS | PLAYER TOTAL MONEY: 3032
[21:57:03:609039 +02:00] [Thread 6236] PLAYER: ( 76561198141018060 ) R DarkV:1 (Robert Schmidt) REMOTE PURCHASED ITEM Exile_Item_PlasticBottleEmpty FOR 4 POPTABS | PLAYER TOTAL MONEY: 3028
[21:57:04:111174 +02:00] [Thread 4832] PLAYER: ( 76561198141018060 ) R DarkV:1 (Robert Schmidt) REMOTE PURCHASED ITEM Exile_Item_PlasticBottleEmpty FOR 4 POPTABS | PLAYER TOTAL MONEY: 3024
[21:57:04:508054 +02:00] [Thread 6236] PLAYER: ( 76561198141018060 ) R DarkV:1 (Robert Schmidt) REMOTE PURCHASED ITEM Exile_Item_PlasticBottleEmpty FOR 4 POPTABS | PLAYER TOTAL MONEY: 3020
[21:57:04:952221 +02:00] [Thread 4832] PLAYER: ( 76561198141018060 ) R DarkV:1 (Robert Schmidt) REMOTE PURCHASED ITEM Exile_Item_PlasticBottleEmpty FOR 4 POPTABS | PLAYER TOTAL MONEY: 3016
[21:57:05:392181 +02:00] [Thread 6236] PLAYER: ( 76561198141018060 ) R DarkV:1 (Robert Schmidt) REMOTE PURCHASED ITEM Exile_Item_PlasticBottleEmpty FOR 4 POPTABS | PLAYER TOTAL MONEY: 3012
[22:04:12:973142 +02:00] [Thread 10772] PLAYER: ( 76561198141018060 ) R DarkV:1 (Robert Schmidt) REMOTE SOLD ITEM Exile_Item_PlasticBottleEmpty FOR 2 POPTABS AND 0.2 RESPECT | PLAYER TOTAL MONEY: 2
[22:04:13:672613 +02:00] [Thread 10772] PLAYER: ( 76561198141018060 ) R DarkV:1 (Robert Schmidt) REMOTE SOLD ITEM Exile_Item_PlasticBottleEmpty FOR 2 POPTABS AND 0.2 RESPECT | PLAYER TOTAL MONEY: 4
[22:04:14:292098 +02:00] [Thread 10772] PLAYER: ( 76561198141018060 ) R DarkV:1 (Robert Schmidt) REMOTE SOLD ITEM Exile_Item_PlasticBottleEmpty FOR 2 POPTABS AND 0.2 RESPECT | PLAYER TOTAL MONEY: 6
[22:04:14:749176 +02:00] [Thread 10772] PLAYER: ( 76561198141018060 ) R DarkV:1 (Robert Schmidt) REMOTE SOLD ITEM Exile_Item_PlasticBottleEmpty FOR 2 POPTABS AND 0.2 RESPECT | PLAYER TOTAL MONEY: 8
[22:04:17:976404 +02:00] [Thread 10772] PLAYER: ( 76561198141018060 ) R DarkV:1 (Robert Schmidt) REMOTE SOLD ITEM Exile_Item_PlasticBottleEmpty FOR 2 POPTABS AND 0.2 RESPECT | PLAYER TOTAL MONEY: 10
[22:04:19:395256 +02:00] [Thread 10772] PLAYER: ( 76561198141018060 ) R DarkV:1 (Robert Schmidt) REMOTE SOLD ITEM Exile_Item_PlasticBottleEmpty FOR 2 POPTABS AND 0.2 RESPECT | PLAYER TOTAL MONEY: 12
[22:04:22:019299 +02:00] [Thread 10772] PLAYER: ( 76561198141018060 ) R DarkV:1 (Robert Schmidt) REMOTE SOLD ITEM Exile_Item_PlasticBottleEmpty FOR 2 POPTABS AND 0.2 RESPECT | PLAYER TOTAL MONEY: 14
[22:04:23:043304 +02:00] [Thread 10772] PLAYER: ( 76561198141018060 ) R DarkV:1 (Robert Schmidt) REMOTE SOLD ITEM Exile_Item_PlasticBottleEmpty FOR 2 POPTABS AND 0.2 RESPECT | PLAYER TOTAL MONEY: 16
[22:04:23:913951 +02:00] [Thread 10772] PLAYER: ( 76561198141018060 ) R DarkV:1 (Robert Schmidt) REMOTE SOLD ITEM Exile_Item_PlasticBottleEmpty FOR 2 POPTABS AND 0.2 RESPECT | PLAYER TOTAL MONEY: 18
[22:04:24:744393 +02:00] [Thread 10772] PLAYER: ( 76561198141018060 ) R DarkV:1 (Robert Schmidt) REMOTE SOLD ITEM Exile_Item_PlasticBottleEmpty FOR 2 POPTABS AND 0.2 RESPECT | PLAYER TOTAL MONEY: 20
[22:04:25:598410 +02:00] [Thread 10772] PLAYER: ( 76561198141018060 ) R DarkV:1 (Robert Schmidt) REMOTE SOLD ITEM Exile_Item_PlasticBottleEmpty FOR 2 POPTABS AND 0.2 RESPECT | PLAYER TOTAL MONEY: 22
[22:04:26:470287 +02:00] [Thread 10772] PLAYER: ( 76561198141018060 ) R DarkV:1 (Robert Schmidt) REMOTE SOLD ITEM Exile_Item_PlasticBottleEmpty FOR 2 POPTABS AND 0.2 RESPECT | PLAYER TOTAL MONEY: 24
[22:04:27:191344 +02:00] [Thread 10772] PLAYER: ( 76561198141018060 ) R DarkV:1 (Robert Schmidt) REMOTE SOLD ITEM Exile_Item_PlasticBottleEmpty FOR 2 POPTABS AND 0.2 RESPECT | PLAYER TOTAL MONEY: 26
[22:04:28:106617 +02:00] [Thread 10772] PLAYER: ( 76561198141018060 ) R DarkV:1 (Robert Schmidt) REMOTE SOLD ITEM Exile_Item_PlasticBottleEmpty FOR 2 POPTABS AND 0.2 RESPECT | PLAYER TOTAL MONEY: 28
[22:04:29:002361 +02:00] [Thread 10772] PLAYER: ( 76561198141018060 ) R DarkV:1 (Robert Schmidt) REMOTE SOLD ITEM Exile_Item_PlasticBottleEmpty FOR 2 POPTABS AND 0.2 RESPECT | PLAYER TOTAL MONEY: 30
[22:04:29:876393 +02:00] [Thread 10772] PLAYER: ( 76561198141018060 ) R DarkV:1 (Robert Schmidt) REMOTE SOLD ITEM Exile_Item_PlasticBottleEmpty FOR 2 POPTABS AND 0.2 RESPECT | PLAYER TOTAL MONEY: 32
[22:04:30:729442 +02:00] [Thread 10772] PLAYER: ( 76561198141018060 ) R DarkV:1 (Robert Schmidt) REMOTE SOLD ITEM Exile_Item_PlasticBottleEmpty FOR 2 POPTABS AND 0.2 RESPECT | PLAYER TOTAL MONEY: 34
[22:04:31:539526 +02:00] [Thread 10772] PLAYER: ( 76561198141018060 ) R DarkV:1 (Robert Schmidt) REMOTE SOLD ITEM Exile_Item_PlasticBottleEmpty FOR 2 POPTABS AND 0.2 RESPECT | PLAYER TOTAL MONEY: 36
[22:04:32:520499 +02:00] [Thread 10772] PLAYER: ( 76561198141018060 ) R DarkV:1 (Robert Schmidt) REMOTE SOLD ITEM Exile_Item_PlasticBottleEmpty FOR 2 POPTABS AND 0.2 RESPECT | PLAYER TOTAL MONEY: 38
[22:04:33:350523 +02:00] [Thread 10772] PLAYER: ( 76561198141018060 ) R DarkV:1 (Robert Schmidt) REMOTE SOLD ITEM Exile_Item_PlasticBottleEmpty FOR 2 POPTABS AND 0.2 RESPECT | PLAYER TOTAL MONEY: 40
[22:04:34:256407 +02:00] [Thread 10772] PLAYER: ( 76561198141018060 ) R DarkV:1 (Robert Schmidt) REMOTE SOLD ITEM Exile_Item_PlasticBottleEmpty FOR 2 POPTABS AND 0.2 RESPECT | PLAYER TOTAL MONEY: 42
[22:04:35:086441 +02:00] [Thread 10772] PLAYER: ( 76561198141018060 ) R DarkV:1 (Robert Schmidt) REMOTE SOLD ITEM Exile_Item_PlasticBottleEmpty FOR 2 POPTABS AND 0.2 RESPECT | PLAYER TOTAL MONEY: 44
[22:04:35:830543 +02:00] [Thread 10772] PLAYER: ( 76561198141018060 ) R DarkV:1 (Robert Schmidt) REMOTE SOLD ITEM Exile_Item_PlasticBottleEmpty FOR 2 POPTABS AND 0.2 RESPECT | PLAYER TOTAL MONEY: 46
[22:04:36:725545 +02:00] [Thread 10772] PLAYER: ( 76561198141018060 ) R DarkV:1 (Robert Schmidt) REMOTE SOLD ITEM Exile_Item_PlasticBottleEmpty FOR 2 POPTABS AND 0.2 RESPECT | PLAYER TOTAL MONEY: 48
[22:04:37:556710 +02:00] [Thread 10772] PLAYER: ( 76561198141018060 ) R DarkV:1 (Robert Schmidt) REMOTE SOLD ITEM Exile_Item_PlasticBottleEmpty FOR 2 POPTABS AND 0.2 RESPECT | PLAYER TOTAL MONEY: 50
[22:04:38:386656 +02:00] [Thread 10772] PLAYER: ( 76561198141018060 ) R DarkV:1 (Robert Schmidt) REMOTE SOLD ITEM Exile_Item_PlasticBottleEmpty FOR 2 POPTABS AND 0.2 RESPECT | PLAYER TOTAL MONEY: 52
[22:04:39:215643 +02:00] [Thread 10772] PLAYER: ( 76561198141018060 ) R DarkV:1 (Robert Schmidt) REMOTE SOLD ITEM Exile_Item_PlasticBottleEmpty FOR 2 POPTABS AND 0.2 RESPECT | PLAYER TOTAL MONEY: 54
[22:04:42:143620 +02:00] [Thread 10772] PLAYER: ( 76561198141018060 ) R DarkV:1 (Robert Schmidt) REMOTE SOLD ITEM Exile_Item_PlasticBottleEmpty FOR 2 POPTABS AND 0.2 RESPECT | PLAYER TOTAL MONEY: 56
[22:04:43:345656 +02:00] [Thread 10772] PLAYER: ( 76561198141018060 ) R DarkV:1 (Robert Schmidt) REMOTE SOLD ITEM Exile_Item_PlasticBottleEmpty FOR 2 POPTABS AND 0.2 RESPECT | PLAYER TOTAL MONEY: 58
[22:04:44:422973 +02:00] [Thread 10772] PLAYER: ( 76561198141018060 ) R DarkV:1 (Robert Schmidt) REMOTE SOLD ITEM Exile_Item_PlasticBottleEmpty FOR 2 POPTABS AND 0.2 RESPECT | PLAYER TOTAL MONEY: 60
[22:04:45:447717 +02:00] [Thread 10772] PLAYER: ( 76561198141018060 ) R DarkV:1 (Robert Schmidt) REMOTE SOLD ITEM Exile_Item_PlasticBottleEmpty FOR 2 POPTABS AND 0.2 RESPECT | PLAYER TOTAL MONEY: 62
[22:04:46:322682 +02:00] [Thread 10772] PLAYER: ( 76561198141018060 ) R DarkV:1 (Robert Schmidt) REMOTE SOLD ITEM Exile_Item_PlasticBottleEmpty FOR 2 POPTABS AND 0.2 RESPECT | PLAYER TOTAL MONEY: 64
[22:04:47:241872 +02:00] [Thread 10772] PLAYER: ( 76561198141018060 ) R DarkV:1 (Robert Schmidt) REMOTE SOLD ITEM Exile_Item_PlasticBottleEmpty FOR 2 POPTABS AND 0.2 RESPECT | PLAYER TOTAL MONEY: 66
[22:04:48:115974 +02:00] [Thread 10772] PLAYER: ( 76561198141018060 ) R DarkV:1 (Robert Schmidt) REMOTE SOLD ITEM Exile_Item_PlasticBottleEmpty FOR 2 POPTABS AND 0.2 RESPECT | PLAYER TOTAL MONEY: 68
[22:04:49:052119 +02:00] [Thread 10772] PLAYER: ( 76561198141018060 ) R DarkV:1 (Robert Schmidt) REMOTE SOLD ITEM Exile_Item_PlasticBottleEmpty FOR 2 POPTABS AND 0.2 RESPECT | PLAYER TOTAL MONEY: 70
[22:04:49:904229 +02:00] [Thread 10772] PLAYER: ( 76561198141018060 ) R DarkV:1 (Robert Schmidt) REMOTE SOLD ITEM Exile_Item_PlasticBottleEmpty FOR 2 POPTABS AND 0.2 RESPECT | PLAYER TOTAL MONEY: 72
[22:04:50:841047 +02:00] [Thread 10772] PLAYER: ( 76561198141018060 ) R DarkV:1 (Robert Schmidt) REMOTE SOLD ITEM Exile_Item_PlasticBottleEmpty FOR 2 POPTABS AND 0.2 RESPECT | PLAYER TOTAL MONEY: 74
[22:04:51:692810 +02:00] [Thread 10772] PLAYER: ( 76561198141018060 ) R DarkV:1 (Robert Schmidt) REMOTE SOLD ITEM Exile_Item_PlasticBottleEmpty FOR 2 POPTABS AND 0.2 RESPECT | PLAYER TOTAL MONEY: 76
[22:04:54:022158 +02:00] [Thread 10772] PLAYER: ( 76561198141018060 ) R DarkV:1 (Robert Schmidt) REMOTE SOLD ITEM Exile_Item_PlasticBottleEmpty FOR 2 POPTABS AND 0.2 RESPECT | PLAYER TOTAL MONEY: 78
[22:04:54:921932 +02:00] [Thread 10772] PLAYER: ( 76561198141018060 ) R DarkV:1 (Robert Schmidt) REMOTE SOLD ITEM Exile_Item_PlasticBottleEmpty FOR 2 POPTABS AND 0.2 RESPECT | PLAYER TOTAL MONEY: 80
[22:04:55:774257 +02:00] [Thread 10772] PLAYER: ( 76561198141018060 ) R DarkV:1 (Robert Schmidt) REMOTE SOLD ITEM Exile_Item_PlasticBottleEmpty FOR 2 POPTABS AND 0.2 RESPECT | PLAYER TOTAL MONEY: 82
[22:04:56:713110 +02:00] [Thread 10772] PLAYER: ( 76561198141018060 ) R DarkV:1 (Robert Schmidt) REMOTE SOLD ITEM Exile_Item_PlasticBottleEmpty FOR 2 POPTABS AND 0.2 RESPECT | PLAYER TOTAL MONEY: 84
[22:04:57:455929 +02:00] [Thread 10772] PLAYER: ( 76561198141018060 ) R DarkV:1 (Robert Schmidt) REMOTE SOLD ITEM Exile_Item_PlasticBottleEmpty FOR 2 POPTABS AND 0.2 RESPECT | PLAYER TOTAL MONEY: 86
[22:04:58:286180 +02:00] [Thread 10772] PLAYER: ( 76561198141018060 ) R DarkV:1 (Robert Schmidt) REMOTE SOLD ITEM Exile_Item_PlasticBottleEmpty FOR 2 POPTABS AND 0.2 RESPECT | PLAYER TOTAL MONEY: 88
[22:04:59:205252 +02:00] [Thread 10772] PLAYER: ( 76561198141018060 ) R DarkV:1 (Robert Schmidt) REMOTE SOLD ITEM Exile_Item_PlasticBottleEmpty FOR 2 POPTABS AND 0.2 RESPECT | PLAYER TOTAL MONEY: 90
[22:05:00:076933 +02:00] [Thread 10772] PLAYER: ( 76561198141018060 ) R DarkV:1 (Robert Schmidt) REMOTE SOLD ITEM Exile_Item_PlasticBottleEmpty FOR 2 POPTABS AND 0.2 RESPECT | PLAYER TOTAL MONEY: 92
[22:05:00:907033 +02:00] [Thread 10772] PLAYER: ( 76561198141018060 ) R DarkV:1 (Robert Schmidt) REMOTE SOLD ITEM Exile_Item_PlasticBottleEmpty FOR 2 POPTABS AND 0.2 RESPECT | PLAYER TOTAL MONEY: 94
[22:05:01:804972 +02:00] [Thread 10772] PLAYER: ( 76561198141018060 ) R DarkV:1 (Robert Schmidt) REMOTE SOLD ITEM Exile_Item_PlasticBottleEmpty FOR 2 POPTABS AND 0.2 RESPECT | PLAYER TOTAL MONEY: 96
[22:05:02:794121 +02:00] [Thread 10772] PLAYER: ( 76561198141018060 ) R DarkV:1 (Robert Schmidt) REMOTE SOLD ITEM Exile_Item_PlasticBottleEmpty FOR 2 POPTABS AND 0.2 RESPECT | PLAYER TOTAL MONEY: 98
[22:05:03:541126 +02:00] [Thread 10772] PLAYER: ( 76561198141018060 ) R DarkV:1 (Robert Schmidt) REMOTE SOLD ITEM Exile_Item_PlasticBottleEmpty FOR 2 POPTABS AND 0.2 RESPECT | PLAYER TOTAL MONEY: 100
[22:05:04:331127 +02:00] [Thread 10772] PLAYER: ( 76561198141018060 ) R DarkV:1 (Robert Schmidt) REMOTE SOLD ITEM Exile_Item_PlasticBottleEmpty FOR 2 POPTABS AND 0.2 RESPECT | PLAYER TOTAL MONEY: 102
[22:05:05:098033 +02:00] [Thread 4832] PLAYER: ( 76561198141018060 ) R DarkV:1 (Robert Schmidt) REMOTE SOLD ITEM Exile_Item_PlasticBottleEmpty FOR 2 POPTABS AND 0.2 RESPECT | PLAYER TOTAL MONEY: 104
[22:05:05:954149 +02:00] [Thread 4832] PLAYER: ( 76561198141018060 ) R DarkV:1 (Robert Schmidt) REMOTE SOLD ITEM Exile_Item_PlasticBottleEmpty FOR 2 POPTABS AND 0.2 RESPECT | PLAYER TOTAL MONEY: 106
[22:05:06:787114 +02:00] [Thread 4832] PLAYER: ( 76561198141018060 ) R DarkV:1 (Robert Schmidt) REMOTE SOLD ITEM Exile_Item_PlasticBottleEmpty FOR 2 POPTABS AND 0.2 RESPECT | PLAYER TOTAL MONEY: 108
[22:05:07:690154 +02:00] [Thread 4832] PLAYER: ( 76561198141018060 ) R DarkV:1 (Robert Schmidt) REMOTE SOLD ITEM Exile_Item_PlasticBottleEmpty FOR 2 POPTABS AND 0.2 RESPECT | PLAYER TOTAL MONEY: 110
[22:05:08:657214 +02:00] [Thread 4832] PLAYER: ( 76561198141018060 ) R DarkV:1 (Robert Schmidt) REMOTE SOLD ITEM Exile_Item_PlasticBottleEmpty FOR 2 POPTABS AND 0.2 RESPECT | PLAYER TOTAL MONEY: 112
[22:05:09:337110 +02:00] [Thread 4832] PLAYER: ( 76561198141018060 ) R DarkV:1 (Robert Schmidt) REMOTE SOLD ITEM Exile_Item_PlasticBottleEmpty FOR 2 POPTABS AND 0.2 RESPECT | PLAYER TOTAL MONEY: 114
[22:05:10:215394 +02:00] [Thread 4832] PLAYER: ( 76561198141018060 ) R DarkV:1 (Robert Schmidt) REMOTE SOLD ITEM Exile_Item_PlasticBottleEmpty FOR 2 POPTABS AND 0.2 RESPECT | PLAYER TOTAL MONEY: 116
[22:05:11:025224 +02:00] [Thread 4832] PLAYER: ( 76561198141018060 ) R DarkV:1 (Robert Schmidt) REMOTE SOLD ITEM Exile_Item_PlasticBottleEmpty FOR 2 POPTABS AND 0.2 RESPECT | PLAYER TOTAL MONEY: 118
[22:05:11:925274 +02:00] [Thread 4832] PLAYER: ( 76561198141018060 ) R DarkV:1 (Robert Schmidt) REMOTE SOLD ITEM Exile_Item_PlasticBottleEmpty FOR 2 POPTABS AND 0.2 RESPECT | PLAYER TOTAL MONEY: 120
[22:05:12:848203 +02:00] [Thread 4832] PLAYER: ( 76561198141018060 ) R DarkV:1 (Robert Schmidt) REMOTE SOLD ITEM Exile_Item_PlasticBottleEmpty FOR 2 POPTABS AND 0.2 RESPECT | PLAYER TOTAL MONEY: 122
[22:05:13:640301 +02:00] [Thread 4832] PLAYER: ( 76561198141018060 ) R DarkV:1 (Robert Schmidt) REMOTE SOLD ITEM Exile_Item_PlasticBottleEmpty FOR 2 POPTABS AND 0.2 RESPECT | PLAYER TOTAL MONEY: 124
[22:05:14:550346 +02:00] [Thread 4832] PLAYER: ( 76561198141018060 ) R DarkV:1 (Robert Schmidt) REMOTE SOLD ITEM Exile_Item_PlasticBottleEmpty FOR 2 POPTABS AND 0.2 RESPECT | PLAYER TOTAL MONEY: 126
[22:05:15:450568 +02:00] [Thread 4832] PLAYER: ( 76561198141018060 ) R DarkV:1 (Robert Schmidt) REMOTE SOLD ITEM Exile_Item_PlasticBottleEmpty FOR 2 POPTABS AND 0.2 RESPECT | PLAYER TOTAL MONEY: 128
[22:05:16:395319 +02:00] [Thread 4832] PLAYER: ( 76561198141018060 ) R DarkV:1 (Robert Schmidt) REMOTE SOLD ITEM Exile_Item_PlasticBottleEmpty FOR 2 POPTABS AND 0.2 RESPECT | PLAYER TOTAL MONEY: 130
[22:05:17:273467 +02:00] [Thread 4832] PLAYER: ( 76561198141018060 ) R DarkV:1 (Robert Schmidt) REMOTE SOLD ITEM Exile_Item_PlasticBottleEmpty FOR 2 POPTABS AND 0.2 RESPECT | PLAYER TOTAL MONEY: 132
[22:05:18:085473 +02:00] [Thread 4832] PLAYER: ( 76561198141018060 ) R DarkV:1 (Robert Schmidt) REMOTE SOLD ITEM Exile_Item_PlasticBottleEmpty FOR 2 POPTABS AND 0.2 RESPECT | PLAYER TOTAL MONEY: 134
[22:05:18:832361 +02:00] [Thread 4832] PLAYER: ( 76561198141018060 ) R DarkV:1 (Robert Schmidt) REMOTE SOLD ITEM Exile_Item_PlasticBottleEmpty FOR 2 POPTABS AND 0.2 RESPECT | PLAYER TOTAL MONEY: 136
[22:05:19:755326 +02:00] [Thread 4832] PLAYER: ( 76561198141018060 ) R DarkV:1 (Robert Schmidt) REMOTE SOLD ITEM Exile_Item_PlasticBottleEmpty FOR 2 POPTABS AND 0.2 RESPECT | PLAYER TOTAL MONEY: 138
[22:05:20:566460 +02:00] [Thread 4832] PLAYER: ( 76561198141018060 ) R DarkV:1 (Robert Schmidt) REMOTE SOLD ITEM Exile_Item_PlasticBottleEmpty FOR 2 POPTABS AND 0.2 RESPECT | PLAYER TOTAL MONEY: 140
[22:05:21:401715 +02:00] [Thread 4832] PLAYER: ( 76561198141018060 ) R DarkV:1 (Robert Schmidt) REMOTE SOLD ITEM Exile_Item_PlasticBottleEmpty FOR 2 POPTABS AND 0.2 RESPECT | PLAYER TOTAL MONEY: 142
[22:05:22:346473 +02:00] [Thread 4832] PLAYER: ( 76561198141018060 ) R DarkV:1 (Robert Schmidt) REMOTE SOLD ITEM Exile_Item_PlasticBottleEmpty FOR 2 POPTABS AND 0.2 RESPECT | PLAYER TOTAL MONEY: 144
[22:05:22:982469 +02:00] [Thread 4832] PLAYER: ( 76561198141018060 ) R DarkV:1 (Robert Schmidt) REMOTE SOLD ITEM Exile_Item_PlasticBottleEmpty FOR 2 POPTABS AND 0.2 RESPECT | PLAYER TOTAL MONEY: 146
[22:09:40:238060 +02:00] [Thread 4832] PLAYER: ( 76561198141018060 ) R DarkV:1 (Robert Schmidt) REMOTE SOLD ITEM Exile_Item_PlasticBottleFreshWater FOR 4 POPTABS AND 0.4 RESPECT | PLAYER TOTAL MONEY: 150
[22:09:41:093957 +02:00] [Thread 4832] PLAYER: ( 76561198141018060 ) R DarkV:1 (Robert Schmidt) REMOTE SOLD ITEM Exile_Item_InstaDoc FOR 625 POPTABS AND 62.5 RESPECT | PLAYER TOTAL MONEY: 775
[22:09:48:200162 +02:00] [Thread 6236] PLAYER: ( 76561198141018060 ) R DarkV:1 (Robert Schmidt) REMOTE SOLD ITEM Exile_Item_PlasticBottleEmpty FOR 2 POPTABS AND 0.2 RESPECT | PLAYER TOTAL MONEY: 777
[22:09:49:014267 +02:00] [Thread 6236] PLAYER: ( 76561198141018060 ) R DarkV:1 (Robert Schmidt) REMOTE SOLD ITEM Exile_Item_PlasticBottleEmpty FOR 2 POPTABS AND 0.2 RESPECT | PLAYER TOTAL MONEY: 779
[22:09:49:760155 +02:00] [Thread 6236] PLAYER: ( 76561198141018060 ) R DarkV:1 (Robert Schmidt) REMOTE SOLD ITEM Exile_Item_PlasticBottleEmpty FOR 2 POPTABS AND 0.2 RESPECT | PLAYER TOTAL MONEY: 781
[22:09:50:288471 +02:00] [Thread 10772] PLAYER: ( 76561198141018060 ) R DarkV:1 (Robert Schmidt) REMOTE SOLD ITEM Exile_Item_PlasticBottleEmpty FOR 2 POPTABS AND 0.2 RESPECT | PLAYER TOTAL MONEY: 783
[22:09:51:211226 +02:00] [Thread 10772] PLAYER: ( 76561198141018060 ) R DarkV:1 (Robert Schmidt) REMOTE SOLD ITEM Exile_Item_PlasticBottleEmpty FOR 2 POPTABS AND 0.2 RESPECT | PLAYER TOTAL MONEY: 785
[22:09:51:955211 +02:00] [Thread 10772] PLAYER: ( 76561198141018060 ) R DarkV:1 (Robert Schmidt) REMOTE SOLD ITEM Exile_Item_PlasticBottleEmpty FOR 2 POPTABS AND 0.2 RESPECT | PLAYER TOTAL MONEY: 787
[22:09:52:704423 +02:00] [Thread 10772] PLAYER: ( 76561198141018060 ) R DarkV:1 (Robert Schmidt) REMOTE SOLD ITEM Exile_Item_PlasticBottleEmpty FOR 2 POPTABS AND 0.2 RESPECT | PLAYER TOTAL MONEY: 789
[22:09:53:494285 +02:00] [Thread 10772] PLAYER: ( 76561198141018060 ) R DarkV:1 (Robert Schmidt) REMOTE SOLD ITEM Exile_Item_PlasticBottleEmpty FOR 2 POPTABS AND 0.2 RESPECT | PLAYER TOTAL MONEY: 791
[22:09:54:292925 +02:00] [Thread 10772] PLAYER: ( 76561198141018060 ) R DarkV:1 (Robert Schmidt) REMOTE SOLD ITEM Exile_Item_PlasticBottleEmpty FOR 2 POPTABS AND 0.2 RESPECT | PLAYER TOTAL MONEY: 793
[22:09:55:039230 +02:00] [Thread 6236] PLAYER: ( 76561198141018060 ) R DarkV:1 (Robert Schmidt) REMOTE SOLD ITEM Exile_Item_PlasticBottleEmpty FOR 2 POPTABS AND 0.2 RESPECT | PLAYER TOTAL MONEY: 795
[22:09:55:892263 +02:00] [Thread 6236] PLAYER: ( 76561198141018060 ) R DarkV:1 (Robert Schmidt) REMOTE SOLD ITEM Exile_Item_PlasticBottleEmpty FOR 2 POPTABS AND 0.2 RESPECT | PLAYER TOTAL MONEY: 797
[22:09:56:659341 +02:00] [Thread 6236] PLAYER: ( 76561198141018060 ) R DarkV:1 (Robert Schmidt) REMOTE SOLD ITEM Exile_Item_PlasticBottleEmpty FOR 2 POPTABS AND 0.2 RESPECT | PLAYER TOTAL MONEY: 799
[22:09:57:403601 +02:00] [Thread 6236] PLAYER: ( 76561198141018060 ) R DarkV:1 (Robert Schmidt) REMOTE SOLD ITEM Exile_Item_PlasticBottleEmpty FOR 2 POPTABS AND 0.2 RESPECT | PLAYER TOTAL MONEY: 801
[22:09:58:149526 +02:00] [Thread 6236] PLAYER: ( 76561198141018060 ) R DarkV:1 (Robert Schmidt) REMOTE SOLD ITEM Exile_Item_PlasticBottleEmpty FOR 2 POPTABS AND 0.2 RESPECT | PLAYER TOTAL MONEY: 803
[22:09:58:875444 +02:00] [Thread 6236] PLAYER: ( 76561198141018060 ) R DarkV:1 (Robert Schmidt) REMOTE SOLD ITEM Exile_Item_PlasticBottleEmpty FOR 2 POPTABS AND 0.2 RESPECT | PLAYER TOTAL MONEY: 805
[22:09:59:558381 +02:00] [Thread 6236] PLAYER: ( 76561198141018060 ) R DarkV:1 (Robert Schmidt) REMOTE SOLD ITEM Exile_Item_PlasticBottleEmpty FOR 2 POPTABS AND 0.2 RESPECT | PLAYER TOTAL MONEY: 807
[22:10:00:259486 +02:00] [Thread 6236] PLAYER: ( 76561198141018060 ) R DarkV:1 (Robert Schmidt) REMOTE SOLD ITEM Exile_Item_PlasticBottleEmpty FOR 2 POPTABS AND 0.2 RESPECT | PLAYER TOTAL MONEY: 809
[22:10:00:942419 +02:00] [Thread 6236] PLAYER: ( 76561198141018060 ) R DarkV:1 (Robert Schmidt) REMOTE SOLD ITEM Exile_Item_PlasticBottleEmpty FOR 2 POPTABS AND 0.2 RESPECT | PLAYER TOTAL MONEY: 811
[22:10:02:260442 +02:00] [Thread 6236] PLAYER: ( 76561198141018060 ) R DarkV:1 (Robert Schmidt) REMOTE SOLD ITEM Exile_Item_PlasticBottleEmpty FOR 2 POPTABS AND 0.2 RESPECT | PLAYER TOTAL MONEY: 813
[22:10:03:532412 +02:00] [Thread 6236] PLAYER: ( 76561198141018060 ) R DarkV:1 (Robert Schmidt) REMOTE SOLD ITEM Exile_Item_PlasticBottleEmpty FOR 2 POPTABS AND 0.2 RESPECT | PLAYER TOTAL MONEY: 815
[22:10:04:283668 +02:00] [Thread 6236] PLAYER: ( 76561198141018060 ) R DarkV:1 (Robert Schmidt) REMOTE SOLD ITEM Exile_Item_PlasticBottleEmpty FOR 2 POPTABS AND 0.2 RESPECT | PLAYER TOTAL MONEY: 817
[22:10:05:096482 +02:00] [Thread 6236] PLAYER: ( 76561198141018060 ) R DarkV:1 (Robert Schmidt) REMOTE SOLD ITEM Exile_Item_PlasticBottleEmpty FOR 2 POPTABS AND 0.2 RESPECT | PLAYER TOTAL MONEY: 819
[22:10:05:930521 +02:00] [Thread 6236] PLAYER: ( 76561198141018060 ) R DarkV:1 (Robert Schmidt) REMOTE SOLD ITEM Exile_Item_PlasticBottleEmpty FOR 2 POPTABS AND 0.2 RESPECT | PLAYER TOTAL MONEY: 821
[22:10:06:853488 +02:00] [Thread 6236] PLAYER: ( 76561198141018060 ) R DarkV:1 (Robert Schmidt) REMOTE SOLD ITEM Exile_Item_PlasticBottleEmpty FOR 2 POPTABS AND 0.2 RESPECT | PLAYER TOTAL MONEY: 823
[23:34:47:171890 +02:00] [Thread 12300] PLAYER: ( 76561198191441767 ) R Alpha 1-3:1 (marvi) REMOTE SOLD ITEM: Exile_Bike_QuadBike_White (ID# <null>) with Cargo [] FOR 1250 POPTABS AND 125 RESPECT | PLAYER TOTAL MONEY: 1250
[23:37:07:355712 +02:00] [Thread 12300] PLAYER: ( 76561198191441767 ) R Blah Blah:3 (marvi) REMOTE SOLD ITEM: Exile_Car_LandRover_Ambulance_Desert (ID# <null>) with Cargo [] FOR 6000 POPTABS AND 600 RESPECT | PLAYER TOTAL MONEY: 7250
[23:49:32:617108 +02:00] [Thread 12300] PLAYER: ( 76561198191441767 ) R Blah Blah:3 (marvi) REMOTE SOLD ITEM: Exile_Car_Octavius_White (ID# <null>) with Cargo ["SmokeShellOrange"] FOR 3003 POPTABS AND 300.3 RESPECT | PLAYER TOTAL MONEY: 10253
[23:51:43:486675 +02:00] [Thread 12300] PLAYER: ( 76561198202120684 ) R Blah Blah:1 (Kevin Tredup) REMOTE SOLD ITEM Exile_Item_SausageGravy FOR 15 POPTABS AND 1.5 RESPECT | PLAYER TOTAL MONEY: 15
[23:51:44:388513 +02:00] [Thread 17544] PLAYER: ( 76561198202120684 ) R Blah Blah:1 (Kevin Tredup) REMOTE SOLD ITEM UGL_FlareWhite_F FOR 4 POPTABS AND 0.4 RESPECT | PLAYER TOTAL MONEY: 19
[23:51:45:024509 +02:00] [Thread 17544] PLAYER: ( 76561198202120684 ) R Blah Blah:1 (Kevin Tredup) REMOTE SOLD ITEM SmokeShellYellow FOR 3 POPTABS AND 0.3 RESPECT | PLAYER TOTAL MONEY: 22
[23:51:52:086546 +02:00] [Thread 17544] PLAYER: ( 76561198202120684 ) R Blah Blah:1 (Kevin Tredup) REMOTE SOLD ITEM muzzle_snds_93mmg_tan FOR 25 POPTABS AND 2.5 RESPECT | PLAYER TOTAL MONEY: 47
[23:52:02:711035 +02:00] [Thread 15288] PLAYER: ( 76561198191441767 ) R Blah Blah:3 (marvi) REMOTE SOLD ITEM: Exile_Bike_QuadBike_Blue (ID# <null>) with Cargo [] FOR 1250 POPTABS AND 125 RESPECT | PLAYER TOTAL MONEY: 11503
[23:54:05:447380 +02:00] [Thread 15288] PLAYER: ( 76561198191441767 ) R Blah Blah:3 (marvi) REMOTE SOLD ITEM: Exile_Car_LandRover_Ambulance_Desert (ID# <null>) with Cargo [] FOR 6000 POPTABS AND 600 RESPECT | PLAYER TOTAL MONEY: 17503
[23:54:26:166093 +02:00] [Thread 15288] PLAYER: ( 76561198191441767 ) R Blah Blah:3 (marvi) REMOTE PURCHASED VEHICLE Exile_Car_Ikarus_Blue FOR 17000 POPTABS | PLAYER TOTAL MONEY: 503
[00:24:44:037070 +02:00] [Thread 9884] PLAYER: ( 76561198191441767 ) R Blah Blah:3 (marvi) REMOTE SOLD ITEM: Exile_Car_Ikarus_Blue (ID# 1) with Cargo ["130Rnd_338_Mag","130Rnd_338_Mag","130Rnd_338_Mag","Exile_Magazine_45Rnd_545x39_RPK_Green","Exile_Magazine_45Rnd_545x39_RPK_Green","Exile_Magazine_45Rnd_545x39_RPK_Green","130Rnd_338_Mag","130Rnd_338_Mag","30Rnd_556x45_Stanag","30Rnd_556x45_Stanag","30Rnd_556x45_Stanag","30Rnd_556x45_Stanag","30Rnd_556x45_Stanag","30Rnd_556x45_Stanag","Exile_Item_PlasticBottleEmpty","arifle_AKS_F","30Rnd_545x39_Mag_Tracer_Green_F","Exile_Weapon_AKS_Gold","optic_Hamr","Exile_Magazine_30Rnd_762x39_AK","bipod_01_F_blk","hgun_ACPC2_F","9Rnd_45ACP_Mag","MMG_02_black_F","130Rnd_338_Mag","Exile_Weapon_Taurus","Exile_Magazine_6Rnd_45ACP","arifle_Katiba_GL_F","30Rnd_65x39_caseless_green","arifle_Mk20_F","30Rnd_556x45_Stanag","hgun_Pistol_heavy_01_F","11Rnd_45ACP_Mag","Exile_Weapon_Taurus","Exile_Magazine_6Rnd_45ACP","optic_MRCO","optic_Holosight"] FOR 1469 POPTABS AND 146.9 RESPECT | PLAYER TOTAL MONEY: 4426
[00:26:02:257797 +02:00] [Thread 15288] PLAYER: ( 76561198207815415 ) R Blah Blah:4 (Paulinchen) REMOTE PURCHASED ITEM Exile_Item_CanOpener FOR 80 POPTABS | PLAYER TOTAL MONEY: 60
[00:54:46:570804 +02:00] [Thread 12300] PLAYER: ( 76561198191441767 ) R Blah Blah:3 (marvi) REMOTE SOLD ITEM: Exile_Bike_QuadBike_Guerilla01 (ID# <null>) with Cargo [] FOR 1250 POPTABS AND 125 RESPECT | PLAYER TOTAL MONEY: 1250
[00:56:50:027701 +02:00] [Thread 9884] PLAYER: ( 76561198191441767 ) R Blah Blah:3 (marvi) REMOTE SOLD ITEM: Exile_Car_Ikarus_Blue (ID# 1) with Cargo ["100Rnd_65x39_caseless_mag","30Rnd_545x39_Mag_Tracer_Green_F","30Rnd_545x39_Mag_Tracer_Green_F","Exile_Item_Beer","30Rnd_556x45_Stanag","30Rnd_556x45_Stanag","30Rnd_556x45_Stanag","30Rnd_556x45_Stanag","30Rnd_556x45_Stanag","Exile_Magazine_30Rnd_762x39_AK","Exile_Magazine_30Rnd_762x39_AK","Exile_Magazine_30Rnd_762x39_AK","Exile_Magazine_30Rnd_762x39_AK","Exile_Magazine_30Rnd_762x39_AK","Exile_Magazine_30Rnd_762x39_AK","9Rnd_45ACP_Mag","9Rnd_45ACP_Mag","30Rnd_545x39_Mag_Tracer_Green_F","Exile_Item_Bandage","30Rnd_556x45_Stanag","30Rnd_556x45_Stanag","10Rnd_762x54_Mag","10Rnd_762x54_Mag","10Rnd_762x54_Mag","3Rnd_SmokeGreen_Grenade_shell","Exile_Magazine_6Rnd_45ACP","Exile_Magazine_6Rnd_45ACP","Exile_Magazine_6Rnd_45ACP","Exile_Magazine_6Rnd_45ACP","Exile_Magazine_6Rnd_45ACP","1Rnd_SmokeBlue_Grenade_shell","Exile_Magazine_10Rnd_93x64_DMR_05_Bullet_Cam_Mag","Exile_Magazine_10Rnd_93x64_DMR_05_Bullet_Cam_Mag","Exile_Magazine_30Rnd_545x39_AK_Red","Exile_Magazine_30Rnd_545x39_AK_Red","Exile_Magazine_30Rnd_545x39_AK_Red","Exile_Magazine_30Rnd_545x39_AK_Red","20Rnd_762x51_Mag","30Rnd_762x39_Mag_F","20Rnd_762x51_Mag","20Rnd_762x51_Mag","Exile_Item_InstaDoc","Exile_Item_PlasticBottleEmpty","arifle_TRG20_F","optic_MRCO","30Rnd_556x45_Stanag","Exile_Weapon_TaurusGold","Exile_Magazine_6Rnd_45ACP","srifle_DMR_01_F","srifle_DMR_05_tan_f","Exile_Magazine_10Rnd_93x64_DMR_05_Bullet_Cam_Mag","LMG_03_F","200Rnd_556x45_Box_Tracer_F","srifle_DMR_05_hex_F","Exile_Magazine_10Rnd_93x64_DMR_05_Bullet_Cam_Mag","Exile_Weapon_AK74","srifle_DMR_03_woodland_F"] FOR 3214 POPTABS AND 321.4 RESPECT | PLAYER TOTAL MONEY: 4464
[02:30:31:039378 +02:00] [Thread 15288] PLAYER: ( 76561198191441767 ) R Blah Blah:1 (marvi) REMOTE SOLD ITEM: Exile_Car_Ural_Covered_Military (ID# <null>) with Cargo ["Exile_Magazine_7Rnd_45ACP","Exile_Magazine_7Rnd_45ACP","Exile_Magazine_7Rnd_45ACP","Exile_Magazine_7Rnd_45ACP","10Rnd_338_Mag","Exile_Item_InstaDoc","30Rnd_556x45_Stanag","30Rnd_556x45_Stanag","30Rnd_556x45_Stanag","30Rnd_556x45_Stanag","30Rnd_556x45_Stanag","Exile_Magazine_7Rnd_45ACP","Exile_Magazine_7Rnd_45ACP","NLAW_F","NLAW_F","NLAW_F","Exile_Item_InstaDoc","30Rnd_65x39_caseless_black_mag","30Rnd_65x39_caseless_black_mag","30Rnd_65x39_caseless_black_mag","30Rnd_65x39_caseless_black_mag","30Rnd_65x39_caseless_black_mag","Exile_Magazine_6Rnd_45ACP","Exile_Magazine_6Rnd_45ACP","Exile_Item_Vishpirin","Exile_Item_InstaDoc","Exile_Magazine_30Rnd_762x39_AK","Exile_Magazine_30Rnd_762x39_AK","Exile_Magazine_30Rnd_762x39_AK","Exile_Magazine_30Rnd_762x39_AK","Exile_Magazine_30Rnd_762x39_AK","16Rnd_9x21_Mag","16Rnd_9x21_Mag","Exile_Magazine_30Rnd_762x39_AK","Exile_Magazine_30Rnd_762x39_AK","Exile_Item_Vishpirin","Exile_Item_InstaDoc","30Rnd_556x45_Stanag","30Rnd_556x45_Stanag","30Rnd_556x45_Stanag","30Rnd_556x45_Stanag","Exile_Magazine_6Rnd_45ACP","Exile_Item_Vishpirin","Exile_Item_InstaDoc","30Rnd_556x45_Stanag","30Rnd_556x45_Stanag","16Rnd_9x21_Mag","30Rnd_556x45_Stanag","30Rnd_556x45_Stanag","16Rnd_9x21_Mag","Exile_Item_Vishpirin","Exile_Item_InstaDoc","16Rnd_9x21_Mag","16Rnd_9x21_Mag","30Rnd_556x45_Stanag","Exile_Item_InstaDoc","30Rnd_556x45_Stanag","Exile_Item_Vishpirin","30Rnd_556x45_Stanag","Exile_Magazine_6Rnd_45ACP","30Rnd_65x39_caseless_black_mag","30Rnd_65x39_caseless_black_mag","6Rnd_45ACP_Cylinder","Exile_Item_InstaDoc","30Rnd_556x45_Stanag","30Rnd_556x45_Stanag","30Rnd_556x45_Stanag","30Rnd_556x45_Stanag","30Rnd_556x45_Stanag","9Rnd_45ACP_Mag","Exile_Item_Vishpirin","Exile_Magazine_5Rnd_22LR","APERSBoundingMine_Range_Mag","1Rnd_HE_Grenade_shell","Exile_Item_Heatpack","Exile_Magazine_8Rnd_74Slug","FlareRed_F","Chemlight_red","30Rnd_9x21_Mag_SMG_02_Tracer_Green","200Rnd_65x39_cased_Box","200Rnd_65x39_cased_Box","200Rnd_65x39_cased_Box","Exile_Item_InstaDoc","Exile_Item_InstaDoc","Exile_Item_InstaDoc","150Rnd_762x54_Box","hgun_ACPC2_F","9Rnd_45ACP_Mag","Exile_Weapon_Colt1911","Exile_Weapon_AK107_GL","Exile_Magazine_30Rnd_545x39_AK","Exile_Weapon_Colt1911","Exile_Magazine_7Rnd_45ACP","hgun_Pistol_heavy_02_F","6Rnd_45ACP_Cylinder","Exile_Weapon_Taurus","Exile_Magazine_6Rnd_45ACP","arifle_TRG20_F","30Rnd_556x45_Stanag","launch_NLAW_F","NLAW_F","hgun_Rook40_F","16Rnd_9x21_Mag","Exile_Weapon_AK47","Exile_Magazine_30Rnd_762x39_AK","bipod_01_F_mtp","arifle_MX_GL_Black_F","30Rnd_65x39_caseless_black_mag","Exile_Weapon_TaurusGold","Exile_Magazine_6Rnd_45ACP","arifle_MX_Black_F","optic_Aco","30Rnd_65x39_caseless_black_mag","arifle_Mk20_plain_F","30Rnd_556x45_Stanag","Exile_Weapon_TaurusGold","Exile_Magazine_6Rnd_45ACP","arifle_TRG21_GL_F","optic_DMS","30Rnd_556x45_Stanag","arifle_Mk20_GL_F","optic_DMS","30Rnd_556x45_Stanag","hgun_ACPC2_F","9Rnd_45ACP_Mag","hgun_Pistol_heavy_02_F","6Rnd_45ACP_Cylinder","arifle_TRG21_GL_F","optic_Arco","30Rnd_556x45_Stanag","hgun_Rook40_F","16Rnd_9x21_Mag","hgun_P07_F","16Rnd_9x21_Mag","arifle_TRG20_F","optic_MRCO","30Rnd_556x45_Stanag","arifle_MX_Black_F","30Rnd_65x39_caseless_black_mag","arifle_Katiba_F","30Rnd_65x39_caseless_green","hgun_Rook40_F","16Rnd_9x21_Mag","arifle_TRG21_F","30Rnd_556x45_Stanag","hgun_P07_F","16Rnd_9x21_Mag","hgun_P07_F","16Rnd_9x21_Mag","arifle_TRG21_F","optic_Aco","30Rnd_556x45_Stanag","Exile_Weapon_TaurusGold","Exile_Magazine_6Rnd_45ACP","arifle_MX_Black_F","optic_MRCO","30Rnd_65x39_caseless_black_mag","Exile_Weapon_TaurusGold","Exile_Magazine_6Rnd_45ACP","srifle_DMR_02_sniper_F","Exile_Weapon_Colt1911","Exile_Magazine_7Rnd_45ACP","LMG_Mk200_F","optic_DMS_ghex_F","200Rnd_65x39_cased_Box","Exile_Weapon_AK107_GL","Exile_Magazine_30Rnd_545x39_AK","Exile_Weapon_Taurus","Exile_Magazine_6Rnd_45ACP","Exile_Weapon_SVD","optic_LRPS","Exile_Magazine_10Rnd_762x54","Exile_Weapon_SVDCamo","Exile_Magazine_10Rnd_762x54","optic_Aco","optic_SOS","optic_ERCO_blk_F"] FOR 14594 POPTABS AND 1459.4 RESPECT | PLAYER TOTAL MONEY: 22127
[02:32:35:675473 +02:00] [Thread 15288] PLAYER: ( 76561198191441767 ) R Blah Blah:1 (marvi) REMOTE SOLD ITEM: Exile_Car_Ural_Covered_Military (ID# <null>) with Cargo ["Exile_Magazine_20Rnd_762x51_DMR","16Rnd_9x21_Mag","16Rnd_9x21_Mag","9Rnd_45ACP_Mag","9Rnd_45ACP_Mag","9Rnd_45ACP_Mag","LMG_Zafir_F","optic_Aco"] FOR 14249 POPTABS AND 1424.9 RESPECT | PLAYER TOTAL MONEY: 36376
[03:47:03:646874 +02:00] [Thread 15288] PLAYER: ( 76561198191441767 ) R Dark-V:1 (marvi) REMOTE SOLD ITEM: Exile_Car_Ural_Covered_Yellow (ID# <null>) with Cargo ["150Rnd_93x64_Mag","150Rnd_93x64_Mag","150Rnd_93x64_Mag","150Rnd_93x64_Mag","30Rnd_65x39_caseless_black_mag","30Rnd_65x39_caseless_black_mag","30Rnd_65x39_caseless_black_mag","30Rnd_65x39_caseless_black_mag","MMG_01_hex_F","optic_MRCO","150Rnd_93x64_Mag","bipod_02_F_tan","arifle_MX_GL_Black_F","optic_Arco","30Rnd_65x39_caseless_black_mag","arifle_MX_GL_Black_F","optic_MRCO","30Rnd_65x39_caseless_black_mag","hgun_Pistol_heavy_01_F","11Rnd_45ACP_Mag","arifle_Mk20_plain_F","optic_DMS","30Rnd_556x45_Stanag","Exile_Weapon_Colt1911","Exile_Magazine_7Rnd_45ACP","arifle_TRG21_GL_F","optic_Hamr","30Rnd_556x45_Stanag","Exile_Weapon_Makarov","Exile_Magazine_8Rnd_9x18","Exile_Weapon_Makarov","Exile_Magazine_8Rnd_9x18","arifle_Mk20_plain_F","optic_Holosight","30Rnd_556x45_Stanag","hgun_Pistol_heavy_02_F","6Rnd_45ACP_Cylinder","hgun_Pistol_heavy_01_F","11Rnd_45ACP_Mag"] FOR 15997 POPTABS AND 1599.7 RESPECT | PLAYER TOTAL MONEY: 21338
[04:22:33:443510 +02:00] [Thread 13652] PLAYER: ( 76561198191441767 ) R Dark-V:1 (marvi) REMOTE SOLD ITEM: Exile_Car_Ikarus_Blue (ID# 1) with Cargo ["B_Carryall_ghex_F","Exile_Item_Vishpirin","Exile_Item_PlasticBottleEmpty","Exile_Item_PlasticBottleEmpty","Exile_Item_CookingPot","30Rnd_556x45_Stanag","30Rnd_556x45_Stanag","30Rnd_556x45_Stanag","30Rnd_556x45_Stanag","Exile_Item_InstaDoc","Exile_Item_InstaDoc","30Rnd_556x45_Stanag","30Rnd_556x45_Stanag","Exile_Item_Vishpirin","Exile_Item_InstaDoc","Exile_Item_InstaDoc","Exile_Item_PlasticBottleEmpty","30Rnd_65x39_caseless_black_mag","Exile_Item_PlasticBottleEmpty","Exile_Item_InstaDoc","Exile_Item_InstaDoc","Exile_Weapon_RPK","Exile_Magazine_45Rnd_545x39_RPK_Green","bipod_03_F_oli","hgun_Pistol_heavy_01_F","11Rnd_45ACP_Mag","arifle_TRG20_F","optic_MRCO","30Rnd_556x45_Stanag","arifle_MX_GL_Black_F","optic_Hamr","30Rnd_65x39_caseless_black_mag","Exile_Weapon_AK107","optic_Arco","Exile_Magazine_30Rnd_545x39_AK","bipod_01_F_blk","Exile_Weapon_Taurus","Exile_Magazine_6Rnd_45ACP","hgun_Rook40_F","16Rnd_9x21_Mag","Exile_Weapon_TaurusGold","Exile_Magazine_6Rnd_45ACP","LMG_Mk200_F","200Rnd_65x39_cased_Box","bipod_02_F_blk","hgun_Pistol_heavy_02_F","6Rnd_45ACP_Cylinder","Exile_Weapon_Colt1911","Exile_Magazine_7Rnd_45ACP","U_O_GhillieSuit"] FOR 5721 POPTABS AND 572.1 RESPECT | PLAYER TOTAL MONEY: 8247
