[12:48:22:667833 +02:00] [Thread 11080] Kevin Tredup was killed by an NPC!
[13:22:25:617763 +02:00] [Thread 11080] Kevin Tredup was killed by an NPC!
[13:24:47:059667 +02:00] [Thread 5496] Kevin Tredup was killed by an NPC!
[13:25:17:346068 +02:00] [Thread 5816] Kevin Tredup commited suicide!
[13:26:22:748374 +02:00] [Thread 10252] Kevin Tredup was killed by an NPC!
[13:26:43:317762 +02:00] [Thread 11080] Kevin Tredup was killed by an NPC!
[17:42:47:520090 +02:00] [Thread 4320] Kevin Tredup was killed by an NPC!
[17:43:49:828488 +02:00] [Thread 4320] Kevin Tredup was killed by an NPC!
[17:45:30:297090 +02:00] [Thread 17844] Kevin Tredup was killed by an NPC!
[17:46:53:820779 +02:00] [Thread 17304] Kevin Tredup was killed by an NPC!
[18:14:06:307864 +02:00] [Thread 11880] Kevin Tredup died and nobody knows why.
[18:15:08:501978 +02:00] [Thread 11520] Kevin Tredup commited suicide!
[18:15:39:704227 +02:00] [Thread 12744] Kevin Tredup died because the universe hates him.
[18:23:19:415644 +02:00] [Thread 12744] Kevin Tredup died. Yes, Kevin Tredup is dead. Like really dead-dead.
[18:40:08:160329 +02:00] [Thread 12744] Kevin Tredup died due to Arma bugs and is probably very salty right now.
[18:44:28:849098 +02:00] [Thread 6184] Paulinchen died a mysterious death.
[18:49:51:591703 +02:00] [Thread 11520] Kevin Tredup died. Yes, Kevin Tredup is dead. Like really dead-dead.
[19:15:31:217632 +02:00] [Thread 11484] Paulinchen was killed by an NPC!
[19:37:22:719332 +02:00] [Thread 11880] Kevin Tredup commited suicide!
[23:09:26:143879 +02:00] [Thread 6236] Robert Schmidt commited suicide!
[23:09:29:500979 +02:00] [Thread 6236] Kevin Tredup died a mysterious death.
[23:09:29:523075 +02:00] [Thread 10772] Paulinchen died and nobody knows why.
[00:06:31:462414 +02:00] [Thread 17544] Kevin Tredup commited suicide!
[01:33:08:999251 +02:00] [Thread 9884] marvi was killed by an NPC!
