[09:28:04:659607 +02:00] [Thread 16140] PLAYER: ( 76561198057220228 ) R Alpha 1-2:1 (Dae Hir) REMOTE SOLD ITEM: Exile_Car_Octavius_White (ID# 14) with Cargo ["B_Bergen_hex_F","150Rnd_556x45_Drum_Mag_Tracer_F","SmokeShellBlue","APERSTripMine_Wire_Mag","100Rnd_580x42_Mag_Tracer_F","100Rnd_580x42_Mag_Tracer_F","100Rnd_580x42_Mag_Tracer_F","SmokeShellPurple","20Rnd_762x51_Mag","20Rnd_762x51_Mag","SatchelCharge_Remote_Mag","1Rnd_HE_Grenade_shell","Exile_Magazine_10Rnd_762x54","30Rnd_556x45_Stanag_Sand_Tracer_Green","20Rnd_762x51_Mag","Exile_Item_ConcreteDoorKit","Binocular","arifle_CTARS_blk_F","srifle_DMR_06_camo_F","arifle_SPAR_01_GL_snd_F","optic_AMS_snd","U_I_GhillieSuit","U_I_C_Soldier_Para_3_F","U_O_T_Soldier_F","U_B_GhillieSuit"] FOR 2169 POPTABS AND 216.9 RESPECT | PLAYER TOTAL MONEY: 2469
[09:30:16:039039 +02:00] [Thread 16140] PLAYER: ( 76561198057220228 ) R Alpha 1-2:1 (Dae Hir) REMOTE SOLD ITEM: Exile_Car_Octavius_White (ID# 14) with Cargo ["srifle_GM6_F"] FOR 3450 POPTABS AND 345 RESPECT | PLAYER TOTAL MONEY: 5919
[09:32:59:025866 +02:00] [Thread 2896] PLAYER: ( 76561198057220228 ) R Alpha 1-2:1 (Dae Hir) REMOTE PURCHASED VEHICLE Exile_Bike_QuadBike_Black FOR 2500 POPTABS | PLAYER TOTAL MONEY: 3419
[10:09:29:845334 +02:00] [Thread 16140] PLAYER: ( 76561198057220228 ) R Alpha 1-2:1 (Dae Hir) REMOTE SOLD ITEM: Exile_Car_Ural_Covered_Worker (ID# 34) with Cargo ["B_Carryall_cbr","B_Kitbag_mcamo","B_Carryall_oli","B_Carryall_cbr","B_Bergen_blk","B_Carryall_mcamo","Exile_Item_Vishpirin","Exile_Item_InstaDoc","Exile_Item_Vishpirin","Exile_Item_InstaDoc","Exile_Item_CatFood_Cooked","Exile_Item_CookingPot","Exile_Magazine_100Rnd_762x54_PK_Green","Exile_Magazine_6Rnd_45ACP","Exile_Magazine_100Rnd_762x54_PK_Green","Exile_Magazine_100Rnd_762x54_PK_Green","Exile_Magazine_100Rnd_762x54_PK_Green","Exile_Magazine_100Rnd_762x54_PK_Green","Exile_Magazine_100Rnd_762x54_PK_Green","Exile_Magazine_6Rnd_45ACP","Exile_Item_PowerDrink","Exile_Item_Bandage","Exile_Item_BBQSandwich","Exile_Item_EnergyDrink","Exile_Item_InstaDoc","Exile_Magazine_30Rnd_762x39_AK","Exile_Magazine_30Rnd_762x39_AK","Exile_Magazine_30Rnd_762x39_AK","Exile_Magazine_30Rnd_762x39_AK","Exile_Magazine_30Rnd_762x39_AK","9Rnd_45ACP_Mag","Exile_Item_InstaDoc","Exile_Item_EnergyDrink","Exile_Magazine_30Rnd_545x39_AK","Exile_Magazine_30Rnd_545x39_AK","Exile_Magazine_30Rnd_545x39_AK","Exile_Magazine_30Rnd_545x39_AK","Exile_Magazine_30Rnd_545x39_AK","9Rnd_45ACP_Mag","Exile_Item_Bandage","Exile_Item_CatFood_Cooked","Exile_Item_InstaDoc","Exile_Item_BBQSandwich","Exile_Item_EnergyDrink","30Rnd_556x45_Stanag","30Rnd_556x45_Stanag","30Rnd_556x45_Stanag","30Rnd_556x45_Stanag","30Rnd_556x45_Stanag","30Rnd_556x45_Stanag","30Rnd_556x45_Stanag","Exile_Magazine_6Rnd_45ACP","Exile_Magazine_6Rnd_45ACP","100Rnd_65x39_caseless_black_mag","100Rnd_65x39_caseless_black_mag","100Rnd_65x39_caseless_black_mag","100Rnd_65x39_caseless_black_mag","Exile_Item_InstaDoc","Exile_Item_CookingPot","100Rnd_65x39_caseless_black_mag","100Rnd_65x39_caseless_black_mag","100Rnd_65x39_caseless_black_mag","Exile_Magazine_7Rnd_45ACP","Exile_Magazine_7Rnd_45ACP","Exile_Item_Vishpirin","Exile_Item_PowerDrink","Exile_Item_CatFood_Cooked","30Rnd_556x45_Stanag","30Rnd_556x45_Stanag","30Rnd_556x45_Stanag","30Rnd_556x45_Stanag","30Rnd_556x45_Stanag","30Rnd_556x45_Stanag","Exile_Item_EMRE","Exile_Item_EMRE","Exile_Item_InstaDoc","Exile_Item_PlasticBottleFreshWater","Exile_Item_PlasticBottleFreshWater","20Rnd_762x51_Mag","20Rnd_762x51_Mag","20Rnd_762x51_Mag","20Rnd_762x51_Mag","20Rnd_762x51_Mag","Exile_Magazine_7Rnd_45ACP","Exile_Magazine_7Rnd_45ACP","Exile_Item_CatFood_Cooked","1Rnd_HE_Grenade_shell","30Rnd_65x39_caseless_khaki_mag","30Rnd_65x39_caseless_khaki_mag","30Rnd_65x39_caseless_khaki_mag","30Rnd_65x39_caseless_khaki_mag","30Rnd_65x39_caseless_khaki_mag","Exile_Item_PlasticBottleFreshWater","Exile_Item_PlasticBottleFreshWater","Exile_Item_Bandage","Exile_Item_Bandage","Exile_Item_Surstromming_Cooked","Exile_Item_PlasticBottleFreshWater","Exile_Item_PlasticBottleFreshWater","Rangefinder","Exile_Weapon_PKP","Exile_Weapon_TaurusGold","Binocular","Exile_Weapon_AKS_Gold","optic_DMS","Exile_Magazine_30Rnd_762x39_AK","hgun_ACPC2_F","9Rnd_45ACP_Mag","hgun_ACPC2_F","9Rnd_45ACP_Mag","arifle_Mk20_F","30Rnd_556x45_Stanag","Exile_Weapon_TaurusGold","Exile_Magazine_6Rnd_45ACP","srifle_EBR_F","20Rnd_762x51_Mag","arifle_MX_SW_Black_F","100Rnd_65x39_caseless_black_mag","bipod_02_F_tan","Exile_Weapon_Colt1911","Exile_Magazine_7Rnd_45ACP","Rangefinder","hgun_Pistol_heavy_01_F","11Rnd_45ACP_Mag","hgun_Pistol_heavy_01_F","11Rnd_45ACP_Mag","NVGoggles_tna_F","ItemWatch","ItemWatch","ItemWatch","ItemWatch","H_PilotHelmetFighter_I","optic_MRCO","bipod_02_F_blk","U_BG_Guerilla1_1","H_HelmetLeaderO_ocamo","H_HelmetLeaderO_ocamo","U_BG_Guerilla2_2","V_PlateCarrierSpec_blk","V_PlateCarrierSpec_blk","ItemGPS","U_O_PilotCoveralls","V_PlateCarrierL_CTRG","H_HelmetLeaderO_oucamo","optic_Aco","optic_DMS","bipod_01_F_mtp","H_PilotHelmetFighter_O","H_HelmetSpecB_paint1"] FOR 23332 POPTABS AND 2333.2 RESPECT | PLAYER TOTAL MONEY: 28338
[10:11:36:616375 +02:00] [Thread 2896] PLAYER: ( 76561198057220228 ) R Alpha 1-2:1 (Dae Hir) REMOTE SOLD ITEM B_Bergen_rgr FOR 100 POPTABS AND 10 RESPECT | PLAYER TOTAL MONEY: 28438
[10:11:37:474576 +02:00] [Thread 18240] PLAYER: ( 76561198057220228 ) R Alpha 1-2:1 (Dae Hir) REMOTE SOLD ITEM Exile_Item_BBQSandwich FOR 10 POPTABS AND 1 RESPECT | PLAYER TOTAL MONEY: 28448
[10:11:38:287457 +02:00] [Thread 18240] PLAYER: ( 76561198057220228 ) R Alpha 1-2:1 (Dae Hir) REMOTE SOLD ITEM Exile_Item_EnergyDrink FOR 20 POPTABS AND 2 RESPECT | PLAYER TOTAL MONEY: 28468
[10:11:39:099325 +02:00] [Thread 18240] PLAYER: ( 76561198057220228 ) R Alpha 1-2:1 (Dae Hir) REMOTE SOLD ITEM 30Rnd_556x45_Stanag FOR 10 POPTABS AND 1 RESPECT | PLAYER TOTAL MONEY: 28478
[10:11:39:935541 +02:00] [Thread 18240] PLAYER: ( 76561198057220228 ) R Alpha 1-2:1 (Dae Hir) REMOTE SOLD ITEM 30Rnd_556x45_Stanag FOR 10 POPTABS AND 1 RESPECT | PLAYER TOTAL MONEY: 28488
[10:11:40:791521 +02:00] [Thread 18240] PLAYER: ( 76561198057220228 ) R Alpha 1-2:1 (Dae Hir) REMOTE SOLD ITEM 30Rnd_556x45_Stanag FOR 10 POPTABS AND 1 RESPECT | PLAYER TOTAL MONEY: 28498
[10:11:41:626299 +02:00] [Thread 18240] PLAYER: ( 76561198057220228 ) R Alpha 1-2:1 (Dae Hir) REMOTE SOLD ITEM 30Rnd_556x45_Stanag FOR 10 POPTABS AND 1 RESPECT | PLAYER TOTAL MONEY: 28508
[10:11:42:461255 +02:00] [Thread 18240] PLAYER: ( 76561198057220228 ) R Alpha 1-2:1 (Dae Hir) REMOTE SOLD ITEM 30Rnd_556x45_Stanag FOR 10 POPTABS AND 1 RESPECT | PLAYER TOTAL MONEY: 28518
[10:11:43:317517 +02:00] [Thread 18240] PLAYER: ( 76561198057220228 ) R Alpha 1-2:1 (Dae Hir) REMOTE SOLD ITEM 30Rnd_556x45_Stanag FOR 10 POPTABS AND 1 RESPECT | PLAYER TOTAL MONEY: 28528
[10:11:45:181349 +02:00] [Thread 18240] PLAYER: ( 76561198057220228 ) R Alpha 1-2:1 (Dae Hir) REMOTE SOLD ITEM 30Rnd_556x45_Stanag FOR 10 POPTABS AND 1 RESPECT | PLAYER TOTAL MONEY: 28538
[10:11:47:408453 +02:00] [Thread 18240] PLAYER: ( 76561198057220228 ) R Alpha 1-2:1 (Dae Hir) REMOTE SOLD ITEM Exile_Item_InstaDoc FOR 625 POPTABS AND 62.5 RESPECT | PLAYER TOTAL MONEY: 29163
[10:11:48:330634 +02:00] [Thread 18240] PLAYER: ( 76561198057220228 ) R Alpha 1-2:1 (Dae Hir) REMOTE SOLD ITEM Exile_Item_InstaDoc FOR 625 POPTABS AND 62.5 RESPECT | PLAYER TOTAL MONEY: 29788
[10:11:49:231405 +02:00] [Thread 18240] PLAYER: ( 76561198057220228 ) R Alpha 1-2:1 (Dae Hir) REMOTE SOLD ITEM Exile_Item_InstaDoc FOR 625 POPTABS AND 62.5 RESPECT | PLAYER TOTAL MONEY: 30413
[10:11:50:152693 +02:00] [Thread 18240] PLAYER: ( 76561198057220228 ) R Alpha 1-2:1 (Dae Hir) REMOTE SOLD ITEM Exile_Item_EnergyDrink FOR 20 POPTABS AND 2 RESPECT | PLAYER TOTAL MONEY: 30433
[10:11:51:865611 +02:00] [Thread 18240] PLAYER: ( 76561198057220228 ) R Alpha 1-2:1 (Dae Hir) REMOTE SOLD ITEM Exile_Item_Vishpirin FOR 150 POPTABS AND 15 RESPECT | PLAYER TOTAL MONEY: 30583
[10:11:53:909544 +02:00] [Thread 18240] PLAYER: ( 76561198057220228 ) R Alpha 1-2:1 (Dae Hir) REMOTE SOLD ITEM Exile_Item_EnergyDrink FOR 20 POPTABS AND 2 RESPECT | PLAYER TOTAL MONEY: 30603
[10:11:55:005644 +02:00] [Thread 18240] PLAYER: ( 76561198057220228 ) R Alpha 1-2:1 (Dae Hir) REMOTE SOLD ITEM Exile_Item_Matches FOR 30 POPTABS AND 3 RESPECT | PLAYER TOTAL MONEY: 30633
[10:11:55:905764 +02:00] [Thread 18240] PLAYER: ( 76561198057220228 ) R Alpha 1-2:1 (Dae Hir) REMOTE SOLD ITEM Exile_Item_EnergyDrink FOR 20 POPTABS AND 2 RESPECT | PLAYER TOTAL MONEY: 30653
[10:11:56:783682 +02:00] [Thread 18240] PLAYER: ( 76561198057220228 ) R Alpha 1-2:1 (Dae Hir) REMOTE SOLD ITEM 30Rnd_556x45_Stanag FOR 10 POPTABS AND 1 RESPECT | PLAYER TOTAL MONEY: 30663
[10:11:57:703645 +02:00] [Thread 18240] PLAYER: ( 76561198057220228 ) R Alpha 1-2:1 (Dae Hir) REMOTE SOLD ITEM 30Rnd_556x45_Stanag FOR 10 POPTABS AND 1 RESPECT | PLAYER TOTAL MONEY: 30673
[10:11:58:558886 +02:00] [Thread 18240] PLAYER: ( 76561198057220228 ) R Alpha 1-2:1 (Dae Hir) REMOTE SOLD ITEM arifle_TRG20_F FOR 125 POPTABS AND 12.5 RESPECT | PLAYER TOTAL MONEY: 30798
[10:11:59:415745 +02:00] [Thread 18240] PLAYER: ( 76561198057220228 ) R Alpha 1-2:1 (Dae Hir) REMOTE SOLD ITEM arifle_Mk20_F FOR 75 POPTABS AND 7.5 RESPECT | PLAYER TOTAL MONEY: 30873
[10:12:00:315775 +02:00] [Thread 18240] PLAYER: ( 76561198057220228 ) R Alpha 1-2:1 (Dae Hir) REMOTE SOLD ITEM optic_DMS FOR 75 POPTABS AND 7.5 RESPECT | PLAYER TOTAL MONEY: 30948
[10:12:01:261711 +02:00] [Thread 18240] PLAYER: ( 76561198057220228 ) R Alpha 1-2:1 (Dae Hir) REMOTE SOLD ITEM optic_DMS FOR 75 POPTABS AND 7.5 RESPECT | PLAYER TOTAL MONEY: 31023
[10:12:02:207826 +02:00] [Thread 18240] PLAYER: ( 76561198057220228 ) R Alpha 1-2:1 (Dae Hir) REMOTE SOLD ITEM H_HelmetLeaderO_ocamo FOR 100 POPTABS AND 10 RESPECT | PLAYER TOTAL MONEY: 31123
[10:12:03:085730 +02:00] [Thread 18240] PLAYER: ( 76561198057220228 ) R Alpha 1-2:1 (Dae Hir) REMOTE SOLD ITEM ItemWatch FOR 1 POPTABS AND 0.1 RESPECT | PLAYER TOTAL MONEY: 31124
[10:12:04:008854 +02:00] [Thread 18240] PLAYER: ( 76561198057220228 ) R Alpha 1-2:1 (Dae Hir) REMOTE SOLD ITEM ItemWatch FOR 1 POPTABS AND 0.1 RESPECT | PLAYER TOTAL MONEY: 31125
[10:12:04:846733 +02:00] [Thread 18240] PLAYER: ( 76561198057220228 ) R Alpha 1-2:1 (Dae Hir) REMOTE SOLD ITEM ItemGPS FOR 20 POPTABS AND 2 RESPECT | PLAYER TOTAL MONEY: 31145
[10:12:05:734484 +02:00] [Thread 18240] PLAYER: ( 76561198057220228 ) R Alpha 1-2:1 (Dae Hir) REMOTE SOLD ITEM ItemGPS FOR 20 POPTABS AND 2 RESPECT | PLAYER TOTAL MONEY: 31165
[10:12:06:591811 +02:00] [Thread 18240] PLAYER: ( 76561198057220228 ) R Alpha 1-2:1 (Dae Hir) REMOTE SOLD ITEM U_BG_Guerrilla_6_1 FOR 30 POPTABS AND 3 RESPECT | PLAYER TOTAL MONEY: 31195
[10:12:07:557827 +02:00] [Thread 18240] PLAYER: ( 76561198057220228 ) R Alpha 1-2:1 (Dae Hir) REMOTE SOLD ITEM V_PlateCarrierIA2_dgtl FOR 50 POPTABS AND 5 RESPECT | PLAYER TOTAL MONEY: 31245
[10:14:20:548225 +02:00] [Thread 18240] PLAYER: ( 76561198057220228 ) R Alpha 1-2:1 (Dae Hir) REMOTE PURCHASED VEHICLE Exile_Car_Ural_Covered_Worker FOR 28000 POPTABS | PLAYER TOTAL MONEY: 9672
[10:14:35:098088 +02:00] [Thread 16140] PLAYER: ( 76561198057220228 ) R Alpha 1-2:1 (Dae Hir) REMOTE SOLD ITEM: Exile_Car_Ural_Covered_Worker (ID# 35) with Cargo [] FOR 14000 POPTABS AND 1400 RESPECT | PLAYER TOTAL MONEY: 23672
[10:15:15:000632 +02:00] [Thread 2896] PLAYER: ( 76561198057220228 ) R Alpha 1-2:1 (Dae Hir) REMOTE PURCHASED VEHICLE Exile_Car_MB4WDOpen FOR 15000 POPTABS | PLAYER TOTAL MONEY: 8672
[10:16:43:491493 +02:00] [Thread 16140] PLAYER: ( 76561198057220228 ) R Alpha 1-2:1 (Dae Hir) REMOTE SOLD ITEM: Exile_Car_MB4WDOpen (ID# 36) with Cargo [] FOR 7500 POPTABS AND 750 RESPECT | PLAYER TOTAL MONEY: 16172
[10:17:04:661325 +02:00] [Thread 1248] PLAYER: ( 76561198057220228 ) R Alpha 1-2:1 (Dae Hir) REMOTE PURCHASED VEHICLE Exile_Car_Van_Black FOR 12000 POPTABS | PLAYER TOTAL MONEY: 4172
[10:18:54:730646 +02:00] [Thread 16140] PLAYER: ( 76561198057220228 ) R Alpha 1-2:1 (Dae Hir) REMOTE SOLD ITEM: Exile_Bike_QuadBike_Black (ID# 33) with Cargo [] FOR 1250 POPTABS AND 125 RESPECT | PLAYER TOTAL MONEY: 5422
[10:57:18:175063 +02:00] [Thread 16140] PLAYER: ( 76561198057220228 ) R Alpha 1-2:1 (Dae Hir) REMOTE SOLD ITEM: Exile_Car_Volha_Black (ID# 38) with Cargo [] FOR 3000 POPTABS AND 300 RESPECT | PLAYER TOTAL MONEY: 8802
[11:02:16:845159 +02:00] [Thread 2896] PLAYER: ( 76561198057220228 ) R Alpha 1-2:1 (Dae Hir) REMOTE PURCHASED ITEM 20Rnd_762x51_Mag FOR 20 POPTABS | PLAYER TOTAL MONEY: 10563
[11:02:18:188165 +02:00] [Thread 1248] PLAYER: ( 76561198057220228 ) R Alpha 1-2:1 (Dae Hir) REMOTE PURCHASED ITEM 20Rnd_762x51_Mag FOR 20 POPTABS | PLAYER TOTAL MONEY: 10543
[11:02:19:109139 +02:00] [Thread 2896] PLAYER: ( 76561198057220228 ) R Alpha 1-2:1 (Dae Hir) REMOTE PURCHASED ITEM 20Rnd_762x51_Mag FOR 20 POPTABS | PLAYER TOTAL MONEY: 10523
[11:02:19:906724 +02:00] [Thread 1248] PLAYER: ( 76561198057220228 ) R Alpha 1-2:1 (Dae Hir) REMOTE PURCHASED ITEM 20Rnd_762x51_Mag FOR 20 POPTABS | PLAYER TOTAL MONEY: 10503
[11:02:20:741155 +02:00] [Thread 2896] PLAYER: ( 76561198057220228 ) R Alpha 1-2:1 (Dae Hir) REMOTE PURCHASED ITEM 20Rnd_762x51_Mag FOR 20 POPTABS | PLAYER TOTAL MONEY: 10483
[11:02:21:598573 +02:00] [Thread 1248] PLAYER: ( 76561198057220228 ) R Alpha 1-2:1 (Dae Hir) REMOTE PURCHASED ITEM 20Rnd_762x51_Mag FOR 20 POPTABS | PLAYER TOTAL MONEY: 10463
[11:02:22:411283 +02:00] [Thread 2896] PLAYER: ( 76561198057220228 ) R Alpha 1-2:1 (Dae Hir) REMOTE PURCHASED ITEM 20Rnd_762x51_Mag FOR 20 POPTABS | PLAYER TOTAL MONEY: 10443
[11:02:23:267292 +02:00] [Thread 1248] PLAYER: ( 76561198057220228 ) R Alpha 1-2:1 (Dae Hir) REMOTE PURCHASED ITEM 20Rnd_762x51_Mag FOR 20 POPTABS | PLAYER TOTAL MONEY: 10423
[11:02:24:168332 +02:00] [Thread 2896] PLAYER: ( 76561198057220228 ) R Alpha 1-2:1 (Dae Hir) REMOTE PURCHASED ITEM 20Rnd_762x51_Mag FOR 20 POPTABS | PLAYER TOTAL MONEY: 10403
[11:02:25:023490 +02:00] [Thread 1248] PLAYER: ( 76561198057220228 ) R Alpha 1-2:1 (Dae Hir) REMOTE PURCHASED ITEM 20Rnd_762x51_Mag FOR 20 POPTABS | PLAYER TOTAL MONEY: 10383
[11:02:25:989284 +02:00] [Thread 2896] PLAYER: ( 76561198057220228 ) R Alpha 1-2:1 (Dae Hir) REMOTE PURCHASED ITEM 20Rnd_762x51_Mag FOR 20 POPTABS | PLAYER TOTAL MONEY: 10363
[11:02:27:309665 +02:00] [Thread 1248] PLAYER: ( 76561198057220228 ) R Alpha 1-2:1 (Dae Hir) REMOTE PURCHASED ITEM 20Rnd_762x51_Mag FOR 20 POPTABS | PLAYER TOTAL MONEY: 10343
[13:32:23:472193 +02:00] [Thread 19296] PLAYER: ( 76561198191441767 ) R Dark-V:2 (marvi) REMOTE PURCHASED VEHICLE Exile_Car_Hunter FOR 26500 POPTABS | PLAYER TOTAL MONEY: 500
[13:33:44:101686 +02:00] [Thread 19296] PLAYER: ( 76561198191441767 ) R Dark-V:2 (marvi) REMOTE PURCHASED VEHICLE SKIN ["exile_assets\texture\vehicle\Exile_Hunter_Black_co.paa","exile_assets\texture\vehicle\Exile_Hunter_Black_Back_co.paa"] (Exile_Car_Hunter_Abstract) FOR 1000 POPTABS | PLAYER TOTAL MONEY: 0
[13:45:13:379984 +02:00] [Thread 18496] PLAYER: ( 76561198191441767 ) R Dark-V:2 (marvi) REMOTE SOLD ITEM: Exile_Car_Ikarus_Blue (ID# 1) with Cargo ["Exile_Item_Sand","Exile_Item_WoodFloorPortKit","Exile_Item_WoodFloorPortKit","Exile_Item_Cement","Exile_Item_WoodWindowKit","Exile_Item_Sand","Exile_Item_JunkMetal","Exile_Item_Screwdriver","Exile_Item_Sand","Exile_Item_Sand","Exile_Item_WoodWindowKit","Exile_Item_MetalBoard","Exile_Item_WoodFloorKit","Exile_Item_WoodFloorPortKit","Exile_Item_JunkMetal"] FOR 9200 POPTABS AND 920 RESPECT | PLAYER TOTAL MONEY: 9200
[13:47:50:112475 +02:00] [Thread 7604] PLAYER: ( 76561198191441767 ) R Dark-V:2 (marvi) REMOTE PURCHASED ITEM Exile_Item_SafeKit FOR 25000 POPTABS | PLAYER TOTAL MONEY: 25000
[13:49:31:983522 +02:00] [Thread 19296] PLAYER: ( 76561198191441767 ) R Dark-V:2 (marvi) REMOTE PURCHASED ITEM Exile_Item_SafeKit FOR 25000 POPTABS | PLAYER TOTAL MONEY: 0
[13:52:38:194096 +02:00] [Thread 19296] PLAYER: ( 76561198191441767 ) R Dark-V:2 (marvi) REMOTE PURCHASED ITEM Exile_Item_SafeKit FOR 25000 POPTABS | PLAYER TOTAL MONEY: 25000
[13:53:16:928010 +02:00] [Thread 7604] PLAYER: ( 76561198191441767 ) R Dark-V:2 (marvi) REMOTE PURCHASED ITEM Exile_Item_SafeKit FOR 25000 POPTABS | PLAYER TOTAL MONEY: 0
[13:55:12:689070 +02:00] [Thread 19296] PLAYER: ( 76561198191441767 ) R Dark-V:2 (marvi) REMOTE PURCHASED ITEM EBM_Brickwall_door_Kit FOR 5000 POPTABS | PLAYER TOTAL MONEY: 0
[13:59:53:819793 +02:00] [Thread 19296] PLAYER: ( 76561198191441767 ) R Dark-V:2 (marvi) REMOTE PURCHASED ITEM 10Rnd_338_Mag FOR 30 POPTABS | PLAYER TOTAL MONEY: 5637
[13:59:54:633726 +02:00] [Thread 18912] PLAYER: ( 76561198191441767 ) R Dark-V:2 (marvi) REMOTE PURCHASED ITEM 10Rnd_338_Mag FOR 30 POPTABS | PLAYER TOTAL MONEY: 5607
[13:59:54:962209 +02:00] [Thread 19296] PLAYER: ( 76561198191441767 ) R Dark-V:2 (marvi) REMOTE PURCHASED ITEM 10Rnd_338_Mag FOR 30 POPTABS | PLAYER TOTAL MONEY: 5577
[13:59:55:322816 +02:00] [Thread 18912] PLAYER: ( 76561198191441767 ) R Dark-V:2 (marvi) REMOTE PURCHASED ITEM 10Rnd_338_Mag FOR 30 POPTABS | PLAYER TOTAL MONEY: 5547
[13:59:55:672876 +02:00] [Thread 19296] PLAYER: ( 76561198191441767 ) R Dark-V:2 (marvi) REMOTE PURCHASED ITEM 10Rnd_338_Mag FOR 30 POPTABS | PLAYER TOTAL MONEY: 5517
[13:59:56:023892 +02:00] [Thread 18912] PLAYER: ( 76561198191441767 ) R Dark-V:2 (marvi) REMOTE PURCHASED ITEM 10Rnd_338_Mag FOR 30 POPTABS | PLAYER TOTAL MONEY: 5487
[13:59:56:353815 +02:00] [Thread 19296] PLAYER: ( 76561198191441767 ) R Dark-V:2 (marvi) REMOTE PURCHASED ITEM 10Rnd_338_Mag FOR 30 POPTABS | PLAYER TOTAL MONEY: 5457
[13:59:56:705892 +02:00] [Thread 18912] PLAYER: ( 76561198191441767 ) R Dark-V:2 (marvi) REMOTE PURCHASED ITEM 10Rnd_338_Mag FOR 30 POPTABS | PLAYER TOTAL MONEY: 5427
[13:59:57:057852 +02:00] [Thread 19296] PLAYER: ( 76561198191441767 ) R Dark-V:2 (marvi) REMOTE PURCHASED ITEM 10Rnd_338_Mag FOR 30 POPTABS | PLAYER TOTAL MONEY: 5397
[13:59:57:431814 +02:00] [Thread 18912] PLAYER: ( 76561198191441767 ) R Dark-V:2 (marvi) REMOTE PURCHASED ITEM 10Rnd_338_Mag FOR 30 POPTABS | PLAYER TOTAL MONEY: 5367
[13:59:57:782828 +02:00] [Thread 19296] PLAYER: ( 76561198191441767 ) R Dark-V:2 (marvi) REMOTE PURCHASED ITEM 10Rnd_338_Mag FOR 30 POPTABS | PLAYER TOTAL MONEY: 5337
[13:59:58:134796 +02:00] [Thread 18912] PLAYER: ( 76561198191441767 ) R Dark-V:2 (marvi) REMOTE PURCHASED ITEM 10Rnd_338_Mag FOR 30 POPTABS | PLAYER TOTAL MONEY: 5307
[13:59:58:464840 +02:00] [Thread 19296] PLAYER: ( 76561198191441767 ) R Dark-V:2 (marvi) REMOTE PURCHASED ITEM 10Rnd_338_Mag FOR 30 POPTABS | PLAYER TOTAL MONEY: 5277
[13:59:58:860764 +02:00] [Thread 18912] PLAYER: ( 76561198191441767 ) R Dark-V:2 (marvi) REMOTE PURCHASED ITEM 10Rnd_338_Mag FOR 30 POPTABS | PLAYER TOTAL MONEY: 5247
[13:59:59:256032 +02:00] [Thread 19296] PLAYER: ( 76561198191441767 ) R Dark-V:2 (marvi) REMOTE PURCHASED ITEM 10Rnd_338_Mag FOR 30 POPTABS | PLAYER TOTAL MONEY: 5217
[13:59:59:629865 +02:00] [Thread 18912] PLAYER: ( 76561198191441767 ) R Dark-V:2 (marvi) REMOTE PURCHASED ITEM 10Rnd_338_Mag FOR 30 POPTABS | PLAYER TOTAL MONEY: 5187
[14:00:00:157964 +02:00] [Thread 19296] PLAYER: ( 76561198191441767 ) R Dark-V:2 (marvi) REMOTE PURCHASED ITEM 10Rnd_338_Mag FOR 30 POPTABS | PLAYER TOTAL MONEY: 5157
[14:00:00:465879 +02:00] [Thread 18912] PLAYER: ( 76561198191441767 ) R Dark-V:2 (marvi) REMOTE PURCHASED ITEM 10Rnd_338_Mag FOR 30 POPTABS | PLAYER TOTAL MONEY: 5127
[14:00:00:772839 +02:00] [Thread 19296] PLAYER: ( 76561198191441767 ) R Dark-V:2 (marvi) REMOTE PURCHASED ITEM 10Rnd_338_Mag FOR 30 POPTABS | PLAYER TOTAL MONEY: 5097
[14:00:01:080842 +02:00] [Thread 18912] PLAYER: ( 76561198191441767 ) R Dark-V:2 (marvi) REMOTE PURCHASED ITEM 10Rnd_338_Mag FOR 30 POPTABS | PLAYER TOTAL MONEY: 5067
[14:00:01:409951 +02:00] [Thread 19296] PLAYER: ( 76561198191441767 ) R Dark-V:2 (marvi) REMOTE PURCHASED ITEM 10Rnd_338_Mag FOR 30 POPTABS | PLAYER TOTAL MONEY: 5037
[14:00:01:739939 +02:00] [Thread 18912] PLAYER: ( 76561198191441767 ) R Dark-V:2 (marvi) REMOTE PURCHASED ITEM 10Rnd_338_Mag FOR 30 POPTABS | PLAYER TOTAL MONEY: 5007
[14:00:02:112049 +02:00] [Thread 19296] PLAYER: ( 76561198191441767 ) R Dark-V:2 (marvi) REMOTE PURCHASED ITEM 10Rnd_338_Mag FOR 30 POPTABS | PLAYER TOTAL MONEY: 4977
[14:00:02:442038 +02:00] [Thread 18912] PLAYER: ( 76561198191441767 ) R Dark-V:2 (marvi) REMOTE PURCHASED ITEM 10Rnd_338_Mag FOR 30 POPTABS | PLAYER TOTAL MONEY: 4947
[14:00:02:793870 +02:00] [Thread 19296] PLAYER: ( 76561198191441767 ) R Dark-V:2 (marvi) REMOTE PURCHASED ITEM 10Rnd_338_Mag FOR 30 POPTABS | PLAYER TOTAL MONEY: 4917
[14:00:03:122987 +02:00] [Thread 18912] PLAYER: ( 76561198191441767 ) R Dark-V:2 (marvi) REMOTE PURCHASED ITEM 10Rnd_338_Mag FOR 30 POPTABS | PLAYER TOTAL MONEY: 4887
[14:00:03:491975 +02:00] [Thread 19296] PLAYER: ( 76561198191441767 ) R Dark-V:2 (marvi) REMOTE PURCHASED ITEM 10Rnd_338_Mag FOR 30 POPTABS | PLAYER TOTAL MONEY: 4857
[14:00:03:842118 +02:00] [Thread 18912] PLAYER: ( 76561198191441767 ) R Dark-V:2 (marvi) REMOTE PURCHASED ITEM 10Rnd_338_Mag FOR 30 POPTABS | PLAYER TOTAL MONEY: 4827
[14:00:04:193044 +02:00] [Thread 19296] PLAYER: ( 76561198191441767 ) R Dark-V:2 (marvi) REMOTE PURCHASED ITEM 10Rnd_338_Mag FOR 30 POPTABS | PLAYER TOTAL MONEY: 4797
[14:00:04:544023 +02:00] [Thread 18912] PLAYER: ( 76561198191441767 ) R Dark-V:2 (marvi) REMOTE PURCHASED ITEM 10Rnd_338_Mag FOR 30 POPTABS | PLAYER TOTAL MONEY: 4767
[14:00:04:894255 +02:00] [Thread 19296] PLAYER: ( 76561198191441767 ) R Dark-V:2 (marvi) REMOTE PURCHASED ITEM 10Rnd_338_Mag FOR 30 POPTABS | PLAYER TOTAL MONEY: 4737
[14:00:05:253010 +02:00] [Thread 18912] PLAYER: ( 76561198191441767 ) R Dark-V:2 (marvi) REMOTE PURCHASED ITEM 10Rnd_338_Mag FOR 30 POPTABS | PLAYER TOTAL MONEY: 4707
[14:00:05:604055 +02:00] [Thread 19296] PLAYER: ( 76561198191441767 ) R Dark-V:2 (marvi) REMOTE PURCHASED ITEM 10Rnd_338_Mag FOR 30 POPTABS | PLAYER TOTAL MONEY: 4677
[14:00:50:095915 +02:00] [Thread 18912] PLAYER: ( 76561198191441767 ) R Dark-V:2 (marvi) REMOTE PURCHASED ITEM B_Bergen_mcamo_F FOR 400 POPTABS | PLAYER TOTAL MONEY: 4277
[14:01:06:970389 +02:00] [Thread 19296] PLAYER: ( 76561198191441767 ) R Dark-V:2 (marvi) REMOTE PURCHASED ITEM B_Bergen_tna_F FOR 400 POPTABS | PLAYER TOTAL MONEY: 3877
[14:02:47:720379 +02:00] [Thread 18496] PLAYER: ( 76561198191441767 ) R Dark-V:2 (marvi) REMOTE SOLD ITEM: Exile_Chopper_Huron_Black (ID# 31) with Cargo ["B_Carryall_khk","11Rnd_45ACP_Mag","Exile_Magazine_30Rnd_545x39_AK","Exile_Magazine_30Rnd_762x39_AK","Exile_Magazine_6Rnd_45ACP","30Rnd_556x45_Stanag","Exile_Magazine_7Rnd_45ACP","200Rnd_65x39_cased_Box","hgun_Pistol_heavy_01_F","Exile_Weapon_AK74_GL","Exile_Weapon_AK47","Exile_Weapon_Taurus","arifle_TRG21_F","Exile_Weapon_Colt1911","LMG_Mk200_F","optic_Aco","optic_DMS","optic_MRCO","optic_Hamr","bipod_02_F_hex"] FOR 1349 POPTABS AND 134.9 RESPECT | PLAYER TOTAL MONEY: 5226
[14:15:16:556588 +02:00] [Thread 19296] PLAYER: ( 76561198001663065 ) R Alpha 1-4:1 (Sir Cardboard) REMOTE SOLD ITEM: Exile_Car_Volha_White (ID# <null>) with Cargo ["Exile_Item_Heatpack","Exile_Weapon_RPK","optic_ERCO_snd_F","optic_DMS_ghex_F"] FOR 3287 POPTABS AND 328.7 RESPECT | PLAYER TOTAL MONEY: 6209
[14:16:32:171429 +02:00] [Thread 18912] PLAYER: ( 76561198057220228 ) R Alpha 1-5:1 (Dae Hir) REMOTE PURCHASED VEHICLE Exile_Car_UAZ_Open_Green FOR 8000 POPTABS | PLAYER TOTAL MONEY: 2343
[14:17:03:545139 +02:00] [Thread 18496] PLAYER: ( 76561198057220228 ) R Alpha 1-5:1 (Dae Hir) REMOTE SOLD ITEM: Exile_Car_UAZ_Open_Green (ID# 41) with Cargo ["V_PlateCarrier1_blk"] FOR 4040 POPTABS AND 404 RESPECT | PLAYER TOTAL MONEY: 6383
[14:18:19:411758 +02:00] [Thread 7604] PLAYER: ( 76561198057220228 ) R Alpha 1-5:1 (Dae Hir) REMOTE PURCHASED ITEM muzzle_snds_B FOR 20 POPTABS | PLAYER TOTAL MONEY: 6363
[14:20:38:638959 +02:00] [Thread 18912] PLAYER: ( 76561198057220228 ) R Alpha 1-5:1 (Dae Hir) REMOTE PURCHASED VEHICLE Exile_Bike_QuadBike_Black FOR 2500 POPTABS | PLAYER TOTAL MONEY: 0
[14:24:24:256758 +02:00] [Thread 18496] PLAYER: ( 76561198191441767 ) R Dark-V:2 (marvi) REMOTE SOLD ITEM: Exile_Car_Ural_Covered_Military (ID# 40) with Cargo ["LMG_Mk200_F","200Rnd_65x39_cased_Box","bipod_03_F_blk","hgun_P07_F","16Rnd_9x21_Mag","arifle_TRG20_F","optic_MRCO","30Rnd_556x45_Stanag","arifle_TRG20_F","optic_Aco","30Rnd_556x45_Stanag","hgun_ACPC2_F","9Rnd_45ACP_Mag","Exile_Weapon_Colt1911","Exile_Magazine_7Rnd_45ACP","Exile_Weapon_AK107","optic_Holosight","Exile_Magazine_30Rnd_545x39_AK","hgun_Pistol_heavy_01_F","11Rnd_45ACP_Mag","arifle_Katiba_GL_F","30Rnd_65x39_caseless_green","hgun_Pistol_heavy_01_F","11Rnd_45ACP_Mag","Exile_Weapon_AK107_GL","optic_Hamr","Exile_Magazine_30Rnd_545x39_AK","launch_B_Titan_short_F","Titan_AT","hgun_ACPC2_F","9Rnd_45ACP_Mag","arifle_TRG20_F","30Rnd_556x45_Stanag","hgun_Pistol_heavy_02_F","6Rnd_45ACP_Cylinder","arifle_TRG20_F","optic_MRCO","30Rnd_556x45_Stanag","Exile_Weapon_Colt1911","Exile_Magazine_7Rnd_45ACP","hgun_Pistol_heavy_02_F","6Rnd_45ACP_Cylinder","arifle_MX_GL_Black_F","optic_Aco","30Rnd_65x39_caseless_black_mag"] FOR 2097 POPTABS AND 209.7 RESPECT | PLAYER TOTAL MONEY: 3852
[14:42:17:348645 +02:00] [Thread 18496] PLAYER: ( 76561198057220228 ) R Alpha 1-5:1 (Dae Hir) REMOTE SOLD ITEM: Exile_Car_Lada_Red (ID# 43) with Cargo ["arifle_MX_GL_Black_F","30Rnd_65x39_caseless_black_mag","arifle_Mk20_F","optic_Aco","30Rnd_556x45_Stanag","arifle_Mk20_plain_F","optic_DMS","30Rnd_556x45_Stanag","Exile_Weapon_AK47","optic_Arco","Exile_Magazine_30Rnd_762x39_AK"] FOR 3815 POPTABS AND 381.5 RESPECT | PLAYER TOTAL MONEY: 9486
[14:43:06:366911 +02:00] [Thread 7604] PLAYER: ( 76561198057220228 ) R Alpha 1-5:1 (Dae Hir) REMOTE PURCHASED VEHICLE Exile_Car_Van_Black FOR 12000 POPTABS | PLAYER TOTAL MONEY: 1349
[14:44:20:657226 +02:00] [Thread 18496] PLAYER: ( 76561198057220228 ) R Alpha 1-5:1 (Dae Hir) REMOTE SOLD ITEM: Exile_Car_Van_Black (ID# 44) with Cargo [] FOR 6000 POPTABS AND 600 RESPECT | PLAYER TOTAL MONEY: 7349
[14:44:39:355486 +02:00] [Thread 19296] PLAYER: ( 76561198057220228 ) R Alpha 1-5:1 (Dae Hir) REMOTE PURCHASED VEHICLE Exile_Car_Lada_Green FOR 6000 POPTABS | PLAYER TOTAL MONEY: 1349
[14:46:24:055490 +02:00] [Thread 18496] PLAYER: ( 76561198057220228 ) R Alpha 1-5:1 (Dae Hir) REMOTE SOLD ITEM: Exile_Car_Lada_Green (ID# 45) with Cargo [] FOR 3000 POPTABS AND 300 RESPECT | PLAYER TOTAL MONEY: 4349
[15:02:32:661831 +02:00] [Thread 18496] PLAYER: ( 76561198191441767 ) R Dark-V:2 (marvi) REMOTE SOLD ITEM: Exile_Car_Strider (ID# 46) with Cargo ["Exile_Weapon_Colt1911","Exile_Magazine_7Rnd_45ACP","hgun_Rook40_F","16Rnd_9x21_Mag","arifle_TRG20_F","30Rnd_556x45_Stanag","Exile_Weapon_TaurusGold","Exile_Magazine_6Rnd_45ACP","Exile_Weapon_RPK","Exile_Magazine_45Rnd_545x39_RPK_Green","bipod_03_F_oli","arifle_Mk20_F","optic_Hamr","30Rnd_556x45_Stanag","Exile_Weapon_Taurus","Exile_Magazine_6Rnd_45ACP"] FOR 22700 POPTABS AND 2270 RESPECT | PLAYER TOTAL MONEY: 26752
[15:56:20:566005 +02:00] [Thread 18912] PLAYER: ( 76561198191441767 ) R Dark-V:2 (marvi) REMOTE PURCHASED ITEM 5Rnd_127x108_APDS_Mag FOR 50 POPTABS | PLAYER TOTAL MONEY: 28552
[15:56:20:915279 +02:00] [Thread 18912] PLAYER: ( 76561198191441767 ) R Dark-V:2 (marvi) REMOTE PURCHASED ITEM 5Rnd_127x108_APDS_Mag FOR 50 POPTABS | PLAYER TOTAL MONEY: 28502
[15:56:21:244387 +02:00] [Thread 19296] PLAYER: ( 76561198191441767 ) R Dark-V:2 (marvi) REMOTE PURCHASED ITEM 5Rnd_127x108_APDS_Mag FOR 50 POPTABS | PLAYER TOTAL MONEY: 28452
[15:56:21:595270 +02:00] [Thread 18912] PLAYER: ( 76561198191441767 ) R Dark-V:2 (marvi) REMOTE PURCHASED ITEM 5Rnd_127x108_APDS_Mag FOR 50 POPTABS | PLAYER TOTAL MONEY: 28402
[15:56:21:951220 +02:00] [Thread 19296] PLAYER: ( 76561198191441767 ) R Dark-V:2 (marvi) REMOTE PURCHASED ITEM 5Rnd_127x108_APDS_Mag FOR 50 POPTABS | PLAYER TOTAL MONEY: 28352
[15:56:22:332282 +02:00] [Thread 18912] PLAYER: ( 76561198191441767 ) R Dark-V:2 (marvi) REMOTE PURCHASED ITEM 5Rnd_127x108_APDS_Mag FOR 50 POPTABS | PLAYER TOTAL MONEY: 28302
[15:56:22:662536 +02:00] [Thread 19296] PLAYER: ( 76561198191441767 ) R Dark-V:2 (marvi) REMOTE PURCHASED ITEM 5Rnd_127x108_APDS_Mag FOR 50 POPTABS | PLAYER TOTAL MONEY: 28252
[15:56:22:992334 +02:00] [Thread 18912] PLAYER: ( 76561198191441767 ) R Dark-V:2 (marvi) REMOTE PURCHASED ITEM 5Rnd_127x108_APDS_Mag FOR 50 POPTABS | PLAYER TOTAL MONEY: 28202
[15:56:23:320204 +02:00] [Thread 19296] PLAYER: ( 76561198191441767 ) R Dark-V:2 (marvi) REMOTE PURCHASED ITEM 5Rnd_127x108_APDS_Mag FOR 50 POPTABS | PLAYER TOTAL MONEY: 28152
[15:56:23:673277 +02:00] [Thread 18912] PLAYER: ( 76561198191441767 ) R Dark-V:2 (marvi) REMOTE PURCHASED ITEM 5Rnd_127x108_APDS_Mag FOR 50 POPTABS | PLAYER TOTAL MONEY: 28102
[15:56:24:047263 +02:00] [Thread 19296] PLAYER: ( 76561198191441767 ) R Dark-V:2 (marvi) REMOTE PURCHASED ITEM 5Rnd_127x108_APDS_Mag FOR 50 POPTABS | PLAYER TOTAL MONEY: 28052
[15:56:24:397440 +02:00] [Thread 18912] PLAYER: ( 76561198191441767 ) R Dark-V:2 (marvi) REMOTE PURCHASED ITEM 5Rnd_127x108_APDS_Mag FOR 50 POPTABS | PLAYER TOTAL MONEY: 28002
[15:56:24:746643 +02:00] [Thread 19296] PLAYER: ( 76561198191441767 ) R Dark-V:2 (marvi) REMOTE PURCHASED ITEM 5Rnd_127x108_APDS_Mag FOR 50 POPTABS | PLAYER TOTAL MONEY: 27952
[15:56:25:127309 +02:00] [Thread 18912] PLAYER: ( 76561198191441767 ) R Dark-V:2 (marvi) REMOTE PURCHASED ITEM 5Rnd_127x108_APDS_Mag FOR 50 POPTABS | PLAYER TOTAL MONEY: 27902
[15:56:25:483308 +02:00] [Thread 18912] PLAYER: ( 76561198191441767 ) R Dark-V:2 (marvi) REMOTE PURCHASED ITEM 5Rnd_127x108_APDS_Mag FOR 50 POPTABS | PLAYER TOTAL MONEY: 27852
[15:56:25:857352 +02:00] [Thread 18912] PLAYER: ( 76561198191441767 ) R Dark-V:2 (marvi) REMOTE PURCHASED ITEM 5Rnd_127x108_APDS_Mag FOR 50 POPTABS | PLAYER TOTAL MONEY: 27802
[15:56:26:230378 +02:00] [Thread 19296] PLAYER: ( 76561198191441767 ) R Dark-V:2 (marvi) REMOTE PURCHASED ITEM 5Rnd_127x108_APDS_Mag FOR 50 POPTABS | PLAYER TOTAL MONEY: 27752
[15:56:26:604263 +02:00] [Thread 18912] PLAYER: ( 76561198191441767 ) R Dark-V:2 (marvi) REMOTE PURCHASED ITEM 5Rnd_127x108_APDS_Mag FOR 50 POPTABS | PLAYER TOTAL MONEY: 27702
[15:56:26:956367 +02:00] [Thread 19296] PLAYER: ( 76561198191441767 ) R Dark-V:2 (marvi) REMOTE PURCHASED ITEM 5Rnd_127x108_APDS_Mag FOR 50 POPTABS | PLAYER TOTAL MONEY: 27652
[15:56:27:372433 +02:00] [Thread 18912] PLAYER: ( 76561198191441767 ) R Dark-V:2 (marvi) REMOTE PURCHASED ITEM 5Rnd_127x108_APDS_Mag FOR 50 POPTABS | PLAYER TOTAL MONEY: 27602
[15:56:27:701344 +02:00] [Thread 19296] PLAYER: ( 76561198191441767 ) R Dark-V:2 (marvi) REMOTE PURCHASED ITEM 5Rnd_127x108_APDS_Mag FOR 50 POPTABS | PLAYER TOTAL MONEY: 27552
[15:56:28:099382 +02:00] [Thread 18912] PLAYER: ( 76561198191441767 ) R Dark-V:2 (marvi) REMOTE PURCHASED ITEM 5Rnd_127x108_APDS_Mag FOR 50 POPTABS | PLAYER TOTAL MONEY: 27502
[15:56:28:450372 +02:00] [Thread 19296] PLAYER: ( 76561198191441767 ) R Dark-V:2 (marvi) REMOTE PURCHASED ITEM 5Rnd_127x108_APDS_Mag FOR 50 POPTABS | PLAYER TOTAL MONEY: 27452
[15:56:28:824388 +02:00] [Thread 18912] PLAYER: ( 76561198191441767 ) R Dark-V:2 (marvi) REMOTE PURCHASED ITEM 5Rnd_127x108_APDS_Mag FOR 50 POPTABS | PLAYER TOTAL MONEY: 27402
[15:56:29:197427 +02:00] [Thread 19296] PLAYER: ( 76561198191441767 ) R Dark-V:2 (marvi) REMOTE PURCHASED ITEM 5Rnd_127x108_APDS_Mag FOR 50 POPTABS | PLAYER TOTAL MONEY: 27352
[15:56:29:549440 +02:00] [Thread 18912] PLAYER: ( 76561198191441767 ) R Dark-V:2 (marvi) REMOTE PURCHASED ITEM 5Rnd_127x108_APDS_Mag FOR 50 POPTABS | PLAYER TOTAL MONEY: 27302
[15:56:29:921416 +02:00] [Thread 19296] PLAYER: ( 76561198191441767 ) R Dark-V:2 (marvi) REMOTE PURCHASED ITEM 5Rnd_127x108_APDS_Mag FOR 50 POPTABS | PLAYER TOTAL MONEY: 27252
[15:56:30:294761 +02:00] [Thread 18912] PLAYER: ( 76561198191441767 ) R Dark-V:2 (marvi) REMOTE PURCHASED ITEM 5Rnd_127x108_APDS_Mag FOR 50 POPTABS | PLAYER TOTAL MONEY: 27202
[15:56:30:666592 +02:00] [Thread 19296] PLAYER: ( 76561198191441767 ) R Dark-V:2 (marvi) REMOTE PURCHASED ITEM 5Rnd_127x108_APDS_Mag FOR 50 POPTABS | PLAYER TOTAL MONEY: 27152
[15:56:31:017471 +02:00] [Thread 18912] PLAYER: ( 76561198191441767 ) R Dark-V:2 (marvi) REMOTE PURCHASED ITEM 5Rnd_127x108_APDS_Mag FOR 50 POPTABS | PLAYER TOTAL MONEY: 27102
[15:56:31:368708 +02:00] [Thread 19296] PLAYER: ( 76561198191441767 ) R Dark-V:2 (marvi) REMOTE PURCHASED ITEM 5Rnd_127x108_APDS_Mag FOR 50 POPTABS | PLAYER TOTAL MONEY: 27052
[15:56:31:790513 +02:00] [Thread 18912] PLAYER: ( 76561198191441767 ) R Dark-V:2 (marvi) REMOTE PURCHASED ITEM 5Rnd_127x108_APDS_Mag FOR 50 POPTABS | PLAYER TOTAL MONEY: 27002
[15:56:32:098510 +02:00] [Thread 19296] PLAYER: ( 76561198191441767 ) R Dark-V:2 (marvi) REMOTE PURCHASED ITEM 5Rnd_127x108_APDS_Mag FOR 50 POPTABS | PLAYER TOTAL MONEY: 26952
[15:56:32:461496 +02:00] [Thread 18912] PLAYER: ( 76561198191441767 ) R Dark-V:2 (marvi) REMOTE PURCHASED ITEM 5Rnd_127x108_APDS_Mag FOR 50 POPTABS | PLAYER TOTAL MONEY: 26902
[15:56:32:834493 +02:00] [Thread 19296] PLAYER: ( 76561198191441767 ) R Dark-V:2 (marvi) REMOTE PURCHASED ITEM 5Rnd_127x108_APDS_Mag FOR 50 POPTABS | PLAYER TOTAL MONEY: 26852
[15:56:33:208532 +02:00] [Thread 18912] PLAYER: ( 76561198191441767 ) R Dark-V:2 (marvi) REMOTE PURCHASED ITEM 5Rnd_127x108_APDS_Mag FOR 50 POPTABS | PLAYER TOTAL MONEY: 26802
[15:56:33:537467 +02:00] [Thread 19296] PLAYER: ( 76561198191441767 ) R Dark-V:2 (marvi) REMOTE PURCHASED ITEM 5Rnd_127x108_APDS_Mag FOR 50 POPTABS | PLAYER TOTAL MONEY: 26752
[15:56:33:933515 +02:00] [Thread 18912] PLAYER: ( 76561198191441767 ) R Dark-V:2 (marvi) REMOTE PURCHASED ITEM 5Rnd_127x108_APDS_Mag FOR 50 POPTABS | PLAYER TOTAL MONEY: 26702
[15:56:34:284812 +02:00] [Thread 19296] PLAYER: ( 76561198191441767 ) R Dark-V:2 (marvi) REMOTE PURCHASED ITEM 5Rnd_127x108_APDS_Mag FOR 50 POPTABS | PLAYER TOTAL MONEY: 26652
[16:07:40:032058 +02:00] [Thread 18496] PLAYER: ( 76561198191441767 ) R Dark-V:2 (marvi) REMOTE SOLD ITEM: Exile_Chopper_Huron_Black (ID# 31) with Cargo ["hgun_ACPC2_F","9Rnd_45ACP_Mag","Exile_Weapon_AK107_GL","optic_Aco","Exile_Magazine_30Rnd_545x39_AK","arifle_TRG21_F","optic_Hamr","30Rnd_556x45_Stanag","arifle_MX_GL_Black_F","optic_MRCO","30Rnd_65x39_caseless_black_mag","hgun_Pistol_heavy_02_F","6Rnd_45ACP_Cylinder","Exile_Weapon_Makarov","Exile_Magazine_8Rnd_9x18","Exile_Weapon_Colt1911","Exile_Magazine_7Rnd_45ACP","Exile_Weapon_Makarov","Exile_Magazine_8Rnd_9x18","Exile_Weapon_TaurusGold","Exile_Magazine_6Rnd_45ACP","hgun_ACPC2_F","9Rnd_45ACP_Mag","Exile_Weapon_Taurus","Exile_Magazine_6Rnd_45ACP","hgun_Pistol_heavy_01_F","11Rnd_45ACP_Mag","Exile_Weapon_AK107","optic_Arco","Exile_Magazine_30Rnd_545x39_AK","hgun_Pistol_heavy_02_F","6Rnd_45ACP_Cylinder","hgun_ACPC2_F","9Rnd_45ACP_Mag","Exile_Weapon_TaurusGold","Exile_Magazine_6Rnd_45ACP","Exile_Weapon_Colt1911","Exile_Magazine_7Rnd_45ACP","hgun_Pistol_heavy_02_F","6Rnd_45ACP_Cylinder","arifle_TRG21_F","optic_Holosight","30Rnd_556x45_Stanag","hgun_P07_F","16Rnd_9x21_Mag","Exile_Weapon_Colt1911","Exile_Magazine_7Rnd_45ACP","Exile_Weapon_AK107","optic_DMS","Exile_Magazine_30Rnd_545x39_AK","bipod_01_F_blk","arifle_TRG20_F","30Rnd_556x45_Stanag","Exile_Weapon_Taurus","Exile_Magazine_6Rnd_45ACP","srifle_EBR_F","optic_DMS","20Rnd_762x51_Mag","bipod_03_F_blk","LMG_Mk200_F","optic_MRCO","200Rnd_65x39_cased_Box","bipod_03_F_blk","arifle_TRG21_GL_F","optic_Aco","30Rnd_556x45_Stanag","hgun_Pistol_heavy_02_F","6Rnd_45ACP_Cylinder","arifle_Mk20_GL_F","optic_DMS","30Rnd_556x45_Stanag","Exile_Weapon_Makarov","Exile_Magazine_8Rnd_9x18","Exile_Weapon_AK107_GL","optic_MRCO","Exile_Magazine_30Rnd_545x39_AK","hgun_Pistol_heavy_02_F","6Rnd_45ACP_Cylinder","hgun_Rook40_F","16Rnd_9x21_Mag"] FOR 3893 POPTABS AND 389.3 RESPECT | PLAYER TOTAL MONEY: 75000
[17:22:41:752720 +02:00] [Thread 19296] PLAYER: ( 76561198191441767 ) R Dark-V:2 (marvi) REMOTE PURCHASED ITEM acc_pointer_IR FOR 10 POPTABS | PLAYER TOTAL MONEY: 25216
[17:23:39:185758 +02:00] [Thread 18496] PLAYER: ( 76561198191441767 ) R Dark-V:2 (marvi) REMOTE PURCHASED ITEM optic_Nightstalker FOR 1000 POPTABS | PLAYER TOTAL MONEY: 24216
[17:23:39:869925 +02:00] [Thread 19296] PLAYER: ( 76561198191441767 ) R Dark-V:2 (marvi) REMOTE PURCHASED ITEM optic_Nightstalker FOR 1000 POPTABS | PLAYER TOTAL MONEY: 23216
[17:42:42:776903 +02:00] [Thread 7604] PLAYER: ( 76561198191441767 ) R Dark-V:2 (marvi) REMOTE SOLD ITEM: Exile_Car_Zamak (ID# <null>) with Cargo ["Exile_Weapon_SVD","optic_DMS","Exile_Magazine_10Rnd_762x54","hgun_ACPC2_F","9Rnd_45ACP_Mag","arifle_Mk20_F","30Rnd_556x45_Stanag","hgun_ACPC2_F","9Rnd_45ACP_Mag","Exile_Weapon_AK107","optic_Hamr","Exile_Magazine_30Rnd_545x39_AK","Exile_Weapon_TaurusGold","Exile_Magazine_6Rnd_45ACP","hgun_P07_F","16Rnd_9x21_Mag","srifle_EBR_F","optic_DMS","20Rnd_762x51_Mag","bipod_01_F_mtp","LMG_Mk200_F","optic_Aco","200Rnd_65x39_cased_Box","bipod_02_F_blk","Exile_Weapon_Colt1911","Exile_Magazine_7Rnd_45ACP"] FOR 23211 POPTABS AND 2321.1 RESPECT | PLAYER TOTAL MONEY: 26903
[18:06:59:461061 +02:00] [Thread 18912] PLAYER: ( 76561198191441767 ) R Dark-V:2 (marvi) REMOTE SOLD ITEM: Exile_Car_Ural_Open_Worker (ID# 47) with Cargo ["arifle_Mk20_F","optic_DMS","30Rnd_556x45_Stanag","hgun_P07_F","16Rnd_9x21_Mag","hgun_ACPC2_F","hgun_ACPC2_F","Exile_Weapon_AK47","arifle_TRG21_GL_F","arifle_Mk20_GL_F","hgun_Pistol_heavy_01_F","Exile_Weapon_Taurus","arifle_TRG21_F","optic_MRCO","30Rnd_556x45_Stanag","Exile_Weapon_TaurusGold","Exile_Magazine_6Rnd_45ACP"] FOR 1130 POPTABS AND 113 RESPECT | PLAYER TOTAL MONEY: 1610
[18:08:26:709263 +02:00] [Thread 19296] PLAYER: ( 76561198207815415 ) R Dark-V:1 (Paulinchen) REMOTE PURCHASED VEHICLE SKIN ["Exile_psycho_Ural\data\ural_kabina_khk_co.paa","Exile_psycho_Ural\data\ural_plachta_co.paa"] (Exile_Car_Ural_Open_Abstract) FOR 300 POPTABS | PLAYER TOTAL MONEY: 1170
[18:09:04:375675 +02:00] [Thread 18912] PLAYER: ( 76561198191441767 ) R Dark-V:2 (marvi) REMOTE SOLD ITEM: Exile_Chopper_Huron_Black (ID# 31) with Cargo ["200Rnd_65x39_cased_Box","hgun_Rook40_F","16Rnd_9x21_Mag","arifle_Mk20_F","optic_Arco","30Rnd_556x45_Stanag","Exile_Weapon_AK107","optic_MRCO","Exile_Magazine_30Rnd_545x39_AK","bipod_03_F_blk","Exile_Weapon_SVD","Exile_Magazine_10Rnd_762x54","Exile_Weapon_Colt1911","Exile_Magazine_7Rnd_45ACP","hgun_Pistol_heavy_01_F","11Rnd_45ACP_Mag","Exile_Weapon_Taurus","Exile_Magazine_6Rnd_45ACP","Exile_Weapon_SVD","optic_AMS_khk","Exile_Magazine_10Rnd_762x54","Exile_Weapon_AKS_Gold","optic_Holosight","Exile_Magazine_30Rnd_762x39_AK","srifle_DMR_03_woodland_F","optic_LRPS","20Rnd_762x51_Mag","bipod_01_F_mtp","Exile_Weapon_Taurus","Exile_Magazine_6Rnd_45ACP"] FOR 2444 POPTABS AND 244.4 RESPECT | PLAYER TOTAL MONEY: 5895
[18:38:39:395516 +02:00] [Thread 18496] PLAYER: ( 76561198202120684 ) R Alpha 2-3:1 (Kevin Tredup) REMOTE SOLD ITEM: Exile_Car_Octavius_White (ID# <null>) with Cargo [] FOR 3000 POPTABS AND 300 RESPECT | PLAYER TOTAL MONEY: 3490
[18:41:54:023272 +02:00] [Thread 18496] PLAYER: ( 76561198202120684 ) R Alpha 2-3:1 (Kevin Tredup) REMOTE PURCHASED VEHICLE SKIN ["\A3\Air_F\Heli_Light_02\Data\Heli_Light_02_ext_OPFOR_CO.paa"] (Exile_Chopper_Orca_Abstract) FOR 350 POPTABS | PLAYER TOTAL MONEY: 5026
[19:36:01:459996 +02:00] [Thread 7440] PLAYER: ( 76561198191441767 ) R Dark-V:4 (marvi) REMOTE PURCHASED ITEM B_Bergen_tna_F FOR 400 POPTABS | PLAYER TOTAL MONEY: 9600
[19:36:44:992871 +02:00] [Thread 14680] PLAYER: ( 76561198191441767 ) R Dark-V:4 (marvi) REMOTE PURCHASED ITEM 10Rnd_338_Mag FOR 30 POPTABS | PLAYER TOTAL MONEY: 9570
[19:36:45:322878 +02:00] [Thread 7440] PLAYER: ( 76561198191441767 ) R Dark-V:4 (marvi) REMOTE PURCHASED ITEM 10Rnd_338_Mag FOR 30 POPTABS | PLAYER TOTAL MONEY: 9540
[19:36:45:630743 +02:00] [Thread 14680] PLAYER: ( 76561198191441767 ) R Dark-V:4 (marvi) REMOTE PURCHASED ITEM 10Rnd_338_Mag FOR 30 POPTABS | PLAYER TOTAL MONEY: 9510
[19:36:45:982742 +02:00] [Thread 7440] PLAYER: ( 76561198191441767 ) R Dark-V:4 (marvi) REMOTE PURCHASED ITEM 10Rnd_338_Mag FOR 30 POPTABS | PLAYER TOTAL MONEY: 9480
[19:36:46:290729 +02:00] [Thread 14680] PLAYER: ( 76561198191441767 ) R Dark-V:4 (marvi) REMOTE PURCHASED ITEM 10Rnd_338_Mag FOR 30 POPTABS | PLAYER TOTAL MONEY: 9450
[19:36:46:620786 +02:00] [Thread 7440] PLAYER: ( 76561198191441767 ) R Dark-V:4 (marvi) REMOTE PURCHASED ITEM 10Rnd_338_Mag FOR 30 POPTABS | PLAYER TOTAL MONEY: 9420
[19:36:46:972798 +02:00] [Thread 14680] PLAYER: ( 76561198191441767 ) R Dark-V:4 (marvi) REMOTE PURCHASED ITEM 10Rnd_338_Mag FOR 30 POPTABS | PLAYER TOTAL MONEY: 9390
[19:36:47:302825 +02:00] [Thread 7440] PLAYER: ( 76561198191441767 ) R Dark-V:4 (marvi) REMOTE PURCHASED ITEM 10Rnd_338_Mag FOR 30 POPTABS | PLAYER TOTAL MONEY: 9360
[19:36:47:631932 +02:00] [Thread 14680] PLAYER: ( 76561198191441767 ) R Dark-V:4 (marvi) REMOTE PURCHASED ITEM 10Rnd_338_Mag FOR 30 POPTABS | PLAYER TOTAL MONEY: 9330
[19:36:47:983040 +02:00] [Thread 7440] PLAYER: ( 76561198191441767 ) R Dark-V:4 (marvi) REMOTE PURCHASED ITEM 10Rnd_338_Mag FOR 30 POPTABS | PLAYER TOTAL MONEY: 9300
[19:36:48:355938 +02:00] [Thread 14680] PLAYER: ( 76561198191441767 ) R Dark-V:4 (marvi) REMOTE PURCHASED ITEM 10Rnd_338_Mag FOR 30 POPTABS | PLAYER TOTAL MONEY: 9270
[19:36:48:707837 +02:00] [Thread 7440] PLAYER: ( 76561198191441767 ) R Dark-V:4 (marvi) REMOTE PURCHASED ITEM 10Rnd_338_Mag FOR 30 POPTABS | PLAYER TOTAL MONEY: 9240
[19:36:49:082237 +02:00] [Thread 14680] PLAYER: ( 76561198191441767 ) R Dark-V:4 (marvi) REMOTE PURCHASED ITEM 10Rnd_338_Mag FOR 30 POPTABS | PLAYER TOTAL MONEY: 9210
[19:36:49:455931 +02:00] [Thread 7440] PLAYER: ( 76561198191441767 ) R Dark-V:4 (marvi) REMOTE PURCHASED ITEM 10Rnd_338_Mag FOR 30 POPTABS | PLAYER TOTAL MONEY: 9180
[19:36:49:810064 +02:00] [Thread 14680] PLAYER: ( 76561198191441767 ) R Dark-V:4 (marvi) REMOTE PURCHASED ITEM 10Rnd_338_Mag FOR 30 POPTABS | PLAYER TOTAL MONEY: 9150
[19:36:50:183891 +02:00] [Thread 7440] PLAYER: ( 76561198191441767 ) R Dark-V:4 (marvi) REMOTE PURCHASED ITEM 10Rnd_338_Mag FOR 30 POPTABS | PLAYER TOTAL MONEY: 9120
[19:36:50:579968 +02:00] [Thread 14680] PLAYER: ( 76561198191441767 ) R Dark-V:4 (marvi) REMOTE PURCHASED ITEM 10Rnd_338_Mag FOR 30 POPTABS | PLAYER TOTAL MONEY: 9090
[19:36:50:910659 +02:00] [Thread 7440] PLAYER: ( 76561198191441767 ) R Dark-V:4 (marvi) REMOTE PURCHASED ITEM 10Rnd_338_Mag FOR 30 POPTABS | PLAYER TOTAL MONEY: 9060
[19:36:51:284150 +02:00] [Thread 14680] PLAYER: ( 76561198191441767 ) R Dark-V:4 (marvi) REMOTE PURCHASED ITEM 10Rnd_338_Mag FOR 30 POPTABS | PLAYER TOTAL MONEY: 9030
[19:36:51:613926 +02:00] [Thread 7440] PLAYER: ( 76561198191441767 ) R Dark-V:4 (marvi) REMOTE PURCHASED ITEM 10Rnd_338_Mag FOR 30 POPTABS | PLAYER TOTAL MONEY: 9000
[19:36:51:965986 +02:00] [Thread 14680] PLAYER: ( 76561198191441767 ) R Dark-V:4 (marvi) REMOTE PURCHASED ITEM 10Rnd_338_Mag FOR 30 POPTABS | PLAYER TOTAL MONEY: 8970
[19:36:52:316946 +02:00] [Thread 7440] PLAYER: ( 76561198191441767 ) R Dark-V:4 (marvi) REMOTE PURCHASED ITEM 10Rnd_338_Mag FOR 30 POPTABS | PLAYER TOTAL MONEY: 8940
[19:38:33:125065 +02:00] [Thread 7440] PLAYER: ( 76561198191441767 ) R Dark-V:4 (marvi) REMOTE PURCHASED ITEM ItemCompass FOR 6 POPTABS | PLAYER TOTAL MONEY: 8934
[19:38:34:198989 +02:00] [Thread 14680] PLAYER: ( 76561198191441767 ) R Dark-V:4 (marvi) REMOTE PURCHASED ITEM ItemMap FOR 6 POPTABS | PLAYER TOTAL MONEY: 8928
[19:38:47:169220 +02:00] [Thread 7440] PLAYER: ( 76561198191441767 ) R Dark-V:4 (marvi) REMOTE PURCHASED ITEM Exile_Item_XM8 FOR 20 POPTABS | PLAYER TOTAL MONEY: 8908
[19:38:47:939247 +02:00] [Thread 14680] PLAYER: ( 76561198191441767 ) R Dark-V:4 (marvi) REMOTE PURCHASED ITEM ItemGPS FOR 40 POPTABS | PLAYER TOTAL MONEY: 8868
[19:49:23:008838 +02:00] [Thread 14184] PLAYER: ( 76561198141018060 ) R Dark-V:1 (Robert Schmidt) REMOTE PURCHASED VEHICLE Exile_Chopper_Hummingbird_Green FOR 23000 POPTABS | PLAYER TOTAL MONEY: 1120
[20:20:35:609020 +02:00] [Thread 7188] PLAYER: ( 76561198141018060 ) R Dark-V:1 (Robert Schmidt) REMOTE SOLD ITEM: Exile_Chopper_Hummingbird_Green (ID# 48) with Cargo ["Exile_Item_EnergyDrink","Exile_Item_PowerDrink","Exile_Item_BBQSandwich","Exile_Item_InstaDoc","Exile_Item_EnergyDrink","30Rnd_556x45_Stanag","30Rnd_556x45_Stanag","30Rnd_556x45_Stanag","30Rnd_556x45_Stanag","30Rnd_556x45_Stanag","30Rnd_556x45_Stanag","Exile_Item_CatFood_Cooked","Exile_Item_Vishpirin","Exile_Item_InstaDoc","Exile_Item_BBQSandwich","Exile_Item_EnergyDrink","30Rnd_65x39_caseless_black_mag","30Rnd_65x39_caseless_black_mag","30Rnd_65x39_caseless_black_mag","30Rnd_65x39_caseless_black_mag","30Rnd_65x39_caseless_black_mag","Exile_Magazine_6Rnd_45ACP","Exile_Item_Bandage","Exile_Item_PowerDrink","Exile_Item_BBQSandwich","Exile_Item_EnergyDrink","Exile_Item_InstaDoc","Exile_Magazine_30Rnd_762x39_AK","Exile_Magazine_30Rnd_762x39_AK","Exile_Magazine_30Rnd_762x39_AK","Exile_Magazine_30Rnd_762x39_AK","Exile_Magazine_30Rnd_762x39_AK","11Rnd_45ACP_Mag","Exile_Item_InstaDoc","Exile_Item_Vishpirin","arifle_TRG21_F","optic_DMS","30Rnd_556x45_Stanag","arifle_MX_GL_Black_F","optic_Arco","30Rnd_65x39_caseless_black_mag","Exile_Weapon_AK47","Exile_Magazine_30Rnd_762x39_AK","H_HelmetLeaderO_oucamo","U_BG_Guerilla1_1","U_BG_Guerilla1_1","V_PlateCarrierGL_mtp","V_PlateCarrierGL_mtp","H_HelmetSpecB_paint1"] FOR 16069 POPTABS AND 1606.9 RESPECT | PLAYER TOTAL MONEY: 36201
[20:21:42:520895 +02:00] [Thread 18840] PLAYER: ( 76561198141018060 ) R Dark-V:1 (Robert Schmidt) REMOTE PURCHASED VEHICLE Exile_Chopper_Orca_BlackCustom FOR 28000 POPTABS | PLAYER TOTAL MONEY: 0
[20:28:34:750233 +02:00] [Thread 18840] PLAYER: ( 76561198191441767 ) R Dark-V:4 (marvi) REMOTE PURCHASED VEHICLE Exile_Chopper_Huron_Black FOR 50000 POPTABS | PLAYER TOTAL MONEY: 10693
[20:38:09:893491 +02:00] [Thread 7188] PLAYER: ( 76561198191441767 ) R Dark-V:4 (marvi) REMOTE SOLD ITEM: Exile_Car_Lada_Red (ID# 49) with Cargo ["B_Bergen_blk","Exile_Item_InstaDoc","Exile_Item_DuctTape","Exile_Item_EMRE","Exile_Item_InstaDoc","Exile_Item_Surstromming_Cooked","Exile_Item_PlasticBottleFreshWater","Exile_Item_PlasticBottleFreshWater","Exile_Item_Matches","5Rnd_127x108_Mag","Exile_Magazine_8Rnd_9x18","Exile_Magazine_8Rnd_9x18","11Rnd_45ACP_Mag","7Rnd_408_Mag","11Rnd_45ACP_Mag","7Rnd_408_Mag","7Rnd_408_Mag","Exile_Item_DuctTape","5Rnd_127x108_Mag","5Rnd_127x108_Mag","5Rnd_127x108_Mag","7Rnd_408_Mag","Rangefinder","Exile_Weapon_VSSVintorez","optic_AMS_khk","Exile_Magazine_10Rnd_9x39","H_HelmetSpecB_paint1","U_O_GhillieSuit","V_PlateCarrierH_CTRG","H_HelmetIA_camo"] FOR 5563 POPTABS AND 556.3 RESPECT | PLAYER TOTAL MONEY: 44167
[20:50:22:435792 +02:00] [Thread 18840] PLAYER: ( 76561198191441767 ) R Dark-V:4 (marvi) REMOTE PURCHASED ITEM Land_FuelStation_Feed_F_Kit FOR 220000 POPTABS | PLAYER TOTAL MONEY: 181
[20:57:57:702602 +02:00] [Thread 18840] PLAYER: ( 76561198191441767 ) R Dark-V:4 (marvi) REMOTE PURCHASED ITEM Land_Shed_Small_F_Kit FOR 100000 POPTABS | PLAYER TOTAL MONEY: 20181
[20:59:02:126981 +02:00] [Thread 14680] PLAYER: ( 76561198191441767 ) R Dark-V:4 (marvi) REMOTE PURCHASED ITEM B_Slingload_01_fuel_F_Kit FOR 70000 POPTABS | PLAYER TOTAL MONEY: 20181
[21:01:30:270710 +02:00] [Thread 7440] PLAYER: ( 76561198012755151 ) R Alpha 1-4:1 (shk) REMOTE SOLD ITEM: Exile_Bike_QuadBike_Fia (ID# <null>) with Cargo ["srifle_DMR_02_camo_F","Exile_Magazine_10Rnd_338_Bullet_Cam_Mag","srifle_DMR_04_F","10Rnd_127x54_Mag"] FOR 2015 POPTABS AND 201.5 RESPECT | PLAYER TOTAL MONEY: 2015
[21:01:59:357131 +02:00] [Thread 18840] PLAYER: ( 76561198012755151 ) R Alpha 1-4:1 (shk) REMOTE PURCHASED ITEM Exile_Item_Noodles FOR 14 POPTABS | PLAYER TOTAL MONEY: 2001
[21:02:01:104218 +02:00] [Thread 14680] PLAYER: ( 76561198012755151 ) R Alpha 1-4:1 (shk) REMOTE PURCHASED ITEM Exile_Item_Noodles FOR 14 POPTABS | PLAYER TOTAL MONEY: 1987
[21:02:01:728274 +02:00] [Thread 18840] PLAYER: ( 76561198012755151 ) R Alpha 1-4:1 (shk) REMOTE PURCHASED ITEM Exile_Item_Noodles FOR 14 POPTABS | PLAYER TOTAL MONEY: 1973
[21:02:02:586544 +02:00] [Thread 14680] PLAYER: ( 76561198012755151 ) R Alpha 1-4:1 (shk) REMOTE PURCHASED ITEM Exile_Item_Noodles FOR 14 POPTABS | PLAYER TOTAL MONEY: 1959
[21:02:12:250474 +02:00] [Thread 18840] PLAYER: ( 76561198012755151 ) R Alpha 1-4:1 (shk) REMOTE PURCHASED ITEM Exile_Item_EnergyDrink FOR 40 POPTABS | PLAYER TOTAL MONEY: 1919
[21:02:12:998504 +02:00] [Thread 14680] PLAYER: ( 76561198012755151 ) R Alpha 1-4:1 (shk) REMOTE PURCHASED ITEM Exile_Item_EnergyDrink FOR 40 POPTABS | PLAYER TOTAL MONEY: 1879
[21:02:13:702556 +02:00] [Thread 18840] PLAYER: ( 76561198012755151 ) R Alpha 1-4:1 (shk) REMOTE PURCHASED ITEM Exile_Item_EnergyDrink FOR 40 POPTABS | PLAYER TOTAL MONEY: 1839
[21:02:38:749255 +02:00] [Thread 7440] PLAYER: ( 76561198012755151 ) R Alpha 1-4:1 (shk) REMOTE SOLD ITEM arifle_MXC_Black_F FOR 175 POPTABS AND 17.5 RESPECT | PLAYER TOTAL MONEY: 2014
[21:02:39:999195 +02:00] [Thread 18840] PLAYER: ( 76561198012755151 ) R Alpha 1-4:1 (shk) REMOTE SOLD ITEM V_PlateCarrierIAGL_dgtl FOR 200 POPTABS AND 20 RESPECT | PLAYER TOTAL MONEY: 2214
[21:02:41:032032 +02:00] [Thread 14680] PLAYER: ( 76561198012755151 ) R Alpha 1-4:1 (shk) REMOTE SOLD ITEM V_PlateCarrier2_rgr FOR 50 POPTABS AND 5 RESPECT | PLAYER TOTAL MONEY: 2264
[21:02:42:110030 +02:00] [Thread 18840] PLAYER: ( 76561198012755151 ) R Alpha 1-4:1 (shk) REMOTE SOLD ITEM U_O_Wetsuit FOR 40 POPTABS AND 4 RESPECT | PLAYER TOTAL MONEY: 2304
[21:02:43:188154 +02:00] [Thread 7440] PLAYER: ( 76561198012755151 ) R Alpha 1-4:1 (shk) REMOTE SOLD ITEM V_Chestrig_blk FOR 15 POPTABS AND 1.5 RESPECT | PLAYER TOTAL MONEY: 2319
[21:02:48:992252 +02:00] [Thread 14680] PLAYER: ( 76561198012755151 ) R Alpha 1-4:1 (shk) REMOTE SOLD ITEM O_NVGoggles_ghex_F FOR 75 POPTABS AND 7.5 RESPECT | PLAYER TOTAL MONEY: 2394
[21:02:54:159589 +02:00] [Thread 7440] PLAYER: ( 76561198012755151 ) R Alpha 1-4:1 (shk) REMOTE SOLD ITEM muzzle_snds_H_snd_F FOR 25 POPTABS AND 2.5 RESPECT | PLAYER TOTAL MONEY: 2419
[21:17:57:630719 +02:00] [Thread 18840] PLAYER: ( 76561198012755151 ) R Alpha 1-4:1 (shk) REMOTE SOLD ITEM arifle_MXM_Black_F FOR 275 POPTABS AND 27.5 RESPECT | PLAYER TOTAL MONEY: 275
[21:18:01:124992 +02:00] [Thread 14680] PLAYER: ( 76561198012755151 ) R Alpha 1-4:1 (shk) REMOTE SOLD ITEM arifle_CTARS_blk_F FOR 225 POPTABS AND 22.5 RESPECT | PLAYER TOTAL MONEY: 500
[21:18:02:112826 +02:00] [Thread 14680] PLAYER: ( 76561198012755151 ) R Alpha 1-4:1 (shk) REMOTE SOLD ITEM srifle_DMR_04_Tan_F FOR 350 POPTABS AND 35 RESPECT | PLAYER TOTAL MONEY: 850
[21:18:03:847778 +02:00] [Thread 14680] PLAYER: ( 76561198012755151 ) R Alpha 1-4:1 (shk) REMOTE SOLD ITEM 10Rnd_127x54_Mag FOR 15 POPTABS AND 1.5 RESPECT | PLAYER TOTAL MONEY: 865
[21:18:05:519780 +02:00] [Thread 14680] PLAYER: ( 76561198012755151 ) R Alpha 1-4:1 (shk) REMOTE SOLD ITEM 100Rnd_580x42_Mag_Tracer_F FOR 7 POPTABS AND 0.7 RESPECT | PLAYER TOTAL MONEY: 872
[21:18:09:828051 +02:00] [Thread 14680] PLAYER: ( 76561198012755151 ) R Alpha 1-4:1 (shk) REMOTE SOLD ITEM arifle_ARX_hex_F FOR 450 POPTABS AND 45 RESPECT | PLAYER TOTAL MONEY: 1322
[21:18:10:642977 +02:00] [Thread 14680] PLAYER: ( 76561198012755151 ) R Alpha 1-4:1 (shk) REMOTE SOLD ITEM arifle_MXC_F FOR 175 POPTABS AND 17.5 RESPECT | PLAYER TOTAL MONEY: 1497
[21:18:11:625012 +02:00] [Thread 7440] PLAYER: ( 76561198012755151 ) R Alpha 1-4:1 (shk) REMOTE SOLD ITEM H_HelmetO_ocamo FOR 75 POPTABS AND 7.5 RESPECT | PLAYER TOTAL MONEY: 1572
[21:18:12:592913 +02:00] [Thread 14680] PLAYER: ( 76561198012755151 ) R Alpha 1-4:1 (shk) REMOTE SOLD ITEM V_PlateCarrierGL_rgr FOR 250 POPTABS AND 25 RESPECT | PLAYER TOTAL MONEY: 1822
[21:18:18:239149 +02:00] [Thread 18840] PLAYER: ( 76561198012755151 ) R Alpha 1-4:1 (shk) REMOTE SOLD ITEM APERSTripMine_Wire_Mag FOR 150 POPTABS AND 15 RESPECT | PLAYER TOTAL MONEY: 1972
[21:18:19:235092 +02:00] [Thread 14680] PLAYER: ( 76561198012755151 ) R Alpha 1-4:1 (shk) REMOTE SOLD ITEM optic_KHS_old FOR 150 POPTABS AND 15 RESPECT | PLAYER TOTAL MONEY: 2122
[21:18:23:151344 +02:00] [Thread 7440] PLAYER: ( 76561198012755151 ) R Alpha 1-4:1 (shk) REMOTE SOLD ITEM 10Rnd_50BW_Mag_F FOR 17 POPTABS AND 1.7 RESPECT | PLAYER TOTAL MONEY: 2139
[21:19:04:514922 +02:00] [Thread 14680] PLAYER: ( 76561198012755151 ) R Alpha 1-4:1 (shk) REMOTE PURCHASED ITEM Exile_Item_Noodles FOR 14 POPTABS | PLAYER TOTAL MONEY: 2125
[21:19:05:350905 +02:00] [Thread 7440] PLAYER: ( 76561198012755151 ) R Alpha 1-4:1 (shk) REMOTE PURCHASED ITEM Exile_Item_Noodles FOR 14 POPTABS | PLAYER TOTAL MONEY: 2111
[21:19:06:098861 +02:00] [Thread 14680] PLAYER: ( 76561198012755151 ) R Alpha 1-4:1 (shk) REMOTE PURCHASED ITEM Exile_Item_Noodles FOR 14 POPTABS | PLAYER TOTAL MONEY: 2097
[21:19:06:976890 +02:00] [Thread 7440] PLAYER: ( 76561198012755151 ) R Alpha 1-4:1 (shk) REMOTE PURCHASED ITEM Exile_Item_Noodles FOR 14 POPTABS | PLAYER TOTAL MONEY: 2083
[21:26:01:636579 +02:00] [Thread 18840] PLAYER: ( 76561198141018060 ) R Dark-V:1 (Robert Schmidt) REMOTE SOLD ITEM: Exile_Car_Ural_Covered_Worker (ID# <null>) with Cargo ["B_Slingload_01_fuel_F_Kit","Exile_Weapon_AKS_Gold","optic_Aco","Exile_Magazine_30Rnd_762x39_AK","arifle_MX_Black_F","optic_Aco","30Rnd_65x39_caseless_black_mag","bipod_03_F_blk","arifle_TRG21_F","optic_Hamr","30Rnd_556x45_Stanag","arifle_TRG21_F","optic_MRCO","30Rnd_556x45_Stanag","arifle_Katiba_F","optic_DMS","30Rnd_65x39_caseless_green","Exile_Weapon_Colt1911","Exile_Magazine_7Rnd_45ACP","arifle_TRG21_GL_F","optic_MRCO","30Rnd_556x45_Stanag","Exile_Weapon_Taurus","Exile_Magazine_6Rnd_45ACP","Exile_Weapon_Makarov","Exile_Magazine_8Rnd_9x18","hgun_Pistol_heavy_02_F","6Rnd_45ACP_Cylinder","arifle_Mk20_F","optic_Hamr","30Rnd_556x45_Stanag","hgun_Pistol_heavy_02_F","6Rnd_45ACP_Cylinder","Exile_Weapon_TaurusGold","Exile_Magazine_6Rnd_45ACP","Exile_Weapon_PKP","Exile_Magazine_100Rnd_762x54_PK_Green","bipod_02_F_tan","arifle_MX_GL_Black_F","30Rnd_65x39_caseless_black_mag","Exile_Weapon_TaurusGold","Exile_Magazine_6Rnd_45ACP","Exile_Weapon_Makarov","Exile_Magazine_8Rnd_9x18","hgun_Rook40_F","16Rnd_9x21_Mag","arifle_Mk20_plain_F","optic_Aco","30Rnd_556x45_Stanag","Exile_Weapon_Makarov","Exile_Magazine_8Rnd_9x18","arifle_MX_Black_F","optic_Hamr","30Rnd_65x39_caseless_black_mag","Exile_Weapon_Makarov","Exile_Magazine_8Rnd_9x18"] FOR 17148 POPTABS AND 1714.8 RESPECT | PLAYER TOTAL MONEY: 18671
[21:39:30:878661 +02:00] [Thread 18840] PLAYER: ( 76561198012755151 ) R Alpha 1-4:1 (shk) REMOTE SOLD ITEM arifle_Mk20_F FOR 75 POPTABS AND 7.5 RESPECT | PLAYER TOTAL MONEY: 75
[21:39:31:868693 +02:00] [Thread 14680] PLAYER: ( 76561198012755151 ) R Alpha 1-4:1 (shk) REMOTE SOLD ITEM H_HelmetB_tna_F FOR 25 POPTABS AND 2.5 RESPECT | PLAYER TOTAL MONEY: 100
[21:39:32:774330 +02:00] [Thread 7440] PLAYER: ( 76561198012755151 ) R Alpha 1-4:1 (shk) REMOTE SOLD ITEM muzzle_snds_338_black FOR 25 POPTABS AND 2.5 RESPECT | PLAYER TOTAL MONEY: 125
[21:39:41:132854 +02:00] [Thread 18840] PLAYER: ( 76561198012755151 ) R Alpha 1-4:1 (shk) REMOTE SOLD ITEM APERSBoundingMine_Range_Mag FOR 250 POPTABS AND 25 RESPECT | PLAYER TOTAL MONEY: 375
[21:39:44:004098 +02:00] [Thread 7440] PLAYER: ( 76561198012755151 ) R Alpha 1-4:1 (shk) REMOTE SOLD ITEM optic_Hamr_khk_F FOR 100 POPTABS AND 10 RESPECT | PLAYER TOTAL MONEY: 475
[21:39:44:750884 +02:00] [Thread 14680] PLAYER: ( 76561198012755151 ) R Alpha 1-4:1 (shk) REMOTE SOLD ITEM muzzle_snds_65_TI_hex_F FOR 37 POPTABS AND 3.7 RESPECT | PLAYER TOTAL MONEY: 512
[21:39:49:808030 +02:00] [Thread 18840] PLAYER: ( 76561198012755151 ) R Alpha 1-4:1 (shk) REMOTE SOLD ITEM muzzle_snds_B FOR 10 POPTABS AND 1 RESPECT | PLAYER TOTAL MONEY: 522
[21:39:55:919297 +02:00] [Thread 14680] PLAYER: ( 76561198012755151 ) R Alpha 1-4:1 (shk) REMOTE SOLD ITEM srifle_DMR_02_camo_F FOR 400 POPTABS AND 40 RESPECT | PLAYER TOTAL MONEY: 922
[21:40:01:771175 +02:00] [Thread 18840] PLAYER: ( 76561198012755151 ) R Alpha 1-4:1 (shk) REMOTE SOLD ITEM muzzle_snds_338_sand FOR 25 POPTABS AND 2.5 RESPECT | PLAYER TOTAL MONEY: 947
[21:44:22:540702 +02:00] [Thread 18840] PLAYER: ( 76561198141018060 ) R Dark-V:1 (Robert Schmidt) REMOTE SOLD ITEM: Exile_Car_SUV_Grey (ID# <null>) with Cargo ["B_Carryall_mcamo","arifle_MX_GL_Black_F","optic_Holosight","30Rnd_65x39_caseless_black_mag","Exile_Weapon_Makarov","Exile_Magazine_8Rnd_9x18","arifle_Mk20_plain_F","optic_MRCO","30Rnd_556x45_Stanag","arifle_TRG21_F","optic_MRCO","30Rnd_556x45_Stanag","hgun_Pistol_heavy_01_F","11Rnd_45ACP_Mag","V_PlateCarrierL_CTRG","U_O_CombatUniform_ocamo"] FOR 7894 POPTABS AND 789.4 RESPECT | PLAYER TOTAL MONEY: 10570
[21:44:41:621798 +02:00] [Thread 18840] PLAYER: ( 76561198207815415 ) R Dark-V:2 (Paulinchen) REMOTE SOLD ITEM: Exile_Car_SUV_Red (ID# <null>) with Cargo [] FOR 7000 POPTABS AND 700 RESPECT | PLAYER TOTAL MONEY: 7930
[22:27:46:609594 +02:00] [Thread 18804] PLAYER: ( 76561198141018060 ) R Dark-V:1 (Robert Schmidt) REMOTE SOLD ITEM: Exile_Car_Ural_Covered_Blue (ID# <null>) with Cargo ["B_Kitbag_mcamo","B_Carryall_mcamo","B_Carryall_cbr","B_Bergen_blk","B_FieldPack_oucamo","B_Bergen_rgr","B_Kitbag_mcamo","B_Carryall_oli","Exile_Item_CatFood_Cooked","Exile_Item_EnergyDrink","Exile_Item_InstaDoc","Exile_Item_BBQSandwich","Exile_Item_EnergyDrink","16Rnd_9x21_Mag","Exile_Magazine_30Rnd_545x39_AK","Exile_Magazine_30Rnd_545x39_AK","Exile_Magazine_30Rnd_545x39_AK","Exile_Magazine_30Rnd_545x39_AK","Exile_Magazine_30Rnd_545x39_AK","Exile_Item_Bandage","Exile_Item_PowerDrink","Exile_Item_InstaDoc","Exile_Item_BBQSandwich","Exile_Item_EnergyDrink","30Rnd_65x39_caseless_green","30Rnd_65x39_caseless_green","30Rnd_65x39_caseless_green","30Rnd_65x39_caseless_green","30Rnd_65x39_caseless_green","30Rnd_65x39_caseless_green","30Rnd_65x39_caseless_green","Exile_Magazine_7Rnd_45ACP","Exile_Item_Surstromming_Cooked","Exile_Item_Bandage","Exile_Item_InstaDoc","Exile_Item_BBQSandwich","Exile_Item_EnergyDrink","30Rnd_556x45_Stanag","30Rnd_556x45_Stanag","30Rnd_556x45_Stanag","30Rnd_556x45_Stanag","30Rnd_556x45_Stanag","30Rnd_556x45_Stanag","11Rnd_45ACP_Mag","11Rnd_45ACP_Mag","Exile_Item_EnergyDrink","Exile_Item_Vishpirin","Exile_Item_InstaDoc","Exile_Item_BBQSandwich","Exile_Item_EnergyDrink","30Rnd_65x39_caseless_black_mag","30Rnd_65x39_caseless_black_mag","30Rnd_65x39_caseless_black_mag","30Rnd_65x39_caseless_black_mag","30Rnd_65x39_caseless_black_mag","30Rnd_65x39_caseless_black_mag","30Rnd_65x39_caseless_black_mag","16Rnd_9x21_Mag","Exile_Magazine_30Rnd_545x39_AK","Exile_Magazine_30Rnd_545x39_AK","Exile_Magazine_30Rnd_545x39_AK","Exile_Magazine_30Rnd_545x39_AK","Exile_Magazine_30Rnd_545x39_AK","Exile_Magazine_30Rnd_545x39_AK","Exile_Item_CatFood_Cooked","Exile_Item_PowerDrink","Exile_Item_BBQSandwich","Exile_Item_InstaDoc","Exile_Item_EnergyDrink","30Rnd_556x45_Stanag","30Rnd_556x45_Stanag","30Rnd_556x45_Stanag","30Rnd_556x45_Stanag","30Rnd_556x45_Stanag","30Rnd_556x45_Stanag","30Rnd_556x45_Stanag","Exile_Magazine_6Rnd_45ACP","Exile_Magazine_6Rnd_45ACP","Exile_Item_PowerDrink","Exile_Item_Surstromming_Cooked","Exile_Item_InstaDoc","Exile_Item_BBQSandwich","Exile_Item_EnergyDrink","30Rnd_556x45_Stanag","30Rnd_556x45_Stanag","30Rnd_556x45_Stanag","30Rnd_556x45_Stanag","30Rnd_556x45_Stanag","30Rnd_556x45_Stanag","30Rnd_556x45_Stanag","6Rnd_45ACP_Cylinder","6Rnd_45ACP_Cylinder","Exile_Item_Surstromming_Cooked","Exile_Item_PowerDrink","Exile_Item_InstaDoc","Exile_Item_BBQSandwich","Exile_Item_EnergyDrink","Exile_Magazine_30Rnd_762x39_AK","Exile_Magazine_30Rnd_762x39_AK","Exile_Magazine_30Rnd_762x39_AK","6Rnd_45ACP_Cylinder","6Rnd_45ACP_Cylinder","Exile_Magazine_30Rnd_762x39_AK","Exile_Magazine_30Rnd_762x39_AK","Exile_Weapon_AK107","optic_Hamr","Exile_Magazine_30Rnd_545x39_AK","hgun_P07_F","16Rnd_9x21_Mag","Exile_Weapon_AK107","optic_DMS","Exile_Magazine_30Rnd_545x39_AK","hgun_Rook40_F","16Rnd_9x21_Mag","arifle_Mk20_GL_F","optic_DMS","30Rnd_556x45_Stanag","hgun_Pistol_heavy_01_F","11Rnd_45ACP_Mag","hgun_Pistol_heavy_02_F","6Rnd_45ACP_Cylinder","hgun_Pistol_heavy_02_F","6Rnd_45ACP_Cylinder","Exile_Weapon_AKS_Gold","optic_Hamr","Exile_Magazine_30Rnd_762x39_AK","bipod_02_F_blk","arifle_Mk20_plain_F","optic_Arco","30Rnd_556x45_Stanag","V_PlateCarrierGL_blk","V_PlateCarrierSpec_blk","U_BG_Guerilla3_1","V_PlateCarrierGL_mtp","V_PlateCarrierGL_mtp","U_IG_Guerilla3_2","U_IG_Guerilla3_2","U_IG_Guerilla3_2","U_B_CTRG_3","V_PlateCarrierH_CTRG","V_PlateCarrierH_CTRG","V_PlateCarrierSpec_rgr","H_HelmetLeaderO_ocamo","U_O_PilotCoveralls","U_BG_Guerilla2_2","V_PlateCarrierGL_rgr","V_PlateCarrierSpec_mtp","U_I_G_resistanceLeader_F","H_HelmetLeaderO_oucamo"] FOR 23616 POPTABS AND 2361.6 RESPECT | PLAYER TOTAL MONEY: 33451
[22:27:46:729409 +02:00] [Thread 18804] PLAYER: ( 76561198207815415 ) R Dark-V:2 (Paulinchen) REMOTE SOLD ITEM: Exile_Car_Offroad_Armed_Guerilla01 (ID# <null>) with Cargo [] FOR 12500 POPTABS AND 1250 RESPECT | PLAYER TOTAL MONEY: 14455
[22:44:20:374236 +02:00] [Thread 14680] PLAYER: ( 76561198141018060 ) R Dark-V:1 (Robert Schmidt) REMOTE PURCHASED ITEM muzzle_snds_338_black FOR 50 POPTABS | PLAYER TOTAL MONEY: 280
