
extDB3: https://bitbucket.org/torndeco/extdb3/wiki/Home
extDB3: Version: 1.031
extDB3: Windows Version
Message: All development for extDB3 is done on a Linux Dedicated Server
Message: If you would like to Donate to extDB3 Development
Message: https://www.paypal.com/cgi-bin/webscr?cmd=_s-xclick&hosted_button_id=2SUEFTGABTAM2
Message: Also leave a message if there is any particular feature you would like to see added.
Message: Thanks for all the people that have donated.
Message: Torndeco: 18/05/15


extDB3: Found extdb3-conf.ini
extDB3: Detected 16 Cores, Setting up 6 Worker Threads
extDB3: ...
extDB3: ...
extDB3: ...
extDB3: ...
extDB3: ...
extDB3: ...


[22:29:03:294846 +02:00] [Thread 17120] extDB3: Locked
[00:59:36:790253 +02:00] [Thread 17704] extDB3: SQL: Error MariaDBStatementException1: Truncated incorrect DOUBLE value: '22,20,25,17,23,24,18,21,19,13,12,14,16,15,1,3,4,2'
[00:59:36:790346 +02:00] [Thread 17704] extDB3: SQL: Error MariaDBStatementException1: Input: updateContainerTerritoryIDs:1:22,20,25,17,23,24,18,21,19,13,12,14,16,15,1,3,4,2
