[00:46:47:065549 +02:00] [Thread 896] marvi commited suicide!
[01:23:06:114281 +02:00] [Thread 8644] marvi (2) commited suicide!
[01:47:40:894996 +02:00] [Thread 432] Dr. Ulli Cave was killed by an NPC!
[12:38:38:777134 +02:00] [Thread 15888] marvi commited suicide!
[13:27:38:296557 +02:00] [Thread 15888] marvi commited suicide!
[13:48:33:762071 +02:00] [Thread 1784] marvi died. Yes, marvi is dead. Like really dead-dead.
[18:10:13:376427 +02:00] [Thread 4880] marvi died an awkward death.
[22:10:42:014981 +02:00] [Thread 10996] Dr. Ulli Cave was killed by an NPC!
[22:13:00:785597 +02:00] [Thread 10996] Dr. Ulli Cave was killed by an NPC!
[22:21:08:672234 +02:00] [Thread 1132] Dr. Ulli Cave was killed by an NPC!
[22:24:24:245055 +02:00] [Thread 9732] Dr. Ulli Cave was killed by an NPC!
[22:49:41:476326 +02:00] [Thread 16140] Dr. Ulli Cave was killed by an NPC!
[22:52:50:367466 +02:00] [Thread 16140] Dr. Ulli Cave was killed by an NPC!
[23:11:15:406852 +02:00] [Thread 17704] IDCA was killed by an NPC!
[23:12:48:613104 +02:00] [Thread 18388] IDCA was killed by an NPC!
[23:13:26:098055 +02:00] [Thread 5052] IDCA was killed by an NPC!
[23:19:38:645705 +02:00] [Thread 6864] Dr. Ulli Cave was killed by an NPC!
[23:19:49:283109 +02:00] [Thread 17704] Dr. Ulli Cave was killed by an NPC!
[23:20:21:399325 +02:00] [Thread 16140] IDCA was killed by an NPC!
[23:20:35:409456 +02:00] [Thread 6864] IDCA was killed by an NPC!
[23:20:48:909729 +02:00] [Thread 17704] Dr. Ulli Cave was killed by an NPC!
[23:22:36:768892 +02:00] [Thread 16140] IDCA was killed by an NPC!
[23:23:21:720634 +02:00] [Thread 6864] Dr. Ulli Cave was killed by an NPC!
[23:26:26:183916 +02:00] [Thread 18388] IDCA was killed by an NPC!
[23:45:50:569275 +02:00] [Thread 5052] IDCA was killed by an NPC!
[23:47:29:148244 +02:00] [Thread 6864] IDCA was killed by an NPC!
[23:49:20:791472 +02:00] [Thread 16140] IDCA was killed by an NPC!
[23:53:23:607230 +02:00] [Thread 5052] IDCA was killed by an NPC!
[23:53:55:588723 +02:00] [Thread 17704] IDCA was killed by an NPC!
[23:56:31:672850 +02:00] [Thread 16140] IDCA was killed by an NPC!
[23:56:38:744976 +02:00] [Thread 6864] Dr. Ulli Cave was killed by an NPC!
[23:57:29:408963 +02:00] [Thread 5052] IDCA was killed by an NPC!
[23:57:43:225971 +02:00] [Thread 18388] Dr. Ulli Cave was killed by an NPC!
[00:00:39:485512 +02:00] [Thread 6864] IDCA was team-killed by marvi!
[00:01:37:023671 +02:00] [Thread 6864] Dr. Ulli Cave was killed by an NPC!
[01:03:51:263555 +02:00] [Thread 17704] Dr. Ulli Cave was killed by an NPC!
[01:33:47:898646 +02:00] [Thread 6864] Dr. Ulli Cave was killed by an NPC!
[01:50:19:824447 +02:00] [Thread 5052] Dr. Ulli Cave commited suicide!
