
extDB3: https://bitbucket.org/torndeco/extdb3/wiki/Home
extDB3: Version: 1.031
extDB3: Windows Version
Message: All development for extDB3 is done on a Linux Dedicated Server
Message: If you would like to Donate to extDB3 Development
Message: https://www.paypal.com/cgi-bin/webscr?cmd=_s-xclick&hosted_button_id=2SUEFTGABTAM2
Message: Also leave a message if there is any particular feature you would like to see added.
Message: Thanks for all the people that have donated.
Message: Torndeco: 18/05/15


extDB3: Found extdb3-conf.ini
extDB3: Detected 16 Cores, Setting up 6 Worker Threads
extDB3: ...
extDB3: ...
extDB3: ...
extDB3: ...
extDB3: ...
extDB3: ...


[17:12:50:838860 +02:00] [Thread 1224] extDB3: Locked
[17:15:10:111300 +02:00] [Thread 1224] extDB3: SQL: Error MariaDBStatementException1: Field 'backpack' doesn't have a default value
[17:15:10:111357 +02:00] [Thread 1224] extDB3: SQL: Error MariaDBStatementException1: Input: createPlayer:76561198141018060:Robert Schmidt
