[19:14:48:231258 +02:00] [Thread 4596] Dr. Ulli Cave commited suicide!
[19:16:47:272649 +02:00] [Thread 4596] Kevin Tredup was killed by an NPC!
[20:05:00:171180 +02:00] [Thread 7580] Kevin Tredup was killed by an NPC!
[20:13:42:771561 +02:00] [Thread 4596] Dr. Ulli Cave commited suicide!
[20:28:30:634232 +02:00] [Thread 6748] Kevin Tredup was killed by an NPC!
[20:37:25:774995 +02:00] [Thread 7580] Robert Schmidt was killed by an NPC!
[20:37:37:077127 +02:00] [Thread 5376] Dr. Ulli Cave was killed by an NPC!
[20:48:51:405694 +02:00] [Thread 6748] Dr. Ulli Cave was killed by an NPC!
[20:49:50:771196 +02:00] [Thread 7580] Kevin Tredup was killed by an NPC!
[20:50:24:936773 +02:00] [Thread 6748] Robert Schmidt was killed by an NPC!
[21:01:25:288461 +02:00] [Thread 5376] Kevin Tredup was killed by an NPC!
[21:04:14:886708 +02:00] [Thread 4596] Dr. Ulli Cave was killed by an NPC!
[21:06:39:100875 +02:00] [Thread 6748] Kevin Tredup died. Yes, Kevin Tredup is dead. Like really dead-dead.
[21:11:57:347404 +02:00] [Thread 4596] Kevin Tredup was killed by an NPC!
[21:13:23:478102 +02:00] [Thread 7580] Robert Schmidt was killed by an NPC!
[21:18:03:850614 +02:00] [Thread 17580] Dr. Ulli Cave was killed by an NPC!
[21:18:14:455524 +02:00] [Thread 5376] Kevin Tredup commited suicide!
[21:27:44:804091 +02:00] [Thread 6748] Robert Schmidt was killed by an NPC!
[21:38:10:776585 +02:00] [Thread 7580] Kevin Tredup was killed by an NPC!
[21:38:15:934446 +02:00] [Thread 4596] Robert Schmidt was killed by an NPC!
[21:40:33:888647 +02:00] [Thread 6748] Kevin Tredup commited suicide!
[21:42:46:694393 +02:00] [Thread 5376] Kevin Tredup commited suicide!
[22:08:48:830583 +02:00] [Thread 17580] Kevin Tredup was killed by an NPC!
