[17:42:28:733412 +02:00] [Thread 8296] PLAYER: ( 76561198141018060 ) R Alpha 1-2:1 (Robert Schmidt) REMOTE SOLD ITEM: Exile_Bike_MountainBike (ID# <null>) with Cargo [] FOR 25 POPTABS AND 2.5 RESPECT | PLAYER TOTAL MONEY: 25
[19:35:07:717165 +02:00] [Thread 6748] PLAYER: ( 76561198141018060 ) R Dark V:2 (Robert Schmidt) REMOTE PURCHASED ITEM Exile_Item_PlasticBottleEmpty FOR 4 POPTABS | PLAYER TOTAL MONEY: 21
[19:35:08:707007 +02:00] [Thread 17580] PLAYER: ( 76561198141018060 ) R Dark V:2 (Robert Schmidt) REMOTE PURCHASED ITEM Exile_Item_PlasticBottleEmpty FOR 4 POPTABS | PLAYER TOTAL MONEY: 17
[19:35:12:755284 +02:00] [Thread 17580] PLAYER: ( 76561198141018060 ) R Dark V:2 (Robert Schmidt) REMOTE SOLD ITEM Exile_Melee_Axe FOR 50 POPTABS AND 5 RESPECT | PLAYER TOTAL MONEY: 67
[19:35:22:615212 +02:00] [Thread 6748] PLAYER: ( 76561198141018060 ) R Dark V:2 (Robert Schmidt) REMOTE SOLD ITEM Exile_Item_ExtensionCord FOR 20 POPTABS AND 2 RESPECT | PLAYER TOTAL MONEY: 87
[19:35:25:826590 +02:00] [Thread 17580] PLAYER: ( 76561198141018060 ) R Dark V:2 (Robert Schmidt) REMOTE SOLD ITEM 6Rnd_45ACP_Cylinder FOR 4 POPTABS AND 0.4 RESPECT | PLAYER TOTAL MONEY: 91
[19:35:30:025298 +02:00] [Thread 17580] PLAYER: ( 76561198141018060 ) R Dark V:2 (Robert Schmidt) REMOTE SOLD ITEM muzzle_snds_L FOR 5 POPTABS AND 0.5 RESPECT | PLAYER TOTAL MONEY: 96
[19:35:35:533419 +02:00] [Thread 17580] PLAYER: ( 76561198141018060 ) R Dark V:2 (Robert Schmidt) REMOTE SOLD ITEM muzzle_snds_93mmg FOR 25 POPTABS AND 2.5 RESPECT | PLAYER TOTAL MONEY: 121
[19:35:37:029554 +02:00] [Thread 6748] PLAYER: ( 76561198141018060 ) R Dark V:2 (Robert Schmidt) REMOTE SOLD ITEM muzzle_snds_93mmg FOR 25 POPTABS AND 2.5 RESPECT | PLAYER TOTAL MONEY: 146
[19:35:40:568524 +02:00] [Thread 7580] PLAYER: ( 76561198141018060 ) R Dark V:2 (Robert Schmidt) REMOTE SOLD ITEM muzzle_snds_H_khk_F FOR 25 POPTABS AND 2.5 RESPECT | PLAYER TOTAL MONEY: 171
[19:35:44:876624 +02:00] [Thread 6748] PLAYER: ( 76561198141018060 ) R Dark V:2 (Robert Schmidt) REMOTE SOLD ITEM muzzle_snds_93mmg_tan FOR 25 POPTABS AND 2.5 RESPECT | PLAYER TOTAL MONEY: 196
[19:35:47:275569 +02:00] [Thread 7580] PLAYER: ( 76561198141018060 ) R Dark V:2 (Robert Schmidt) REMOTE SOLD ITEM Exile_Item_Grinder FOR 625 POPTABS AND 62.5 RESPECT | PLAYER TOTAL MONEY: 821
[19:36:17:047945 +02:00] [Thread 17580] PLAYER: ( 76561198141018060 ) R Dark V:2 (Robert Schmidt) REMOTE PURCHASED ITEM Exile_Item_CanOpener FOR 80 POPTABS | PLAYER TOTAL MONEY: 741
[19:36:42:416609 +02:00] [Thread 7580] PLAYER: ( 76561198141018060 ) R Dark V:2 (Robert Schmidt) REMOTE PURCHASED ITEM Exile_Item_MountainDupe FOR 30 POPTABS | PLAYER TOTAL MONEY: 711
[19:36:43:346050 +02:00] [Thread 17580] PLAYER: ( 76561198141018060 ) R Dark V:2 (Robert Schmidt) REMOTE PURCHASED ITEM Exile_Item_MountainDupe FOR 30 POPTABS | PLAYER TOTAL MONEY: 681
[19:36:44:248316 +02:00] [Thread 7580] PLAYER: ( 76561198141018060 ) R Dark V:2 (Robert Schmidt) REMOTE PURCHASED ITEM Exile_Item_MountainDupe FOR 30 POPTABS | PLAYER TOTAL MONEY: 651
[19:36:45:214135 +02:00] [Thread 17580] PLAYER: ( 76561198141018060 ) R Dark V:2 (Robert Schmidt) REMOTE PURCHASED ITEM Exile_Item_MountainDupe FOR 30 POPTABS | PLAYER TOTAL MONEY: 621
[19:36:53:309391 +02:00] [Thread 6748] PLAYER: ( 76561198141018060 ) R Dark V:2 (Robert Schmidt) REMOTE SOLD ITEM Exile_Item_PlasticBottleEmpty FOR 2 POPTABS AND 0.2 RESPECT | PLAYER TOTAL MONEY: 623
[19:36:55:425373 +02:00] [Thread 6748] PLAYER: ( 76561198141018060 ) R Dark V:2 (Robert Schmidt) REMOTE SOLD ITEM Exile_Item_PlasticBottleEmpty FOR 2 POPTABS AND 0.2 RESPECT | PLAYER TOTAL MONEY: 625
[19:36:57:493253 +02:00] [Thread 6748] PLAYER: ( 76561198141018060 ) R Dark V:2 (Robert Schmidt) REMOTE SOLD ITEM bipod_02_F_tan FOR 5 POPTABS AND 0.5 RESPECT | PLAYER TOTAL MONEY: 630
[19:36:59:166444 +02:00] [Thread 6748] PLAYER: ( 76561198141018060 ) R Dark V:2 (Robert Schmidt) REMOTE SOLD ITEM Exile_Item_Grinder FOR 625 POPTABS AND 62.5 RESPECT | PLAYER TOTAL MONEY: 1255
[19:37:00:572546 +02:00] [Thread 7580] PLAYER: ( 76561198141018060 ) R Dark V:2 (Robert Schmidt) REMOTE SOLD ITEM Exile_Magazine_10Rnd_765x17_SA61 FOR 5 POPTABS AND 0.5 RESPECT | PLAYER TOTAL MONEY: 1260
[19:37:05:370558 +02:00] [Thread 7580] PLAYER: ( 76561198141018060 ) R Dark V:2 (Robert Schmidt) REMOTE SOLD ITEM 11Rnd_45ACP_Mag FOR 4 POPTABS AND 0.4 RESPECT | PLAYER TOTAL MONEY: 1264
[20:08:44:386043 +02:00] [Thread 6748] PLAYER: ( 76561198141018060 ) R Dark V:2 (Robert Schmidt) REMOTE SOLD ITEM 5Rnd_127x108_Mag FOR 20 POPTABS AND 2 RESPECT | PLAYER TOTAL MONEY: 460
[20:09:11:218172 +02:00] [Thread 4596] PLAYER: ( 76561198141018060 ) R Dark V:2 (Robert Schmidt) REMOTE SOLD ITEM srifle_GM6_F FOR 450 POPTABS AND 45 RESPECT | PLAYER TOTAL MONEY: 910
[20:21:23:243841 +02:00] [Thread 5376] PLAYER: ( 76561198141018060 ) R Dark V:2 (Robert Schmidt) REMOTE SOLD ITEM Exile_Item_InstaDoc FOR 625 POPTABS AND 62.5 RESPECT | PLAYER TOTAL MONEY: 625
[20:22:08:618658 +02:00] [Thread 6748] PLAYER: ( 76561198141018060 ) R Dark V:2 (Robert Schmidt) REMOTE PURCHASED VEHICLE Exile_Bike_QuadBike_Black FOR 2500 POPTABS | PLAYER TOTAL MONEY: 299
