
extDB3: https://bitbucket.org/torndeco/extdb3/wiki/Home
extDB3: Version: 1.031
extDB3: Windows Version
Message: All development for extDB3 is done on a Linux Dedicated Server
Message: If you would like to Donate to extDB3 Development
Message: https://www.paypal.com/cgi-bin/webscr?cmd=_s-xclick&hosted_button_id=2SUEFTGABTAM2
Message: Also leave a message if there is any particular feature you would like to see added.
Message: Thanks for all the people that have donated.
Message: Torndeco: 18/05/15


extDB3: Found extdb3-conf.ini
extDB3: Detected 16 Cores, Setting up 6 Worker Threads
extDB3: ...
extDB3: ...
extDB3: ...
extDB3: ...
extDB3: ...
extDB3: ...


[14:50:41:956075 +02:00] [Thread 9640] extDB3: Locked
[15:07:05:558115 +02:00] [Thread 10464] extDB3: SQL: Error MariaDBStatementException1: Truncated incorrect DOUBLE value: '23,19,22,18,21,20,24,17,25,13,26,14,12,16,15,2,3,4,1'
[15:07:05:558152 +02:00] [Thread 10464] extDB3: SQL: Error MariaDBStatementException1: Input: updateContainerTerritoryIDs:1:23,19,22,18,21,20,24,17,25,13,26,14,12,16,15,2,3,4,1
