[09:06:26:669419 +02:00] [Thread 2136] PLAYER: ( 76561198057220228 ) R Alpha 1-4:1 (Dae Hir) REMOTE PURCHASED VEHICLE Exile_Bike_QuadBike_Black FOR 2500 POPTABS | PLAYER TOTAL MONEY: 0
[09:07:20:925476 +02:00] [Thread 2136] PLAYER: ( 76561198012755151 ) R Alpha 1-2:1 (shk) REMOTE SOLD ITEM IEDUrbanSmall_Remote_Mag FOR 200 POPTABS AND 20 RESPECT | PLAYER TOTAL MONEY: 200
[09:07:22:260540 +02:00] [Thread 7708] PLAYER: ( 76561198012755151 ) R Alpha 1-2:1 (shk) REMOTE SOLD ITEM arifle_TRG20_F FOR 125 POPTABS AND 12.5 RESPECT | PLAYER TOTAL MONEY: 325
[09:07:23:238589 +02:00] [Thread 13860] PLAYER: ( 76561198012755151 ) R Alpha 1-2:1 (shk) REMOTE SOLD ITEM arifle_MXC_khk_F FOR 175 POPTABS AND 17.5 RESPECT | PLAYER TOTAL MONEY: 500
[09:07:27:724612 +02:00] [Thread 2136] PLAYER: ( 76561198012755151 ) R Alpha 1-2:1 (shk) REMOTE SOLD ITEM APERSBoundingMine_Range_Mag FOR 250 POPTABS AND 25 RESPECT | PLAYER TOTAL MONEY: 750
[09:07:28:621332 +02:00] [Thread 2508] PLAYER: ( 76561198012755151 ) R Alpha 1-2:1 (shk) REMOTE SOLD ITEM IEDUrbanSmall_Remote_Mag FOR 200 POPTABS AND 20 RESPECT | PLAYER TOTAL MONEY: 950
[09:07:29:541654 +02:00] [Thread 2508] PLAYER: ( 76561198012755151 ) R Alpha 1-2:1 (shk) REMOTE SOLD ITEM IEDLandSmall_Remote_Mag FOR 150 POPTABS AND 15 RESPECT | PLAYER TOTAL MONEY: 1100
[09:07:30:426607 +02:00] [Thread 7708] PLAYER: ( 76561198012755151 ) R Alpha 1-2:1 (shk) REMOTE SOLD ITEM IEDLandSmall_Remote_Mag FOR 150 POPTABS AND 15 RESPECT | PLAYER TOTAL MONEY: 1250
[09:07:37:737890 +02:00] [Thread 2508] PLAYER: ( 76561198012755151 ) R Alpha 1-2:1 (shk) REMOTE SOLD ITEM muzzle_snds_H FOR 10 POPTABS AND 1 RESPECT | PLAYER TOTAL MONEY: 1260
[09:07:38:775172 +02:00] [Thread 7708] PLAYER: ( 76561198012755151 ) R Alpha 1-2:1 (shk) REMOTE SOLD ITEM muzzle_snds_338_green FOR 25 POPTABS AND 2.5 RESPECT | PLAYER TOTAL MONEY: 1285
[09:07:39:814027 +02:00] [Thread 2508] PLAYER: ( 76561198012755151 ) R Alpha 1-2:1 (shk) REMOTE SOLD ITEM muzzle_snds_B_snd_F FOR 25 POPTABS AND 2.5 RESPECT | PLAYER TOTAL MONEY: 1310
[09:07:40:706956 +02:00] [Thread 5056] PLAYER: ( 76561198012755151 ) R Alpha 1-2:1 (shk) REMOTE SOLD ITEM optic_ERCO_blk_F FOR 62 POPTABS AND 6.2 RESPECT | PLAYER TOTAL MONEY: 1372
[09:08:06:375183 +02:00] [Thread 7708] PLAYER: ( 76561198012755151 ) R Alpha 1-2:1 (shk) REMOTE PURCHASED ITEM Exile_Item_EnergyDrink FOR 40 POPTABS | PLAYER TOTAL MONEY: 1332
[09:08:09:847285 +02:00] [Thread 5056] PLAYER: ( 76561198012755151 ) R Alpha 1-2:1 (shk) REMOTE PURCHASED ITEM Exile_Item_EnergyDrink FOR 40 POPTABS | PLAYER TOTAL MONEY: 1292
[09:08:32:564747 +02:00] [Thread 7708] PLAYER: ( 76561198012755151 ) R Alpha 1-2:1 (shk) REMOTE PURCHASED ITEM Exile_Item_EnergyDrink FOR 40 POPTABS | PLAYER TOTAL MONEY: 1252
[09:08:34:531889 +02:00] [Thread 5056] PLAYER: ( 76561198012755151 ) R Alpha 1-2:1 (shk) REMOTE PURCHASED ITEM Exile_Item_EnergyDrink FOR 40 POPTABS | PLAYER TOTAL MONEY: 1212
[09:08:36:676930 +02:00] [Thread 7708] PLAYER: ( 76561198012755151 ) R Alpha 1-2:1 (shk) REMOTE PURCHASED ITEM Exile_Item_Noodles FOR 14 POPTABS | PLAYER TOTAL MONEY: 1198
[09:08:37:473931 +02:00] [Thread 5056] PLAYER: ( 76561198012755151 ) R Alpha 1-2:1 (shk) REMOTE PURCHASED ITEM Exile_Item_Noodles FOR 14 POPTABS | PLAYER TOTAL MONEY: 1184
[09:08:38:266726 +02:00] [Thread 7708] PLAYER: ( 76561198012755151 ) R Alpha 1-2:1 (shk) REMOTE PURCHASED ITEM Exile_Item_Noodles FOR 14 POPTABS | PLAYER TOTAL MONEY: 1170
[15:32:27:764352 +02:00] [Thread 18084] PLAYER: ( 76561198001663065 ) R Alpha 1-2:1 (Sir Cardboard) REMOTE PURCHASED ITEM Exile_Item_Noodles FOR 14 POPTABS | PLAYER TOTAL MONEY: 1986
[15:32:28:752206 +02:00] [Thread 14396] PLAYER: ( 76561198001663065 ) R Alpha 1-2:1 (Sir Cardboard) REMOTE PURCHASED ITEM Exile_Item_Noodles FOR 14 POPTABS | PLAYER TOTAL MONEY: 1972
[15:32:29:740301 +02:00] [Thread 12404] PLAYER: ( 76561198001663065 ) R Alpha 1-2:1 (Sir Cardboard) REMOTE PURCHASED ITEM Exile_Item_Noodles FOR 14 POPTABS | PLAYER TOTAL MONEY: 1958
[15:32:39:817523 +02:00] [Thread 14396] PLAYER: ( 76561198001663065 ) R Alpha 1-2:1 (Sir Cardboard) REMOTE PURCHASED ITEM Exile_Item_ExtensionCord FOR 40 POPTABS | PLAYER TOTAL MONEY: 1918
[15:32:41:472453 +02:00] [Thread 12404] PLAYER: ( 76561198001663065 ) R Alpha 1-2:1 (Sir Cardboard) REMOTE PURCHASED ITEM Exile_Item_ExtensionCord FOR 40 POPTABS | PLAYER TOTAL MONEY: 1878
[15:34:34:575005 +02:00] [Thread 14396] PLAYER: ( 76561198001663065 ) R Alpha 1-2:1 (Sir Cardboard) REMOTE PURCHASED ITEM Exile_Item_ExtensionCord FOR 40 POPTABS | PLAYER TOTAL MONEY: 1838
[15:44:29:972393 +02:00] [Thread 18084] PLAYER: ( 76561198001663065 ) R Alpha 1-2:1 (Sir Cardboard) REMOTE SOLD ITEM U_I_GhillieSuit FOR 50 POPTABS AND 5 RESPECT | PLAYER TOTAL MONEY: 1888
[15:44:31:598165 +02:00] [Thread 14396] PLAYER: ( 76561198001663065 ) R Alpha 1-2:1 (Sir Cardboard) REMOTE SOLD ITEM V_RebreatherB FOR 125 POPTABS AND 12.5 RESPECT | PLAYER TOTAL MONEY: 2013
[15:44:38:480287 +02:00] [Thread 18084] PLAYER: ( 76561198001663065 ) R Alpha 1-2:1 (Sir Cardboard) REMOTE SOLD ITEM Exile_Item_PlasticBottleEmpty FOR 2 POPTABS AND 0.2 RESPECT | PLAYER TOTAL MONEY: 2015
[15:44:41:538302 +02:00] [Thread 18084] PLAYER: ( 76561198001663065 ) R Alpha 1-2:1 (Sir Cardboard) REMOTE SOLD ITEM Exile_Item_PlasticBottleEmpty FOR 2 POPTABS AND 0.2 RESPECT | PLAYER TOTAL MONEY: 2017
[15:44:43:651520 +02:00] [Thread 18084] PLAYER: ( 76561198001663065 ) R Alpha 1-2:1 (Sir Cardboard) REMOTE SOLD ITEM Exile_Item_PlasticBottleEmpty FOR 2 POPTABS AND 0.2 RESPECT | PLAYER TOTAL MONEY: 2019
[15:44:45:233369 +02:00] [Thread 18084] PLAYER: ( 76561198001663065 ) R Alpha 1-2:1 (Sir Cardboard) REMOTE SOLD ITEM Exile_Item_PlasticBottleEmpty FOR 2 POPTABS AND 0.2 RESPECT | PLAYER TOTAL MONEY: 2021
[19:06:38:811023 +02:00] [Thread 9752] PLAYER: ( 76561198141018060 ) R Dark-V:1 (Robert Schmidt) REMOTE PURCHASED ITEM 10Rnd_338_Mag FOR 30 POPTABS | PLAYER TOTAL MONEY: 970
[19:06:40:370937 +02:00] [Thread 6940] PLAYER: ( 76561198141018060 ) R Dark-V:1 (Robert Schmidt) REMOTE PURCHASED ITEM 10Rnd_338_Mag FOR 30 POPTABS | PLAYER TOTAL MONEY: 940
[19:06:41:490924 +02:00] [Thread 8364] PLAYER: ( 76561198141018060 ) R Dark-V:1 (Robert Schmidt) REMOTE PURCHASED ITEM 10Rnd_338_Mag FOR 30 POPTABS | PLAYER TOTAL MONEY: 910
[19:06:42:504820 +02:00] [Thread 6940] PLAYER: ( 76561198141018060 ) R Dark-V:1 (Robert Schmidt) REMOTE PURCHASED ITEM 10Rnd_338_Mag FOR 30 POPTABS | PLAYER TOTAL MONEY: 880
[19:06:43:450060 +02:00] [Thread 8364] PLAYER: ( 76561198141018060 ) R Dark-V:1 (Robert Schmidt) REMOTE PURCHASED ITEM 10Rnd_338_Mag FOR 30 POPTABS | PLAYER TOTAL MONEY: 850
[19:06:44:374000 +02:00] [Thread 6940] PLAYER: ( 76561198141018060 ) R Dark-V:1 (Robert Schmidt) REMOTE PURCHASED ITEM 10Rnd_338_Mag FOR 30 POPTABS | PLAYER TOTAL MONEY: 820
[19:06:45:208965 +02:00] [Thread 8364] PLAYER: ( 76561198141018060 ) R Dark-V:1 (Robert Schmidt) REMOTE PURCHASED ITEM 10Rnd_338_Mag FOR 30 POPTABS | PLAYER TOTAL MONEY: 790
[19:06:46:022950 +02:00] [Thread 6940] PLAYER: ( 76561198141018060 ) R Dark-V:1 (Robert Schmidt) REMOTE PURCHASED ITEM 10Rnd_338_Mag FOR 30 POPTABS | PLAYER TOTAL MONEY: 760
[19:06:46:815032 +02:00] [Thread 8364] PLAYER: ( 76561198141018060 ) R Dark-V:1 (Robert Schmidt) REMOTE PURCHASED ITEM 10Rnd_338_Mag FOR 30 POPTABS | PLAYER TOTAL MONEY: 730
[19:06:47:627999 +02:00] [Thread 6940] PLAYER: ( 76561198141018060 ) R Dark-V:1 (Robert Schmidt) REMOTE PURCHASED ITEM 10Rnd_338_Mag FOR 30 POPTABS | PLAYER TOTAL MONEY: 700
[19:06:48:341040 +02:00] [Thread 8364] PLAYER: ( 76561198141018060 ) R Dark-V:1 (Robert Schmidt) REMOTE PURCHASED ITEM 10Rnd_338_Mag FOR 30 POPTABS | PLAYER TOTAL MONEY: 670
[19:06:49:024966 +02:00] [Thread 6940] PLAYER: ( 76561198141018060 ) R Dark-V:1 (Robert Schmidt) REMOTE PURCHASED ITEM 10Rnd_338_Mag FOR 30 POPTABS | PLAYER TOTAL MONEY: 640
[19:06:49:772947 +02:00] [Thread 8364] PLAYER: ( 76561198141018060 ) R Dark-V:1 (Robert Schmidt) REMOTE PURCHASED ITEM 10Rnd_338_Mag FOR 30 POPTABS | PLAYER TOTAL MONEY: 610
[19:06:50:476997 +02:00] [Thread 6940] PLAYER: ( 76561198141018060 ) R Dark-V:1 (Robert Schmidt) REMOTE PURCHASED ITEM 10Rnd_338_Mag FOR 30 POPTABS | PLAYER TOTAL MONEY: 580
[19:06:51:159157 +02:00] [Thread 8364] PLAYER: ( 76561198141018060 ) R Dark-V:1 (Robert Schmidt) REMOTE PURCHASED ITEM 10Rnd_338_Mag FOR 30 POPTABS | PLAYER TOTAL MONEY: 550
[19:06:51:841032 +02:00] [Thread 6940] PLAYER: ( 76561198141018060 ) R Dark-V:1 (Robert Schmidt) REMOTE PURCHASED ITEM 10Rnd_338_Mag FOR 30 POPTABS | PLAYER TOTAL MONEY: 520
[19:06:52:588043 +02:00] [Thread 8364] PLAYER: ( 76561198141018060 ) R Dark-V:1 (Robert Schmidt) REMOTE PURCHASED ITEM 10Rnd_338_Mag FOR 30 POPTABS | PLAYER TOTAL MONEY: 490
[19:06:53:865180 +02:00] [Thread 6940] PLAYER: ( 76561198141018060 ) R Dark-V:1 (Robert Schmidt) REMOTE PURCHASED ITEM 10Rnd_338_Mag FOR 30 POPTABS | PLAYER TOTAL MONEY: 460
[19:06:54:569113 +02:00] [Thread 8364] PLAYER: ( 76561198141018060 ) R Dark-V:1 (Robert Schmidt) REMOTE PURCHASED ITEM 10Rnd_338_Mag FOR 30 POPTABS | PLAYER TOTAL MONEY: 430
[19:06:55:252178 +02:00] [Thread 6940] PLAYER: ( 76561198141018060 ) R Dark-V:1 (Robert Schmidt) REMOTE PURCHASED ITEM 10Rnd_338_Mag FOR 30 POPTABS | PLAYER TOTAL MONEY: 400
[19:06:55:934091 +02:00] [Thread 8364] PLAYER: ( 76561198141018060 ) R Dark-V:1 (Robert Schmidt) REMOTE PURCHASED ITEM 10Rnd_338_Mag FOR 30 POPTABS | PLAYER TOTAL MONEY: 370
[19:06:56:571352 +02:00] [Thread 6940] PLAYER: ( 76561198141018060 ) R Dark-V:1 (Robert Schmidt) REMOTE PURCHASED ITEM 10Rnd_338_Mag FOR 30 POPTABS | PLAYER TOTAL MONEY: 340
[19:06:57:209156 +02:00] [Thread 8364] PLAYER: ( 76561198141018060 ) R Dark-V:1 (Robert Schmidt) REMOTE PURCHASED ITEM 10Rnd_338_Mag FOR 30 POPTABS | PLAYER TOTAL MONEY: 310
[19:06:57:850575 +02:00] [Thread 6940] PLAYER: ( 76561198141018060 ) R Dark-V:1 (Robert Schmidt) REMOTE PURCHASED ITEM 10Rnd_338_Mag FOR 30 POPTABS | PLAYER TOTAL MONEY: 280
[19:06:58:551190 +02:00] [Thread 8364] PLAYER: ( 76561198141018060 ) R Dark-V:1 (Robert Schmidt) REMOTE PURCHASED ITEM 10Rnd_338_Mag FOR 30 POPTABS | PLAYER TOTAL MONEY: 250
[19:06:59:233242 +02:00] [Thread 6940] PLAYER: ( 76561198141018060 ) R Dark-V:1 (Robert Schmidt) REMOTE PURCHASED ITEM 10Rnd_338_Mag FOR 30 POPTABS | PLAYER TOTAL MONEY: 220
[19:07:00:488263 +02:00] [Thread 8364] PLAYER: ( 76561198141018060 ) R Dark-V:1 (Robert Schmidt) REMOTE PURCHASED ITEM 10Rnd_338_Mag FOR 30 POPTABS | PLAYER TOTAL MONEY: 190
[19:07:01:499436 +02:00] [Thread 6940] PLAYER: ( 76561198141018060 ) R Dark-V:1 (Robert Schmidt) REMOTE PURCHASED ITEM 10Rnd_338_Mag FOR 30 POPTABS | PLAYER TOTAL MONEY: 160
[19:07:02:269324 +02:00] [Thread 8364] PLAYER: ( 76561198141018060 ) R Dark-V:1 (Robert Schmidt) REMOTE PURCHASED ITEM 10Rnd_338_Mag FOR 30 POPTABS | PLAYER TOTAL MONEY: 130
[19:07:03:478350 +02:00] [Thread 6940] PLAYER: ( 76561198141018060 ) R Dark-V:1 (Robert Schmidt) REMOTE PURCHASED ITEM 10Rnd_338_Mag FOR 30 POPTABS | PLAYER TOTAL MONEY: 100
[19:07:04:117375 +02:00] [Thread 8364] PLAYER: ( 76561198141018060 ) R Dark-V:1 (Robert Schmidt) REMOTE PURCHASED ITEM 10Rnd_338_Mag FOR 30 POPTABS | PLAYER TOTAL MONEY: 70
[19:18:34:306547 +02:00] [Thread 4332] PLAYER: ( 76561198001663065 ) R Alpha 1-2:1 (Sir Cardboard) REMOTE SOLD ITEM: Exile_Car_OldTractor_Red (ID# <null>) with Cargo [] FOR 600 POPTABS AND 60 RESPECT | PLAYER TOTAL MONEY: 2621
[19:37:45:143717 +02:00] [Thread 13720] PLAYER: ( 76561198191441767 ) R Dark-V:2 (marvi) REMOTE PURCHASED ITEM 10Rnd_338_Mag FOR 30 POPTABS | PLAYER TOTAL MONEY: 20436
[19:37:45:495593 +02:00] [Thread 13512] PLAYER: ( 76561198191441767 ) R Dark-V:2 (marvi) REMOTE PURCHASED ITEM 10Rnd_338_Mag FOR 30 POPTABS | PLAYER TOTAL MONEY: 20406
[19:37:45:803590 +02:00] [Thread 13720] PLAYER: ( 76561198191441767 ) R Dark-V:2 (marvi) REMOTE PURCHASED ITEM 10Rnd_338_Mag FOR 30 POPTABS | PLAYER TOTAL MONEY: 20376
[19:37:46:155569 +02:00] [Thread 13512] PLAYER: ( 76561198191441767 ) R Dark-V:2 (marvi) REMOTE PURCHASED ITEM 10Rnd_338_Mag FOR 30 POPTABS | PLAYER TOTAL MONEY: 20346
[19:37:46:485759 +02:00] [Thread 13720] PLAYER: ( 76561198191441767 ) R Dark-V:2 (marvi) REMOTE PURCHASED ITEM 10Rnd_338_Mag FOR 30 POPTABS | PLAYER TOTAL MONEY: 20316
[19:37:46:815681 +02:00] [Thread 13512] PLAYER: ( 76561198191441767 ) R Dark-V:2 (marvi) REMOTE PURCHASED ITEM 10Rnd_338_Mag FOR 30 POPTABS | PLAYER TOTAL MONEY: 20286
[19:37:47:145678 +02:00] [Thread 13720] PLAYER: ( 76561198191441767 ) R Dark-V:2 (marvi) REMOTE PURCHASED ITEM 10Rnd_338_Mag FOR 30 POPTABS | PLAYER TOTAL MONEY: 20256
[19:37:47:430685 +02:00] [Thread 13512] PLAYER: ( 76561198191441767 ) R Dark-V:2 (marvi) REMOTE PURCHASED ITEM 10Rnd_338_Mag FOR 30 POPTABS | PLAYER TOTAL MONEY: 20226
[19:37:47:782580 +02:00] [Thread 13720] PLAYER: ( 76561198191441767 ) R Dark-V:2 (marvi) REMOTE PURCHASED ITEM 10Rnd_338_Mag FOR 30 POPTABS | PLAYER TOTAL MONEY: 20196
[19:37:48:110664 +02:00] [Thread 13512] PLAYER: ( 76561198191441767 ) R Dark-V:2 (marvi) REMOTE PURCHASED ITEM 10Rnd_338_Mag FOR 30 POPTABS | PLAYER TOTAL MONEY: 20166
[19:37:48:462784 +02:00] [Thread 13720] PLAYER: ( 76561198191441767 ) R Dark-V:2 (marvi) REMOTE PURCHASED ITEM 10Rnd_338_Mag FOR 30 POPTABS | PLAYER TOTAL MONEY: 20136
[19:37:48:792873 +02:00] [Thread 13512] PLAYER: ( 76561198191441767 ) R Dark-V:2 (marvi) REMOTE PURCHASED ITEM 10Rnd_338_Mag FOR 30 POPTABS | PLAYER TOTAL MONEY: 20106
[19:37:49:142738 +02:00] [Thread 13720] PLAYER: ( 76561198191441767 ) R Dark-V:2 (marvi) REMOTE PURCHASED ITEM 10Rnd_338_Mag FOR 30 POPTABS | PLAYER TOTAL MONEY: 20076
[20:05:18:639574 +02:00] [Thread 13512] PLAYER: ( 76561198207815415 ) R Dark-V:1 (Paulinchen) REMOTE SOLD ITEM: Exile_Car_Offroad_Armed_Guerilla01 (ID# <null>) with Cargo ["O_HMG_01_support_high_F","O_HMG_01_high_weapon_F","Exile_Weapon_AK74_GL","optic_Aco","Exile_Magazine_30Rnd_545x39_AK","hgun_Pistol_heavy_01_F","11Rnd_45ACP_Mag","Exile_Weapon_Makarov","Exile_Magazine_8Rnd_9x18","arifle_Mk20_GL_F","30Rnd_556x45_Stanag","Exile_Weapon_Makarov","Exile_Magazine_8Rnd_9x18","Exile_Weapon_AK47","optic_DMS","Exile_Magazine_30Rnd_762x39_AK","bipod_02_F_hex","hgun_Pistol_heavy_01_F","11Rnd_45ACP_Mag"] FOR 13403 POPTABS AND 1340.3 RESPECT | PLAYER TOTAL MONEY: 15153
[20:07:25:416724 +02:00] [Thread 4332] PLAYER: ( 76561198207815415 ) R Dark-V:1 (Paulinchen) REMOTE SOLD ITEM: Exile_Car_Hunter (ID# 53) with Cargo ["Exile_Weapon_AKS_Gold","Exile_Magazine_30Rnd_762x39_AK","bipod_03_F_blk","Exile_Weapon_AK107_GL","optic_Holosight","Exile_Magazine_30Rnd_545x39_AK","hgun_Pistol_heavy_01_F","11Rnd_45ACP_Mag","Exile_Weapon_Makarov","Exile_Magazine_8Rnd_9x18","MMG_02_black_F","130Rnd_338_Mag","bipod_02_F_hex","Exile_Weapon_AK47","optic_MRCO","Exile_Magazine_30Rnd_762x39_AK","Exile_Weapon_Taurus","Exile_Magazine_6Rnd_45ACP","hgun_Rook40_F","16Rnd_9x21_Mag","Exile_Weapon_AK47","optic_Hamr","Exile_Magazine_30Rnd_762x39_AK","bipod_01_F_snd","Exile_Weapon_Colt1911","Exile_Magazine_7Rnd_45ACP","arifle_Mk20_F","optic_DMS","30Rnd_556x45_Stanag","arifle_Katiba_GL_F","optic_Hamr","30Rnd_65x39_caseless_green","Exile_Weapon_TaurusGold","Exile_Magazine_6Rnd_45ACP","LMG_Mk200_F","200Rnd_65x39_cased_Box","bipod_02_F_tan"] FOR 2334 POPTABS AND 233.4 RESPECT | PLAYER TOTAL MONEY: 2334
[20:15:32:288410 +02:00] [Thread 4856] PLAYER: ( 76561198141018060 ) R Dark-V:3 (Robert Schmidt) REMOTE PURCHASED ITEM 10Rnd_338_Mag FOR 30 POPTABS | PLAYER TOTAL MONEY: 4270
[20:15:32:683271 +02:00] [Thread 13512] PLAYER: ( 76561198141018060 ) R Dark-V:3 (Robert Schmidt) REMOTE PURCHASED ITEM 10Rnd_338_Mag FOR 30 POPTABS | PLAYER TOTAL MONEY: 4240
[20:15:33:538510 +02:00] [Thread 4856] PLAYER: ( 76561198141018060 ) R Dark-V:3 (Robert Schmidt) REMOTE PURCHASED ITEM 10Rnd_338_Mag FOR 30 POPTABS | PLAYER TOTAL MONEY: 4210
[20:15:33:846223 +02:00] [Thread 13512] PLAYER: ( 76561198141018060 ) R Dark-V:3 (Robert Schmidt) REMOTE PURCHASED ITEM 10Rnd_338_Mag FOR 30 POPTABS | PLAYER TOTAL MONEY: 4180
[20:15:34:263270 +02:00] [Thread 4856] PLAYER: ( 76561198141018060 ) R Dark-V:3 (Robert Schmidt) REMOTE PURCHASED ITEM 10Rnd_338_Mag FOR 30 POPTABS | PLAYER TOTAL MONEY: 4150
[20:15:34:677303 +02:00] [Thread 13512] PLAYER: ( 76561198141018060 ) R Dark-V:3 (Robert Schmidt) REMOTE PURCHASED ITEM 10Rnd_338_Mag FOR 30 POPTABS | PLAYER TOTAL MONEY: 4120
[20:15:35:136302 +02:00] [Thread 4856] PLAYER: ( 76561198141018060 ) R Dark-V:3 (Robert Schmidt) REMOTE PURCHASED ITEM 10Rnd_338_Mag FOR 30 POPTABS | PLAYER TOTAL MONEY: 4090
[20:15:35:532556 +02:00] [Thread 13512] PLAYER: ( 76561198141018060 ) R Dark-V:3 (Robert Schmidt) REMOTE PURCHASED ITEM 10Rnd_338_Mag FOR 30 POPTABS | PLAYER TOTAL MONEY: 4060
[20:15:35:904331 +02:00] [Thread 4856] PLAYER: ( 76561198141018060 ) R Dark-V:3 (Robert Schmidt) REMOTE PURCHASED ITEM 10Rnd_338_Mag FOR 30 POPTABS | PLAYER TOTAL MONEY: 4030
[20:15:36:277442 +02:00] [Thread 13512] PLAYER: ( 76561198141018060 ) R Dark-V:3 (Robert Schmidt) REMOTE PURCHASED ITEM 10Rnd_338_Mag FOR 30 POPTABS | PLAYER TOTAL MONEY: 4000
[20:33:38:152238 +02:00] [Thread 4332] PLAYER: ( 76561198191441767 ) R Dark-V:2 (marvi) REMOTE PURCHASED ITEM Exile_Item_CodeLock FOR 5000 POPTABS | PLAYER TOTAL MONEY: 17759
[20:33:38:946231 +02:00] [Thread 4856] PLAYER: ( 76561198191441767 ) R Dark-V:2 (marvi) REMOTE PURCHASED ITEM Exile_Item_CodeLock FOR 5000 POPTABS | PLAYER TOTAL MONEY: 12759
[20:45:50:247607 +02:00] [Thread 4856] PLAYER: ( 76561198141018060 ) R Dark-V:3 (Robert Schmidt) REMOTE PURCHASED VEHICLE Exile_Chopper_Orca_BlackCustom FOR 28000 POPTABS | PLAYER TOTAL MONEY: 5100
[20:46:51:939323 +02:00] [Thread 4856] PLAYER: ( 76561198141018060 ) R Dark-V:3 (Robert Schmidt) REMOTE SOLD ITEM: Exile_Car_Offroad_Armed_Guerilla01 (ID# <null>) with Cargo [] FOR 12500 POPTABS AND 1250 RESPECT | PLAYER TOTAL MONEY: 17600
[20:49:15:274804 +02:00] [Thread 4856] PLAYER: ( 76561198141018060 ) R Dark-V:3 (Robert Schmidt) REMOTE PURCHASED VEHICLE SKIN ["exile_assets\texture\vehicle\Exile_Hunter_Black_co.paa","exile_assets\texture\vehicle\Exile_Hunter_Black_Back_co.paa"] (Exile_Car_Hunter_Abstract) FOR 1000 POPTABS | PLAYER TOTAL MONEY: 50990
[20:57:49:495309 +02:00] [Thread 13720] PLAYER: ( 76561198191441767 ) R Dark-V:2 (marvi) REMOTE PURCHASED ITEM Land_Cargo20_military_green_F_Kit FOR 50000 POPTABS | PLAYER TOTAL MONEY: 2759
[21:08:12:324951 +02:00] [Thread 14224] PLAYER: ( 76561198202120684 ) R Dark-V:4 (Kevin Tredup) REMOTE SOLD ITEM: Exile_Car_Offroad_Guerilla02 (ID# 55) with Cargo [] FOR 8000 POPTABS AND 800 RESPECT | PLAYER TOTAL MONEY: 8950
[21:10:09:444873 +02:00] [Thread 13720] PLAYER: ( 76561198141018060 ) R Dark-V:3 (Robert Schmidt) REMOTE PURCHASED ITEM Exile_Item_CodeLock FOR 5000 POPTABS | PLAYER TOTAL MONEY: 10000
[21:10:11:200944 +02:00] [Thread 4856] PLAYER: ( 76561198141018060 ) R Dark-V:3 (Robert Schmidt) REMOTE PURCHASED ITEM Exile_Item_CodeLock FOR 5000 POPTABS | PLAYER TOTAL MONEY: 5000
[21:10:12:566900 +02:00] [Thread 13720] PLAYER: ( 76561198141018060 ) R Dark-V:3 (Robert Schmidt) REMOTE PURCHASED ITEM Exile_Item_CodeLock FOR 5000 POPTABS | PLAYER TOTAL MONEY: 0
[21:16:26:594552 +02:00] [Thread 4332] PLAYER: ( 76561198001663065 ) R Alpha 1-5:1 (Sir Cardboard) REMOTE SOLD ITEM srifle_DMR_01_F FOR 315 POPTABS AND 31.5 RESPECT | PLAYER TOTAL MONEY: 2936
[21:16:32:693559 +02:00] [Thread 4856] PLAYER: ( 76561198001663065 ) R Alpha 1-5:1 (Sir Cardboard) REMOTE SOLD ITEM B_ViperHarness_ghex_F FOR 125 POPTABS AND 12.5 RESPECT | PLAYER TOTAL MONEY: 3061
[21:16:33:700596 +02:00] [Thread 13720] PLAYER: ( 76561198001663065 ) R Alpha 1-5:1 (Sir Cardboard) REMOTE SOLD ITEM B_Carryall_oucamo FOR 150 POPTABS AND 15 RESPECT | PLAYER TOTAL MONEY: 3211
[21:16:34:645845 +02:00] [Thread 13720] PLAYER: ( 76561198001663065 ) R Alpha 1-5:1 (Sir Cardboard) REMOTE SOLD ITEM APERSBoundingMine_Range_Mag FOR 250 POPTABS AND 25 RESPECT | PLAYER TOTAL MONEY: 3461
[21:16:36:142534 +02:00] [Thread 13720] PLAYER: ( 76561198001663065 ) R Alpha 1-5:1 (Sir Cardboard) REMOTE SOLD ITEM 5Rnd_127x108_Mag FOR 20 POPTABS AND 2 RESPECT | PLAYER TOTAL MONEY: 3481
[21:16:38:184975 +02:00] [Thread 13720] PLAYER: ( 76561198001663065 ) R Alpha 1-5:1 (Sir Cardboard) REMOTE SOLD ITEM 20Rnd_650x39_Cased_Mag_F FOR 10 POPTABS AND 1 RESPECT | PLAYER TOTAL MONEY: 3491
[21:16:40:399669 +02:00] [Thread 13720] PLAYER: ( 76561198001663065 ) R Alpha 1-5:1 (Sir Cardboard) REMOTE SOLD ITEM srifle_GM6_F FOR 450 POPTABS AND 45 RESPECT | PLAYER TOTAL MONEY: 3941
[21:16:42:332837 +02:00] [Thread 13720] PLAYER: ( 76561198001663065 ) R Alpha 1-5:1 (Sir Cardboard) REMOTE SOLD ITEM arifle_AKM_FL_F FOR 200 POPTABS AND 20 RESPECT | PLAYER TOTAL MONEY: 4141
[21:16:45:313851 +02:00] [Thread 13720] PLAYER: ( 76561198001663065 ) R Alpha 1-5:1 (Sir Cardboard) REMOTE SOLD ITEM srifle_DMR_07_blk_F FOR 375 POPTABS AND 37.5 RESPECT | PLAYER TOTAL MONEY: 4516
[21:16:46:696881 +02:00] [Thread 13720] PLAYER: ( 76561198001663065 ) R Alpha 1-5:1 (Sir Cardboard) REMOTE SOLD ITEM srifle_DMR_05_blk_F FOR 425 POPTABS AND 42.5 RESPECT | PLAYER TOTAL MONEY: 4941
[21:16:50:066000 +02:00] [Thread 13720] PLAYER: ( 76561198001663065 ) R Alpha 1-5:1 (Sir Cardboard) REMOTE SOLD ITEM V_PlateCarrierGL_rgr FOR 250 POPTABS AND 25 RESPECT | PLAYER TOTAL MONEY: 5191
[21:17:26:103446 +02:00] [Thread 4856] PLAYER: ( 76561198001663065 ) R Alpha 1-5:1 (Sir Cardboard) REMOTE PURCHASED ITEM Exile_Item_Noodles FOR 14 POPTABS | PLAYER TOTAL MONEY: 5177
[21:17:27:268605 +02:00] [Thread 4332] PLAYER: ( 76561198001663065 ) R Alpha 1-5:1 (Sir Cardboard) REMOTE PURCHASED ITEM Exile_Item_Noodles FOR 14 POPTABS | PLAYER TOTAL MONEY: 5163
[21:17:28:409071 +02:00] [Thread 4856] PLAYER: ( 76561198001663065 ) R Alpha 1-5:1 (Sir Cardboard) REMOTE PURCHASED ITEM Exile_Item_Noodles FOR 14 POPTABS | PLAYER TOTAL MONEY: 5149
[21:17:29:394669 +02:00] [Thread 4332] PLAYER: ( 76561198001663065 ) R Alpha 1-5:1 (Sir Cardboard) REMOTE PURCHASED ITEM Exile_Item_Noodles FOR 14 POPTABS | PLAYER TOTAL MONEY: 5135
[21:17:30:383710 +02:00] [Thread 4856] PLAYER: ( 76561198001663065 ) R Alpha 1-5:1 (Sir Cardboard) REMOTE PURCHASED ITEM Exile_Item_Noodles FOR 14 POPTABS | PLAYER TOTAL MONEY: 5121
[21:17:31:304574 +02:00] [Thread 4332] PLAYER: ( 76561198001663065 ) R Alpha 1-5:1 (Sir Cardboard) REMOTE PURCHASED ITEM Exile_Item_Noodles FOR 14 POPTABS | PLAYER TOTAL MONEY: 5107
[21:18:51:096325 +02:00] [Thread 4332] PLAYER: ( 76561198141018060 ) R Dark-V:3 (Robert Schmidt) REMOTE PURCHASED ITEM Exile_Item_PlasticBottleEmpty FOR 4 POPTABS | PLAYER TOTAL MONEY: 996
[21:18:51:927423 +02:00] [Thread 4856] PLAYER: ( 76561198141018060 ) R Dark-V:3 (Robert Schmidt) REMOTE PURCHASED ITEM Exile_Item_PlasticBottleEmpty FOR 4 POPTABS | PLAYER TOTAL MONEY: 992
[21:18:52:761181 +02:00] [Thread 4332] PLAYER: ( 76561198141018060 ) R Dark-V:3 (Robert Schmidt) REMOTE PURCHASED ITEM Exile_Item_PlasticBottleEmpty FOR 4 POPTABS | PLAYER TOTAL MONEY: 988
[21:18:53:618223 +02:00] [Thread 4856] PLAYER: ( 76561198141018060 ) R Dark-V:3 (Robert Schmidt) REMOTE PURCHASED ITEM Exile_Item_PlasticBottleEmpty FOR 4 POPTABS | PLAYER TOTAL MONEY: 984
[21:18:54:431203 +02:00] [Thread 4332] PLAYER: ( 76561198141018060 ) R Dark-V:3 (Robert Schmidt) REMOTE PURCHASED ITEM Exile_Item_PlasticBottleEmpty FOR 4 POPTABS | PLAYER TOTAL MONEY: 980
[21:18:55:442266 +02:00] [Thread 4856] PLAYER: ( 76561198141018060 ) R Dark-V:3 (Robert Schmidt) REMOTE PURCHASED ITEM Exile_Item_PlasticBottleEmpty FOR 4 POPTABS | PLAYER TOTAL MONEY: 976
[21:18:56:079210 +02:00] [Thread 4332] PLAYER: ( 76561198141018060 ) R Dark-V:3 (Robert Schmidt) REMOTE PURCHASED ITEM Exile_Item_PlasticBottleEmpty FOR 4 POPTABS | PLAYER TOTAL MONEY: 972
[21:18:56:761400 +02:00] [Thread 4856] PLAYER: ( 76561198141018060 ) R Dark-V:3 (Robert Schmidt) REMOTE PURCHASED ITEM Exile_Item_PlasticBottleEmpty FOR 4 POPTABS | PLAYER TOTAL MONEY: 968
[21:18:58:036309 +02:00] [Thread 4332] PLAYER: ( 76561198141018060 ) R Dark-V:3 (Robert Schmidt) REMOTE PURCHASED ITEM Exile_Item_PlasticBottleEmpty FOR 4 POPTABS | PLAYER TOTAL MONEY: 964
[21:18:59:263657 +02:00] [Thread 4856] PLAYER: ( 76561198141018060 ) R Dark-V:3 (Robert Schmidt) REMOTE PURCHASED ITEM Exile_Item_PlasticBottleEmpty FOR 4 POPTABS | PLAYER TOTAL MONEY: 960
[21:19:00:317397 +02:00] [Thread 4332] PLAYER: ( 76561198141018060 ) R Dark-V:3 (Robert Schmidt) REMOTE PURCHASED ITEM Exile_Item_PlasticBottleEmpty FOR 4 POPTABS | PLAYER TOTAL MONEY: 956
[21:19:01:176476 +02:00] [Thread 4856] PLAYER: ( 76561198141018060 ) R Dark-V:3 (Robert Schmidt) REMOTE PURCHASED ITEM Exile_Item_PlasticBottleEmpty FOR 4 POPTABS | PLAYER TOTAL MONEY: 952
[21:19:02:033320 +02:00] [Thread 4332] PLAYER: ( 76561198141018060 ) R Dark-V:3 (Robert Schmidt) REMOTE PURCHASED ITEM Exile_Item_PlasticBottleEmpty FOR 4 POPTABS | PLAYER TOTAL MONEY: 948
[21:19:02:866441 +02:00] [Thread 4856] PLAYER: ( 76561198141018060 ) R Dark-V:3 (Robert Schmidt) REMOTE PURCHASED ITEM Exile_Item_PlasticBottleEmpty FOR 4 POPTABS | PLAYER TOTAL MONEY: 944
[21:19:03:897422 +02:00] [Thread 4332] PLAYER: ( 76561198141018060 ) R Dark-V:3 (Robert Schmidt) REMOTE PURCHASED ITEM Exile_Item_PlasticBottleEmpty FOR 4 POPTABS | PLAYER TOTAL MONEY: 940
[21:19:04:997350 +02:00] [Thread 4856] PLAYER: ( 76561198141018060 ) R Dark-V:3 (Robert Schmidt) REMOTE PURCHASED ITEM Exile_Item_PlasticBottleEmpty FOR 4 POPTABS | PLAYER TOTAL MONEY: 936
[21:19:05:766650 +02:00] [Thread 4332] PLAYER: ( 76561198141018060 ) R Dark-V:3 (Robert Schmidt) REMOTE PURCHASED ITEM Exile_Item_PlasticBottleEmpty FOR 4 POPTABS | PLAYER TOTAL MONEY: 932
[21:19:06:622437 +02:00] [Thread 4856] PLAYER: ( 76561198141018060 ) R Dark-V:3 (Robert Schmidt) REMOTE PURCHASED ITEM Exile_Item_PlasticBottleEmpty FOR 4 POPTABS | PLAYER TOTAL MONEY: 928
[21:19:07:498677 +02:00] [Thread 4332] PLAYER: ( 76561198141018060 ) R Dark-V:3 (Robert Schmidt) REMOTE PURCHASED ITEM Exile_Item_PlasticBottleEmpty FOR 4 POPTABS | PLAYER TOTAL MONEY: 924
[21:19:08:528973 +02:00] [Thread 4856] PLAYER: ( 76561198141018060 ) R Dark-V:3 (Robert Schmidt) REMOTE PURCHASED ITEM Exile_Item_PlasticBottleEmpty FOR 4 POPTABS | PLAYER TOTAL MONEY: 920
[21:39:54:883121 +02:00] [Thread 4332] PLAYER: ( 76561198202120684 ) R Dark-V:4 (Kevin Tredup) REMOTE PURCHASED VEHICLE Exile_Plane_Ceasar FOR 15000 POPTABS | PLAYER TOTAL MONEY: 0
[21:45:26:266344 +02:00] [Thread 4332] PLAYER: ( 76561198001663065 ) R Alpha 1-5:1 (Sir Cardboard) REMOTE SOLD ITEM srifle_DMR_05_blk_F FOR 445 POPTABS AND 44.5 RESPECT | PLAYER TOTAL MONEY: 445
[21:45:32:672423 +02:00] [Thread 13720] PLAYER: ( 76561198001663065 ) R Alpha 1-5:1 (Sir Cardboard) REMOTE SOLD ITEM arifle_MX_SW_F FOR 125 POPTABS AND 12.5 RESPECT | PLAYER TOTAL MONEY: 570
[21:45:37:004194 +02:00] [Thread 13720] PLAYER: ( 76561198001663065 ) R Alpha 1-5:1 (Sir Cardboard) REMOTE SOLD ITEM Land_PortableLight_double_F_Kit FOR 50 POPTABS AND 5 RESPECT | PLAYER TOTAL MONEY: 620
[21:45:38:495251 +02:00] [Thread 4332] PLAYER: ( 76561198001663065 ) R Alpha 1-5:1 (Sir Cardboard) REMOTE SOLD ITEM 7Rnd_408_Mag FOR 5 POPTABS AND 0.5 RESPECT | PLAYER TOTAL MONEY: 625
[21:45:39:597385 +02:00] [Thread 4332] PLAYER: ( 76561198001663065 ) R Alpha 1-5:1 (Sir Cardboard) REMOTE SOLD ITEM Exile_Magazine_5Rnd_127x108_KSVK FOR 15 POPTABS AND 1.5 RESPECT | PLAYER TOTAL MONEY: 640
[21:45:40:614093 +02:00] [Thread 4332] PLAYER: ( 76561198001663065 ) R Alpha 1-5:1 (Sir Cardboard) REMOTE SOLD ITEM 200Rnd_556x45_Box_Red_F FOR 45 POPTABS AND 4.5 RESPECT | PLAYER TOTAL MONEY: 685
[21:45:41:644423 +02:00] [Thread 4332] PLAYER: ( 76561198001663065 ) R Alpha 1-5:1 (Sir Cardboard) REMOTE SOLD ITEM 200Rnd_556x45_Box_Tracer_F FOR 45 POPTABS AND 4.5 RESPECT | PLAYER TOTAL MONEY: 730
[21:45:42:634261 +02:00] [Thread 4332] PLAYER: ( 76561198001663065 ) R Alpha 1-5:1 (Sir Cardboard) REMOTE SOLD ITEM 20Rnd_762x51_Mag FOR 10 POPTABS AND 1 RESPECT | PLAYER TOTAL MONEY: 740
[21:45:43:643451 +02:00] [Thread 4332] PLAYER: ( 76561198001663065 ) R Alpha 1-5:1 (Sir Cardboard) REMOTE SOLD ITEM srifle_LRR_tna_F FOR 425 POPTABS AND 42.5 RESPECT | PLAYER TOTAL MONEY: 1165
[21:45:46:209339 +02:00] [Thread 4332] PLAYER: ( 76561198001663065 ) R Alpha 1-5:1 (Sir Cardboard) REMOTE SOLD ITEM Exile_Weapon_ksvk FOR 425 POPTABS AND 42.5 RESPECT | PLAYER TOTAL MONEY: 1590
[21:45:47:241523 +02:00] [Thread 4332] PLAYER: ( 76561198001663065 ) R Alpha 1-5:1 (Sir Cardboard) REMOTE SOLD ITEM LMG_03_F FOR 150 POPTABS AND 15 RESPECT | PLAYER TOTAL MONEY: 1740
[21:45:48:229629 +02:00] [Thread 4332] PLAYER: ( 76561198001663065 ) R Alpha 1-5:1 (Sir Cardboard) REMOTE SOLD ITEM LMG_03_F FOR 150 POPTABS AND 15 RESPECT | PLAYER TOTAL MONEY: 1890
[21:45:49:217488 +02:00] [Thread 4332] PLAYER: ( 76561198001663065 ) R Alpha 1-5:1 (Sir Cardboard) REMOTE SOLD ITEM srifle_DMR_06_olive_F FOR 400 POPTABS AND 40 RESPECT | PLAYER TOTAL MONEY: 2290
[21:45:50:207835 +02:00] [Thread 4332] PLAYER: ( 76561198001663065 ) R Alpha 1-5:1 (Sir Cardboard) REMOTE SOLD ITEM optic_AMS_khk FOR 150 POPTABS AND 15 RESPECT | PLAYER TOTAL MONEY: 2440
[21:45:51:148635 +02:00] [Thread 4332] PLAYER: ( 76561198001663065 ) R Alpha 1-5:1 (Sir Cardboard) REMOTE SOLD ITEM bipod_03_F_blk FOR 5 POPTABS AND 0.5 RESPECT | PLAYER TOTAL MONEY: 2445
[21:45:52:092576 +02:00] [Thread 4332] PLAYER: ( 76561198001663065 ) R Alpha 1-5:1 (Sir Cardboard) REMOTE SOLD ITEM optic_DMS FOR 75 POPTABS AND 7.5 RESPECT | PLAYER TOTAL MONEY: 2520
[21:45:53:037608 +02:00] [Thread 4332] PLAYER: ( 76561198001663065 ) R Alpha 1-5:1 (Sir Cardboard) REMOTE SOLD ITEM bipod_03_F_oli FOR 5 POPTABS AND 0.5 RESPECT | PLAYER TOTAL MONEY: 2525
[21:45:54:003601 +02:00] [Thread 4332] PLAYER: ( 76561198001663065 ) R Alpha 1-5:1 (Sir Cardboard) REMOTE SOLD ITEM NVGoggles_tna_F FOR 50 POPTABS AND 5 RESPECT | PLAYER TOTAL MONEY: 2575
[21:45:54:947582 +02:00] [Thread 4332] PLAYER: ( 76561198001663065 ) R Alpha 1-5:1 (Sir Cardboard) REMOTE SOLD ITEM optic_KHS_tan FOR 150 POPTABS AND 15 RESPECT | PLAYER TOTAL MONEY: 2725
[21:45:55:915833 +02:00] [Thread 4332] PLAYER: ( 76561198001663065 ) R Alpha 1-5:1 (Sir Cardboard) REMOTE SOLD ITEM optic_AMS FOR 150 POPTABS AND 15 RESPECT | PLAYER TOTAL MONEY: 2875
[21:45:56:816534 +02:00] [Thread 4332] PLAYER: ( 76561198001663065 ) R Alpha 1-5:1 (Sir Cardboard) REMOTE SOLD ITEM V_PlateCarrierSpec_rgr FOR 100 POPTABS AND 10 RESPECT | PLAYER TOTAL MONEY: 2975
[22:27:24:657132 +02:00] [Thread 18324] PLAYER: ( 76561198001663065 ) R Alpha 1-6:1 (Sir Cardboard) REMOTE SOLD ITEM V_PlateCarrierGL_rgr FOR 250 POPTABS AND 25 RESPECT | PLAYER TOTAL MONEY: 375
[22:27:26:482946 +02:00] [Thread 14224] PLAYER: ( 76561198001663065 ) R Alpha 1-6:1 (Sir Cardboard) REMOTE SOLD ITEM B_Carryall_oli FOR 150 POPTABS AND 15 RESPECT | PLAYER TOTAL MONEY: 525
[22:27:27:407141 +02:00] [Thread 14224] PLAYER: ( 76561198001663065 ) R Alpha 1-6:1 (Sir Cardboard) REMOTE SOLD ITEM 30Rnd_556x45_Stanag FOR 10 POPTABS AND 1 RESPECT | PLAYER TOTAL MONEY: 535
[22:27:28:330998 +02:00] [Thread 14224] PLAYER: ( 76561198001663065 ) R Alpha 1-6:1 (Sir Cardboard) REMOTE SOLD ITEM arifle_TRG20_F FOR 125 POPTABS AND 12.5 RESPECT | PLAYER TOTAL MONEY: 660
[22:27:29:188907 +02:00] [Thread 14224] PLAYER: ( 76561198001663065 ) R Alpha 1-6:1 (Sir Cardboard) REMOTE SOLD ITEM optic_Holosight FOR 25 POPTABS AND 2.5 RESPECT | PLAYER TOTAL MONEY: 685
[22:30:09:785106 +02:00] [Thread 14224] PLAYER: ( 76561198001663065 ) R Alpha 1-6:1 (Sir Cardboard) REMOTE SOLD ITEM: Exile_Car_UAZ_Green (ID# <null>) with Cargo ["B_Kitbag_mcamo","B_Bergen_rgr","20Rnd_762x51_Mag","20Rnd_762x51_Mag","Exile_Magazine_30Rnd_762x39_AK","Exile_Magazine_30Rnd_762x39_AK","Exile_Magazine_30Rnd_762x39_AK","30Rnd_65x39_caseless_black_mag","30Rnd_65x39_caseless_black_mag","30Rnd_65x39_caseless_black_mag","30Rnd_556x45_Stanag","30Rnd_556x45_Stanag","130Rnd_338_Mag","130Rnd_338_Mag","Exile_Item_WoodPlank","Exile_Item_SandBagsKit_Corner","srifle_DMR_03_woodland_F","20Rnd_762x51_Mag","Exile_Weapon_AK47","Exile_Magazine_30Rnd_762x39_AK","arifle_MX_Black_F","30Rnd_65x39_caseless_black_mag","arifle_Mk20_F","30Rnd_556x45_Stanag","MMG_02_black_F","130Rnd_338_Mag"] FOR 5010 POPTABS AND 501 RESPECT | PLAYER TOTAL MONEY: 5695
[22:34:09:685130 +02:00] [Thread 4856] PLAYER: ( 76561198191441767 ) R Dark-V:2 (marvi) REMOTE PURCHASED VEHICLE Exile_Chopper_Huron_Black FOR 50000 POPTABS | PLAYER TOTAL MONEY: 2759
