[09:47:08:554971 +02:00] [Thread 2516] PLAYER: ( 76561198057220228 ) R Alpha 1-2:1 (Dae Hir) REMOTE SOLD ITEM H_MilCap_dgtl FOR 4 POPTABS AND 0.4 RESPECT | PLAYER TOTAL MONEY: 554
[09:47:27:301058 +02:00] [Thread 16840] PLAYER: ( 76561198057220228 ) R Alpha 1-2:1 (Dae Hir) REMOTE SOLD ITEM arifle_ARX_ghex_F FOR 450 POPTABS AND 45 RESPECT | PLAYER TOTAL MONEY: 1004
[09:47:30:679041 +02:00] [Thread 16868] PLAYER: ( 76561198057220228 ) R Alpha 1-2:1 (Dae Hir) REMOTE SOLD ITEM 1Rnd_SmokePurple_Grenade_shell FOR 4 POPTABS AND 0.4 RESPECT | PLAYER TOTAL MONEY: 1008
[09:47:34:168995 +02:00] [Thread 16868] PLAYER: ( 76561198057220228 ) R Alpha 1-2:1 (Dae Hir) REMOTE SOLD ITEM 1Rnd_SmokeBlue_Grenade_shell FOR 4 POPTABS AND 0.4 RESPECT | PLAYER TOTAL MONEY: 1012
[09:47:36:322270 +02:00] [Thread 16868] PLAYER: ( 76561198057220228 ) R Alpha 1-2:1 (Dae Hir) REMOTE SOLD ITEM APERSTripMine_Wire_Mag FOR 150 POPTABS AND 15 RESPECT | PLAYER TOTAL MONEY: 1162
[09:47:39:000106 +02:00] [Thread 2516] PLAYER: ( 76561198057220228 ) R Alpha 1-2:1 (Dae Hir) REMOTE SOLD ITEM IEDLandSmall_Remote_Mag FOR 150 POPTABS AND 15 RESPECT | PLAYER TOTAL MONEY: 1312
[09:47:41:131171 +02:00] [Thread 16840] PLAYER: ( 76561198057220228 ) R Alpha 1-2:1 (Dae Hir) REMOTE SOLD ITEM MiniGrenade FOR 15 POPTABS AND 1.5 RESPECT | PLAYER TOTAL MONEY: 1327
[09:47:43:522193 +02:00] [Thread 16868] PLAYER: ( 76561198057220228 ) R Alpha 1-2:1 (Dae Hir) REMOTE SOLD ITEM SmokeShellGreen FOR 3 POPTABS AND 0.3 RESPECT | PLAYER TOTAL MONEY: 1330
[09:47:54:675437 +02:00] [Thread 16868] PLAYER: ( 76561198057220228 ) R Alpha 1-2:1 (Dae Hir) REMOTE SOLD ITEM 1Rnd_HE_Grenade_shell FOR 35 POPTABS AND 3.5 RESPECT | PLAYER TOTAL MONEY: 1365
[09:47:57:514552 +02:00] [Thread 16840] PLAYER: ( 76561198057220228 ) R Alpha 1-2:1 (Dae Hir) REMOTE SOLD ITEM 30Rnd_65x39_caseless_green_mag_Tracer FOR 15 POPTABS AND 1.5 RESPECT | PLAYER TOTAL MONEY: 1380
[09:47:58:701912 +02:00] [Thread 2516] PLAYER: ( 76561198057220228 ) R Alpha 1-2:1 (Dae Hir) REMOTE SOLD ITEM 30Rnd_65x39_caseless_green_mag_Tracer FOR 15 POPTABS AND 1.5 RESPECT | PLAYER TOTAL MONEY: 1395
[09:48:00:240740 +02:00] [Thread 16868] PLAYER: ( 76561198057220228 ) R Alpha 1-2:1 (Dae Hir) REMOTE SOLD ITEM 30Rnd_65x39_caseless_green_mag_Tracer FOR 15 POPTABS AND 1.5 RESPECT | PLAYER TOTAL MONEY: 1410
[09:48:01:693043 +02:00] [Thread 2516] PLAYER: ( 76561198057220228 ) R Alpha 1-2:1 (Dae Hir) REMOTE SOLD ITEM 30Rnd_65x39_caseless_green_mag_Tracer FOR 15 POPTABS AND 1.5 RESPECT | PLAYER TOTAL MONEY: 1425
[11:14:25:322115 +02:00] [Thread 8036] PLAYER: ( 76561198012755151 ) R Alpha 1-3:1 (shk) REMOTE SOLD ITEM Exile_Weapon_m107 FOR 590 POPTABS AND 59 RESPECT | PLAYER TOTAL MONEY: 690
[11:14:32:200963 +02:00] [Thread 17488] PLAYER: ( 76561198012755151 ) R Alpha 1-3:1 (shk) REMOTE SOLD ITEM muzzle_snds_65_TI_blk_F FOR 37 POPTABS AND 3.7 RESPECT | PLAYER TOTAL MONEY: 727
[11:14:38:650050 +02:00] [Thread 8036] PLAYER: ( 76561198012755151 ) R Alpha 1-3:1 (shk) REMOTE SOLD ITEM Exile_Magazine_10Rnd_127x99_m107 FOR 15 POPTABS AND 1.5 RESPECT | PLAYER TOTAL MONEY: 742
[11:14:39:770844 +02:00] [Thread 4164] PLAYER: ( 76561198012755151 ) R Alpha 1-3:1 (shk) REMOTE SOLD ITEM Exile_Magazine_10Rnd_127x99_m107 FOR 15 POPTABS AND 1.5 RESPECT | PLAYER TOTAL MONEY: 757
[11:14:41:640112 +02:00] [Thread 17488] PLAYER: ( 76561198012755151 ) R Alpha 1-3:1 (shk) REMOTE SOLD ITEM Exile_Magazine_10Rnd_127x99_m107 FOR 15 POPTABS AND 1.5 RESPECT | PLAYER TOTAL MONEY: 772
[11:14:58:200361 +02:00] [Thread 8036] PLAYER: ( 76561198012755151 ) R Alpha 1-3:1 (shk) REMOTE SOLD ITEM 20Rnd_762x51_Mag FOR 10 POPTABS AND 1 RESPECT | PLAYER TOTAL MONEY: 782
[11:14:59:056153 +02:00] [Thread 4164] PLAYER: ( 76561198012755151 ) R Alpha 1-3:1 (shk) REMOTE SOLD ITEM 20Rnd_762x51_Mag FOR 10 POPTABS AND 1 RESPECT | PLAYER TOTAL MONEY: 792
[11:15:05:353305 +02:00] [Thread 8036] PLAYER: ( 76561198012755151 ) R Alpha 1-3:1 (shk) REMOTE SOLD ITEM 20Rnd_762x51_Mag FOR 10 POPTABS AND 1 RESPECT | PLAYER TOTAL MONEY: 802
[11:15:06:275481 +02:00] [Thread 4164] PLAYER: ( 76561198012755151 ) R Alpha 1-3:1 (shk) REMOTE SOLD ITEM 20Rnd_762x51_Mag FOR 10 POPTABS AND 1 RESPECT | PLAYER TOTAL MONEY: 812
[11:15:07:243448 +02:00] [Thread 17488] PLAYER: ( 76561198012755151 ) R Alpha 1-3:1 (shk) REMOTE SOLD ITEM APERSMine_Range_Mag FOR 300 POPTABS AND 30 RESPECT | PLAYER TOTAL MONEY: 1112
[11:15:08:385328 +02:00] [Thread 4164] PLAYER: ( 76561198012755151 ) R Alpha 1-3:1 (shk) REMOTE SOLD ITEM Exile_Weapon_AK74_GL FOR 200 POPTABS AND 20 RESPECT | PLAYER TOTAL MONEY: 1312
[11:15:15:776540 +02:00] [Thread 17488] PLAYER: ( 76561198012755151 ) R Alpha 1-3:1 (shk) REMOTE SOLD ITEM arifle_SPAR_03_khk_F FOR 300 POPTABS AND 30 RESPECT | PLAYER TOTAL MONEY: 1612
[11:15:17:689581 +02:00] [Thread 8036] PLAYER: ( 76561198012755151 ) R Alpha 1-3:1 (shk) REMOTE SOLD ITEM H_HelmetB_snakeskin FOR 30 POPTABS AND 3 RESPECT | PLAYER TOTAL MONEY: 1642
[11:15:20:921610 +02:00] [Thread 17488] PLAYER: ( 76561198012755151 ) R Alpha 1-3:1 (shk) REMOTE SOLD ITEM muzzle_snds_M FOR 5 POPTABS AND 0.5 RESPECT | PLAYER TOTAL MONEY: 1647
[11:15:22:219934 +02:00] [Thread 8036] PLAYER: ( 76561198012755151 ) R Alpha 1-3:1 (shk) REMOTE SOLD ITEM V_PlateCarrierIA1_dgtl FOR 40 POPTABS AND 4 RESPECT | PLAYER TOTAL MONEY: 1687
[11:16:58:106818 +02:00] [Thread 17488] PLAYER: ( 76561198012755151 ) R Alpha 1-3:1 (shk) REMOTE SOLD ITEM optic_KHS_hex FOR 150 POPTABS AND 15 RESPECT | PLAYER TOTAL MONEY: 150
[11:16:59:337539 +02:00] [Thread 17488] PLAYER: ( 76561198012755151 ) R Alpha 1-3:1 (shk) REMOTE PURCHASED ITEM Exile_Item_Noodles FOR 14 POPTABS | PLAYER TOTAL MONEY: 136
[11:17:00:897355 +02:00] [Thread 4164] PLAYER: ( 76561198012755151 ) R Alpha 1-3:1 (shk) REMOTE PURCHASED ITEM Exile_Item_Noodles FOR 14 POPTABS | PLAYER TOTAL MONEY: 122
[11:17:03:183582 +02:00] [Thread 17488] PLAYER: ( 76561198012755151 ) R Alpha 1-3:1 (shk) REMOTE PURCHASED ITEM Exile_Item_Noodles FOR 14 POPTABS | PLAYER TOTAL MONEY: 108
[11:17:04:850821 +02:00] [Thread 4164] PLAYER: ( 76561198012755151 ) R Alpha 1-3:1 (shk) REMOTE PURCHASED ITEM Exile_Item_EnergyDrink FOR 40 POPTABS | PLAYER TOTAL MONEY: 68
[11:22:42:665110 +02:00] [Thread 8036] PLAYER: ( 76561198057220228 ) R Alpha 1-4:1 (Dae Hir) REMOTE SOLD ITEM 1Rnd_SmokeYellow_Grenade_shell FOR 4 POPTABS AND 0.4 RESPECT | PLAYER TOTAL MONEY: 4
[11:22:48:176347 +02:00] [Thread 17488] PLAYER: ( 76561198057220228 ) R Alpha 1-4:1 (Dae Hir) REMOTE SOLD ITEM 1Rnd_HE_Grenade_shell FOR 35 POPTABS AND 3.5 RESPECT | PLAYER TOTAL MONEY: 39
[11:22:50:417342 +02:00] [Thread 8036] PLAYER: ( 76561198057220228 ) R Alpha 1-4:1 (Dae Hir) REMOTE SOLD ITEM UGL_FlareWhite_F FOR 4 POPTABS AND 0.4 RESPECT | PLAYER TOTAL MONEY: 43
[11:22:52:339328 +02:00] [Thread 17488] PLAYER: ( 76561198057220228 ) R Alpha 1-4:1 (Dae Hir) REMOTE SOLD ITEM 1Rnd_SmokeYellow_Grenade_shell FOR 4 POPTABS AND 0.4 RESPECT | PLAYER TOTAL MONEY: 47
[11:22:54:715513 +02:00] [Thread 4164] PLAYER: ( 76561198057220228 ) R Alpha 1-4:1 (Dae Hir) REMOTE SOLD ITEM optic_ERCO_blk_F FOR 62 POPTABS AND 6.2 RESPECT | PLAYER TOTAL MONEY: 109
[11:23:00:821580 +02:00] [Thread 8036] PLAYER: ( 76561198057220228 ) R Alpha 1-4:1 (Dae Hir) REMOTE SOLD ITEM V_PlateCarrier1_rgr_noflag_F FOR 25 POPTABS AND 2.5 RESPECT | PLAYER TOTAL MONEY: 134
[11:32:17:307793 +02:00] [Thread 17488] PLAYER: ( 76561198057220228 ) R Alpha 1-4:1 (Dae Hir) REMOTE PURCHASED VEHICLE Exile_Bike_QuadBike_Black FOR 2500 POPTABS | PLAYER TOTAL MONEY: 0
[11:57:14:765418 +02:00] [Thread 17488] PLAYER: ( 76561198012755151 ) R Alpha 1-3:1 (shk) REMOTE SOLD ITEM Exile_Item_MetalPole FOR 400 POPTABS AND 40 RESPECT | PLAYER TOTAL MONEY: 818
[11:57:15:841715 +02:00] [Thread 8036] PLAYER: ( 76561198012755151 ) R Alpha 1-3:1 (shk) REMOTE SOLD ITEM Exile_Item_MetalPole FOR 400 POPTABS AND 40 RESPECT | PLAYER TOTAL MONEY: 1218
[11:57:18:160418 +02:00] [Thread 8036] PLAYER: ( 76561198012755151 ) R Alpha 1-3:1 (shk) REMOTE SOLD ITEM Exile_Item_MetalBoard FOR 300 POPTABS AND 30 RESPECT | PLAYER TOTAL MONEY: 1518
[11:57:19:018283 +02:00] [Thread 8036] PLAYER: ( 76561198012755151 ) R Alpha 1-3:1 (shk) REMOTE SOLD ITEM Exile_Item_MetalBoard FOR 300 POPTABS AND 30 RESPECT | PLAYER TOTAL MONEY: 1818
[11:57:19:941170 +02:00] [Thread 8036] PLAYER: ( 76561198012755151 ) R Alpha 1-3:1 (shk) REMOTE SOLD ITEM Exile_Item_JunkMetal FOR 200 POPTABS AND 20 RESPECT | PLAYER TOTAL MONEY: 2018
[11:57:22:185594 +02:00] [Thread 8036] PLAYER: ( 76561198012755151 ) R Alpha 1-3:1 (shk) REMOTE SOLD ITEM Exile_Item_Foolbox FOR 2000 POPTABS AND 200 RESPECT | PLAYER TOTAL MONEY: 4018
[11:57:24:449282 +02:00] [Thread 8036] PLAYER: ( 76561198012755151 ) R Alpha 1-3:1 (shk) REMOTE SOLD ITEM Exile_Item_CanOpener FOR 40 POPTABS AND 4 RESPECT | PLAYER TOTAL MONEY: 4058
[11:57:26:774377 +02:00] [Thread 8036] PLAYER: ( 76561198012755151 ) R Alpha 1-3:1 (shk) REMOTE SOLD ITEM Exile_Item_CanOpener FOR 40 POPTABS AND 4 RESPECT | PLAYER TOTAL MONEY: 4098
[11:57:27:981388 +02:00] [Thread 8036] PLAYER: ( 76561198012755151 ) R Alpha 1-3:1 (shk) REMOTE SOLD ITEM optic_Holosight FOR 25 POPTABS AND 2.5 RESPECT | PLAYER TOTAL MONEY: 4123
[11:57:28:992459 +02:00] [Thread 8036] PLAYER: ( 76561198012755151 ) R Alpha 1-3:1 (shk) REMOTE SOLD ITEM optic_Hamr FOR 100 POPTABS AND 10 RESPECT | PLAYER TOTAL MONEY: 4223
[11:57:35:873568 +02:00] [Thread 8036] PLAYER: ( 76561198012755151 ) R Alpha 1-3:1 (shk) REMOTE SOLD ITEM Exile_Item_Foolbox FOR 2000 POPTABS AND 200 RESPECT | PLAYER TOTAL MONEY: 6223
[11:57:46:882170 +02:00] [Thread 8036] PLAYER: ( 76561198012755151 ) R Alpha 1-3:1 (shk) REMOTE SOLD ITEM optic_Hamr FOR 100 POPTABS AND 10 RESPECT | PLAYER TOTAL MONEY: 6323
[12:02:38:401472 +02:00] [Thread 8924] PLAYER: ( 76561198057220228 ) R Alpha 1-4:1 (Dae Hir) REMOTE SOLD ITEM: Exile_Bike_QuadBike_Black (ID# 18) with Cargo ["IEDUrbanSmall_Remote_Mag","SmokeShellPurple","Exile_Item_InstaDoc","Exile_Item_InstaDoc","Exile_Item_InstaDoc","Exile_Item_InstaDoc","Exile_Item_InstaDoc","Exile_Item_InstaDoc","Exile_Item_PlasticBottleFreshWater","Exile_Item_InstaDoc","Exile_Item_Bandage","Exile_Item_Bandage","Exile_Weapon_SVDCamo","srifle_DMR_02_F","optic_AMS","optic_KHS_old"] FOR 5807 POPTABS AND 580.7 RESPECT | PLAYER TOTAL MONEY: 6307
[12:05:14:209026 +02:00] [Thread 8924] PLAYER: ( 76561198057220228 ) R Alpha 1-4:1 (Dae Hir) REMOTE SOLD ITEM: Exile_Bike_QuadBike_Black (ID# 18) with Cargo ["UGL_FlareWhite_F","Exile_Item_PlasticBottleFreshWater","3Rnd_SmokeGreen_Grenade_shell","arifle_Katiba_GL_F","arifle_Mk20_GL_F"] FOR 1458 POPTABS AND 145.8 RESPECT | PLAYER TOTAL MONEY: 7765
[12:09:07:694472 +02:00] [Thread 4164] PLAYER: ( 76561198057220228 ) R Alpha 1-4:1 (Dae Hir) REMOTE PURCHASED ITEM optic_MRD FOR 10 POPTABS | PLAYER TOTAL MONEY: 851
[12:09:14:105909 +02:00] [Thread 4164] PLAYER: ( 76561198057220228 ) R Alpha 1-4:1 (Dae Hir) REMOTE PURCHASED ITEM muzzle_snds_acp FOR 10 POPTABS | PLAYER TOTAL MONEY: 841
[12:18:07:940323 +02:00] [Thread 17488] PLAYER: ( 76561198057220228 ) R Alpha 1-4:1 (Dae Hir) REMOTE SOLD ITEM 20Rnd_762x51_Mag FOR 10 POPTABS AND 1 RESPECT | PLAYER TOTAL MONEY: 10
[12:18:09:301304 +02:00] [Thread 8036] PLAYER: ( 76561198057220228 ) R Alpha 1-4:1 (Dae Hir) REMOTE SOLD ITEM 20Rnd_762x51_Mag FOR 10 POPTABS AND 1 RESPECT | PLAYER TOTAL MONEY: 20
[12:18:11:143245 +02:00] [Thread 17488] PLAYER: ( 76561198057220228 ) R Alpha 1-4:1 (Dae Hir) REMOTE SOLD ITEM DemoCharge_Remote_Mag FOR 350 POPTABS AND 35 RESPECT | PLAYER TOTAL MONEY: 370
[12:18:13:467588 +02:00] [Thread 4164] PLAYER: ( 76561198057220228 ) R Alpha 1-4:1 (Dae Hir) REMOTE SOLD ITEM U_I_C_Soldier_Para_1_F FOR 15 POPTABS AND 1.5 RESPECT | PLAYER TOTAL MONEY: 385
[12:18:14:850274 +02:00] [Thread 8036] PLAYER: ( 76561198057220228 ) R Alpha 1-4:1 (Dae Hir) REMOTE SOLD ITEM U_IG_Guerilla1_1 FOR 20 POPTABS AND 2 RESPECT | PLAYER TOTAL MONEY: 405
[12:19:02:047839 +02:00] [Thread 17488] PLAYER: ( 76561198057220228 ) R Alpha 1-4:1 (Dae Hir) REMOTE PURCHASED VEHICLE Exile_Car_Golf_Red FOR 8000 POPTABS | PLAYER TOTAL MONEY: 246
[12:19:12:450059 +02:00] [Thread 8924] PLAYER: ( 76561198057220228 ) R Alpha 1-4:1 (Dae Hir) REMOTE SOLD ITEM: Exile_Car_Golf_Red (ID# 19) with Cargo [] FOR 4000 POPTABS AND 400 RESPECT | PLAYER TOTAL MONEY: 4246
[12:26:53:135547 +02:00] [Thread 17488] PLAYER: ( 76561198012755151 ) R Alpha 1-4:1 (shk) REMOTE SOLD ITEM srifle_GM6_ghex_F FOR 475 POPTABS AND 47.5 RESPECT | PLAYER TOTAL MONEY: 475
[12:26:59:079796 +02:00] [Thread 8036] PLAYER: ( 76561198012755151 ) R Alpha 1-4:1 (shk) REMOTE SOLD ITEM muzzle_snds_338_sand FOR 25 POPTABS AND 2.5 RESPECT | PLAYER TOTAL MONEY: 500
[12:30:11:838185 +02:00] [Thread 17488] PLAYER: ( 76561198200373331 ) R Alpha 2-1:1 (Khen) REMOTE PURCHASED ITEM Exile_Item_Noodles FOR 14 POPTABS | PLAYER TOTAL MONEY: 386
[12:30:12:717203 +02:00] [Thread 8036] PLAYER: ( 76561198200373331 ) R Alpha 2-1:1 (Khen) REMOTE PURCHASED ITEM Exile_Item_Noodles FOR 14 POPTABS | PLAYER TOTAL MONEY: 372
[12:30:13:531047 +02:00] [Thread 17488] PLAYER: ( 76561198200373331 ) R Alpha 2-1:1 (Khen) REMOTE PURCHASED ITEM Exile_Item_Noodles FOR 14 POPTABS | PLAYER TOTAL MONEY: 358
[12:30:14:520378 +02:00] [Thread 8036] PLAYER: ( 76561198200373331 ) R Alpha 2-1:1 (Khen) REMOTE PURCHASED ITEM Exile_Item_MountainDupe FOR 30 POPTABS | PLAYER TOTAL MONEY: 328
[12:30:35:307658 +02:00] [Thread 17488] PLAYER: ( 76561198200373331 ) R Alpha 2-1:1 (Khen) REMOTE PURCHASED ITEM optic_ERCO_khk_F FOR 125 POPTABS | PLAYER TOTAL MONEY: 203
[12:31:20:309561 +02:00] [Thread 8036] PLAYER: ( 76561198200373331 ) R Alpha 2-1:1 (Khen) REMOTE PURCHASED ITEM Exile_Item_Noodles FOR 14 POPTABS | PLAYER TOTAL MONEY: 189
[12:36:03:703467 +02:00] [Thread 4164] PLAYER: ( 76561198012755151 ) R Alpha 1-4:1 (shk) REMOTE SOLD ITEM: Exile_Bike_QuadBike_Fia (ID# <null>) with Cargo ["Exile_Item_FortificationUpgrade","Exile_Item_Cement","Exile_Item_WoodDoorwayKit"] FOR 1250 POPTABS AND 125 RESPECT | PLAYER TOTAL MONEY: 1750
[13:06:54:728399 +02:00] [Thread 4164] PLAYER: ( 76561198012755151 ) R Alpha 1-4:1 (shk) REMOTE SOLD ITEM Exile_Weapon_m107 FOR 425 POPTABS AND 42.5 RESPECT | PLAYER TOTAL MONEY: 425
[13:06:58:856226 +02:00] [Thread 17488] PLAYER: ( 76561198012755151 ) R Alpha 1-4:1 (shk) REMOTE SOLD ITEM 20Rnd_762x51_Mag FOR 10 POPTABS AND 1 RESPECT | PLAYER TOTAL MONEY: 435
[13:07:02:362476 +02:00] [Thread 17488] PLAYER: ( 76561198012755151 ) R Alpha 1-4:1 (shk) REMOTE SOLD ITEM Exile_Magazine_75Rnd_545x39_RPK_Green FOR 10 POPTABS AND 1 RESPECT | PLAYER TOTAL MONEY: 445
[13:07:03:767108 +02:00] [Thread 17488] PLAYER: ( 76561198012755151 ) R Alpha 1-4:1 (shk) REMOTE SOLD ITEM srifle_DMR_06_olive_F FOR 400 POPTABS AND 40 RESPECT | PLAYER TOTAL MONEY: 845
[13:07:04:778441 +02:00] [Thread 17488] PLAYER: ( 76561198012755151 ) R Alpha 1-4:1 (shk) REMOTE SOLD ITEM srifle_DMR_05_tan_f FOR 425 POPTABS AND 42.5 RESPECT | PLAYER TOTAL MONEY: 1270
[13:07:06:118423 +02:00] [Thread 17488] PLAYER: ( 76561198012755151 ) R Alpha 1-4:1 (shk) REMOTE SOLD ITEM Exile_Weapon_RPK FOR 125 POPTABS AND 12.5 RESPECT | PLAYER TOTAL MONEY: 1395
[13:07:07:172406 +02:00] [Thread 17488] PLAYER: ( 76561198012755151 ) R Alpha 1-4:1 (shk) REMOTE SOLD ITEM bipod_03_F_blk FOR 5 POPTABS AND 0.5 RESPECT | PLAYER TOTAL MONEY: 1400
[13:07:17:178532 +02:00] [Thread 17488] PLAYER: ( 76561198012755151 ) R Alpha 1-4:1 (shk) REMOTE SOLD ITEM V_PlateCarrierSpec_tna_F FOR 50 POPTABS AND 5 RESPECT | PLAYER TOTAL MONEY: 1450
[13:07:18:210445 +02:00] [Thread 17488] PLAYER: ( 76561198012755151 ) R Alpha 1-4:1 (shk) REMOTE SOLD ITEM V_PlateCarrierSpec_blk FOR 100 POPTABS AND 10 RESPECT | PLAYER TOTAL MONEY: 1550
[13:07:20:627514 +02:00] [Thread 8036] PLAYER: ( 76561198012755151 ) R Alpha 1-4:1 (shk) REMOTE SOLD ITEM 20Rnd_762x51_Mag FOR 10 POPTABS AND 1 RESPECT | PLAYER TOTAL MONEY: 1560
[13:07:24:797566 +02:00] [Thread 17488] PLAYER: ( 76561198012755151 ) R Alpha 1-4:1 (shk) REMOTE SOLD ITEM optic_KHS_hex FOR 150 POPTABS AND 15 RESPECT | PLAYER TOTAL MONEY: 1710
[13:07:27:319606 +02:00] [Thread 8036] PLAYER: ( 76561198012755151 ) R Alpha 1-4:1 (shk) REMOTE SOLD ITEM IEDUrbanSmall_Remote_Mag FOR 200 POPTABS AND 20 RESPECT | PLAYER TOTAL MONEY: 1910
[13:07:28:307725 +02:00] [Thread 17488] PLAYER: ( 76561198012755151 ) R Alpha 1-4:1 (shk) REMOTE SOLD ITEM APERSBoundingMine_Range_Mag FOR 250 POPTABS AND 25 RESPECT | PLAYER TOTAL MONEY: 2160
[13:07:29:207566 +02:00] [Thread 4164] PLAYER: ( 76561198012755151 ) R Alpha 1-4:1 (shk) REMOTE SOLD ITEM 20Rnd_762x51_Mag FOR 10 POPTABS AND 1 RESPECT | PLAYER TOTAL MONEY: 2170
[13:07:30:195652 +02:00] [Thread 8036] PLAYER: ( 76561198012755151 ) R Alpha 1-4:1 (shk) REMOTE SOLD ITEM 20Rnd_762x51_Mag FOR 10 POPTABS AND 1 RESPECT | PLAYER TOTAL MONEY: 2180
[13:07:35:027967 +02:00] [Thread 17488] PLAYER: ( 76561198012755151 ) R Alpha 1-4:1 (shk) REMOTE SOLD ITEM muzzle_snds_93mmg FOR 25 POPTABS AND 2.5 RESPECT | PLAYER TOTAL MONEY: 2205
[13:07:36:081985 +02:00] [Thread 4164] PLAYER: ( 76561198012755151 ) R Alpha 1-4:1 (shk) REMOTE SOLD ITEM optic_KHS_blk FOR 150 POPTABS AND 15 RESPECT | PLAYER TOTAL MONEY: 2355
[13:12:54:261902 +02:00] [Thread 8924] PLAYER: ( 76561198141018060 ) R Dark-V:1 (Robert Schmidt) REMOTE SOLD ITEM: Exile_Car_Ifrit (ID# 20) with Cargo ["B_Carryall_cbr","Exile_Weapon_AK47","Exile_Magazine_30Rnd_762x39_AK","bipod_02_F_hex","arifle_MX_GL_Black_F","optic_Holosight","30Rnd_65x39_caseless_black_mag","U_I_OfficerUniform","V_TacVest_blk_POLICE","V_PlateCarrierL_CTRG","V_PlateCarrierL_CTRG","U_BG_Guerilla2_2","U_B_SpecopsUniform_sgg","V_PlateCarrierSpec_rgr","U_BG_Guerrilla_6_1"] FOR 1000 POPTABS AND 100 RESPECT | PLAYER TOTAL MONEY: 2675
[13:14:51:351879 +02:00] [Thread 8036] PLAYER: ( 76561198141018060 ) R Dark-V:1 (Robert Schmidt) REMOTE PURCHASED ITEM Exile_Item_DuctTape FOR 300 POPTABS | PLAYER TOTAL MONEY: 2375
[13:14:52:385935 +02:00] [Thread 4164] PLAYER: ( 76561198141018060 ) R Dark-V:1 (Robert Schmidt) REMOTE PURCHASED ITEM Exile_Item_DuctTape FOR 300 POPTABS | PLAYER TOTAL MONEY: 2075
[13:14:53:450962 +02:00] [Thread 8036] PLAYER: ( 76561198141018060 ) R Dark-V:1 (Robert Schmidt) REMOTE PURCHASED ITEM Exile_Item_DuctTape FOR 300 POPTABS | PLAYER TOTAL MONEY: 1775
[13:14:54:527996 +02:00] [Thread 4164] PLAYER: ( 76561198141018060 ) R Dark-V:1 (Robert Schmidt) REMOTE PURCHASED ITEM Exile_Item_DuctTape FOR 300 POPTABS | PLAYER TOTAL MONEY: 1475
[13:14:55:668938 +02:00] [Thread 8036] PLAYER: ( 76561198141018060 ) R Dark-V:1 (Robert Schmidt) REMOTE PURCHASED ITEM Exile_Item_DuctTape FOR 300 POPTABS | PLAYER TOTAL MONEY: 1175
[13:14:56:877005 +02:00] [Thread 4164] PLAYER: ( 76561198141018060 ) R Dark-V:1 (Robert Schmidt) REMOTE PURCHASED ITEM Exile_Item_DuctTape FOR 300 POPTABS | PLAYER TOTAL MONEY: 875
[13:14:57:932228 +02:00] [Thread 8036] PLAYER: ( 76561198141018060 ) R Dark-V:1 (Robert Schmidt) REMOTE PURCHASED ITEM Exile_Item_DuctTape FOR 300 POPTABS | PLAYER TOTAL MONEY: 575
[13:14:59:031019 +02:00] [Thread 4164] PLAYER: ( 76561198141018060 ) R Dark-V:1 (Robert Schmidt) REMOTE PURCHASED ITEM Exile_Item_DuctTape FOR 300 POPTABS | PLAYER TOTAL MONEY: 275
[13:15:30:929681 +02:00] [Thread 8924] PLAYER: ( 76561198141018060 ) R Dark-V:1 (Robert Schmidt) REMOTE SOLD ITEM: Exile_Car_Ifrit (ID# 20) with Cargo ["arifle_Mk20_plain_F","optic_DMS","30Rnd_556x45_Stanag"] FOR 160 POPTABS AND 16 RESPECT | PLAYER TOTAL MONEY: 435
[13:25:01:593615 +02:00] [Thread 8036] PLAYER: ( 76561198141018060 ) R Dark-V:1 (Robert Schmidt) REMOTE SOLD ITEM: Exile_Car_Offroad_Armed_Guerilla01 (ID# <null>) with Cargo ["B_Bergen_rgr","Exile_Magazine_30Rnd_545x39_AK","Exile_Magazine_30Rnd_545x39_AK","Exile_Magazine_30Rnd_545x39_AK","Exile_Magazine_30Rnd_545x39_AK","Exile_Magazine_30Rnd_545x39_AK","16Rnd_9x21_Mag","Exile_Item_Vishpirin","Exile_Item_PowerDrink","Exile_Item_InstaDoc","Exile_Item_BBQSandwich","Exile_Item_EnergyDrink","Exile_Item_EnergyDrink","30Rnd_556x45_Stanag","30Rnd_556x45_Stanag","30Rnd_556x45_Stanag","30Rnd_556x45_Stanag","30Rnd_556x45_Stanag","6Rnd_45ACP_Cylinder","6Rnd_45ACP_Cylinder","Exile_Item_CatFood_Cooked","Exile_Item_InstaDoc","Exile_Item_Bandage","Exile_Item_BBQSandwich","Exile_Magazine_30Rnd_762x39_AK","Exile_Weapon_AK47","optic_Aco","Exile_Magazine_30Rnd_762x39_AK","bipod_01_F_mtp","arifle_Katiba_F","optic_Arco","30Rnd_65x39_caseless_green","Exile_Weapon_AK107","Exile_Magazine_30Rnd_545x39_AK","V_PlateCarrierGL_rgr","U_BG_Guerilla3_1","V_PlateCarrierSpec_rgr","U_BG_Guerilla2_3"] FOR 15253 POPTABS AND 1525.3 RESPECT | PLAYER TOTAL MONEY: 15688
[13:56:04:067260 +02:00] [Thread 8036] PLAYER: ( 76561198001663065 ) R Alpha 2-1:1 (Sir Cardboard) REMOTE SOLD ITEM MiniGrenade FOR 15 POPTABS AND 1.5 RESPECT | PLAYER TOTAL MONEY: 4800
[13:56:13:858175 +02:00] [Thread 4164] PLAYER: ( 76561198001663065 ) R Alpha 2-1:1 (Sir Cardboard) REMOTE SOLD ITEM Exile_Item_PlasticBottleEmpty FOR 2 POPTABS AND 0.2 RESPECT | PLAYER TOTAL MONEY: 4802
[13:56:14:737359 +02:00] [Thread 4164] PLAYER: ( 76561198001663065 ) R Alpha 2-1:1 (Sir Cardboard) REMOTE SOLD ITEM Exile_Item_PlasticBottleEmpty FOR 2 POPTABS AND 0.2 RESPECT | PLAYER TOTAL MONEY: 4804
[13:56:15:659493 +02:00] [Thread 8036] PLAYER: ( 76561198001663065 ) R Alpha 2-1:1 (Sir Cardboard) REMOTE SOLD ITEM Exile_Item_PlasticBottleEmpty FOR 2 POPTABS AND 0.2 RESPECT | PLAYER TOTAL MONEY: 4806
[13:56:22:064190 +02:00] [Thread 4164] PLAYER: ( 76561198001663065 ) R Alpha 2-1:1 (Sir Cardboard) REMOTE PURCHASED ITEM Exile_Item_DuctTape FOR 300 POPTABS | PLAYER TOTAL MONEY: 4506
[13:56:22:766172 +02:00] [Thread 17488] PLAYER: ( 76561198001663065 ) R Alpha 2-1:1 (Sir Cardboard) REMOTE PURCHASED ITEM Exile_Item_DuctTape FOR 300 POPTABS | PLAYER TOTAL MONEY: 4206
[13:56:24:302303 +02:00] [Thread 4164] PLAYER: ( 76561198001663065 ) R Alpha 2-1:1 (Sir Cardboard) REMOTE PURCHASED ITEM Exile_Item_DuctTape FOR 300 POPTABS | PLAYER TOTAL MONEY: 3906
[13:56:24:917344 +02:00] [Thread 17488] PLAYER: ( 76561198001663065 ) R Alpha 2-1:1 (Sir Cardboard) REMOTE PURCHASED ITEM Exile_Item_DuctTape FOR 300 POPTABS | PLAYER TOTAL MONEY: 3606
[13:56:26:541342 +02:00] [Thread 4164] PLAYER: ( 76561198001663065 ) R Alpha 2-1:1 (Sir Cardboard) REMOTE PURCHASED ITEM Exile_Item_DuctTape FOR 300 POPTABS | PLAYER TOTAL MONEY: 3306
[13:56:27:350298 +02:00] [Thread 17488] PLAYER: ( 76561198001663065 ) R Alpha 2-1:1 (Sir Cardboard) REMOTE PURCHASED ITEM Exile_Item_DuctTape FOR 300 POPTABS | PLAYER TOTAL MONEY: 3006
[13:56:48:874465 +02:00] [Thread 8924] PLAYER: ( 76561198141018060 ) R Dark-V:1 (Robert Schmidt) REMOTE SOLD ITEM: Exile_Car_Hatchback_Dark (ID# 21) with Cargo ["Exile_Item_InstaDoc","Exile_Item_Bandage","Exile_Item_Bandage","Exile_Item_BBQSandwich","Exile_Item_EnergyDrink","Exile_Item_EMRE","Exile_Item_InstaDoc","Exile_Magazine_30Rnd_762x39_AK","Exile_Magazine_30Rnd_762x39_AK","Exile_Magazine_30Rnd_762x39_AK","Exile_Magazine_30Rnd_762x39_AK","Exile_Magazine_30Rnd_762x39_AK","Exile_Magazine_6Rnd_45ACP","Exile_Magazine_6Rnd_45ACP","Exile_Magazine_30Rnd_545x39_AK","Exile_Magazine_30Rnd_545x39_AK","Exile_Magazine_30Rnd_545x39_AK","Exile_Magazine_30Rnd_545x39_AK","Exile_Magazine_30Rnd_545x39_AK","Exile_Item_InstaDoc","16Rnd_9x21_Mag","Exile_Item_EnergyDrink","Exile_Item_BBQSandwich","Exile_Item_Vishpirin","Exile_Item_Surstromming_Cooked","Exile_Item_InstaDoc","Exile_Item_Vishpirin","Exile_Item_Vishpirin","30Rnd_65x39_caseless_green","30Rnd_65x39_caseless_green","30Rnd_65x39_caseless_green","30Rnd_65x39_caseless_green","30Rnd_65x39_caseless_green","9Rnd_45ACP_Mag","30Rnd_65x39_caseless_green","Exile_Item_InstaDoc","Exile_Item_Bandage","Exile_Magazine_30Rnd_545x39_AK","MMG_02_black_F","optic_MRCO","130Rnd_338_Mag","bipod_03_F_blk","Exile_Weapon_AK47","optic_MRCO","Exile_Magazine_30Rnd_762x39_AK","Exile_Weapon_AK107_GL","Exile_Magazine_30Rnd_545x39_AK","arifle_Katiba_F","30Rnd_65x39_caseless_green","Exile_Weapon_AK107","Exile_Magazine_30Rnd_545x39_AK"] FOR 11080 POPTABS AND 1108 RESPECT | PLAYER TOTAL MONEY: 12155
[13:57:02:087925 +02:00] [Thread 4164] PLAYER: ( 76561198001663065 ) R Alpha 2-1:1 (Sir Cardboard) REMOTE PURCHASED ITEM Exile_Item_Noodles FOR 14 POPTABS | PLAYER TOTAL MONEY: 2992
[13:57:02:901362 +02:00] [Thread 8036] PLAYER: ( 76561198001663065 ) R Alpha 2-1:1 (Sir Cardboard) REMOTE PURCHASED ITEM Exile_Item_Noodles FOR 14 POPTABS | PLAYER TOTAL MONEY: 2978
[13:57:03:624054 +02:00] [Thread 4164] PLAYER: ( 76561198001663065 ) R Alpha 2-1:1 (Sir Cardboard) REMOTE PURCHASED ITEM Exile_Item_Noodles FOR 14 POPTABS | PLAYER TOTAL MONEY: 2964
[13:57:04:371332 +02:00] [Thread 8036] PLAYER: ( 76561198001663065 ) R Alpha 2-1:1 (Sir Cardboard) REMOTE PURCHASED ITEM Exile_Item_Noodles FOR 14 POPTABS | PLAYER TOTAL MONEY: 2950
[13:57:05:229151 +02:00] [Thread 4164] PLAYER: ( 76561198001663065 ) R Alpha 2-1:1 (Sir Cardboard) REMOTE PURCHASED ITEM Exile_Item_Noodles FOR 14 POPTABS | PLAYER TOTAL MONEY: 2936
[13:57:06:021143 +02:00] [Thread 8036] PLAYER: ( 76561198001663065 ) R Alpha 2-1:1 (Sir Cardboard) REMOTE PURCHASED ITEM Exile_Item_Noodles FOR 14 POPTABS | PLAYER TOTAL MONEY: 2922
[16:49:40:071167 +02:00] [Thread 13472] PLAYER: ( 76561198057220228 ) R Alpha 1-2:1 (Dae Hir) REMOTE PURCHASED VEHICLE Exile_Bike_QuadBike_Black FOR 2500 POPTABS | PLAYER TOTAL MONEY: 0
[16:56:23:599811 +02:00] [Thread 7480] PLAYER: ( 76561198057220228 ) R Alpha 1-2:1 (Dae Hir) REMOTE SOLD ITEM: Exile_Bike_QuadBike_Black (ID# 22) with Cargo ["B_Carryall_oucamo","B_Bergen_mcamo_F","Exile_Magazine_10Rnd_338_Bullet_Cam_Mag","Exile_Magazine_10Rnd_338_Bullet_Cam_Mag","srifle_DMR_02_camo_F","Exile_Magazine_10Rnd_338_Bullet_Cam_Mag","Rangefinder","H_Booniehat_khk","U_B_T_FullGhillie_tna_F"] FOR 928 POPTABS AND 92.8 RESPECT | PLAYER TOTAL MONEY: 928
[17:03:13:024308 +02:00] [Thread 7480] PLAYER: ( 76561198057220228 ) R Alpha 1-2:1 (Dae Hir) REMOTE SOLD ITEM: Exile_Bike_QuadBike_Black (ID# 22) with Cargo ["B_ViperHarness_blk_F","150Rnd_93x64_Mag","5Rnd_127x108_APDS_Mag","U_B_GhillieSuit","U_B_GhillieSuit","V_PlateCarrier3_rgr","NVGoggles","U_I_C_Soldier_Camo_F","optic_AMS_khk","V_HarnessOGL_brn"] FOR 555 POPTABS AND 55.5 RESPECT | PLAYER TOTAL MONEY: 1483
[17:15:20:581956 +02:00] [Thread 7480] PLAYER: ( 76561198057220228 ) R Alpha 1-2:1 (Dae Hir) REMOTE SOLD ITEM: Exile_Bike_QuadBike_Black (ID# 22) with Cargo ["B_ViperLightHarness_hex_F","B_FieldPack_cbr","B_Bergen_mcamo_F","1Rnd_HE_Grenade_shell","MiniGrenade","DemoCharge_Remote_Mag","1Rnd_SmokeRed_Grenade_shell","MiniGrenade","130Rnd_338_Mag","SmokeShellBlue","SmokeShellRed","MiniGrenade","arifle_CTAR_hex_F","V_HarnessOGL_ghex_F","U_I_C_Soldier_Camo_F","V_HarnessOGL_brn"] FOR 2340 POPTABS AND 234 RESPECT | PLAYER TOTAL MONEY: 2340
[17:15:59:297955 +02:00] [Thread 596] PLAYER: ( 76561198057220228 ) R Alpha 1-2:1 (Dae Hir) REMOTE PURCHASED ITEM Exile_Item_Moobar FOR 8 POPTABS | PLAYER TOTAL MONEY: 5561
[17:16:46:130698 +02:00] [Thread 13472] PLAYER: ( 76561198057220228 ) R Alpha 1-2:1 (Dae Hir) REMOTE PURCHASED VEHICLE Exile_Bike_QuadBike_Black FOR 2500 POPTABS | PLAYER TOTAL MONEY: 3061
[17:17:23:840046 +02:00] [Thread 7480] PLAYER: ( 76561198057220228 ) R Alpha 1-2:1 (Dae Hir) REMOTE SOLD ITEM: Exile_Bike_QuadBike_Black (ID# 23) with Cargo [] FOR 1250 POPTABS AND 125 RESPECT | PLAYER TOTAL MONEY: 4311
[18:45:41:129533 +02:00] [Thread 7480] PLAYER: ( 76561198141018060 ) R Dark-V:1 (Robert Schmidt) REMOTE SOLD ITEM: Exile_Car_Van_Guerilla01 (ID# 24) with Cargo ["Exile_Item_InstaDoc","arifle_TRG21_F","optic_Aco","30Rnd_556x45_Stanag"] FOR 6795 POPTABS AND 679.5 RESPECT | PLAYER TOTAL MONEY: 6945
[18:50:19:844211 +02:00] [Thread 13472] PLAYER: ( 76561198202120684 ) R Dark-V:2 (Kevin Tredup) REMOTE SOLD ITEM NVGoggles_tna_F FOR 50 POPTABS AND 5 RESPECT | PLAYER TOTAL MONEY: 50
[18:51:07:221667 +02:00] [Thread 596] PLAYER: ( 76561198202120684 ) R Dark-V:2 (Kevin Tredup) REMOTE SOLD ITEM NVGoggles_tna_F FOR 50 POPTABS AND 5 RESPECT | PLAYER TOTAL MONEY: 100
[18:51:21:400108 +02:00] [Thread 6820] PLAYER: ( 76561198202120684 ) R Dark-V:2 (Kevin Tredup) REMOTE PURCHASED ITEM optic_MRCO FOR 100 POPTABS | PLAYER TOTAL MONEY: 0
[18:51:23:085285 +02:00] [Thread 13472] PLAYER: ( 76561198141018060 ) R Dark-V:1 (Robert Schmidt) REMOTE PURCHASED VEHICLE Exile_Chopper_Orca_BlackCustom FOR 28000 POPTABS | PLAYER TOTAL MONEY: 0
[19:39:47:583679 +02:00] [Thread 8404] PLAYER: ( 76561198141018060 ) R Dark-V:1 (Robert Schmidt) REMOTE SOLD ITEM: Exile_Car_SUV_Black (ID# <null>) with Cargo ["Exile_Item_InstaDoc","Exile_Item_InstaDoc","Exile_Item_InstaDoc","Exile_Item_InstaDoc","Exile_Item_InstaDoc","Exile_Item_InstaDoc","arifle_Mk20_F","optic_Hamr","30Rnd_556x45_Stanag","arifle_TRG21_F","optic_MRCO","30Rnd_556x45_Stanag","Exile_Weapon_AK47","optic_Aco","Exile_Magazine_30Rnd_762x39_AK","Exile_Weapon_AK107_GL","optic_DMS","Exile_Magazine_30Rnd_545x39_AK","arifle_Katiba_GL_F","optic_Hamr","30Rnd_65x39_caseless_green","V_PlateCarrierGL_blk","U_IG_Guerilla3_2"] FOR 12180 POPTABS AND 1218 RESPECT | PLAYER TOTAL MONEY: 13515
[19:40:28:849849 +02:00] [Thread 13472] PLAYER: ( 76561198202120684 ) R Dark-V:2 (Kevin Tredup) REMOTE SOLD ITEM: Exile_Chopper_Orca_BlackCustom (ID# 25) with Cargo ["3Rnd_SmokeGreen_Grenade_shell","Exile_Item_Surstromming_Cooked","Exile_Item_InstaDoc","Exile_Item_DuctTape","Exile_Item_DuctTape","Exile_Item_Surstromming_Cooked","Exile_Item_Vishpirin","Exile_Item_InstaDoc","Exile_Item_InstaDoc","Exile_Item_InstaDoc","Exile_Item_InstaDoc","Exile_Item_InstaDoc","Exile_Item_PowerDrink","Exile_Item_InstaDoc","Exile_Item_InstaDoc","100Rnd_65x39_caseless_mag","100Rnd_65x39_caseless_mag","9Rnd_45ACP_Mag","100Rnd_65x39_caseless_mag","3Rnd_UGL_FlareYellow_F","Exile_Item_PlasticBottleEmpty","Exile_Item_PlasticBottleEmpty","Exile_Item_EnergyDrink","Exile_Item_EnergyDrink","Exile_Item_InstaDoc","Exile_Item_InstaDoc","Exile_Item_Bandage","10Rnd_338_Mag","10Rnd_338_Mag","Exile_Item_EnergyDrink","Exile_Item_EnergyDrink","Exile_Item_EnergyDrink","Exile_Item_PlasticBottleFreshWater","Exile_Item_PlasticBottleFreshWater","arifle_MX_SW_F","100Rnd_65x39_caseless_mag","optic_MRCO","optic_AMS_khk"] FOR 7310 POPTABS AND 731 RESPECT | PLAYER TOTAL MONEY: 7770
[20:32:48:931209 +02:00] [Thread 6820] PLAYER: ( 76561198012755151 ) R Alpha 1-6:1 (shk) REMOTE SOLD ITEM Exile_Weapon_SVD FOR 400 POPTABS AND 40 RESPECT | PLAYER TOTAL MONEY: 2755
[20:32:51:281799 +02:00] [Thread 596] PLAYER: ( 76561198012755151 ) R Alpha 1-6:1 (shk) REMOTE SOLD ITEM Exile_Magazine_10Rnd_762x54 FOR 10 POPTABS AND 1 RESPECT | PLAYER TOTAL MONEY: 2765
[20:32:52:116752 +02:00] [Thread 8404] PLAYER: ( 76561198012755151 ) R Alpha 1-6:1 (shk) REMOTE SOLD ITEM Exile_Magazine_10Rnd_762x54 FOR 10 POPTABS AND 1 RESPECT | PLAYER TOTAL MONEY: 2775
[20:32:52:863827 +02:00] [Thread 13472] PLAYER: ( 76561198012755151 ) R Alpha 1-6:1 (shk) REMOTE SOLD ITEM Exile_Magazine_10Rnd_762x54 FOR 10 POPTABS AND 1 RESPECT | PLAYER TOTAL MONEY: 2785
[20:32:53:700534 +02:00] [Thread 6820] PLAYER: ( 76561198012755151 ) R Alpha 1-6:1 (shk) REMOTE SOLD ITEM Exile_Item_EnergyDrink FOR 20 POPTABS AND 2 RESPECT | PLAYER TOTAL MONEY: 2805
[20:33:03:655051 +02:00] [Thread 596] PLAYER: ( 76561198012755151 ) R Alpha 1-6:1 (shk) REMOTE SOLD ITEM Exile_Magazine_10Rnd_762x54 FOR 10 POPTABS AND 1 RESPECT | PLAYER TOTAL MONEY: 2815
[20:33:51:194514 +02:00] [Thread 13472] PLAYER: ( 76561198012755151 ) R Alpha 1-6:1 (shk) REMOTE PURCHASED VEHICLE Exile_Car_Kart_Black FOR 1100 POPTABS | PLAYER TOTAL MONEY: 1715
[21:03:19:017218 +02:00] [Thread 6820] PLAYER: ( 76561198012755151 ) R Alpha 1-6:1 (shk) REMOTE PURCHASED ITEM Exile_Item_EnergyDrink FOR 40 POPTABS | PLAYER TOTAL MONEY: 1675
[21:03:19:852021 +02:00] [Thread 596] PLAYER: ( 76561198012755151 ) R Alpha 1-6:1 (shk) REMOTE PURCHASED ITEM Exile_Item_EnergyDrink FOR 40 POPTABS | PLAYER TOTAL MONEY: 1635
[21:03:20:598267 +02:00] [Thread 6820] PLAYER: ( 76561198012755151 ) R Alpha 1-6:1 (shk) REMOTE PURCHASED ITEM Exile_Item_EnergyDrink FOR 40 POPTABS | PLAYER TOTAL MONEY: 1595
[21:22:30:213802 +02:00] [Thread 13472] PLAYER: ( 76561198012755151 ) R Alpha 1-6:1 (shk) REMOTE SOLD ITEM optic_AMS_snd FOR 150 POPTABS AND 15 RESPECT | PLAYER TOTAL MONEY: 1745
[21:22:36:410581 +02:00] [Thread 6820] PLAYER: ( 76561198012755151 ) R Alpha 1-6:1 (shk) REMOTE SOLD ITEM APERSTripMine_Wire_Mag FOR 150 POPTABS AND 15 RESPECT | PLAYER TOTAL MONEY: 1895
[21:22:39:159835 +02:00] [Thread 596] PLAYER: ( 76561198012755151 ) R Alpha 1-6:1 (shk) REMOTE SOLD ITEM muzzle_snds_B FOR 10 POPTABS AND 1 RESPECT | PLAYER TOTAL MONEY: 1905
[21:22:40:039659 +02:00] [Thread 8404] PLAYER: ( 76561198012755151 ) R Alpha 1-6:1 (shk) REMOTE SOLD ITEM optic_DMS FOR 75 POPTABS AND 7.5 RESPECT | PLAYER TOTAL MONEY: 1980
[21:22:40:875674 +02:00] [Thread 6820] PLAYER: ( 76561198012755151 ) R Alpha 1-6:1 (shk) REMOTE SOLD ITEM O_NVGoggles_ghex_F FOR 75 POPTABS AND 7.5 RESPECT | PLAYER TOTAL MONEY: 2055
[21:22:41:776777 +02:00] [Thread 8404] PLAYER: ( 76561198012755151 ) R Alpha 1-6:1 (shk) REMOTE SOLD ITEM O_NVGoggles_urb_F FOR 75 POPTABS AND 7.5 RESPECT | PLAYER TOTAL MONEY: 2130
[21:22:46:771963 +02:00] [Thread 13472] PLAYER: ( 76561198012755151 ) R Alpha 1-6:1 (shk) REMOTE SOLD ITEM arifle_MX_SW_Black_F FOR 125 POPTABS AND 12.5 RESPECT | PLAYER TOTAL MONEY: 2255
[21:23:39:712194 +02:00] [Thread 596] PLAYER: ( 76561198012755151 ) R Alpha 1-6:1 (shk) REMOTE SOLD ITEM: Exile_Car_Kart_Black (ID# 26) with Cargo [] FOR 550 POPTABS AND 55 RESPECT | PLAYER TOTAL MONEY: 2805
[21:28:48:464867 +02:00] [Thread 8404] PLAYER: ( 76561198012755151 ) R Alpha 1-6:1 (shk) REMOTE PURCHASED ITEM Exile_Item_Noodles FOR 14 POPTABS | PLAYER TOTAL MONEY: 2791
[21:28:50:533739 +02:00] [Thread 6820] PLAYER: ( 76561198012755151 ) R Alpha 1-6:1 (shk) REMOTE PURCHASED ITEM Exile_Item_Noodles FOR 14 POPTABS | PLAYER TOTAL MONEY: 2777
[21:39:53:598505 +02:00] [Thread 13472] PLAYER: ( 76561198057220228 ) R Alpha 2-1:1 (Dae Hir) REMOTE PURCHASED VEHICLE Exile_Bike_QuadBike_Black FOR 2500 POPTABS | PLAYER TOTAL MONEY: 0
[21:53:54:783370 +02:00] [Thread 596] PLAYER: ( 76561198057220228 ) R Alpha 2-1:1 (Dae Hir) REMOTE SOLD ITEM: Exile_Bike_QuadBike_Black (ID# 27) with Cargo ["100Rnd_580x42_Mag_Tracer_F","100Rnd_580x42_Mag_Tracer_F","APERSMine_Range_Mag","U_IG_Guerilla3_1","bipod_01_F_snd","V_PlateCarrierGL_rgr","V_Chestrig_blk","U_O_GhillieSuit","V_RebreatherIA","muzzle_snds_338_black","U_B_CombatUniform_mcam","H_HelmetB_light_snakeskin","NVGoggles_tna_F","V_PlateCarrier3_rgr"] FOR 934 POPTABS AND 93.4 RESPECT | PLAYER TOTAL MONEY: 934
[21:54:37:252067 +02:00] [Thread 8404] PLAYER: ( 76561198057220228 ) R Alpha 2-1:1 (Dae Hir) REMOTE SOLD ITEM arifle_MX_khk_F FOR 225 POPTABS AND 22.5 RESPECT | PLAYER TOTAL MONEY: 1159
[21:54:39:386811 +02:00] [Thread 6820] PLAYER: ( 76561198057220228 ) R Alpha 2-1:1 (Dae Hir) REMOTE SOLD ITEM H_MilCap_blue FOR 4 POPTABS AND 0.4 RESPECT | PLAYER TOTAL MONEY: 1163
[21:54:40:397891 +02:00] [Thread 6820] PLAYER: ( 76561198057220228 ) R Alpha 2-1:1 (Dae Hir) REMOTE SOLD ITEM H_MilCap_rucamo FOR 4 POPTABS AND 0.4 RESPECT | PLAYER TOTAL MONEY: 1167
[21:54:41:937066 +02:00] [Thread 6820] PLAYER: ( 76561198057220228 ) R Alpha 2-1:1 (Dae Hir) REMOTE SOLD ITEM H_HelmetB_grass FOR 30 POPTABS AND 3 RESPECT | PLAYER TOTAL MONEY: 1197
[23:11:20:548191 +02:00] [Thread 18984] PLAYER: ( 76561198191441767 ) R Dark-V:1 (marvi) REMOTE PURCHASED ITEM Land_Sunshade_03_F_Kit FOR 2000 POPTABS | PLAYER TOTAL MONEY: 20651
[23:11:21:405111 +02:00] [Thread 12016] PLAYER: ( 76561198191441767 ) R Dark-V:1 (marvi) REMOTE PURCHASED ITEM Land_Sunshade_03_F_Kit FOR 2000 POPTABS | PLAYER TOTAL MONEY: 18651
[23:12:41:894651 +02:00] [Thread 18984] PLAYER: ( 76561198191441767 ) R Dark-V:1 (marvi) REMOTE PURCHASED ITEM Land_CampingChair_V1_F_Kit FOR 10000 POPTABS | PLAYER TOTAL MONEY: 8651
[01:41:28:424809 +02:00] [Thread 12692] PLAYER: ( 76561198191441767 ) R Dark-V:1 (marvi) REMOTE SOLD ITEM: Exile_Car_Ifrit (ID# 28) with Cargo ["Exile_Weapon_Makarov","Exile_Magazine_8Rnd_9x18","hgun_Rook40_F","16Rnd_9x21_Mag","Exile_Weapon_Makarov","Exile_Magazine_8Rnd_9x18","arifle_MX_GL_Black_F","optic_MRCO","30Rnd_65x39_caseless_black_mag","arifle_TRG20_F","optic_DMS","30Rnd_556x45_Stanag","hgun_Rook40_F","16Rnd_9x21_Mag","hgun_Pistol_heavy_01_F","11Rnd_45ACP_Mag","Exile_Weapon_Makarov","Exile_Magazine_8Rnd_9x18","Exile_Weapon_Colt1911","Exile_Magazine_7Rnd_45ACP","arifle_Mk20_plain_F","optic_Aco","30Rnd_556x45_Stanag","Exile_Weapon_AK107","optic_Holosight","Exile_Magazine_30Rnd_545x39_AK","hgun_Pistol_heavy_02_F","6Rnd_45ACP_Cylinder","arifle_Katiba_GL_F","optic_DMS","30Rnd_65x39_caseless_green","arifle_TRG20_F","optic_Aco","30Rnd_556x45_Stanag","Exile_Weapon_Colt1911","Exile_Magazine_7Rnd_45ACP","Exile_Weapon_Makarov","Exile_Magazine_8Rnd_9x18","Exile_Weapon_Colt1911","Exile_Magazine_7Rnd_45ACP","Exile_Weapon_TaurusGold","Exile_Magazine_6Rnd_45ACP","hgun_P07_F","16Rnd_9x21_Mag","hgun_Pistol_heavy_01_F","11Rnd_45ACP_Mag","arifle_TRG21_F","optic_MRCO","30Rnd_556x45_Stanag","arifle_Mk20_plain_F","30Rnd_556x45_Stanag","arifle_Mk20_GL_F","optic_Holosight","30Rnd_556x45_Stanag","Exile_Weapon_AK107_GL","optic_Arco","Exile_Magazine_30Rnd_545x39_AK","srifle_DMR_06_olive_F","optic_SOS","20Rnd_762x51_Mag","bipod_01_F_mtp","U_I_GhillieSuit"] FOR 14617 POPTABS AND 1461.7 RESPECT | PLAYER TOTAL MONEY: 26921
[01:46:20:086191 +02:00] [Thread 14836] PLAYER: ( 76561198191441767 ) R Dark-V:1 (marvi) REMOTE PURCHASED ITEM 5Rnd_127x108_APDS_Mag FOR 50 POPTABS | PLAYER TOTAL MONEY: 26871
[01:46:20:436975 +02:00] [Thread 8692] PLAYER: ( 76561198191441767 ) R Dark-V:1 (marvi) REMOTE PURCHASED ITEM 5Rnd_127x108_APDS_Mag FOR 50 POPTABS | PLAYER TOTAL MONEY: 26821
[01:46:20:789287 +02:00] [Thread 14836] PLAYER: ( 76561198191441767 ) R Dark-V:1 (marvi) REMOTE PURCHASED ITEM 5Rnd_127x108_APDS_Mag FOR 50 POPTABS | PLAYER TOTAL MONEY: 26771
[01:46:21:184031 +02:00] [Thread 8692] PLAYER: ( 76561198191441767 ) R Dark-V:1 (marvi) REMOTE PURCHASED ITEM 5Rnd_127x108_APDS_Mag FOR 50 POPTABS | PLAYER TOTAL MONEY: 26721
[01:46:21:514225 +02:00] [Thread 14836] PLAYER: ( 76561198191441767 ) R Dark-V:1 (marvi) REMOTE PURCHASED ITEM 5Rnd_127x108_APDS_Mag FOR 50 POPTABS | PLAYER TOTAL MONEY: 26671
[01:46:21:887000 +02:00] [Thread 8692] PLAYER: ( 76561198191441767 ) R Dark-V:1 (marvi) REMOTE PURCHASED ITEM 5Rnd_127x108_APDS_Mag FOR 50 POPTABS | PLAYER TOTAL MONEY: 26621
[01:46:22:259985 +02:00] [Thread 14836] PLAYER: ( 76561198191441767 ) R Dark-V:1 (marvi) REMOTE PURCHASED ITEM 5Rnd_127x108_APDS_Mag FOR 50 POPTABS | PLAYER TOTAL MONEY: 26571
[01:46:22:611986 +02:00] [Thread 8692] PLAYER: ( 76561198191441767 ) R Dark-V:1 (marvi) REMOTE PURCHASED ITEM 5Rnd_127x108_APDS_Mag FOR 50 POPTABS | PLAYER TOTAL MONEY: 26521
[01:46:54:092589 +02:00] [Thread 14836] PLAYER: ( 76561198191441767 ) R Dark-V:1 (marvi) REMOTE PURCHASED ITEM 5Rnd_127x108_APDS_Mag FOR 50 POPTABS | PLAYER TOTAL MONEY: 26471
[01:46:54:510641 +02:00] [Thread 8692] PLAYER: ( 76561198191441767 ) R Dark-V:1 (marvi) REMOTE PURCHASED ITEM 5Rnd_127x108_APDS_Mag FOR 50 POPTABS | PLAYER TOTAL MONEY: 26421
[01:46:54:862735 +02:00] [Thread 14836] PLAYER: ( 76561198191441767 ) R Dark-V:1 (marvi) REMOTE PURCHASED ITEM 5Rnd_127x108_APDS_Mag FOR 50 POPTABS | PLAYER TOTAL MONEY: 26371
[01:46:55:192826 +02:00] [Thread 8692] PLAYER: ( 76561198191441767 ) R Dark-V:1 (marvi) REMOTE PURCHASED ITEM 5Rnd_127x108_APDS_Mag FOR 50 POPTABS | PLAYER TOTAL MONEY: 26321
[01:46:55:500706 +02:00] [Thread 14836] PLAYER: ( 76561198191441767 ) R Dark-V:1 (marvi) REMOTE PURCHASED ITEM 5Rnd_127x108_APDS_Mag FOR 50 POPTABS | PLAYER TOTAL MONEY: 26271
[01:46:55:851708 +02:00] [Thread 8692] PLAYER: ( 76561198191441767 ) R Dark-V:1 (marvi) REMOTE PURCHASED ITEM 5Rnd_127x108_APDS_Mag FOR 50 POPTABS | PLAYER TOTAL MONEY: 26221
[01:46:56:203889 +02:00] [Thread 14836] PLAYER: ( 76561198191441767 ) R Dark-V:1 (marvi) REMOTE PURCHASED ITEM 5Rnd_127x108_APDS_Mag FOR 50 POPTABS | PLAYER TOTAL MONEY: 26171
[01:46:56:599810 +02:00] [Thread 8692] PLAYER: ( 76561198191441767 ) R Dark-V:1 (marvi) REMOTE PURCHASED ITEM 5Rnd_127x108_APDS_Mag FOR 50 POPTABS | PLAYER TOTAL MONEY: 26121
[01:46:56:972767 +02:00] [Thread 14836] PLAYER: ( 76561198191441767 ) R Dark-V:1 (marvi) REMOTE PURCHASED ITEM 5Rnd_127x108_APDS_Mag FOR 50 POPTABS | PLAYER TOTAL MONEY: 26071
[01:46:57:345743 +02:00] [Thread 8692] PLAYER: ( 76561198191441767 ) R Dark-V:1 (marvi) REMOTE PURCHASED ITEM 5Rnd_127x108_APDS_Mag FOR 50 POPTABS | PLAYER TOTAL MONEY: 26021
[01:46:57:698024 +02:00] [Thread 14836] PLAYER: ( 76561198191441767 ) R Dark-V:1 (marvi) REMOTE PURCHASED ITEM 5Rnd_127x108_APDS_Mag FOR 50 POPTABS | PLAYER TOTAL MONEY: 25971
[01:46:58:049900 +02:00] [Thread 8692] PLAYER: ( 76561198191441767 ) R Dark-V:1 (marvi) REMOTE PURCHASED ITEM 5Rnd_127x108_APDS_Mag FOR 50 POPTABS | PLAYER TOTAL MONEY: 25921
[01:46:58:379910 +02:00] [Thread 14836] PLAYER: ( 76561198191441767 ) R Dark-V:1 (marvi) REMOTE PURCHASED ITEM 5Rnd_127x108_APDS_Mag FOR 50 POPTABS | PLAYER TOTAL MONEY: 25871
[01:46:58:708734 +02:00] [Thread 8692] PLAYER: ( 76561198191441767 ) R Dark-V:1 (marvi) REMOTE PURCHASED ITEM 5Rnd_127x108_APDS_Mag FOR 50 POPTABS | PLAYER TOTAL MONEY: 25821
[01:46:59:060792 +02:00] [Thread 14836] PLAYER: ( 76561198191441767 ) R Dark-V:1 (marvi) REMOTE PURCHASED ITEM 5Rnd_127x108_APDS_Mag FOR 50 POPTABS | PLAYER TOTAL MONEY: 25771
[01:53:32:156517 +02:00] [Thread 9212] PLAYER: ( 76561198191441767 ) R Dark-V:1 (marvi) REMOTE PURCHASED VEHICLE Exile_Plane_Cessna FOR 16500 POPTABS | PLAYER TOTAL MONEY: 9271
[01:54:55:684183 +02:00] [Thread 14836] PLAYER: ( 76561198191441767 ) R Dark-V:1 (marvi) REMOTE PURCHASED ITEM 10Rnd_338_Mag FOR 30 POPTABS | PLAYER TOTAL MONEY: 9241
[01:54:56:025032 +02:00] [Thread 14836] PLAYER: ( 76561198191441767 ) R Dark-V:1 (marvi) REMOTE PURCHASED ITEM 10Rnd_338_Mag FOR 30 POPTABS | PLAYER TOTAL MONEY: 9211
[01:54:56:332021 +02:00] [Thread 8692] PLAYER: ( 76561198191441767 ) R Dark-V:1 (marvi) REMOTE PURCHASED ITEM 10Rnd_338_Mag FOR 30 POPTABS | PLAYER TOTAL MONEY: 9181
[01:54:56:640141 +02:00] [Thread 14836] PLAYER: ( 76561198191441767 ) R Dark-V:1 (marvi) REMOTE PURCHASED ITEM 10Rnd_338_Mag FOR 30 POPTABS | PLAYER TOTAL MONEY: 9151
[01:54:56:969048 +02:00] [Thread 8692] PLAYER: ( 76561198191441767 ) R Dark-V:1 (marvi) REMOTE PURCHASED ITEM 10Rnd_338_Mag FOR 30 POPTABS | PLAYER TOTAL MONEY: 9121
[01:54:57:299085 +02:00] [Thread 14836] PLAYER: ( 76561198191441767 ) R Dark-V:1 (marvi) REMOTE PURCHASED ITEM 10Rnd_338_Mag FOR 30 POPTABS | PLAYER TOTAL MONEY: 9091
[01:54:57:651028 +02:00] [Thread 8692] PLAYER: ( 76561198191441767 ) R Dark-V:1 (marvi) REMOTE PURCHASED ITEM 10Rnd_338_Mag FOR 30 POPTABS | PLAYER TOTAL MONEY: 9061
[01:54:57:981107 +02:00] [Thread 14836] PLAYER: ( 76561198191441767 ) R Dark-V:1 (marvi) REMOTE PURCHASED ITEM 10Rnd_338_Mag FOR 30 POPTABS | PLAYER TOTAL MONEY: 9031
[01:54:58:332108 +02:00] [Thread 8692] PLAYER: ( 76561198191441767 ) R Dark-V:1 (marvi) REMOTE PURCHASED ITEM 10Rnd_338_Mag FOR 30 POPTABS | PLAYER TOTAL MONEY: 9001
[01:54:58:618073 +02:00] [Thread 14836] PLAYER: ( 76561198191441767 ) R Dark-V:1 (marvi) REMOTE PURCHASED ITEM 10Rnd_338_Mag FOR 30 POPTABS | PLAYER TOTAL MONEY: 8971
[01:54:58:971048 +02:00] [Thread 8692] PLAYER: ( 76561198191441767 ) R Dark-V:1 (marvi) REMOTE PURCHASED ITEM 10Rnd_338_Mag FOR 30 POPTABS | PLAYER TOTAL MONEY: 8941
[01:54:59:322082 +02:00] [Thread 14836] PLAYER: ( 76561198191441767 ) R Dark-V:1 (marvi) REMOTE PURCHASED ITEM 10Rnd_338_Mag FOR 30 POPTABS | PLAYER TOTAL MONEY: 8911
[01:54:59:629000 +02:00] [Thread 8692] PLAYER: ( 76561198191441767 ) R Dark-V:1 (marvi) REMOTE PURCHASED ITEM 10Rnd_338_Mag FOR 30 POPTABS | PLAYER TOTAL MONEY: 8881
[01:54:59:959090 +02:00] [Thread 14836] PLAYER: ( 76561198191441767 ) R Dark-V:1 (marvi) REMOTE PURCHASED ITEM 10Rnd_338_Mag FOR 30 POPTABS | PLAYER TOTAL MONEY: 8851
[01:55:00:332092 +02:00] [Thread 8692] PLAYER: ( 76561198191441767 ) R Dark-V:1 (marvi) REMOTE PURCHASED ITEM 10Rnd_338_Mag FOR 30 POPTABS | PLAYER TOTAL MONEY: 8821
[01:55:00:661131 +02:00] [Thread 14836] PLAYER: ( 76561198191441767 ) R Dark-V:1 (marvi) REMOTE PURCHASED ITEM 10Rnd_338_Mag FOR 30 POPTABS | PLAYER TOTAL MONEY: 8791
[01:55:01:013139 +02:00] [Thread 8692] PLAYER: ( 76561198191441767 ) R Dark-V:1 (marvi) REMOTE PURCHASED ITEM 10Rnd_338_Mag FOR 30 POPTABS | PLAYER TOTAL MONEY: 8761
[01:55:01:364071 +02:00] [Thread 14836] PLAYER: ( 76561198191441767 ) R Dark-V:1 (marvi) REMOTE PURCHASED ITEM 10Rnd_338_Mag FOR 30 POPTABS | PLAYER TOTAL MONEY: 8731
[01:55:01:736138 +02:00] [Thread 8692] PLAYER: ( 76561198191441767 ) R Dark-V:1 (marvi) REMOTE PURCHASED ITEM 10Rnd_338_Mag FOR 30 POPTABS | PLAYER TOTAL MONEY: 8701
[01:55:02:088143 +02:00] [Thread 14836] PLAYER: ( 76561198191441767 ) R Dark-V:1 (marvi) REMOTE PURCHASED ITEM 10Rnd_338_Mag FOR 30 POPTABS | PLAYER TOTAL MONEY: 8671
[01:55:02:417217 +02:00] [Thread 8692] PLAYER: ( 76561198191441767 ) R Dark-V:1 (marvi) REMOTE PURCHASED ITEM 10Rnd_338_Mag FOR 30 POPTABS | PLAYER TOTAL MONEY: 8641
[01:55:02:769181 +02:00] [Thread 14836] PLAYER: ( 76561198191441767 ) R Dark-V:1 (marvi) REMOTE PURCHASED ITEM 10Rnd_338_Mag FOR 30 POPTABS | PLAYER TOTAL MONEY: 8611
[01:55:03:099257 +02:00] [Thread 8692] PLAYER: ( 76561198191441767 ) R Dark-V:1 (marvi) REMOTE PURCHASED ITEM 10Rnd_338_Mag FOR 30 POPTABS | PLAYER TOTAL MONEY: 8581
[01:55:03:450227 +02:00] [Thread 14836] PLAYER: ( 76561198191441767 ) R Dark-V:1 (marvi) REMOTE PURCHASED ITEM 10Rnd_338_Mag FOR 30 POPTABS | PLAYER TOTAL MONEY: 8551
[01:55:03:780287 +02:00] [Thread 8692] PLAYER: ( 76561198191441767 ) R Dark-V:1 (marvi) REMOTE PURCHASED ITEM 10Rnd_338_Mag FOR 30 POPTABS | PLAYER TOTAL MONEY: 8521
[01:55:04:110560 +02:00] [Thread 14836] PLAYER: ( 76561198191441767 ) R Dark-V:1 (marvi) REMOTE PURCHASED ITEM 10Rnd_338_Mag FOR 30 POPTABS | PLAYER TOTAL MONEY: 8491
[01:55:04:440226 +02:00] [Thread 8692] PLAYER: ( 76561198191441767 ) R Dark-V:1 (marvi) REMOTE PURCHASED ITEM 10Rnd_338_Mag FOR 30 POPTABS | PLAYER TOTAL MONEY: 8461
[01:55:04:814317 +02:00] [Thread 14836] PLAYER: ( 76561198191441767 ) R Dark-V:1 (marvi) REMOTE PURCHASED ITEM 10Rnd_338_Mag FOR 30 POPTABS | PLAYER TOTAL MONEY: 8431
[01:55:05:122300 +02:00] [Thread 8692] PLAYER: ( 76561198191441767 ) R Dark-V:1 (marvi) REMOTE PURCHASED ITEM 10Rnd_338_Mag FOR 30 POPTABS | PLAYER TOTAL MONEY: 8401
[01:55:05:518304 +02:00] [Thread 14836] PLAYER: ( 76561198191441767 ) R Dark-V:1 (marvi) REMOTE PURCHASED ITEM 10Rnd_50BW_Mag_F FOR 35 POPTABS | PLAYER TOTAL MONEY: 8366
[01:55:06:992167 +02:00] [Thread 8692] PLAYER: ( 76561198191441767 ) R Dark-V:1 (marvi) REMOTE PURCHASED ITEM 10Rnd_338_Mag FOR 30 POPTABS | PLAYER TOTAL MONEY: 8336
[01:55:07:344135 +02:00] [Thread 14836] PLAYER: ( 76561198191441767 ) R Dark-V:1 (marvi) REMOTE PURCHASED ITEM 10Rnd_338_Mag FOR 30 POPTABS | PLAYER TOTAL MONEY: 8306
[01:55:07:695287 +02:00] [Thread 8692] PLAYER: ( 76561198191441767 ) R Dark-V:1 (marvi) REMOTE PURCHASED ITEM 10Rnd_338_Mag FOR 30 POPTABS | PLAYER TOTAL MONEY: 8276
[01:55:08:048287 +02:00] [Thread 14836] PLAYER: ( 76561198191441767 ) R Dark-V:1 (marvi) REMOTE PURCHASED ITEM 10Rnd_338_Mag FOR 30 POPTABS | PLAYER TOTAL MONEY: 8246
[02:12:22:945168 +02:00] [Thread 9212] PLAYER: ( 76561198191441767 ) R Dark-V:1 (marvi) REMOTE PURCHASED VEHICLE Exile_Plane_AN2_Green FOR 17000 POPTABS | PLAYER TOTAL MONEY: 41246
[02:16:39:738636 +02:00] [Thread 9212] PLAYER: ( 76561198191441767 ) R Dark-V:1 (marvi) REMOTE PURCHASED VEHICLE Exile_Chopper_Huron_Black FOR 50000 POPTABS | PLAYER TOTAL MONEY: 8246
[02:28:49:869961 +02:00] [Thread 9212] PLAYER: ( 76561198207815415 ) R Dark-V:2 (Paulinchen) REMOTE SOLD ITEM: Exile_Car_Ural_Covered_Yellow (ID# <null>) with Cargo ["B_Bergen_rgr","Exile_Weapon_AK107","optic_MRCO","Exile_Magazine_30Rnd_545x39_AK","hgun_Pistol_heavy_01_F","11Rnd_45ACP_Mag","Exile_Weapon_AK107_GL","Exile_Magazine_30Rnd_545x39_AK","bipod_01_F_mtp","hgun_P07_F","16Rnd_9x21_Mag","hgun_Rook40_F","16Rnd_9x21_Mag","arifle_Mk20_GL_F","30Rnd_556x45_Stanag","hgun_Rook40_F","16Rnd_9x21_Mag","Exile_Weapon_TaurusGold","Exile_Magazine_6Rnd_45ACP","Exile_Weapon_AK107_GL","optic_Holosight","Exile_Magazine_30Rnd_545x39_AK","arifle_Mk20_plain_F","optic_Arco","30Rnd_556x45_Stanag","hgun_Pistol_heavy_02_F","6Rnd_45ACP_Cylinder","Exile_Weapon_AK107_GL","Exile_Magazine_30Rnd_545x39_AK","Exile_Weapon_Makarov","Exile_Magazine_8Rnd_9x18","Exile_Weapon_Taurus","Exile_Magazine_6Rnd_45ACP","arifle_TRG20_F","30Rnd_556x45_Stanag","arifle_MX_GL_Black_F","30Rnd_65x39_caseless_black_mag","Exile_Weapon_Makarov","Exile_Magazine_8Rnd_9x18","hgun_ACPC2_F","9Rnd_45ACP_Mag","arifle_TRG21_GL_F","optic_MRCO","30Rnd_556x45_Stanag","arifle_MX_Black_F","optic_Arco","30Rnd_65x39_caseless_black_mag","Exile_Weapon_TaurusGold","Exile_Magazine_6Rnd_45ACP","arifle_Mk20_plain_F","30Rnd_556x45_Stanag","hgun_Pistol_heavy_01_F","11Rnd_45ACP_Mag","arifle_MX_GL_Black_F","optic_Hamr","30Rnd_65x39_caseless_black_mag","arifle_TRG20_F","optic_MRCO","30Rnd_556x45_Stanag","Exile_Weapon_Makarov","Exile_Magazine_8Rnd_9x18","Exile_Weapon_Taurus","Exile_Magazine_6Rnd_45ACP"] FOR 17415 POPTABS AND 1741.5 RESPECT | PLAYER TOTAL MONEY: 20595
[02:47:07:541345 +02:00] [Thread 8692] PLAYER: ( 76561198191441767 ) R Dark-V:1 (marvi) REMOTE PURCHASED ITEM 5Rnd_127x108_APDS_Mag FOR 50 POPTABS | PLAYER TOTAL MONEY: 8196
[02:47:07:918940 +02:00] [Thread 8692] PLAYER: ( 76561198191441767 ) R Dark-V:1 (marvi) REMOTE PURCHASED ITEM 5Rnd_127x108_APDS_Mag FOR 50 POPTABS | PLAYER TOTAL MONEY: 8146
[02:47:08:249995 +02:00] [Thread 14836] PLAYER: ( 76561198191441767 ) R Dark-V:1 (marvi) REMOTE PURCHASED ITEM 5Rnd_127x108_APDS_Mag FOR 50 POPTABS | PLAYER TOTAL MONEY: 8096
[02:47:08:602985 +02:00] [Thread 8692] PLAYER: ( 76561198191441767 ) R Dark-V:1 (marvi) REMOTE PURCHASED ITEM 5Rnd_127x108_APDS_Mag FOR 50 POPTABS | PLAYER TOTAL MONEY: 8046
[02:47:08:935088 +02:00] [Thread 14836] PLAYER: ( 76561198191441767 ) R Dark-V:1 (marvi) REMOTE PURCHASED ITEM 5Rnd_127x108_APDS_Mag FOR 50 POPTABS | PLAYER TOTAL MONEY: 7996
[02:47:09:317141 +02:00] [Thread 8692] PLAYER: ( 76561198191441767 ) R Dark-V:1 (marvi) REMOTE PURCHASED ITEM 5Rnd_127x108_APDS_Mag FOR 50 POPTABS | PLAYER TOTAL MONEY: 7946
[02:47:09:606029 +02:00] [Thread 14836] PLAYER: ( 76561198191441767 ) R Dark-V:1 (marvi) REMOTE PURCHASED ITEM 5Rnd_127x108_APDS_Mag FOR 50 POPTABS | PLAYER TOTAL MONEY: 7896
[02:47:09:946053 +02:00] [Thread 8692] PLAYER: ( 76561198191441767 ) R Dark-V:1 (marvi) REMOTE PURCHASED ITEM 5Rnd_127x108_APDS_Mag FOR 50 POPTABS | PLAYER TOTAL MONEY: 7846
[02:47:10:278067 +02:00] [Thread 14836] PLAYER: ( 76561198191441767 ) R Dark-V:1 (marvi) REMOTE PURCHASED ITEM 5Rnd_127x108_APDS_Mag FOR 50 POPTABS | PLAYER TOTAL MONEY: 7796
[02:47:10:613227 +02:00] [Thread 8692] PLAYER: ( 76561198191441767 ) R Dark-V:1 (marvi) REMOTE PURCHASED ITEM 5Rnd_127x108_APDS_Mag FOR 50 POPTABS | PLAYER TOTAL MONEY: 7746
[02:47:10:968035 +02:00] [Thread 14836] PLAYER: ( 76561198191441767 ) R Dark-V:1 (marvi) REMOTE PURCHASED ITEM 5Rnd_127x108_APDS_Mag FOR 50 POPTABS | PLAYER TOTAL MONEY: 7696
[02:47:11:299046 +02:00] [Thread 8692] PLAYER: ( 76561198191441767 ) R Dark-V:1 (marvi) REMOTE PURCHASED ITEM 5Rnd_127x108_APDS_Mag FOR 50 POPTABS | PLAYER TOTAL MONEY: 7646
[02:47:11:671993 +02:00] [Thread 14836] PLAYER: ( 76561198191441767 ) R Dark-V:1 (marvi) REMOTE PURCHASED ITEM 5Rnd_127x108_APDS_Mag FOR 50 POPTABS | PLAYER TOTAL MONEY: 7596
[02:47:12:047131 +02:00] [Thread 8692] PLAYER: ( 76561198191441767 ) R Dark-V:1 (marvi) REMOTE PURCHASED ITEM 5Rnd_127x108_APDS_Mag FOR 50 POPTABS | PLAYER TOTAL MONEY: 7546
[02:47:12:354089 +02:00] [Thread 14836] PLAYER: ( 76561198191441767 ) R Dark-V:1 (marvi) REMOTE PURCHASED ITEM 5Rnd_127x108_APDS_Mag FOR 50 POPTABS | PLAYER TOTAL MONEY: 7496
[02:47:12:707109 +02:00] [Thread 8692] PLAYER: ( 76561198191441767 ) R Dark-V:1 (marvi) REMOTE PURCHASED ITEM 5Rnd_127x108_APDS_Mag FOR 50 POPTABS | PLAYER TOTAL MONEY: 7446
[02:47:13:083133 +02:00] [Thread 14836] PLAYER: ( 76561198191441767 ) R Dark-V:1 (marvi) REMOTE PURCHASED ITEM 5Rnd_127x108_APDS_Mag FOR 50 POPTABS | PLAYER TOTAL MONEY: 7396
[02:47:13:416017 +02:00] [Thread 8692] PLAYER: ( 76561198191441767 ) R Dark-V:1 (marvi) REMOTE PURCHASED ITEM 5Rnd_127x108_APDS_Mag FOR 50 POPTABS | PLAYER TOTAL MONEY: 7346
[02:47:13:794414 +02:00] [Thread 14836] PLAYER: ( 76561198191441767 ) R Dark-V:1 (marvi) REMOTE PURCHASED ITEM 5Rnd_127x108_APDS_Mag FOR 50 POPTABS | PLAYER TOTAL MONEY: 7296
[02:47:14:150001 +02:00] [Thread 8692] PLAYER: ( 76561198191441767 ) R Dark-V:1 (marvi) REMOTE PURCHASED ITEM 5Rnd_127x108_APDS_Mag FOR 50 POPTABS | PLAYER TOTAL MONEY: 7246
[02:47:14:486216 +02:00] [Thread 14836] PLAYER: ( 76561198191441767 ) R Dark-V:1 (marvi) REMOTE PURCHASED ITEM 5Rnd_127x108_APDS_Mag FOR 50 POPTABS | PLAYER TOTAL MONEY: 7196
[02:47:14:841342 +02:00] [Thread 8692] PLAYER: ( 76561198191441767 ) R Dark-V:1 (marvi) REMOTE PURCHASED ITEM 5Rnd_127x108_APDS_Mag FOR 50 POPTABS | PLAYER TOTAL MONEY: 7146
[02:47:15:177323 +02:00] [Thread 14836] PLAYER: ( 76561198191441767 ) R Dark-V:1 (marvi) REMOTE PURCHASED ITEM 5Rnd_127x108_APDS_Mag FOR 50 POPTABS | PLAYER TOTAL MONEY: 7096
[02:47:15:531185 +02:00] [Thread 8692] PLAYER: ( 76561198191441767 ) R Dark-V:1 (marvi) REMOTE PURCHASED ITEM 5Rnd_127x108_APDS_Mag FOR 50 POPTABS | PLAYER TOTAL MONEY: 7046
[02:47:15:890691 +02:00] [Thread 14836] PLAYER: ( 76561198191441767 ) R Dark-V:1 (marvi) REMOTE PURCHASED ITEM 5Rnd_127x108_APDS_Mag FOR 50 POPTABS | PLAYER TOTAL MONEY: 6996
[02:47:16:241291 +02:00] [Thread 8692] PLAYER: ( 76561198191441767 ) R Dark-V:1 (marvi) REMOTE PURCHASED ITEM 5Rnd_127x108_APDS_Mag FOR 50 POPTABS | PLAYER TOTAL MONEY: 6946
[03:04:27:945953 +02:00] [Thread 9212] PLAYER: ( 76561198191441767 ) R Dark-V:1 (marvi) REMOTE SOLD ITEM: Exile_Car_SUV_Red (ID# <null>) with Cargo ["LMG_Mk200_F","optic_Holosight","200Rnd_65x39_cased_Box","bipod_01_F_snd","Exile_Weapon_TaurusGold","Exile_Magazine_6Rnd_45ACP","MMG_01_hex_F","optic_MRCO","150Rnd_93x64_Mag","bipod_02_F_blk","Exile_Weapon_Taurus","Exile_Magazine_6Rnd_45ACP","srifle_LRR_F","optic_DMS","7Rnd_408_Mag","Exile_Weapon_TaurusGold","Exile_Magazine_6Rnd_45ACP","hgun_Rook40_F","16Rnd_9x21_Mag"] FOR 8445 POPTABS AND 844.5 RESPECT | PLAYER TOTAL MONEY: 19967
[03:07:18:597705 +02:00] [Thread 9212] PLAYER: ( 76561198191441767 ) R Dark-V:1 (marvi) REMOTE SOLD ITEM: Exile_Car_SUV_Grey (ID# <null>) with Cargo [] FOR 7000 POPTABS AND 700 RESPECT | PLAYER TOTAL MONEY: 26967
[03:17:54:235879 +02:00] [Thread 12692] PLAYER: ( 76561198207815415 ) R Dark-V:2 (Paulinchen) REMOTE SOLD ITEM: Exile_Car_Offroad_Guerilla09 (ID# 32) with Cargo ["Exile_Weapon_AK47","optic_Hamr","Exile_Magazine_30Rnd_762x39_AK","hgun_Pistol_heavy_02_F","6Rnd_45ACP_Cylinder","hgun_Pistol_heavy_02_F","6Rnd_45ACP_Cylinder","hgun_P07_F","16Rnd_9x21_Mag","Exile_Weapon_AK107","optic_Holosight","Exile_Magazine_30Rnd_545x39_AK","Exile_Weapon_AKS_Gold","optic_DMS","Exile_Magazine_30Rnd_762x39_AK","bipod_03_F_oli","hgun_Pistol_heavy_02_F","6Rnd_45ACP_Cylinder","MMG_02_black_F","optic_Holosight","130Rnd_338_Mag","bipod_01_F_snd"] FOR 9352 POPTABS AND 935.2 RESPECT | PLAYER TOTAL MONEY: 10737
