[20:28:12:949760 +02:00] [Thread 10528] IDCA was killed by an NPC!
[20:31:40:658887 +02:00] [Thread 14620] IDCA was killed by an NPC!
[20:32:07:104246 +02:00] [Thread 17192] IDCA was killed by an NPC!
[20:34:51:056588 +02:00] [Thread 10528] IDCA commited suicide!
[20:36:15:747517 +02:00] [Thread 13856] IDCA was killed by an NPC!
[20:43:25:910111 +02:00] [Thread 17192] IDCA commited suicide!
[20:44:28:350082 +02:00] [Thread 18364] IDCA was killed by an NPC!
[20:46:12:434968 +02:00] [Thread 10528] IDCA was killed by an NPC!
[20:48:45:405755 +02:00] [Thread 13856] IDCA was killed by an NPC!
[20:50:54:745057 +02:00] [Thread 17192] IDCA was killed by an NPC!
[21:03:42:619597 +02:00] [Thread 18364] IDCA was killed by an NPC!
[21:06:03:924905 +02:00] [Thread 10528] IDCA was killed by an NPC!
[21:07:14:905308 +02:00] [Thread 17192] IDCA was killed by an NPC!
[21:11:27:522383 +02:00] [Thread 13856] IDCA was killed by an NPC!
[21:12:16:674661 +02:00] [Thread 18364] IDCA was killed by an NPC!
[21:22:45:743524 +02:00] [Thread 14620] IDCA was killed by an NPC!
[21:50:27:536044 +02:00] [Thread 17192] IDCA commited suicide!
[21:50:43:275625 +02:00] [Thread 10528] IDCA was killed by an NPC!
[21:53:07:801200 +02:00] [Thread 13856] IDCA was killed by an NPC!
[21:53:18:455499 +02:00] [Thread 18364] IDCA was killed by an NPC!
[21:53:51:502269 +02:00] [Thread 17192] IDCA was killed by an NPC!
[21:54:12:170797 +02:00] [Thread 18364] IDCA was killed by an NPC!
[21:55:32:356901 +02:00] [Thread 17192] IDCA was killed by an NPC!
[21:55:56:829274 +02:00] [Thread 10528] IDCA was killed by an NPC!
[21:56:16:959266 +02:00] [Thread 17192] IDCA was killed by an NPC!
[21:57:53:735641 +02:00] [Thread 10528] IDCA was killed by an NPC!
[21:59:16:852256 +02:00] [Thread 17192] IDCA was killed by an NPC!
[22:00:16:219040 +02:00] [Thread 14620] IDCA commited suicide!
[22:02:29:639294 +02:00] [Thread 17192] IDCA was killed by an NPC!
[22:04:20:230617 +02:00] [Thread 17192] IDCA was killed by an NPC!
[22:06:15:607245 +02:00] [Thread 14620] IDCA was killed by an NPC!
[22:06:38:962447 +02:00] [Thread 13856] IDCA was killed by an NPC!
[22:07:24:844487 +02:00] [Thread 18364] IDCA was team-killed by Robert Schmidt!
[22:08:24:289696 +02:00] [Thread 18364] IDCA was killed by an NPC!
[22:25:36:657632 +02:00] [Thread 18364] IDCA was team-killed by marvi!
[22:26:52:388287 +02:00] [Thread 13856] IDCA was team-killed by Paulinchen!
