[19:51:21:228463 +02:00] [Thread 1224] PLAYER: ( 76561198191441767 ) R Dark-V:1 (marvi) REMOTE SOLD ITEM: Exile_Car_Offroad_Armed_Guerilla01 (ID# <null>) with Cargo ["Exile_Item_WoodWallKit","Exile_Item_WoodWallKit","optic_DMS"] FOR 12575 POPTABS AND 1257.5 RESPECT | PLAYER TOTAL MONEY: 41783
[19:59:38:215208 +02:00] [Thread 11324] PLAYER: ( 76561198141018060 ) R Dark-V:2 (Robert Schmidt) REMOTE SOLD ITEM: Exile_Car_Ural_Covered_Military (ID# <null>) with Cargo ["B_Bergen_blk","B_Carryall_oli","Exile_Item_BBQSandwich","Exile_Item_EnergyDrink","30Rnd_556x45_Stanag","30Rnd_556x45_Stanag","30Rnd_556x45_Stanag","30Rnd_556x45_Stanag","30Rnd_556x45_Stanag","30Rnd_556x45_Stanag","30Rnd_556x45_Stanag","9Rnd_45ACP_Mag","9Rnd_45ACP_Mag","Exile_Item_EnergyDrink","Exile_Item_EnergyDrink","Exile_Item_InstaDoc","Exile_Item_Bandage","Exile_Item_InstaDoc","Exile_Item_BBQSandwich","Exile_Item_CatFood_Cooked","Exile_Item_EnergyDrink","Exile_Magazine_30Rnd_545x39_AK","Exile_Magazine_30Rnd_545x39_AK","Exile_Magazine_30Rnd_545x39_AK","Exile_Magazine_30Rnd_545x39_AK","Exile_Magazine_30Rnd_545x39_AK","Exile_Magazine_6Rnd_45ACP","Exile_Item_Vishpirin","Exile_Item_Surstromming_Cooked","Exile_Item_InstaDoc","Exile_Item_BBQSandwich","Exile_Item_EnergyDrink","30Rnd_556x45_Stanag","30Rnd_556x45_Stanag","30Rnd_556x45_Stanag","30Rnd_556x45_Stanag","30Rnd_556x45_Stanag","30Rnd_556x45_Stanag","30Rnd_556x45_Stanag","6Rnd_45ACP_Cylinder","Exile_Item_Bandage","Exile_Item_EnergyDrink","Exile_Item_InstaDoc","Exile_Item_BBQSandwich","Exile_Item_EnergyDrink","Exile_Magazine_7Rnd_45ACP","Exile_Item_Vishpirin","30Rnd_556x45_Stanag","30Rnd_556x45_Stanag","30Rnd_556x45_Stanag","30Rnd_556x45_Stanag","30Rnd_556x45_Stanag","30Rnd_556x45_Stanag","30Rnd_556x45_Stanag","Exile_Item_EnergyDrink","Exile_Item_InstaDoc","Exile_Item_BBQSandwich","Exile_Item_EnergyDrink","30Rnd_556x45_Stanag","30Rnd_556x45_Stanag","30Rnd_556x45_Stanag","30Rnd_556x45_Stanag","30Rnd_556x45_Stanag","30Rnd_556x45_Stanag","30Rnd_556x45_Stanag","11Rnd_45ACP_Mag","11Rnd_45ACP_Mag","Exile_Item_PowerDrink","Exile_Item_InstaDoc","Exile_Item_BBQSandwich","Exile_Item_CatFood_Cooked","Exile_Item_EnergyDrink","Exile_Magazine_30Rnd_762x39_AK","Exile_Magazine_30Rnd_762x39_AK","Exile_Magazine_30Rnd_762x39_AK","Exile_Magazine_30Rnd_762x39_AK","Exile_Magazine_6Rnd_45ACP","Exile_Magazine_30Rnd_545x39_AK","Exile_Magazine_30Rnd_545x39_AK","Exile_Item_Bandage","Exile_Item_CatFood_Cooked","Exile_Magazine_30Rnd_762x39_AK","Exile_Magazine_30Rnd_762x39_AK","Exile_Magazine_30Rnd_545x39_AK","Exile_Magazine_30Rnd_545x39_AK","Exile_Magazine_30Rnd_545x39_AK","Exile_Item_InstaDoc","Exile_Item_BBQSandwich","Exile_Item_EnergyDrink","16Rnd_9x21_Mag","arifle_Mk20_F","optic_Aco","30Rnd_556x45_Stanag","Exile_Weapon_AK107_GL","Exile_Magazine_30Rnd_545x39_AK","arifle_Mk20_GL_F","optic_MRCO","30Rnd_556x45_Stanag","arifle_Mk20_F","optic_Holosight","30Rnd_556x45_Stanag","arifle_TRG21_GL_F","30Rnd_556x45_Stanag","Exile_Weapon_AKS_Gold","optic_Hamr","Exile_Magazine_30Rnd_762x39_AK","Exile_Weapon_AK74_GL","optic_Hamr","Exile_Magazine_30Rnd_545x39_AK","arifle_Mk20_GL_F","optic_Aco","30Rnd_556x45_Stanag","arifle_MX_Black_F","optic_Aco","30Rnd_65x39_caseless_black_mag","arifle_Mk20_GL_F","optic_Arco","30Rnd_556x45_Stanag","arifle_TRG20_F","optic_DMS","30Rnd_556x45_Stanag","arifle_Mk20_F","optic_Hamr","30Rnd_556x45_Stanag","Exile_Weapon_AK74_GL","optic_Hamr","Exile_Magazine_30Rnd_545x39_AK","arifle_TRG21_F","optic_Arco","30Rnd_556x45_Stanag","arifle_Katiba_F","optic_Arco","30Rnd_65x39_caseless_green","Exile_Weapon_AK47","optic_Aco","Exile_Magazine_30Rnd_762x39_AK","V_PlateCarrierSpec_mtp","U_BG_Guerilla1_1","U_BG_Guerilla1_1","U_BG_Guerilla2_3","V_PlateCarrierSpec_blk","V_PlateCarrierH_CTRG","U_BG_Guerilla3_1","V_TacVest_blk_POLICE","U_I_G_resistanceLeader_F","V_PlateCarrierIA2_dgtl"] FOR 23713 POPTABS AND 2371.3 RESPECT | PLAYER TOTAL MONEY: 26648
[20:02:21:119648 +02:00] [Thread 11324] PLAYER: ( 76561198191441767 ) R Dark-V:1 (marvi) REMOTE PURCHASED VEHICLE Exile_Chopper_Mohawk_FIA FOR 45000 POPTABS | PLAYER TOTAL MONEY: 1783
[20:10:09:139668 +02:00] [Thread 11324] PLAYER: ( 76561198137347034 ) R Dark-V:3 (IDCA) REMOTE SOLD ITEM: Exile_Car_SUV_Grey (ID# <null>) with Cargo [] FOR 7000 POPTABS AND 700 RESPECT | PLAYER TOTAL MONEY: 7100
[20:10:48:691775 +02:00] [Thread 11324] PLAYER: ( 76561198141018060 ) R Dark-V:2 (Robert Schmidt) REMOTE SOLD ITEM: Exile_Car_SUV_Red (ID# <null>) with Cargo [] FOR 7000 POPTABS AND 700 RESPECT | PLAYER TOTAL MONEY: 7160
[21:00:11:763118 +02:00] [Thread 18364] PLAYER: ( 76561198191441767 ) R Dark-V:2 (marvi) REMOTE SOLD ITEM: Exile_Car_Ural_Covered_Military (ID# 59) with Cargo [] FOR 14000 POPTABS AND 1400 RESPECT | PLAYER TOTAL MONEY: 29249
[21:13:57:439823 +02:00] [Thread 10528] PLAYER: ( 76561198141018060 ) R Dark-V:3 (Robert Schmidt) REMOTE PURCHASED VEHICLE SKIN ["exile_assets\texture\vehicle\Exile_Hunter_Black_co.paa","exile_assets\texture\vehicle\Exile_Hunter_Black_Back_co.paa"] (Exile_Car_Hunter_Abstract) FOR 1000 POPTABS | PLAYER TOTAL MONEY: 425
[21:28:22:844796 +02:00] [Thread 10528] PLAYER: ( 76561198141018060 ) R Dark-V:3 (Robert Schmidt) REMOTE SOLD ITEM: Exile_Car_Ural_Covered_Worker (ID# <null>) with Cargo [] FOR 14000 POPTABS AND 1400 RESPECT | PLAYER TOTAL MONEY: 15906
[21:31:16:824357 +02:00] [Thread 13856] PLAYER: ( 76561198141018060 ) R Dark-V:3 (Robert Schmidt) REMOTE PURCHASED ITEM 10Rnd_338_Mag FOR 30 POPTABS | PLAYER TOTAL MONEY: 15876
[21:31:17:728209 +02:00] [Thread 18364] PLAYER: ( 76561198141018060 ) R Dark-V:3 (Robert Schmidt) REMOTE PURCHASED ITEM 10Rnd_338_Mag FOR 30 POPTABS | PLAYER TOTAL MONEY: 15846
[21:31:18:550172 +02:00] [Thread 13856] PLAYER: ( 76561198141018060 ) R Dark-V:3 (Robert Schmidt) REMOTE PURCHASED ITEM 10Rnd_338_Mag FOR 30 POPTABS | PLAYER TOTAL MONEY: 15816
[21:31:19:223273 +02:00] [Thread 18364] PLAYER: ( 76561198141018060 ) R Dark-V:3 (Robert Schmidt) REMOTE PURCHASED ITEM 10Rnd_338_Mag FOR 30 POPTABS | PLAYER TOTAL MONEY: 15786
[21:31:19:980248 +02:00] [Thread 13856] PLAYER: ( 76561198141018060 ) R Dark-V:3 (Robert Schmidt) REMOTE PURCHASED ITEM 10Rnd_338_Mag FOR 30 POPTABS | PLAYER TOTAL MONEY: 15756
[21:31:20:842274 +02:00] [Thread 18364] PLAYER: ( 76561198141018060 ) R Dark-V:3 (Robert Schmidt) REMOTE PURCHASED ITEM 10Rnd_338_Mag FOR 30 POPTABS | PLAYER TOTAL MONEY: 15726
[21:31:21:537275 +02:00] [Thread 13856] PLAYER: ( 76561198141018060 ) R Dark-V:3 (Robert Schmidt) REMOTE PURCHASED ITEM 10Rnd_338_Mag FOR 30 POPTABS | PLAYER TOTAL MONEY: 15696
[21:31:22:211390 +02:00] [Thread 18364] PLAYER: ( 76561198141018060 ) R Dark-V:3 (Robert Schmidt) REMOTE PURCHASED ITEM 10Rnd_338_Mag FOR 30 POPTABS | PLAYER TOTAL MONEY: 15666
[21:31:23:327522 +02:00] [Thread 13856] PLAYER: ( 76561198141018060 ) R Dark-V:3 (Robert Schmidt) REMOTE PURCHASED ITEM 10Rnd_338_Mag FOR 30 POPTABS | PLAYER TOTAL MONEY: 15636
[21:31:24:546424 +02:00] [Thread 18364] PLAYER: ( 76561198141018060 ) R Dark-V:3 (Robert Schmidt) REMOTE PURCHASED ITEM 10Rnd_338_Mag FOR 30 POPTABS | PLAYER TOTAL MONEY: 15606
[21:31:25:197423 +02:00] [Thread 13856] PLAYER: ( 76561198141018060 ) R Dark-V:3 (Robert Schmidt) REMOTE PURCHASED ITEM 10Rnd_338_Mag FOR 30 POPTABS | PLAYER TOTAL MONEY: 15576
[21:31:25:914337 +02:00] [Thread 18364] PLAYER: ( 76561198141018060 ) R Dark-V:3 (Robert Schmidt) REMOTE PURCHASED ITEM 10Rnd_338_Mag FOR 30 POPTABS | PLAYER TOTAL MONEY: 15546
[21:31:26:652364 +02:00] [Thread 13856] PLAYER: ( 76561198141018060 ) R Dark-V:3 (Robert Schmidt) REMOTE PURCHASED ITEM 10Rnd_338_Mag FOR 30 POPTABS | PLAYER TOTAL MONEY: 15516
[21:31:27:317307 +02:00] [Thread 18364] PLAYER: ( 76561198141018060 ) R Dark-V:3 (Robert Schmidt) REMOTE PURCHASED ITEM 10Rnd_338_Mag FOR 30 POPTABS | PLAYER TOTAL MONEY: 15486
[21:31:28:578448 +02:00] [Thread 13856] PLAYER: ( 76561198141018060 ) R Dark-V:3 (Robert Schmidt) REMOTE PURCHASED ITEM 10Rnd_338_Mag FOR 30 POPTABS | PLAYER TOTAL MONEY: 15456
[21:31:29:356406 +02:00] [Thread 18364] PLAYER: ( 76561198141018060 ) R Dark-V:3 (Robert Schmidt) REMOTE PURCHASED ITEM 10Rnd_338_Mag FOR 30 POPTABS | PLAYER TOTAL MONEY: 15426
[21:31:30:154584 +02:00] [Thread 13856] PLAYER: ( 76561198141018060 ) R Dark-V:3 (Robert Schmidt) REMOTE PURCHASED ITEM 10Rnd_338_Mag FOR 30 POPTABS | PLAYER TOTAL MONEY: 15396
[21:31:30:975516 +02:00] [Thread 18364] PLAYER: ( 76561198141018060 ) R Dark-V:3 (Robert Schmidt) REMOTE PURCHASED ITEM 10Rnd_338_Mag FOR 30 POPTABS | PLAYER TOTAL MONEY: 15366
[21:31:31:756492 +02:00] [Thread 13856] PLAYER: ( 76561198141018060 ) R Dark-V:3 (Robert Schmidt) REMOTE PURCHASED ITEM 10Rnd_338_Mag FOR 30 POPTABS | PLAYER TOTAL MONEY: 15336
[21:31:32:612579 +02:00] [Thread 18364] PLAYER: ( 76561198141018060 ) R Dark-V:3 (Robert Schmidt) REMOTE PURCHASED ITEM 10Rnd_338_Mag FOR 30 POPTABS | PLAYER TOTAL MONEY: 15306
[21:31:33:427631 +02:00] [Thread 13856] PLAYER: ( 76561198141018060 ) R Dark-V:3 (Robert Schmidt) REMOTE PURCHASED ITEM 10Rnd_338_Mag FOR 30 POPTABS | PLAYER TOTAL MONEY: 15276
[21:31:34:173561 +02:00] [Thread 18364] PLAYER: ( 76561198141018060 ) R Dark-V:3 (Robert Schmidt) REMOTE PURCHASED ITEM 10Rnd_338_Mag FOR 30 POPTABS | PLAYER TOTAL MONEY: 15246
[21:31:34:961612 +02:00] [Thread 13856] PLAYER: ( 76561198141018060 ) R Dark-V:3 (Robert Schmidt) REMOTE PURCHASED ITEM 10Rnd_338_Mag FOR 30 POPTABS | PLAYER TOTAL MONEY: 15216
[21:31:35:879562 +02:00] [Thread 18364] PLAYER: ( 76561198141018060 ) R Dark-V:3 (Robert Schmidt) REMOTE PURCHASED ITEM 10Rnd_338_Mag FOR 30 POPTABS | PLAYER TOTAL MONEY: 15186
[21:31:36:735629 +02:00] [Thread 13856] PLAYER: ( 76561198141018060 ) R Dark-V:3 (Robert Schmidt) REMOTE PURCHASED ITEM 10Rnd_338_Mag FOR 30 POPTABS | PLAYER TOTAL MONEY: 15156
[21:31:37:445629 +02:00] [Thread 18364] PLAYER: ( 76561198141018060 ) R Dark-V:3 (Robert Schmidt) REMOTE PURCHASED ITEM 10Rnd_338_Mag FOR 30 POPTABS | PLAYER TOTAL MONEY: 15126
[21:31:38:256560 +02:00] [Thread 13856] PLAYER: ( 76561198141018060 ) R Dark-V:3 (Robert Schmidt) REMOTE PURCHASED ITEM 10Rnd_338_Mag FOR 30 POPTABS | PLAYER TOTAL MONEY: 15096
[21:31:39:043781 +02:00] [Thread 18364] PLAYER: ( 76561198141018060 ) R Dark-V:3 (Robert Schmidt) REMOTE PURCHASED ITEM 10Rnd_338_Mag FOR 30 POPTABS | PLAYER TOTAL MONEY: 15066
[21:31:39:831656 +02:00] [Thread 13856] PLAYER: ( 76561198141018060 ) R Dark-V:3 (Robert Schmidt) REMOTE PURCHASED ITEM 10Rnd_338_Mag FOR 30 POPTABS | PLAYER TOTAL MONEY: 15036
[21:31:40:725594 +02:00] [Thread 18364] PLAYER: ( 76561198141018060 ) R Dark-V:3 (Robert Schmidt) REMOTE PURCHASED ITEM 10Rnd_338_Mag FOR 30 POPTABS | PLAYER TOTAL MONEY: 15006
[21:31:41:535661 +02:00] [Thread 13856] PLAYER: ( 76561198141018060 ) R Dark-V:3 (Robert Schmidt) REMOTE PURCHASED ITEM 10Rnd_338_Mag FOR 30 POPTABS | PLAYER TOTAL MONEY: 14976
[21:31:42:282860 +02:00] [Thread 18364] PLAYER: ( 76561198141018060 ) R Dark-V:3 (Robert Schmidt) REMOTE PURCHASED ITEM 10Rnd_338_Mag FOR 30 POPTABS | PLAYER TOTAL MONEY: 14946
[21:31:43:114747 +02:00] [Thread 13856] PLAYER: ( 76561198141018060 ) R Dark-V:3 (Robert Schmidt) REMOTE PURCHASED ITEM 10Rnd_338_Mag FOR 30 POPTABS | PLAYER TOTAL MONEY: 14916
[21:32:42:338516 +02:00] [Thread 13856] PLAYER: ( 76561198141018060 ) R Dark-V:3 (Robert Schmidt) REMOTE PURCHASED ITEM muzzle_snds_338_black FOR 50 POPTABS | PLAYER TOTAL MONEY: 14866
[21:32:49:105587 +02:00] [Thread 18364] PLAYER: ( 76561198141018060 ) R Dark-V:3 (Robert Schmidt) REMOTE PURCHASED ITEM optic_Nightstalker FOR 1000 POPTABS | PLAYER TOTAL MONEY: 13866
[22:38:29:765584 +02:00] [Thread 18364] PLAYER: ( 76561198191441767 ) R Dark-V:2 (marvi) REMOTE PURCHASED ITEM 5Rnd_127x108_APDS_Mag FOR 50 POPTABS | PLAYER TOTAL MONEY: 42881
[22:38:30:101571 +02:00] [Thread 13856] PLAYER: ( 76561198191441767 ) R Dark-V:2 (marvi) REMOTE PURCHASED ITEM 5Rnd_127x108_APDS_Mag FOR 50 POPTABS | PLAYER TOTAL MONEY: 42831
[22:38:30:479836 +02:00] [Thread 18364] PLAYER: ( 76561198191441767 ) R Dark-V:2 (marvi) REMOTE PURCHASED ITEM 5Rnd_127x108_APDS_Mag FOR 50 POPTABS | PLAYER TOTAL MONEY: 42781
[22:38:30:794524 +02:00] [Thread 13856] PLAYER: ( 76561198191441767 ) R Dark-V:2 (marvi) REMOTE PURCHASED ITEM 5Rnd_127x108_APDS_Mag FOR 50 POPTABS | PLAYER TOTAL MONEY: 42731
[22:38:31:182551 +02:00] [Thread 10528] PLAYER: ( 76561198191441767 ) R Dark-V:2 (marvi) REMOTE PURCHASED ITEM 5Rnd_127x108_APDS_Mag FOR 50 POPTABS | PLAYER TOTAL MONEY: 42681
[22:38:31:616639 +02:00] [Thread 13856] PLAYER: ( 76561198191441767 ) R Dark-V:2 (marvi) REMOTE PURCHASED ITEM 5Rnd_127x108_APDS_Mag FOR 50 POPTABS | PLAYER TOTAL MONEY: 42631
[22:38:32:071604 +02:00] [Thread 10528] PLAYER: ( 76561198191441767 ) R Dark-V:2 (marvi) REMOTE PURCHASED ITEM 5Rnd_127x108_APDS_Mag FOR 50 POPTABS | PLAYER TOTAL MONEY: 42581
[22:38:32:427578 +02:00] [Thread 13856] PLAYER: ( 76561198191441767 ) R Dark-V:2 (marvi) REMOTE PURCHASED ITEM 5Rnd_127x108_APDS_Mag FOR 50 POPTABS | PLAYER TOTAL MONEY: 42531
[22:38:32:894767 +02:00] [Thread 10528] PLAYER: ( 76561198191441767 ) R Dark-V:2 (marvi) REMOTE PURCHASED ITEM 5Rnd_127x108_APDS_Mag FOR 50 POPTABS | PLAYER TOTAL MONEY: 42481
[22:38:33:439524 +02:00] [Thread 13856] PLAYER: ( 76561198191441767 ) R Dark-V:2 (marvi) REMOTE PURCHASED ITEM 5Rnd_127x108_APDS_Mag FOR 50 POPTABS | PLAYER TOTAL MONEY: 42431
[22:38:33:692644 +02:00] [Thread 10528] PLAYER: ( 76561198191441767 ) R Dark-V:2 (marvi) REMOTE PURCHASED ITEM 5Rnd_127x108_APDS_Mag FOR 50 POPTABS | PLAYER TOTAL MONEY: 42381
[22:38:34:049657 +02:00] [Thread 13856] PLAYER: ( 76561198191441767 ) R Dark-V:2 (marvi) REMOTE PURCHASED ITEM 5Rnd_127x108_APDS_Mag FOR 50 POPTABS | PLAYER TOTAL MONEY: 42331
[22:38:34:428510 +02:00] [Thread 10528] PLAYER: ( 76561198191441767 ) R Dark-V:2 (marvi) REMOTE PURCHASED ITEM 5Rnd_127x108_APDS_Mag FOR 50 POPTABS | PLAYER TOTAL MONEY: 42281
[22:38:34:764574 +02:00] [Thread 13856] PLAYER: ( 76561198191441767 ) R Dark-V:2 (marvi) REMOTE PURCHASED ITEM 5Rnd_127x108_APDS_Mag FOR 50 POPTABS | PLAYER TOTAL MONEY: 42231
[22:38:35:142568 +02:00] [Thread 10528] PLAYER: ( 76561198191441767 ) R Dark-V:2 (marvi) REMOTE PURCHASED ITEM 5Rnd_127x108_APDS_Mag FOR 50 POPTABS | PLAYER TOTAL MONEY: 42181
[22:38:35:561647 +02:00] [Thread 13856] PLAYER: ( 76561198191441767 ) R Dark-V:2 (marvi) REMOTE PURCHASED ITEM 5Rnd_127x108_APDS_Mag FOR 50 POPTABS | PLAYER TOTAL MONEY: 42131
[22:38:35:938629 +02:00] [Thread 10528] PLAYER: ( 76561198191441767 ) R Dark-V:2 (marvi) REMOTE PURCHASED ITEM 5Rnd_127x108_APDS_Mag FOR 50 POPTABS | PLAYER TOTAL MONEY: 42081
[22:38:36:362631 +02:00] [Thread 13856] PLAYER: ( 76561198191441767 ) R Dark-V:2 (marvi) REMOTE PURCHASED ITEM 5Rnd_127x108_APDS_Mag FOR 50 POPTABS | PLAYER TOTAL MONEY: 42031
[22:38:36:762769 +02:00] [Thread 10528] PLAYER: ( 76561198191441767 ) R Dark-V:2 (marvi) REMOTE PURCHASED ITEM 5Rnd_127x108_APDS_Mag FOR 50 POPTABS | PLAYER TOTAL MONEY: 41981
[22:38:37:160636 +02:00] [Thread 13856] PLAYER: ( 76561198191441767 ) R Dark-V:2 (marvi) REMOTE PURCHASED ITEM 5Rnd_127x108_APDS_Mag FOR 50 POPTABS | PLAYER TOTAL MONEY: 41931
[22:38:37:602606 +02:00] [Thread 10528] PLAYER: ( 76561198191441767 ) R Dark-V:2 (marvi) REMOTE PURCHASED ITEM 5Rnd_127x108_APDS_Mag FOR 50 POPTABS | PLAYER TOTAL MONEY: 41881
[22:38:38:294619 +02:00] [Thread 13856] PLAYER: ( 76561198191441767 ) R Dark-V:2 (marvi) REMOTE PURCHASED ITEM 5Rnd_127x108_APDS_Mag FOR 50 POPTABS | PLAYER TOTAL MONEY: 41831
[22:38:38:776694 +02:00] [Thread 10528] PLAYER: ( 76561198191441767 ) R Dark-V:2 (marvi) REMOTE PURCHASED ITEM 5Rnd_127x108_APDS_Mag FOR 50 POPTABS | PLAYER TOTAL MONEY: 41781
[22:38:39:431683 +02:00] [Thread 13856] PLAYER: ( 76561198191441767 ) R Dark-V:2 (marvi) REMOTE PURCHASED ITEM 5Rnd_127x108_APDS_Mag FOR 50 POPTABS | PLAYER TOTAL MONEY: 41731
[22:38:39:898783 +02:00] [Thread 10528] PLAYER: ( 76561198191441767 ) R Dark-V:2 (marvi) REMOTE PURCHASED ITEM 5Rnd_127x108_APDS_Mag FOR 50 POPTABS | PLAYER TOTAL MONEY: 41681
[22:38:40:275705 +02:00] [Thread 13856] PLAYER: ( 76561198191441767 ) R Dark-V:2 (marvi) REMOTE PURCHASED ITEM 5Rnd_127x108_APDS_Mag FOR 50 POPTABS | PLAYER TOTAL MONEY: 41631
[22:38:40:697654 +02:00] [Thread 10528] PLAYER: ( 76561198191441767 ) R Dark-V:2 (marvi) REMOTE PURCHASED ITEM 5Rnd_127x108_APDS_Mag FOR 50 POPTABS | PLAYER TOTAL MONEY: 41581
[22:38:41:396679 +02:00] [Thread 13856] PLAYER: ( 76561198191441767 ) R Dark-V:2 (marvi) REMOTE PURCHASED ITEM 5Rnd_127x108_APDS_Mag FOR 50 POPTABS | PLAYER TOTAL MONEY: 41531
[22:38:41:920685 +02:00] [Thread 10528] PLAYER: ( 76561198191441767 ) R Dark-V:2 (marvi) REMOTE PURCHASED ITEM 5Rnd_127x108_APDS_Mag FOR 50 POPTABS | PLAYER TOTAL MONEY: 41481
[22:38:42:470680 +02:00] [Thread 13856] PLAYER: ( 76561198191441767 ) R Dark-V:2 (marvi) REMOTE PURCHASED ITEM 5Rnd_127x108_APDS_Mag FOR 50 POPTABS | PLAYER TOTAL MONEY: 41431
[22:38:42:879011 +02:00] [Thread 10528] PLAYER: ( 76561198191441767 ) R Dark-V:2 (marvi) REMOTE PURCHASED ITEM 5Rnd_127x108_APDS_Mag FOR 50 POPTABS | PLAYER TOTAL MONEY: 41381
[22:38:43:167732 +02:00] [Thread 13856] PLAYER: ( 76561198191441767 ) R Dark-V:2 (marvi) REMOTE PURCHASED ITEM 5Rnd_127x108_APDS_Mag FOR 50 POPTABS | PLAYER TOTAL MONEY: 41331
